Loaded file training_data/staged_tuning/run_mixture_70_30_output/chr_checkpoint, unpacking...
Successfully restored trainer from training_data/staged_tuning/run_mixture_70_30_output/chr_checkpoint
Encoding of string failed! Failure bytes: 56 2e
Can't encode transcription: 'ᎹᏚ. ᎠᏯᏙᎸᎢ V.' in language ''
Encoding of string failed! Failure bytes: e1 8e ba e1 8f 85 2e
Can't encode transcription: 'ᏅᎯ ᏗᏰᎸᎯ. ᎡᎺᏅ.' in language ''
Encoding of string failed! Failure bytes: 34 2e 20 e1 8f a5 e1 8f 8c e1 8f 83 20 e1 8e a4 e1 8f 81 e1 8f a8 20 e1 8e af e1 8e a0 20 e1 8f 82 e1 8f 9a e1 8f aa e1 8f 8e e1 8e b8 e1 8e a9 3b 20 e1 8f a5 e1 8f 8d e1 8f 95 e1 8e be 20 e1 8f a3 e1 8f 82
Can't encode transcription: '4. ᏥᏌᏃ ᎤᏁᏨ ᎯᎠ ᏂᏚᏪᏎᎸᎩ; ᏥᏍᏕᎾ ᏣᏂ' in language ''
Encoding of string failed! Failure bytes: 5b e1 8e a3 e1 8e a6 e1 8e b4 e1 8f 85 e1 8f 9b 20 e1 8e a0 e1 8f 8f 20 e1 8f 99 e1 8f a5 e1 8e b4 e1 8f b4 e1 8f 97 2e 5d
Can't encode transcription: '[ᎣᎦᎴᏅᏛ ᎠᏏ ᏙᏥᎴᏴᏗ.]' in language ''
Encoding of string failed! Failure bytes: 49 49 49 2e
Can't encode transcription: 'ᎹᏚ. ᎠᏯᏙᎸᎢ III.' in language ''
Encoding of string failed! Failure bytes: 3f
Can't encode transcription: 'ᎪᎲᏍᏙᏗᏱ ᎾᏍᎩᏯ ᎢᎳᏯ ᏄᏛᏁᎸᎢ?' in language ''
Encoding of string failed! Failure bytes: ea ae 87 20 e1 8f a6 e1 8f 8d e1 8f 93 e1 8f 91 e1 8f b0 e1 8f 9b 20 e1 8f ab e1 8f 97 e1 8f 99 e1 8e a9 e1 8f 84 e1 8e aa 2d
Can't encode transcription: 'ᏗᎾᏗᏰᎢᎵᏙᎯ ᎣᎩᏅᏒꮇ ᏦᏍᏓᏑᏰᏛ ᏫᏗᏙᎩᏄᎪ-' in language ''
2 Percent improvement time=223, best error was 27.362 @ 1032
At iteration 1255/1500/1632, mean rms=1.967%, delta=6.656%, BCER train=24.717%, BWER train=45.289%, skip ratio=9.300%, New best BCER = 24.717 wrote best model:training_data/staged_tuning/run_mixture_70_30_output/chr_24.717_1255_1500.checkpoint wrote checkpoint.
Encoding of string failed! Failure bytes: 34 20 e1 8f 9a e1 8f 82 e1 8f 83 e1 8f 97 2c 20 31 38 32 35 2e
Can't encode transcription: 'ᎢᏤ ᎦᏚᎲ, 14 ᏚᏂᏃᏗ, 1825.' in language ''
Encoding of string failed! Failure bytes: 34 38 20 e1 8e be e1 8f 8d e1 8e a9 e1 8f 82 20 e1 8e be e1 8e a6 e1 8f 94 e1 8e b2 e1 8e be 20 e1 8e a8 e1 8f 92 20 e1 8e a0 e1 8e b4 20 e1 8f b0 e1 8e b5 e1 8f 89
Can't encode transcription: '48 ᎾᏍᎩᏂ ᎾᎦᏔᎲᎾ ᎨᏒ ᎠᎴ ᏰᎵᏉ' in language ''
Encoding of string failed! Failure bytes: ea ae 9a e1 8e a9 e1 8f 82 e1 8f 81 e1 8f a4 e1 8e b8 e1 8e af 20 e1 8f a6 e1 8e a9 e1 8f 83 e1 8f aa e1 8e b6 e1 8f 97 e1 8f b1 20 e1 8f 82 e1 8e a6 e1 8f 97 e1 8f b3 20 e1 8f a3 e1 8e b3 e1 8e a9 20 e1 8f 82 e1 8f 9b e1 8e be e1 8f 9b
Can't encode transcription: 'ꮚᎩᏂᏁᏤᎸᎯ ᏦᎩᏃᏪᎶᏗᏱ ᏂᎦᏗᏳ ᏣᎳᎩ ᏂᏛᎾᏛ' in language ''
Encoding of string failed! Failure bytes: 34 38 20 e1 8f 81 e1 8f 93 e1 8f 82 e1 8e b5 20 e1 8e af e1 8e a0 20 e1 8f 84 e1 8f aa e1 8f 8e e1 8e b8 e1 8e a9 3b 20 e1 8e a6 e1 8f 99
Can't encode transcription: '48 ᏁᏓᏂᎵ ᎯᎠ ᏄᏪᏎᎸᎩ; ᎦᏙ' in language ''
Encoding of string failed! Failure bytes: ea ae 97 e1 8e a9 20 e1 8f 80 e1 8f 8d e1 8e a9 20 e1 8f 95 e1 8e ac e1 8f a9 e1 8f 82 e1 8f 86 e1 8e b8 e1 8f 82 e1 8e ae e1 8f 8d e1 8f 97 2e 20 e1 8e a0 e1 8e b4 20 e1 8f 82 e1 8e a6 e1 8f 97 2d
Can't encode transcription: 'ᏂᏯᏫꮗᎩ ᏀᏍᎩ ᏕᎬᏩᏂᏆᎸᏂᎮᏍᏗ. ᎠᎴ ᏂᎦᏗ-' in language ''
Encoding of string failed! Failure bytes: ea ae b2 e1 8f 9b 20 e1 8e a6 e1 8f 81 e1 8e b8 e1 8e a2 2e
Can't encode transcription: 'ᏤᎢ, ᎠᎴ ᎾᏍᏉ ᏂᎦꮲᏛ ᎦᏁᎸᎢ.' in language ''
2 Percent improvement time=226, best error was 26.09 @ 1108
At iteration 1334/1600/1738, mean rms=1.927%, delta=6.474%, BCER train=24.057%, BWER train=44.061%, skip ratio=9.500%, New best BCER = 24.057 wrote checkpoint.
Finished! Selected model with minimal training error rate (BCER) = 24.057
