Loaded file training_data/staged_tuning/run_mixture_70_30_output/chr_checkpoint, unpacking...
Successfully restored trainer from training_data/staged_tuning/run_mixture_70_30_output/chr_checkpoint
Encoding of string failed! Failure bytes: 34 38 20 e1 8f 84 e1 8f 8d e1 8f 9b 20 e1 8e be e1 8f 8d e1 8e a9 20 e1 8e be 20 e1 8e a6 e1 8f 93 e1 8f 89 20 e1 8e a0 e1 8e aa e1 8f a2 e1 8f 94 e1 8f 85 e1 8e af
Can't encode transcription: '48 ᏄᏍᏛ ᎾᏍᎩ Ꮎ ᎦᏓᏉ ᎠᎪᏢᏔᏅᎯ' in language ''
Empty truth string!
Can't encode transcription: '' in language ''
Empty truth string!
Can't encode transcription: '' in language ''
Encoding of string failed! Failure bytes: ea ad b3 e1 8e a2 e1 8e a6 e1 8f 93 e1 8f 85 e1 8f 93 e1 8f 97 e1 8f 8d e1 8f 97 20 e1 8f b1 e1 8f 99 e1 8f 97 e1 8f 93 e1 8f 93 e1 8f a9 e1 8f 9b e1 8e a1 e1 8e ad 2e
Can't encode transcription: 'ᎤᏲꭳᎢᎦᏓᏅᏓᏗᏍᏗ ᏱᏙᏗᏓᏓᏩᏛᎡᎭ.' in language ''
Encoding of string failed! Failure bytes: 3f 20 e1 8e a0 e1 8f b2 e1 8e b1 2d
Can't encode transcription: 'ᏁᏉᏤᎮ ᎾᏍᎩ ᎪᎯ ᏥᏣᏕᎰᏍᎦ? ᎠᏲᎱ-' in language ''
Encoding of string failed! Failure bytes: 34 2e 20 e1 8f 80 e1 8f 8d e1 8e a9 e1 8f 83 20 e1 8e af e1 8e a0 20 e1 8f a3 e1 8f 82 20 e1 8e a4 e1 8f 85 e1 8f a9 e1 8e a1 20 e1 8f 90 e1 8f 88 e1 8e b5 20 e1 8e a6 e1 8f 90 e1 8f 86 e1 8f 97 20 e1 8e a4 2d
Can't encode transcription: '4. ᏀᏍᎩᏃ ᎯᎠ ᏣᏂ ᎤᏅᏩᎡ ᏐᏈᎵ ᎦᏐᏆᏗ Ꭴ-' in language ''
Encoding of string failed! Failure bytes: 34 2e 20 e1 8f 80 e1 8f 8d e1 8e a9 e1 8f 83 20 e1 8e af e1 8e a0 20 e1 8f a3 e1 8f 82 20 e1 8e a4 e1 8f 85 e1 8f a9 e1 8e a1 20 e1 8f 90 e1 8f 88 e1 8e b5 20 e1 8e a6 e1 8f 90 e1 8f 86 e1 8f 97 20 e1 8e a4 2d
Can't encode transcription: '4. ᏀᏍᎩᏃ ᎯᎠ ᏣᏂ ᎤᏅᏩᎡ ᏐᏈᎵ ᎦᏐᏆᏗ Ꭴ-' in language ''
Encoding of string failed! Failure bytes: 56 2e
Can't encode transcription: 'ᎹᏚ. ᎠᏯᏙᎸᎢ V.' in language ''
Encoding of string failed! Failure bytes: 22 20 e1 8e be e1 8f 8d e1 8e a9 20 e1 8e be
Can't encode transcription: 'ᎠᎴ ᏅᏯ ᏗᏓᏙᏕᏍᏗᏍᎩ," ᎾᏍᎩ Ꮎ' in language ''
Encoding of string failed! Failure bytes: 3f
Can't encode transcription: 'ᏙᏃ Ꮭ ᏴᎡᏣᏘᏃᎦ?' in language ''
Empty truth string!
Can't encode transcription: '' in language ''
2 Percent improvement time=343, best error was 31.986 @ 442
At iteration 785/900/978, mean rms=2.276%, delta=8.640%, BCER train=29.911%, BWER train=51.679%, skip ratio=8.667%, New best BCER = 29.911 wrote best model:training_data/staged_tuning/run_mixture_70_30_output/chr_29.911_785_900.checkpoint wrote checkpoint.
Encoding of string failed! Failure bytes: ea ad b6 20 e1 8e a3 e1 8f a5 e1 8f 81 e1 8e a9 20 e1 8e a0 e1 8f 95 e1 8e b8 20 e1 8e a0 e1 8f 82 e1 8e a9 e1 8f 8f e1 8f 99 e1 8e af 20 e1 8e a0 e1 8f 81 e1 8f 99 e1 8e b2
Can't encode transcription: 'ᎠᎴ ᎯᎠꭶ ᎣᏥᏁᎩ ᎠᏕᎸ ᎠᏂᎩᏏᏙᎯ ᎠᏁᏙᎲ' in language ''
Encoding of string failed! Failure bytes: 34 20 e1 8e a0 e1 8f 8e e1 8f 83 20 e1 8e a0 e1 8f b4 20 e1 8e a5 e1 8f 9d 20 e1 8f b1 e1 8f 97 e1 8e a6 e1 8f 93 e1 8f 82 e1 8e b8 e1 8e a6 20 e1 8f b4 e1 8f ab
Can't encode transcription: '34 ᎠᏎᏃ ᎠᏴ ᎥᏝ ᏱᏗᎦᏓᏂᎸᎦ ᏴᏫ' in language ''
Encoding of string failed! Failure bytes: 34 20 e1 8f 9a e1 8f 82 e1 8f 83 e1 8f 97 2c 20 31 38 32 35 2e
Can't encode transcription: 'ᎢᏤ ᎦᏚᎲ, 14 ᏚᏂᏃᏗ, 1825.' in language ''
Encoding of string failed! Failure bytes: 34 20 e1 8e af e1 8e a0 20 e1 8f 82 e1 8e a6 e1 8f aa e1 8f 8d e1 8e a8 e1 8e a2 2c 20 e1 8e a3 e1 8e a6 e1 8f 81 e1 8e b3 e1 8e a9 3b
Can't encode transcription: '34 ᎯᎠ ᏂᎦᏪᏍᎨᎢ, ᎣᎦᏁᎳᎩ;' in language ''
Encoding of string failed! Failure bytes: 3f 20 e1 8e a0 e1 8f 86 e1 8f 93 e1 8f 85 e1 8f 99 20 e1 8e ac e1 8f 97 2d
Can't encode transcription: '15 ᎦᏙ ᎰᏩ ᎤᏍᏗ? ᎠᏆᏓᏅᏙ ᎬᏗ-' in language ''
Encoding of string failed! Failure bytes: ea ae b7 e1 8f 99 e1 8e a9 20 e1 8e a2 e1 8f a3 e1 8e a6 e1 8f 94 e1 8f 85 e1 8f 8e e1 8e a2 3f 20 e1 8e a0 e1 8f 99 e1 8e b4 e1 8e b0 e1 8f 8d e1 8e a9 e1 8e a8 3f 20 e1 8e a5 e1 8e a5 20 e1 8f 82 2d
Can't encode transcription: '9. ꮷᏙᎩ ᎢᏣᎦᏔᏅᏎᎢ? ᎠᏙᎴᎰᏍᎩᎨ? ᎥᎥ Ꮒ-' in language ''
Encoding of string failed! Failure bytes: 34 20 e1 8e a4 e1 8f a3 e1 8f 98 20 e1 8e a2 e1 8f a8 e1 8f b2 e1 8e a2 e1 8f b3 e1 8e ad 3b 20 e1 8e a4 e1 8f a3 e1 8f 98 20 e1 8e a2 e1 8f a8 2d
Can't encode transcription: '4 ᎤᏣᏘ ᎢᏨᏲᎢᏳᎭ; ᎤᏣᏘ ᎢᏨ-' in language ''
Encoding of string failed! Failure bytes: ea ae 89 20 e1 8e a2 e1 8f b3 e1 8f 93 e1 8e b4 e1 8f 85 e1 8f 9b 20 e1 8e a4 e1 8f 82 e1 8f a3 e1 8f 9b
Can't encode transcription: '66 ᎠᎴ ᎾᎯᏳꮉ ᎢᏳᏓᎴᏅᏛ ᎤᏂᏣᏛ' in language ''
Encoding of string failed! Failure bytes: 3f 20 e1 8e a5 e1 8e a5 2c 20 e1 8e a4 e1 8f 9b e1 8f 85 e1 8e a9 2e
Can't encode transcription: 'ᎶᎻᏍᎪ ᏂᎯ? ᎥᎥ, ᎤᏛᏅᎩ.' in language ''
Encoding of string failed! Failure bytes: 34 20 e1 8f 85 e1 8f 93 e1 8f 95 e1 8f 86 2c 20 31 38 32 35 2e
Can't encode transcription: 'ᎢᏦᏗ, 14 ᏅᏓᏕᏆ, 1825.' in language ''
Encoding of string failed! Failure bytes: 34 20 e1 8f 85 e1 8f 93 e1 8f 95 e1 8f 86 2c 20 31 38 32 35 2e
Can't encode transcription: 'ᎢᏦᏗ, 14 ᏅᏓᏕᏆ, 1825.' in language ''
2 Percent improvement time=428, best error was 31.986 @ 442
At iteration 870/1000/1089, mean rms=2.252%, delta=8.454%, BCER train=29.701%, BWER train=51.360%, skip ratio=8.900%, New best BCER = 29.701 wrote checkpoint.
Finished! Selected model with minimal training error rate (BCER) = 29.701
