Loaded file training_data/staged_tuning/run_mixture_70_30_output/chr_checkpoint, unpacking...
Successfully restored trainer from training_data/staged_tuning/run_mixture_70_30_output/chr_checkpoint
Encoding of string failed! Failure bytes: ea ae 98 e1 8f aa e1 8f 85 e1 8f 9b 20 e1 8e a0 e1 8e be e1 8e ab e1 8f b1 e1 8f 8d e1 8e a8 e1 8f 8d e1 8f 97 2e
Can't encode transcription: 'ᎨᏎᏍᏗ, ᎢᏳᏃ ᎢᎬꮘᏪᏅᏛ ᎠᎾᎫᏱᏍᎨᏍᏗ.' in language ''
Encoding of string failed! Failure bytes: 34 34 20 e1 8e be e1 8f 8d e1 8e a9 e1 8f 83 20 e1 8f 91 e1 8e be e1 8f 93 e1 8f a1 e1 8e a9 20 e1 8e a0 e1 8e be e1 8e a2 e1 8f 92 20 e1 8e a8 e1 8e b3 e1 8f 97
Can't encode transcription: '44 ᎾᏍᎩᏃ ᏑᎾᏓᏡᎩ ᎠᎾᎢᏒ ᎨᎳᏗ' in language ''
Encoding of string failed! Failure bytes: 49 49 49 2e
Can't encode transcription: 'ᎹᏚ. ᎠᏯᏙᎸᎢ III.' in language ''
Encoding of string failed! Failure bytes: 34 2e 20 e1 8e a0 e1 8f 8e e1 8f 83 20 e1 8f a3 e1 8f 82 20 e1 8f 9a e1 8e b5 e1 8f ab e1 8f 8e e1 8e b4 e1 8f 89 2c 20 e1 8e a0 e1 8f b4 e1 8f 8d e1 8e a9 e1 8f 82 20 e1 8f b1 e1 8f 8d e1 8f 86 2d
Can't encode transcription: '14. ᎠᏎᏃ ᏣᏂ ᏚᎵᏫᏎᎴᏉ, ᎠᏴᏍᎩᏂ ᏱᏍᏆ-' in language ''
Encoding of string failed! Failure bytes: 5b e1 8e a3 e1 8e a6 e1 8e b4 e1 8f 85 e1 8f 9b 20 e1 8e a0 e1 8f 8f 20 e1 8f 99 e1 8f a5 e1 8e b4 e1 8f b4 e1 8f 97 2e 5d
Can't encode transcription: '[ᎣᎦᎴᏅᏛ ᎠᏏ ᏙᏥᎴᏴᏗ.]' in language ''
Encoding of string failed! Failure bytes: ea ae bb
Can't encode transcription: 'ᎤᎵᎮᎵᏨᎯ ᏕᎪᎦᏓᏂᎸᏨᎩꮻ' in language ''
Encoding of string failed! Failure bytes: 34 2e 20 e1 8f 9d e1 8e a9 e1 8f b3 20 e1 8e a4 e1 8f 9b e1 8f 83 e1 8e af 20 e1 8f 95 e1 8e a6 e1 8e b3 e1 8f ab e1 8e a5 20 e1 8e ac e1 8f a9 e1 8f 96 e1 8e b3 e1 8f 97 e1 8f 8d e1 8f 97 e1 8e a2 2c
Can't encode transcription: '4. ᏝᎩᏳ ᎤᏛᏃᎯ ᏕᎦᎳᏫᎥ ᎬᏩᏖᎳᏗᏍᏗᎢ,' in language ''
Empty truth string!
Can't encode transcription: '' in language ''
Encoding of string failed! Failure bytes: 34 20 e1 8f 85 e1 8f 93 e1 8f 95 e1 8f 86 2c 20 31 38 32 35 2e
Can't encode transcription: 'ᎢᏦᏗ, 14 ᏅᏓᏕᏆ, 1825.' in language ''
2 Percent improvement time=156, best error was 28.173 @ 952
At iteration 1108/1300/1415, mean rms=2.046%, delta=7.216%, BCER train=26.090%, BWER train=47.040%, skip ratio=9.200%, New best BCER = 26.090 wrote best model:training_data/staged_tuning/run_mixture_70_30_output/chr_26.090_1108_1300.checkpoint wrote checkpoint.
Encoding of string failed! Failure bytes: 56 2e
Can't encode transcription: 'ᎹᏚ. ᎠᏯᏙᎸᎢ V.' in language ''
Encoding of string failed! Failure bytes: 34 2e 20 e1 8f 9d e1 8e a9 e1 8f b3 20 e1 8e a4 e1 8f 9b e1 8f 83 e1 8e af 20 e1 8f 95 e1 8e a6 e1 8e b3 e1 8f ab e1 8e a5 20 e1 8e ac e1 8f a9 e1 8f 96 e1 8e b3 e1 8f 97 e1 8f 8d e1 8f 97 e1 8e a2 2c
Can't encode transcription: '4. ᏝᎩᏳ ᎤᏛᏃᎯ ᏕᎦᎳᏫᎥ ᎬᏩᏖᎳᏗᏍᏗᎢ,' in language ''
Encoding of string failed! Failure bytes: 34 2e 20 e1 8f a5 e1 8f 8c e1 8f 83 20 e1 8e a4 e1 8f 81 e1 8f a8 20 e1 8e af e1 8e a0 20 e1 8f 82 e1 8f 9a e1 8f aa e1 8f 8e e1 8e b8 e1 8e a9 3b 20 e1 8f a5 e1 8f 8d e1 8f 95 e1 8e be 20 e1 8f a3 e1 8f 82
Can't encode transcription: '4. ᏥᏌᏃ ᎤᏁᏨ ᎯᎠ ᏂᏚᏪᏎᎸᎩ; ᏥᏍᏕᎾ ᏣᏂ' in language ''
Encoding of string failed! Failure bytes: 34 2e 20 e1 8f a5 e1 8f 8c e1 8f 83 20 e1 8e a4 e1 8f 81 e1 8f a8 20 e1 8e af e1 8e a0 20 e1 8f 82 e1 8f 9a e1 8f aa e1 8f 8e e1 8e b8 e1 8e a9 3b 20 e1 8f a5 e1 8f 8d e1 8f 95 e1 8e be 20 e1 8f a3 e1 8f 82
Can't encode transcription: '4. ᏥᏌᏃ ᎤᏁᏨ ᎯᎠ ᏂᏚᏪᏎᎸᎩ; ᏥᏍᏕᎾ ᏣᏂ' in language ''
Encoding of string failed! Failure bytes: ea ad b8 3b 20 e1 8e a0 e1 8e a8 e1 8f b4 e1 8f 83 20 e1 8e a8 e1 8f 92 20 e1 8e a0 e1 8f 8d e1 8e aa e1 8e b5
Can't encode transcription: 'ᏍᎪᎵ ᎨᏒꭸ; ᎠᎨᏴᏃ ᎨᏒ ᎠᏍᎪᎵ' in language ''
Encoding of string failed! Failure bytes: 5b e1 8e a3 e1 8e a6 e1 8e b4 e1 8f 85 e1 8f 9b 20 e1 8e a0 e1 8f 8f 20 e1 8f 99 e1 8f a5 e1 8e b4 e1 8f b4 e1 8f 97 2e 5d
Can't encode transcription: '[ᎣᎦᎴᏅᏛ ᎠᏏ ᏙᏥᎴᏴᏗ.]' in language ''
Encoding of string failed! Failure bytes: ea ad b0 e1 8f 9b 20 e1 8f 9a e1 8e b8 e1 8f ab e1 8f 8d e1 8f 93 e1 8f 81 e1 8e ae 20 e1 8f b4 e1 8f ab 20 e1 8e a0 e1 8f 81 e1 8e b2 e1 8e a2 2e
Can't encode transcription: 'ᎸꭰᏛ ᏚᎸᏫᏍᏓᏁᎮ ᏴᏫ ᎠᏁᎲᎢ.' in language ''
Encoding of string failed! Failure bytes: e1 8e ba e1 8e a7 e1 8e be e1 8f a9 e1 8f 9b e1 8f 8d e1 8f 97 20 e1 8f a3 e1 8e b3 e1 8e a9 20 e1 8e a4 e1 8e be e1 8f a4 e1 8e b5 e1 8e a6 2e
Can't encode transcription: 'ᎺᎧᎾᏩᏛᏍᏗ ᏣᎳᎩ ᎤᎾᏤᎵᎦ.' in language ''
Encoding of string failed! Failure bytes: ea ad bd e1 8f 97
Can't encode transcription: 'ᎵᏒ, ᎠᎴ ᎠᎾᎵᎮᎵᎬ ᎤᎧᎵᏨᎯ ᎨᏎᏍꭽᏗ' in language ''
Encoding of string failed! Failure bytes: 34 20 e1 8f 88 e1 8f 93 e1 8f 83 20 e1 8e a8 20 e1 8e a2 e1 8f b4 e1 8f 9b 20 e1 8e a4 e1 8f 8d e1 8f 93 e1 8f a9 e1 8f 97 e1 8f 8e e1 8e a2 2c
Can't encode transcription: '54 ᏈᏓᏃ Ꭸ ᎢᏴᏛ ᎤᏍᏓᏩᏗᏎᎢ,' in language ''
2 Percent improvement time=235, best error was 28.173 @ 952
At iteration 1187/1400/1525, mean rms=2.026%, delta=7.045%, BCER train=25.681%, BWER train=46.643%, skip ratio=9.200%, New best BCER = 25.681 wrote checkpoint.
Finished! Selected model with minimal training error rate (BCER) = 25.681
