Loaded file training_data/staged_tuning/run_mixture_70_30_output/chr_checkpoint, unpacking...
Successfully restored trainer from training_data/staged_tuning/run_mixture_70_30_output/chr_checkpoint
Encoding of string failed! Failure bytes: 34 20 e1 8f 85 e1 8f 93 e1 8f 95 e1 8f 86 2c 20 31 38 32 35 2e
Can't encode transcription: 'ᎢᏦᏗ, 14 ᏅᏓᏕᏆ, 1825.' in language ''
Encoding of string failed! Failure bytes: 5b e1 8e a6 e1 8e b6 e1 8f 81 e1 8f 9b 5d 20 e1 8e be e1 8f 8d e1 8e a6 e1 8f 85 e1 8e be 20 e1 8f a5 e1 8e a9 2e
Can't encode transcription: 'ᎾᏍᎩᏯ [ᎦᎶᏁᏛ] ᎾᏍᎦᏅᎾ ᏥᎩ.' in language ''
Encoding of string failed! Failure bytes: ea ae ab e1 8f 85 e1 8f a9 e1 8f 99 e1 8e af e1 8f af e1 8f 9b 20 e1 8f a5 e1 8e ae e1 8e be 2e
Can't encode transcription: 'ᏣᏍᏕᎸ;ꮫᏅᏩᏙᎯᏯᏛ ᏥᎮᎾ.' in language ''
Encoding of string failed! Failure bytes: 3f
Can't encode transcription: 'ᏱᏗᏧᎪᏓᏁᎰ ᎾᏍᎩ Ꮎ ᎠᏂᏯᎢ?' in language ''
Encoding of string failed! Failure bytes: 34 20 e1 8e be e1 8f 8d e1 8e a9 20 e1 8e a2 e1 8f b3 e1 8f 8d e1 8f 97 20 e1 8e ac e1 8f 82 e1 8f b3 e1 8f 89 20 e1 8f 95 e1 8f a5 e1 8f 85 e1 8e b5
Can't encode transcription: '34 ᎾᏍᎩ ᎢᏳᏍᏗ ᎬᏂᏳᏉ ᏕᏥᏅᎵ' in language ''
Encoding of string failed! Failure bytes: 34 2e 20 e1 8e a0 e1 8f 8e e1 8f 83 20 e1 8f a3 e1 8f 82 20 e1 8f 9a e1 8e b5 e1 8f ab e1 8f 8e e1 8e b4 e1 8f 89 2c 20 e1 8e a0 e1 8f b4 e1 8f 8d e1 8e a9 e1 8f 82 20 e1 8f b1 e1 8f 8d e1 8f 86 2d
Can't encode transcription: '14. ᎠᏎᏃ ᏣᏂ ᏚᎵᏫᏎᎴᏉ, ᎠᏴᏍᎩᏂ ᏱᏍᏆ-' in language ''
2 Percent improvement time=166, best error was 35.023 @ 276
At iteration 442/500/539, mean rms=2.398%, delta=9.385%, BCER train=31.986%, BWER train=54.036%, skip ratio=7.800%, New best BCER = 31.986 wrote best model:training_data/staged_tuning/run_mixture_70_30_output/chr_31.986_442_500.checkpoint wrote checkpoint.
Encoding of string failed! Failure bytes: 34 38 20 e1 8f a5 e1 8e aa 20 e1 8e a9 e1 8e b6 20 e1 8f 84 e1 8f 82 e1 8e ac e1 8f ab e1 8f b3 e1 8f 92 20 e1 8e a0 e1 8e b4 20 e1 8e a0 e1 8f 82 2d
Can't encode transcription: '48 ᏥᎪ ᎩᎶ ᏄᏂᎬᏫᏳᏒ ᎠᎴ ᎠᏂ-' in language ''
Encoding of string failed! Failure bytes: 34 20 e1 8e af e1 8e a0 20 e1 8e be e1 8f 8d e1 8e a9 20 e1 8f 93 e1 8e bf e1 8e ad e1 8f a9 20 e1 8f 85 e1 8f 9b e1 8f 85 e1 8f 81 e1 8e b5 20 e1 8e a4 2d
Can't encode transcription: '14 ᎯᎠ ᎾᏍᎩ ᏓᎿᎭᏩ ᏅᏛᏅᏁᎵ Ꭴ-' in language ''
Encoding of string failed! Failure bytes: 34 31 20 e1 8e a4 e1 8f ac e1 8f af e1 8f 81 e1 8f 92 e1 8f 83 20 e1 8e a0 e1 8e a8 e1 8f b3 e1 8f a3 2c 20 e1 8e af e1 8e a0 20 e1 8f 84 e1 8f aa 2d
Can't encode transcription: '41 ᎤᏬᏯᏁᏒᏃ ᎠᎨᏳᏣ, ᎯᎠ ᏄᏪ-' in language ''
Encoding of string failed! Failure bytes: 34 20 e1 8f 9a e1 8f 82 e1 8f 83 e1 8f 97 2c 20 31 38 32 35 2e
Can't encode transcription: 'ᎢᏤ ᎦᏚᎲ, 14 ᏚᏂᏃᏗ, 1825.' in language ''
2 Percent improvement time=253, best error was 35.023 @ 276
At iteration 529/600/643, mean rms=2.369%, delta=9.134%, BCER train=31.571%, BWER train=54.469%, skip ratio=7.167%, New best BCER = 31.571 wrote checkpoint.
Finished! Selected model with minimal training error rate (BCER) = 31.571
