Loaded file training_data/dataset/model/chr.lstm, unpacking...
Warning: LSTMTrainer deserialized an LSTMRecognizer!
Code range changed from 103 to 104!
Num (Extended) outputs,weights in Series:
  1,36,0,1:1, 0
Num (Extended) outputs,weights in Series:
  C3,3:9, 0
  Ft16:16, 160
Total weights = 160
  [C3,3Ft16]:16, 160
  Mp3,3:16, 0
  TxyLfys48:48, 12480
  Lfx96:96, 55680
  RxLrx96:96, 74112
  Lfx128:128, 115200
  Fc104:104, 13416
Total weights = 271048
Previous null char=102 mapped to 103
Continuing from training_data/dataset/model/chr.lstm
Set learning rate to 0.000500
Encoding of string failed! Failure bytes: ea ae b5 20 e1 8f b0 e1 8e b5 20 e1 8e a0 e1 8f 82 e1 8f b0 e1 8e b8 e1 8f 8d e1 8e a8 e1 8f 8d e1 8f 97 2c 20 e1 8e a2 e1 8f b3
Can't encode transcription: 'Ꮅ ᏓᏁᏲᎲᏍᎬꮵ ᏰᎵ ᎠᏂᏰᎸᏍᎨᏍᏗ, ᎢᏳ' in language ''
Encoding of string failed! Failure bytes: ea ae b0 e1 8f 83 2e
Can't encode transcription: 'ᎨᏥᏬᏂᎯᏍᏔᏂᏰꮰᏃ.' in language ''
Encoding of string failed! Failure bytes: 34 2e 20 e1 8f 80 e1 8f 8d e1 8e a9 e1 8f 83 20 e1 8e af e1 8e a0 20 e1 8f a3 e1 8f 82 20 e1 8e a4 e1 8f 85 e1 8f a9 e1 8e a1 20 e1 8f 90 e1 8f 88 e1 8e b5 20 e1 8e a6 e1 8f 90 e1 8f 86 e1 8f 97 20 e1 8e a4 2d
Can't encode transcription: '4. ᏀᏍᎩᏃ ᎯᎠ ᏣᏂ ᎤᏅᏩᎡ ᏐᏈᎵ ᎦᏐᏆᏗ Ꭴ-' in language ''
Encoding of string failed! Failure bytes: ea ae 8c 20 e1 8f a7 e1 8f af e1 8f 8d e1 8e a9 e1 8f b1 20 e1 8f a7 2d
Can't encode transcription: 'ᏕᎦᏅᏅ ᎠᏕᎳᎦᏘᏯ ᎣᏥᏁᏥ ᏄᎾᏓꮌ ᏧᏯᏍᎩᏱ Ꮷ-' in language ''
Empty truth string!
Can't encode transcription: '' in language ''
Encoding of string failed! Failure bytes: 34 37 20 e1 8e a2 e1 8f b3 20 e1 8e a0 e1 8e b4 20 e1 8e af e1 8e a6 e1 8f 99 e1 8e b5 20 e1 8f 99 e1 8f a6 e1 8f 95 e1 8f 8d e1 8f 97 e1 8f 8d e1 8e a8 2d
Can't encode transcription: '47 ᎢᏳ ᎠᎴ ᎯᎦᏙᎵ ᏙᏦᏕᏍᏗᏍᎨ-' in language ''
2 Percent improvement time=93, best error was 100 @ 0
At iteration 93/100/106, mean rms=2.872%, delta=12.971%, BCER train=41.231%, BWER train=63.374%, skip ratio=6.000%, New best BCER = 41.231 wrote best model:training_data/staged_tuning/run_mixture_70_30_output/chr_41.231_93_100.checkpoint wrote checkpoint.
Encoding of string failed! Failure bytes: 34 2e 20 e1 8e a0 e1 8f 8e e1 8f 83 20 e1 8f a3 e1 8f 82 20 e1 8f 9a e1 8e b5 e1 8f ab e1 8f 8e e1 8e b4 e1 8f 89 2c 20 e1 8e a0 e1 8f b4 e1 8f 8d e1 8e a9 e1 8f 82 20 e1 8f b1 e1 8f 8d e1 8f 86 2d
Can't encode transcription: '14. ᎠᏎᏃ ᏣᏂ ᏚᎵᏫᏎᎴᏉ, ᎠᏴᏍᎩᏂ ᏱᏍᏆ-' in language ''
Encoding of string failed! Failure bytes: 34 2e 20 e1 8e a0 e1 8f 8e e1 8f 83 20 e1 8f a3 e1 8f 82 20 e1 8f 9a e1 8e b5 e1 8f ab e1 8f 8e e1 8e b4 e1 8f 89 2c 20 e1 8e a0 e1 8f b4 e1 8f 8d e1 8e a9 e1 8f 82 20 e1 8f b1 e1 8f 8d e1 8f 86 2d
Can't encode transcription: '14. ᎠᏎᏃ ᏣᏂ ᏚᎵᏫᏎᎴᏉ, ᎠᏴᏍᎩᏂ ᏱᏍᏆ-' in language ''
Encoding of string failed! Failure bytes: 34 2e 20 e1 8e a0 e1 8f 8e e1 8f 83 20 e1 8f a3 e1 8f 82 20 e1 8f 9a e1 8e b5 e1 8f ab e1 8f 8e e1 8e b4 e1 8f 89 2c 20 e1 8e a0 e1 8f b4 e1 8f 8d e1 8e a9 e1 8f 82 20 e1 8f b1 e1 8f 8d e1 8f 86 2d
Can't encode transcription: '14. ᎠᏎᏃ ᏣᏂ ᏚᎵᏫᏎᎴᏉ, ᎠᏴᏍᎩᏂ ᏱᏍᏆ-' in language ''
Encoding of string failed! Failure bytes: 34 20 e1 8f 9a e1 8f 82 e1 8f 83 e1 8f 97 2c 20 31 38 32 35 2e
Can't encode transcription: 'ᎢᏤ ᎦᏚᎲ, 14 ᏚᏂᏃᏗ, 1825.' in language ''
Encoding of string failed! Failure bytes: e1 8f 8b e1 8f 99 e1 8f 97 e1 8f b1 2c 20 e1 8e be e1 8f 8d e1 8e a9
Can't encode transcription: 'ᎩᏁᎢᏍᏗᏱ ᎠᏆᏓᏅ ᎠᏋᏙᏗᏱ, ᎾᏍᎩ' in language ''
Encoding of string failed! Failure bytes: 49 49 49 2e
Can't encode transcription: 'ᎹᏚ. ᎠᏯᏙᎸᎢ III.' in language ''
Encoding of string failed! Failure bytes: e1 8f 8b e1 8f 81 e1 8e b8 3b
Can't encode transcription: 'ᎪᎱᏍᏗ ᎦᏛᏁᎯ ᏥᏅᏋᏁᎸ;' in language ''
Encoding of string failed! Failure bytes: ea ae bc e1 8f 89 3b
Can't encode transcription: 'ᏥᎾᏆᏍᏗꮼᏉ;' in language ''
Encoding of string failed! Failure bytes: ea ae aa e1 8f 9a e1 8e b2 2c 20 31 30 20 e1 8f 85 e1 8f 93 e1 8f 95 e1 8f 86 2c 20 31 38 32 35 2e
Can't encode transcription: 'ᎢᏤ ᎦꮪᏚᎲ, 10 ᏅᏓᏕᏆ, 1825.' in language ''
Encoding of string failed! Failure bytes: 34 2e 20 e1 8f 9d e1 8e a9 e1 8f b3 20 e1 8e a4 e1 8f 9b e1 8f 83 e1 8e af 20 e1 8f 95 e1 8e a6 e1 8e b3 e1 8f ab e1 8e a5 20 e1 8e ac e1 8f a9 e1 8f 96 e1 8e b3 e1 8f 97 e1 8f 8d e1 8f 97 e1 8e a2 2c
Can't encode transcription: '4. ᏝᎩᏳ ᎤᏛᏃᎯ ᏕᎦᎳᏫᎥ ᎬᏩᏖᎳᏗᏍᏗᎢ,' in language ''
Encoding of string failed! Failure bytes: e1 8e ba e1 8e b5 2c 20 e1 8e a0 e1 8e b4 20 e1 8e a1 e1 8e b3 e1 8f 97 20 e1 8f 9a e1 8e be e1 8f 93 e1 8f 85 e1 8f 81 e1 8e a2 2c
Can't encode transcription: 'ᎠᎴ ᎤᏥ ᎺᎵ, ᎠᎴ ᎡᎳᏗ ᏚᎾᏓᏅᏁᎢ,' in language ''
Encoding of string failed! Failure bytes: 34 20 e1 8f 85 e1 8f 93 e1 8f 95 e1 8f 86 2c 20 31 38 32 35 2e
Can't encode transcription: 'ᎢᏦᏗ, 14 ᏅᏓᏕᏆ, 1825.' in language ''
2 Percent improvement time=91, best error was 41.231 @ 93
At iteration 184/200/218, mean rms=2.669%, delta=11.144%, BCER train=36.469%, BWER train=59.696%, skip ratio=9.000%, New best BCER = 36.469 wrote best model:training_data/staged_tuning/run_mixture_70_30_output/chr_36.469_184_200.checkpoint wrote checkpoint.
Finished! Selected model with minimal training error rate (BCER) = 36.469
