Loaded file training_data/staged_tuning/run_mixture_70_30_output/chr_checkpoint, unpacking...
Successfully restored trainer from training_data/staged_tuning/run_mixture_70_30_output/chr_checkpoint
Encoding of string failed! Failure bytes: 34 2e 20 e1 8f a5 e1 8f 8c e1 8f 83 20 e1 8e a4 e1 8f 81 e1 8f a8 20 e1 8e af e1 8e a0 20 e1 8f 82 e1 8f 9a e1 8f aa e1 8f 8e e1 8e b8 e1 8e a9 3b 20 e1 8f a5 e1 8f 8d e1 8f 95 e1 8e be 20 e1 8f a3 e1 8f 82
Can't encode transcription: '4. ᏥᏌᏃ ᎤᏁᏨ ᎯᎠ ᏂᏚᏪᏎᎸᎩ; ᏥᏍᏕᎾ ᏣᏂ' in language ''
Encoding of string failed! Failure bytes: 3f 20 e1 8e a2 2d
Can't encode transcription: '26 ᎦᏙ ᎰᏩ ᎤᏍᏗ, ᎢᏓᎵᏅᏟ? Ꭲ-' in language ''
Encoding of string failed! Failure bytes: 3f
Can't encode transcription: 'ᎦᎸᏉᏗᏳ ᎤᎵᏁᏨ ᏗᎧᎿᎭᏩᏛᏍᏗ?' in language ''
Encoding of string failed! Failure bytes: 3f 20 e1 8e be e1 8f 8d e1 8e a9 20 e1 8e a0 e1 8f 94 e1 8f b2 e1 8e af e1 8e b2
Can't encode transcription: 'ᎾᎿᎭᎢᎳᏯ ᎠᏥᏃᎮᏍᎬᎢ? ᎾᏍᎩ ᎠᏔᏲᎯᎲ' in language ''
Encoding of string failed! Failure bytes: ea ae 85 e1 8f 83 20 e1 8e a0 e1 8f 82 e1 8e a6 e1 8f b4 e1 8e b5 e1 8e a8 20 e1 8e a0 e1 8e b4 20 e1 8f 97 e1 8f 82 e1 8e a6 e1 8f 98 e1 8f af 20 e1 8f 9a e1 8f 82 e1 8e a8 2d
Can't encode transcription: 'ᏳᏍᎩꮅᏃ ᎠᏂᎦᏴᎵᎨ ᎠᎴ ᏗᏂᎦᏘᏯ ᏚᏂᎨ-' in language ''
At iteration 1419/1700/1843, mean rms=1.928%, delta=6.449%, BCER train=24.160%, BWER train=44.394%, skip ratio=8.700%, New worst BCER = 24.160 wrote checkpoint.
Encoding of string failed! Failure bytes: 5b e1 8f a5 e1 8f 8c 20 e1 8e a6 e1 8e b6 e1 8f 81 e1 8f 9b 5d 20 e1 8e a1 e1 8f a5 e1 8e aa e1 8e a5 e1 8e af 20 e1 8f 82 2d
Can't encode transcription: '8 ᎾᏍᎩ [ᏥᏌ ᎦᎶᏁᏛ] ᎡᏥᎪᎥᎯ Ꮒ-' in language ''
Encoding of string failed! Failure bytes: e1 8e ba e1 8e b5 e1 8f 83 20 e1 8e b9 e1 8e a9 e1 8f 95 e1 8e b5 20 e1 8e a1 e1 8e af 2e
Can't encode transcription: 'ᎤᏓᎵᎢ, ᎺᎵᏃ ᎹᎩᏕᎵ ᎡᎯ.' in language ''
Encoding of string failed! Failure bytes: 5b e1 8e a3 e1 8e a6 e1 8e b4 e1 8f 85 e1 8f 9b 20 e1 8e a0 e1 8f 8f 20 e1 8f 99 e1 8f a5 e1 8e b4 e1 8f b4 e1 8f 97 2e 5d
Can't encode transcription: '[ᎣᎦᎴᏅᏛ ᎠᏏ ᏙᏥᎴᏴᏗ.]' in language ''
Encoding of string failed! Failure bytes: 3f
Can't encode transcription: 'ᎦᎸᏉᏗᏳ ᎤᎵᏁᏨ ᏗᎧᎿᎭᏩᏛᏍᏗ?' in language ''
Encoding of string failed! Failure bytes: 3f 20 e1 8e a0 e1 8f 99 e1 8e b4 e1 8e b0 e1 8f 8d e1 8e a9 e1 8e a8 3f 20 e1 8e a5 e1 8e a5 20 e1 8f 82 2d
Can't encode transcription: '9. ᎦᏙᎩ ᎢᏣᎦᏔᏅᏎᎢ? ᎠᏙᎴᎰᏍᎩᎨ? ᎥᎥ Ꮒ-' in language ''
Encoding of string failed! Failure bytes: e1 8e ba e1 8e b5 20 e1 8e a4 e1 8f b0 e1 8e af 20 e1 8e be e1 8f 8d e1 8e a9 20 e1 8f a7 e1 8e be e1 8f 84 e1 8e aa e1 8f ab e1 8f 8e 20 e1 8f a5 e1 8f 8c 20 e1 8e a6 e1 8e b6 2d
Can't encode transcription: 'ᎺᎵ ᎤᏰᎯ ᎾᏍᎩ ᏧᎾᏄᎪᏫᏎ ᏥᏌ ᎦᎶ-' in language ''
Encoding of string failed! Failure bytes: 3f 20 e1 8e a2 2d
Can't encode transcription: '26 ᎦᏙ ᎰᏩ ᎤᏍᏗ, ᎢᏓᎵᏅᏟ? Ꭲ-' in language ''
Encoding of string failed! Failure bytes: ea ae a8 e1 8f 95 e1 8e a4 e1 8e b4 e1 8f 94 e1 8f 85 2c 20 e1 8e a4 e1 8f 82 e1 8f 83 e1 8e ae e1 8e b8 e1 8e a9 2e
Can't encode transcription: 'ꮨᏕᎤᎴᏔᏅ, ᎤᏂᏃᎮᎸᎩ.' in language ''
Encoding of string failed! Failure bytes: 34 20 e1 8f 85 e1 8f 93 e1 8f 95 e1 8f 86 2c 20 31 38 32 35 2e
Can't encode transcription: 'ᎢᏦᏗ, 14 ᏅᏓᏕᏆ, 1825.' in language ''
Encoding of string failed! Failure bytes: 34 20 e1 8e be e1 8f 8d e1 8e a9 20 e1 8e af e1 8e a0 20 e1 8f 94 e1 8e b5 e1 8f 81 20 e1 8e a4 e1 8f 8d e1 8f 86 e1 8f 82 e1 8e aa e1 8f 97 20 e1 8f 9a 2d
Can't encode transcription: '54 ᎾᏍᎩ ᎯᎠ ᏔᎵᏁ ᎤᏍᏆᏂᎪᏗ Ꮪ-' in language ''
Encoding of string failed! Failure bytes: 34 20 e1 8e a4 e1 8e ac e1 8f ab e1 8f b3 e1 8e af e1 8f b0 e1 8f 83 20 e1 8e a4 e1 8f 85 e1 8f 8f e1 8f 93 e1 8f 8d e1 8f 97 20 e1 8e a5 e1 8f 9d 20 e1 8f a7 2d
Can't encode transcription: '24 ᎤᎬᏫᏳᎯᏰᏃ ᎤᏅᏏᏓᏍᏗ ᎥᏝ Ꮷ-' in language ''
2 Percent improvement time=384, best error was 26.09 @ 1108
At iteration 1492/1800/1954, mean rms=1.906%, delta=6.354%, BCER train=23.782%, BWER train=44.045%, skip ratio=8.700%, New best BCER = 23.782 wrote best model:training_data/staged_tuning/run_mixture_70_30_output/chr_23.782_1492_1800.checkpoint wrote checkpoint.
Finished! Selected model with minimal training error rate (BCER) = 23.782
