Loaded file training_data/staged_tuning/run_mixture_50_50_hard_output/chr_checkpoint, unpacking...
Successfully restored trainer from training_data/staged_tuning/run_mixture_50_50_hard_output/chr_checkpoint
Empty truth string!
Can't encode transcription: '' in language ''
Encoding of string failed! Failure bytes: 34 2e 20 e1 8e a0 e1 8f 8e e1 8f 83 20 e1 8f a3 e1 8f 82 20 e1 8f 9a e1 8e b5 e1 8f ab e1 8f 8e e1 8e b4 e1 8f 89 2c 20 e1 8e a0 e1 8f b4 e1 8f 8d e1 8e a9 e1 8f 82 20 e1 8f b1 e1 8f 8d e1 8f 86 2d
Can't encode transcription: '14. ᎠᏎᏃ ᏣᏂ ᏚᎵᏫᏎᎴᏉ, ᎠᏴᏍᎩᏂ ᏱᏍᏆ-' in language ''
Encoding of string failed! Failure bytes: 34 20 e1 8e be e1 8f 8d e1 8e a9 20 e1 8e a2 e1 8f b3 e1 8f 8d e1 8f 97 20 e1 8e ac e1 8f 82 e1 8f b3 e1 8f 89 20 e1 8f 95 e1 8f a5 e1 8f 85 e1 8e b5
Can't encode transcription: '34 ᎾᏍᎩ ᎢᏳᏍᏗ ᎬᏂᏳᏉ ᏕᏥᏅᎵ' in language ''
At iteration 4412/6900/7549, mean rms=1.239%, delta=3.416%, BCER train=12.608%, BWER train=25.205%, skip ratio=8.100%, New worst BCER = 12.608 wrote checkpoint.
Encoding of string failed! Failure bytes: ea ad ba e1 8e a8 e1 8f a5 e1 8e b8 e1 8f 89 e1 8f 97 20 e1 8f 82 e1 8e a8 e1 8f 92 e1 8e be 2c 20 e1 8e af e1 8e a0
Can't encode transcription: 'ᏥᎸᏉᏗ ᎠᎴꭺᎨᏥᎸᏉᏗ ᏂᎨᏒᎾ, ᎯᎠ' in language ''
Encoding of string failed! Failure bytes: 3f
Can't encode transcription: 'ᏱᎩ?' in language ''
Encoding of string failed! Failure bytes: e1 8e ba e1 8e b5 e1 8f 83 20 e1 8f a6 e1 8e a2 20 e1 8e a2 e1 8f af e1 8f 85 e1 8f 99 20 e1 8e a2 e1 8f b4 e1 8f 9b 20 e1 8e b5 e1 8f 8f e1 8f b1
Can't encode transcription: '56 ᎺᎵᏃ ᏦᎢ ᎢᏯᏅᏙ ᎢᏴᏛ ᎵᏏᏱ' in language ''
Encoding of string failed! Failure bytes: 34 39 20 e1 8e be e1 8f 8d e1 8e a9 20 e1 8e a2 e1 8f b3 e1 8f 8d e1 8f 97 20 e1 8e be e1 8f 8d e1 8f 89 20 e1 8e af e1 8e a0 20 e1 8f 84 e1 8f aa e1 8f 92
Can't encode transcription: '49 ᎾᏍᎩ ᎢᏳᏍᏗ ᎾᏍᏉ ᎯᎠ ᏄᏪᏒ' in language ''
Empty truth string!
Can't encode transcription: '' in language ''
Encoding of string failed! Failure bytes: 3f
Can't encode transcription: 'ᎠᎴ ᎤᎬᏫᏳᎯ ᏕᏍᏓᏁᎶᏛᎢ?' in language ''
Encoding of string failed! Failure bytes: 34 30 20 e1 8e be e1 8f 8d e1 8e a9 20 e1 8e a4 e1 8f 81 e1 8e b3 e1 8f 85 e1 8e af 20 e1 8f a6 e1 8e a2 e1 8f 81 20 e1 8e a2 e1 8e a6 20 e1 8f 95 2d
Can't encode transcription: '40 ᎾᏍᎩ ᎤᏁᎳᏅᎯ ᏦᎢᏁ ᎢᎦ Ꮥ-' in language ''
Encoding of string failed! Failure bytes: 34 20 e1 8f a3 e1 8f 82 e1 8f b0 e1 8f 83 20 e1 8e a5 e1 8f 9d 20 e1 8e a0 e1 8f 8f 20 e1 8f 97 e1 8f 93 e1 8f 8d e1 8f 9a e1 8f 97 e1 8f b1 20 e1 8f af e1 8f a5 2d
Can't encode transcription: '24 ᏣᏂᏰᏃ ᎥᏝ ᎠᏏ ᏗᏓᏍᏚᏗᏱ ᏯᏥ-' in language ''
Encoding of string failed! Failure bytes: e1 8e bc e1 8f 8f 20 e1 8e a4 e1 8f a4 e1 8e b5 20 e1 8f 97 e1 8e a7 e1 8e bf e1 8e ad e1 8f a9 e1 8f 9b e1 8f 8d e1 8f 97
Can't encode transcription: '28 ᎩᎶ ᎼᏏ ᎤᏤᎵ ᏗᎧᎿᎭᏩᏛᏍᏗ' in language ''
Encoding of string failed! Failure bytes: 34 20 e1 8e ac e1 8f a9 e1 8f 9a e1 8f ab e1 8f 9b e1 8f 83 20 e1 8f 9a e1 8e a7 e1 8e bf e1 8e ad e1 8f 82 e1 8f 99 e1 8e b8 20 e1 8e a4 e1 8f ac e1 8e b8
Can't encode transcription: '34 ᎬᏩᏚᏫᏛᏃ ᏚᎧᎿᎭᏂᏙᎸ ᎤᏬᎸ' in language ''
Encoding of string failed! Failure bytes: ea ae b4 e1 8e a9 2c 20 e1 8f a3 e1 8f 9a e1 8e a9 20 e1 8e a6 e1 8f 9a e1 8e a9 2e
Can't encode transcription: 'ᎤᎭᎷꮴᎩ, ᏣᏚᎩ ᎦᏚᎩ.' in language ''
Encoding of string failed! Failure bytes: 56 2e
Can't encode transcription: 'ᎹᏚ. ᎠᏯᏙᎸᎢV.' in language ''
Encoding of string failed! Failure bytes: 34 20 e1 8f 9a e1 8f 82 e1 8f 83 e1 8f 97 2c 20 31 38 32 35 2e
Can't encode transcription: 'ᎢᏤ ᎦᏚᎲ, 14 ᏚᏂᏃᏗ, 1825.' in language ''
2 Percent improvement time=1861, best error was 14.751 @ 2604
At iteration 4465/7000/7662, mean rms=1.240%, delta=3.443%, BCER train=12.506%, BWER train=25.113%, skip ratio=8.900%, New best BCER = 12.506 wrote best model:training_data/staged_tuning/run_mixture_50_50_hard_output/chr_12.506_4465_7000.checkpoint wrote checkpoint.
Finished! Selected model with minimal training error rate (BCER) = 12.506
