Loaded file training_data/staged_tuning/run_mixture_50_50_hard_output/chr_checkpoint, unpacking...
Successfully restored trainer from training_data/staged_tuning/run_mixture_50_50_hard_output/chr_checkpoint
Encoding of string failed! Failure bytes: 34 20 e1 8e a0 e1 8f 8d e1 8e aa e1 8e af e1 8f 83 20 e1 8e a2 e1 8f af e1 8f 82 e1 8f 9b 20 e1 8e a4 e1 8e be e1 8f 9b e1 8e a6 e1 8f 85 20 e1 8e a4 2d
Can't encode transcription: '24 ᎠᏍᎪᎯᏃ ᎢᏯᏂᏛ ᎤᎾᏛᎦᏅ Ꭴ-' in language ''
Encoding of string failed! Failure bytes: 5e e1 8e be e1 8f 8d e1 8f 89 20 e1 8e a4 e1 8e ac e1 8f ab e1 8f b3 e1 8e af 20 e1 8f 84 e1 8e ac e1 8f ab e1 8f b3 e1 8f 92
Can't encode transcription: 'ᎨᏒᎢ^ᎾᏍᏉ ᎤᎬᏫᏳᎯ ᏄᎬᏫᏳᏒ' in language ''
Encoding of string failed! Failure bytes: 34 20 e1 8f 85 e1 8f 93 e1 8f 95 e1 8f 86 2c 20 31 38 32 35 2e
Can't encode transcription: 'ᎢᏦᏗ, 14 ᏅᏓᏕᏆ, 1825.' in language ''
Encoding of string failed! Failure bytes: 3f 20 e1 8e a0 e1 8f 99 e1 8e b4 e1 8e b0 e1 8f 8d e1 8e a9 e1 8e a8 3f 20 e1 8e a5 e1 8e a5 20 e1 8f 82 2d
Can't encode transcription: '9. ᎦᏙᎩ ᎢᏣᎦᏔᏅᏎᎢ? ᎠᏙᎴᎰᏍᎩᎨ? ᎥᎥ Ꮒ-' in language ''
Encoding of string failed! Failure bytes: 34 20 e1 8f 9a e1 8f 82 e1 8f 83 e1 8f 97 2c 20 31 38 32 35 2e
Can't encode transcription: 'ᎢᏤ ᎦᏚᎲ, 14 ᏚᏂᏃᏗ, 1825.' in language ''
Encoding of string failed! Failure bytes: 34 2e 20 e1 8f 9d e1 8e a9 e1 8f b3 20 e1 8e a4 e1 8f 9b e1 8f 83 e1 8e af 20 e1 8f 95 e1 8e a6 e1 8e b3 e1 8f ab e1 8e a5 20 e1 8e ac e1 8f a9 e1 8f 96 e1 8e b3 e1 8f 97 e1 8f 8d e1 8f 97 e1 8e a2 2c
Can't encode transcription: '4. ᏝᎩᏳ ᎤᏛᏃᎯ ᏕᎦᎳᏫᎥ ᎬᏩᏖᎳᏗᏍᏗᎢ,' in language ''
Encoding of string failed! Failure bytes: 34 2e 20 e1 8f 80 e1 8f 8d e1 8e a9 e1 8f 83 20 e1 8e af e1 8e a0 20 e1 8f a3 e1 8f 82 20 e1 8e a4 e1 8f 85 e1 8f a9 e1 8e a1 20 e1 8f 90 e1 8f 88 e1 8e b5 20 e1 8e a6 e1 8f 90 e1 8f 86 e1 8f 97 20 e1 8e a4 2d
Can't encode transcription: '4. ᏀᏍᎩᏃ ᎯᎠ ᏣᏂ ᎤᏅᏩᎡ ᏐᏈᎵ ᎦᏐᏆᏗ Ꭴ-' in language ''
Encoding of string failed! Failure bytes: 34 39 20 e1 8e a4 e1 8e ac e1 8f ab e1 8f b3 e1 8e af e1 8f 83 20 e1 8e a4 e1 8f a4 e1 8e b5 20 e1 8e a7 e1 8f 83 e1 8e ae e1 8f 9b 20 e1 8f 9a e1 8f b0 e1 8e b5 e1 8f 8e
Can't encode transcription: '49 ᎤᎬᏫᏳᎯᏃ ᎤᏤᎵ ᎧᏃᎮᏛ ᏚᏰᎵᏎ' in language ''
Encoding of string failed! Failure bytes: 5b e1 8e af e1 8e a0 20 e1 8f 82 e1 8e ac e1 8f 85 e1 8e a9 5d 20 e1 8e a4 e1 8f 95 e1 8e b5 e1 8f 9b 20 e1 8e a8 e1 8f 92 e1 8e a2 2c 20 e1 8f 93 e1 8f 93 e1 8e b6 e1 8f 82 20 e1 8e a1 e1 8f 86 2c 20 e1 8e a4 e1 8f 82 e1 8f 81 e1 8e ab e1 8f a5 e1 8f 9b 20 e1 8e a0 e1 8f 82 e1 8e a8 e1 8f b4 20 e1 8e a4 2d
Can't encode transcription: 'ᏚᏙᎥ ᎪᏪᎸᎩ, [ᎯᎠ ᏂᎬᏅᎩ] ᎤᏕᎵᏛ ᎨᏒᎢ, ᏓᏓᎶᏂ ᎡᏆ, ᎤᏂᏁᎫᏥᏛ ᎠᏂᎨᏴ Ꭴ-' in language ''
At iteration 3977/6100/6682, mean rms=1.291%, delta=3.726%, BCER train=13.776%, BWER train=26.805%, skip ratio=11.000%, New worst BCER = 13.776 wrote checkpoint.
Encoding of string failed! Failure bytes: e1 8f 8b e1 8f 92 e1 8f 89 20 e1 8e af e1 8e a0 20 e1 8f a5 e1 8e be e1 8f 86 e1 8f 9b e1 8f 85 3b 20 e1 8f 8d e1 8e a9 e1 8f af 2d
Can't encode transcription: 'ᏕᏂ, ᎠᏋᏒᏉ ᎯᎠ ᏥᎾᏆᏛᏅ; ᏍᎩᏯ-' in language ''
Encoding of string failed! Failure bytes: e1 8e bd e1 8e a9 20 e1 8e a4 e1 8f 81 e1 8e b3 e1 8f 85 e1 8e af 20 e1 8f 82 e1 8e a6 2d
Can't encode transcription: 'ᎸᎯᏢ ᎦᏚᎲᎢ, ᎾᏍᎽᎩ ᎤᏁᎳᏅᎯ ᏂᎦ-' in language ''
Encoding of string failed! Failure bytes: e1 8e ba e1 8e b5 20 e1 8e b9 e1 8e a9 e1 8f 95 e1 8e b5 20 e1 8e a1 e1 8e af 2c
Can't encode transcription: '56 ᎾᎿᎭᎤᎾᏓᏑᏰ ᎺᎵ ᎹᎩᏕᎵ ᎡᎯ,' in language ''
Encoding of string failed! Failure bytes: 5b e1 8e a3 e1 8e a6 e1 8e b4 e1 8f 85 e1 8f 9b 20 e1 8e a0 e1 8f 8f 20 e1 8f 99 e1 8f a5 e1 8e b4 e1 8f b4 e1 8f 97 2e 5d
Can't encode transcription: '[ᎣᎦᎴᏅᏛ ᎠᏏ ᏙᏥᎴᏴᏗ.]' in language ''
Encoding of string failed! Failure bytes: 3f
Can't encode transcription: 'ᏩᏒᏃ ᎤᏓᏅᏙ ᏳᏍᎱᏎᎸ?' in language ''
Encoding of string failed! Failure bytes: 3f
Can't encode transcription: 'ᎯᎠ ᎠᏂᎦᏔᎲ ᏣᏂᏃᎮᎭ ᏥᎨᏣᏡᏗᎭ?' in language ''
Encoding of string failed! Failure bytes: 34 2e 20 e1 8f a5 e1 8f 8c e1 8f 83 20 e1 8e a4 e1 8f 81 e1 8f a8 20 e1 8e af e1 8e a0 20 e1 8f 82 e1 8f 9a e1 8f aa e1 8f 8e e1 8e b8 e1 8e a9 3b 20 e1 8f a5 e1 8f 8d e1 8f 95 e1 8e be 20 e1 8f a3 e1 8f 82
Can't encode transcription: '4. ᏥᏌᏃ ᎤᏁᏨ ᎯᎠ ᏂᏚᏪᏎᎸᎩ; ᏥᏍᏕᎾ ᏣᏂ' in language ''
Encoding of string failed! Failure bytes: 34 20 e1 8e be e1 8f 8d e1 8e a9 20 e1 8e a2 e1 8f b3 e1 8f 8d e1 8f 97 20 e1 8f a7 e1 8e be e1 8f 81 e1 8e b6 e1 8f 97 20 e1 8e a4 e1 8e be e1 8f 93 2d
Can't encode transcription: '24 ᎾᏍᎩ ᎢᏳᏍᏗ ᏧᎾᏁᎶᏗ ᎤᎾᏓ-' in language ''
Encoding of string failed! Failure bytes: e1 8f 8b e1 8f 81 e1 8e b5 e1 8f 99 e1 8e b8 e1 8e a2 3b 20 e1 8e a0 e1 8f 8e e1 8f 83 20 e1 8e be e1 8f 8d e1 8e a9 20 e1 8f 82 e1 8e a6 e1 8f 9b
Can't encode transcription: 'ᎤᏲ ᏅᏋᏁᎵᏙᎸᎢ; ᎠᏎᏃ ᎾᏍᎩ ᏂᎦᏛ' in language ''
Encoding of string failed! Failure bytes: 34 2e 20 e1 8f 9d e1 8e a9 e1 8f b3 20 e1 8e a4 e1 8f 9b e1 8f 83 e1 8e af 20 e1 8f 95 e1 8e a6 e1 8e b3 e1 8f ab e1 8e a5 20 e1 8e ac e1 8f a9 e1 8f 96 e1 8e b3 e1 8f 97 e1 8f 8d e1 8f 97 e1 8e a2 2c
Can't encode transcription: '4. ᏝᎩᏳ ᎤᏛᏃᎯ ᏕᎦᎳᏫᎥ ᎬᏩᏖᎳᏗᏍᏗᎢ,' in language ''
Encoding of string failed! Failure bytes: e1 8e bc e1 8f 8f 20 e1 8f 82 e1 8e a6 e1 8f aa e1 8f 8d e1 8e ac e1 8e a2 2c 20 e1 8e a5 e1 8f 9d 20 e1 8f b4 e1 8e a6 e1 8f b0 2d
Can't encode transcription: 'ᏍᏗ, ᎾᏍᎩ ᎼᏏ ᏂᎦᏪᏍᎬᎢ, ᎥᏝ ᏴᎦᏰ-' in language ''
Encoding of string failed! Failure bytes: ea ad b9 e1 8f 8d e1 8f 99 e1 8f 97 e1 8e ad 20 e1 8f b1 e1 8f 97 e1 8f 93 e1 8f 93 e1 8f 82 2d
Can't encode transcription: '8 ᎾᏍᎩ ᏱᏅᏗᎦᎵꭹᏍᏙᏗᎭ ᏱᏗᏓᏓᏂ-' in language ''
Encoding of string failed! Failure bytes: 5b e1 8e a3 e1 8e a6 e1 8e b4 e1 8f 85 e1 8f 9b 20 e1 8e a0 e1 8f 8f 20 e1 8f 99 e1 8f a5 e1 8e b4 e1 8f b4 e1 8f 97 2e 5d
Can't encode transcription: '[ᎣᎦᎴᏅᏛ ᎠᏏ ᏙᏥᎴᏴᏗ.]' in language ''
Encoding of string failed! Failure bytes: 34 34 20 e1 8f 97 e1 8e a9 e1 8e a6 e1 8f b4 e1 8e b5 e1 8e a8 20 e1 8e a2 e1 8e be e1 8e a8 20 e1 8e a4 e1 8f 82 e1 8e ae 20 e1 8e a6 e1 8e b5 e1 8f a6 e1 8f 9b
Can't encode transcription: '44 ᏗᎩᎦᏴᎵᎨ ᎢᎾᎨ ᎤᏂᎮ ᎦᎵᏦᏛ' in language ''
Encoding of string failed! Failure bytes: 34 30 20 e1 8f a5 e1 8f 8c e1 8f 83 20 e1 8e a4 e1 8e b4 e1 8f ab e1 8f 8d e1 8f 94 e1 8f 85 20 e1 8e a4 e1 8f 81 e1 8f a4 20 e1 8e a0 e1 8e a6 e1 8f 98 2d
Can't encode transcription: '40 ᏥᏌᏃ ᎤᎴᏫᏍᏔᏅ ᎤᏁᏤ ᎠᎦᏘ-' in language ''
At iteration 4035/6200/6797, mean rms=1.298%, delta=3.781%, BCER train=13.753%, BWER train=26.643%, skip ratio=10.700%, New worst BCER = 13.753 wrote checkpoint.
Finished! Selected model with minimal training error rate (BCER) = 13.326
