Loaded file training_data/staged_tuning/run_mixture_50_50_hard_output/chr_checkpoint, unpacking...
Successfully restored trainer from training_data/staged_tuning/run_mixture_50_50_hard_output/chr_checkpoint
Encoding of string failed! Failure bytes: 34 20 e1 8f 94 e1 8e b5 e1 8f 81 e1 8f 83 20 e1 8f 85 e1 8f a9 e1 8e be e1 8f 93 e1 8e b4 20 e1 8f a7 e1 8f 85 e1 8f 8f e1 8f 93 e1 8f 8d e1 8f 97
Can't encode transcription: '4 ᏔᎵᏁᏃ ᏅᏩᎾᏓᎴ ᏧᏅᏏᏓᏍᏗ' in language ''
Encoding of string failed! Failure bytes: e1 8e ba e1 8e b5 20 e1 8f 9f e1 8e a3 e1 8f 86
Can't encode transcription: 'ᏙᎾᎥᎩ ᎤᏥ, ᎤᏂᏃ ᎤᎸᎢ ᎺᎵ ᏟᎣᏆ' in language ''
Encoding of string failed! Failure bytes: ea ae 97 e1 8e a2 e1 8f af e1 8f 9b e1 8f 81 e1 8f 97 e1 8f b1 2e
Can't encode transcription: 'ᏅᏛᏨᏴᏁᎵ ᎤᏟ ᎢᏲᏍᏛꮗᎢᏯᏛᏁᏗᏱ.' in language ''
Encoding of string failed! Failure bytes: 34 2e 20 e1 8f 9d e1 8e a9 e1 8f b3 20 e1 8e a4 e1 8f 9b e1 8f 83 e1 8e af 20 e1 8f 95 e1 8e a6 e1 8e b3 e1 8f ab e1 8e a5 20 e1 8e ac e1 8f a9 e1 8f 96 e1 8e b3 e1 8f 97 e1 8f 8d e1 8f 97 e1 8e a2 2c
Can't encode transcription: '4. ᏝᎩᏳ ᎤᏛᏃᎯ ᏕᎦᎳᏫᎥ ᎬᏩᏖᎳᏗᏍᏗᎢ,' in language ''
Encoding of string failed! Failure bytes: e1 8e ba 20 e1 8f 93 e1 8e a8 e1 8f a5 e1 8f 81 e1 8f a4 e1 8e b2 e1 8e a9 2e 20 e1 8e a5 e1 8f 9d 2d
Can't encode transcription: 'ᎳᏅᎯ, ᏧᎾᏓᏍᏆᏂᎪᏙᏗᏱᏉᎺ ᏓᎨᏥᏁᏤᎲᎩ. ᎥᏝ-' in language ''
Encoding of string failed! Failure bytes: ea ae bc e1 8e b5 20 e1 8f b4 e1 8f ab 20 e1 8e a8 e1 8f 8e e1 8f 8d e1 8f 97 3b
Can't encode transcription: 'ᏒᏃ ᏗᏆᏤꮼᎵ ᏴᏫ ᎨᏎᏍᏗ;' in language ''
Encoding of string failed! Failure bytes: e1 8e ba e1 8f 89 e1 8e af 2c 20 e1 8f 8f e1 8e b5 e1 8f 8f e1 8f b1 20 e1 8e a0 e1 8e b4
Can't encode transcription: '5 ᎣᎩᎶᏐᏅᏃ ᎠᎺᏉᎯ, ᏏᎵᏏᏱ ᎠᎴ' in language ''
Encoding of string failed! Failure bytes: e1 8e bc e1 8f 8f 20 e1 8e ac e1 8f 82 e1 8e a8 e1 8f 92
Can't encode transcription: '17 ᏗᎧᎿᎭᏩᏛᏍᏗᏰᏃ ᎼᏏ ᎬᏂᎨᏒ' in language ''
Encoding of string failed! Failure bytes: 5b e1 8e a6 e1 8f a5 e1 8f 83 e1 8f 81 e1 8e ad 5d 20 e1 8e be e1 8f 8d e1 8e a9
Can't encode transcription: 'ᎠᏁᎯ ᎦᏥᏯᏢᏈᏎᎭ, [ᎦᏥᏃᏁᎭ] ᎾᏍᎩ' in language ''
Empty truth string!
Can't encode transcription: '' in language ''
Encoding of string failed! Failure bytes: ea ad bd e1 8f a8 20 e1 8f 93 e1 8f 93 e1 8f ac e1 8f 8d e1 8e ac 2c 20 e1 8e af e1 8e a0 20 e1 8f 82 e1 8f 9a e1 8f aa e1 8f 8e e1 8e b4 3b 20 e1 8f b2 2c 20 e1 8e a2 e1 8e be e1 8f 9b 20 e1 8f a5 2d
Can't encode transcription: 'ᎤᏂᎷꭽᏨ ᏓᏓᏬᏍᎬ, ᎯᎠ ᏂᏚᏪᏎᎴ; Ᏺ, ᎢᎾᏛ Ꮵ-' in language ''
At iteration 3521/5300/5801, mean rms=1.350%, delta=3.913%, BCER train=13.818%, BWER train=27.969%, skip ratio=11.200%, New worst BCER = 13.818 wrote checkpoint.
Encoding of string failed! Failure bytes: 34 20 e1 8f 97 e1 8f 82 e1 8e a6 e1 8f 98 e1 8f af e1 8f 83 20 e1 8e a4 e1 8e be e1 8e b5 e1 8f 8e e1 8e a2 2c 20 e1 8e a0 e1 8e b4 20 e1 8e a6 e1 8f 9a e1 8e b2
Can't encode transcription: '14 ᏗᏂᎦᏘᏯᏃ ᎤᎾᎵᏎᎢ, ᎠᎴ ᎦᏚᎲ' in language ''
Encoding of string failed! Failure bytes: 3f
Can't encode transcription: 'ᏣᏚᎵᏍᎪ ᎡᏣᏅᏬᏗᏱ?' in language ''
Encoding of string failed! Failure bytes: 34 20 e1 8f 86 e1 8e b4 e1 8f 97 e1 8f 83 20 e1 8f 94 e1 8e b5 e1 8f 81 20 e1 8e a4 e1 8f 9b e1 8f 9b e1 8f 81 20 e1 8e af e1 8e a0 20 e1 8f 84 e1 8f aa 2d
Can't encode transcription: '4 ᏆᎴᏗᏃ ᏔᎵᏁ ᎤᏛᏛᏁ ᎯᎠ ᏄᏪ-' in language ''
Encoding of string failed! Failure bytes: e1 8e bc e1 8f 8f 20 e1 8e af e1 8e a0 20 e1 8f 84 e1 8f aa e1 8f 8e e1 8e a2 2c
Can't encode transcription: 'ᎨᏒ ᎾᏍᎩ ᎢᏳᎪᏍᏗ ᎼᏏ ᎯᎠ ᏄᏪᏎᎢ,' in language ''
Encoding of string failed! Failure bytes: 3f 20 e1 8e a4 e1 8f ac e1 8e af e1 8f b3 e1 8f 92 e1 8f 8d e1 8e aa 20 e1 8f b0 e1 8e b5 e1 8f 89 20 e1 8f b3 2d
Can't encode transcription: 'ᎾᏃ ᏱᎩ? ᎤᏬᎯᏳᏒᏍᎪ ᏰᎵᏉ Ᏻ-' in language ''
Encoding of string failed! Failure bytes: 3f
Can't encode transcription: 'ᏍᏕ ᎢᏥᏁᏤᎴ Ꮟ?' in language ''
Encoding of string failed! Failure bytes: 34 2e 20 e1 8f 80 e1 8f 8d e1 8e a9 e1 8f 83 20 e1 8e af e1 8e a0 20 e1 8f a3 e1 8f 82 20 e1 8e a4 e1 8f 85 e1 8f a9 e1 8e a1 20 e1 8f 90 e1 8f 88 e1 8e b5 20 e1 8e a6 e1 8f 90 e1 8f 86 e1 8f 97 20 e1 8e a4 2d
Can't encode transcription: '4. ᏀᏍᎩᏃ ᎯᎠ ᏣᏂ ᎤᏅᏩᎡ ᏐᏈᎵ ᎦᏐᏆᏗ Ꭴ-' in language ''
Encoding of string failed! Failure bytes: 3f
Can't encode transcription: 'ᎸᎾᏉ ᎢᏍᎩᎪᏩᏘᏍᎨᏍᏗ?' in language ''
Encoding of string failed! Failure bytes: 34 31 20 e1 8e bf e1 8e ad e1 8f 89 e1 8f 83 20 e1 8e a0 e1 8f 82 e1 8f a7 e1 8f 8f 20 e1 8e ac e1 8f a9 e1 8e aa e1 8f 81 e1 8e b6 e1 8e af e1 8f 8e e1 8e b8 e1 8e a9
Can't encode transcription: '41 ᎿᎭᏉᏃ ᎠᏂᏧᏏ ᎬᏩᎪᏁᎶᎯᏎᎸᎩ' in language ''
Encoding of string failed! Failure bytes: 34 20 e1 8e a0 e1 8f b4 20 e1 8e a0 e1 8f 86 e1 8f 93 e1 8e a8 e1 8f b3 e1 8f 97 20 e1 8e a8 e1 8f 92 20 e1 8f 95 e1 8f a5 e1 8e a7 e1 8e bf 2d
Can't encode transcription: '24 ᎠᏴ ᎠᏆᏓᎨᏳᏗ ᎨᏒ ᏕᏥᎧᎿ-' in language ''
Encoding of string failed! Failure bytes: 3f
Can't encode transcription: 'ᏏᏕᏂ?' in language ''
Empty truth string!
Can't encode transcription: '' in language ''
Encoding of string failed! Failure bytes: ea ad b2 3b 20 e1 8f 9a e1 8f 82 e1 8f 81 e1 8f 9f e1 8f b4 e1 8f 8e e1 8f b0 e1 8f 83
Can't encode transcription: 'ᎪᏓᏁᏗᏱ ᏅᏛᏅᏁᎵꭲ; ᏚᏂᏁᏟᏴᏎᏰᏃ' in language ''
At iteration 3578/5400/5914, mean rms=1.336%, delta=3.837%, BCER train=13.455%, BWER train=27.404%, skip ratio=11.700%, New worst BCER = 13.455 wrote checkpoint.
Finished! Selected model with minimal training error rate (BCER) = 13.326
