Loaded file training_data/staged_tuning/run_mixture_50_50_hard_output/chr_checkpoint, unpacking...
Successfully restored trainer from training_data/staged_tuning/run_mixture_50_50_hard_output/chr_checkpoint
Encoding of string failed! Failure bytes: 34 20 e1 8e a0 e1 8f 8e e1 8f 83 20 e1 8e be e1 8e af e1 8f b3 20 e1 8e a0 e1 8f 8e e1 8e b8 e1 8e af 20 e1 8e a8 e1 8f 92 20 e1 8e a0 e1 8e a7 e1 8e b5 e1 8e a2
Can't encode transcription: '4 ᎠᏎᏃ ᎾᎯᏳ ᎠᏎᎸᎯ ᎨᏒ ᎠᎧᎵᎢ' in language ''
Encoding of string failed! Failure bytes: 5b e1 8e a3 e1 8e a6 e1 8e b4 e1 8f 85 e1 8f 9b 20 e1 8e a0 e1 8f 8f 20 e1 8f 99 e1 8f a5 e1 8e b4 e1 8f b4 e1 8f 97 2e 5d
Can't encode transcription: '[ᎣᎦᎴᏅᏛ ᎠᏏ ᏙᏥᎴᏴᏗ.]' in language ''
Encoding of string failed! Failure bytes: e1 8e ba e1 8e b5 e1 8f b1 20 e1 8e a8 e1 8e a2 2e 20 28 e1 8e a0 e1 8f 82 e1 8f a7 e1 8f 8f e1 8f b0 e1 8f 83 20 e1 8e a0 e1 8e b4
Can't encode transcription: 'ᏌᎺᎵᏱ ᎨᎢ. (ᎠᏂᏧᏏᏰᏃ ᎠᎴ' in language ''
Encoding of string failed! Failure bytes: 34 20 e1 8f 9a e1 8f 82 e1 8f 83 e1 8f 97 2c 20 31 38 32 35 2e
Can't encode transcription: 'ᎢᏤ ᎦᏚᎲ, 14 ᏚᏂᏃᏗ, 1825.' in language ''
Encoding of string failed! Failure bytes: 34 33 20 e1 8e a9 e1 8e b3 e1 8f 89 e1 8f 83 20 e1 8e a2 e1 8f b4 e1 8f 9b 20 e1 8e ac e1 8f a9 e1 8e aa e1 8f a9 e1 8f 9b e1 8f 97 20 e1 8f 84 2d
Can't encode transcription: '43 ᎩᎳᏉᏃ ᎢᏴᏛ ᎬᏩᎪᏩᏛᏗ Ꮔ-' in language ''
Encoding of string failed! Failure bytes: 34 2e 20 e1 8f a5 e1 8f 8c e1 8f 83 20 e1 8e a4 e1 8f 81 e1 8f a8 20 e1 8e af e1 8e a0 20 e1 8f 82 e1 8f 9a e1 8f aa e1 8f 8e e1 8e b8 e1 8e a9 3b 20 e1 8f a5 e1 8f 8d e1 8f 95 e1 8e be 20 e1 8f a3 e1 8f 82
Can't encode transcription: '4. ᏥᏌᏃ ᎤᏁᏨ ᎯᎠ ᏂᏚᏪᏎᎸᎩ; ᏥᏍᏕᎾ ᏣᏂ' in language ''
Encoding of string failed! Failure bytes: 34 32 20 e1 8e a0 e1 8f 82 e1 8f a7 e1 8f 8f e1 8f 83 20 e1 8e a4 e1 8f 82 e1 8f 84 e1 8e aa e1 8f a8 20 e1 8f 97 e1 8e a6 e1 8e b3 e1 8f ab e1 8e a2 2d
Can't encode transcription: '42 ᎠᏂᏧᏏᏃ ᎤᏂᏄᎪᏨ ᏗᎦᎳᏫᎢ-' in language ''
Encoding of string failed! Failure bytes: 3f
Can't encode transcription: 'ᎠᎴ ᏦᏏ ᎠᎴ ᏌᏩᏂ ᎠᎴ ᏧᏓᏏ?' in language ''
Encoding of string failed! Failure bytes: 34 e1 8f a2 35 20 e1 8e bf e1 8e ad e1 8f 89 e1 8f 83 20 e1 8e a2 e1 8e a1 e1 8e aa e1 8e a2 20 e1 8f ab e1 8f 93 e1 8f af e1 8f 82 e1 8f 8d e1 8e aa 20 e1 8e a4 e1 8f a9 2d
Can't encode transcription: '4Ꮲ5 ᎿᎭᏉᏃ ᎢᎡᎪᎢ ᏫᏓᏯᏂᏍᎪ ᎤᏩ-' in language ''
2 Percent improvement time=1762, best error was 15.061 @ 2542
At iteration 4304/6700/7337, mean rms=1.260%, delta=3.506%, BCER train=12.834%, BWER train=25.559%, skip ratio=8.600%, New best BCER = 12.834 wrote best model:training_data/staged_tuning/run_mixture_50_50_hard_output/chr_12.834_4304_6700.checkpoint wrote checkpoint.
Encoding of string failed! Failure bytes: ea ae 98 e1 8f ab 2d e1 8f 97 e1 8f a5 e1 8e a6 e1 8f 98 e1 8f af 2e
Can't encode transcription: '11 ᎠᏴ ᎠᏆᏓᏅᏘ ꮘᏫ-ᏗᏥᎦᏘᏯ.' in language ''
Encoding of string failed! Failure bytes: 34 20 e1 8e a0 e1 8f 8d e1 8e a1 e1 8f 83 20 e1 8e a4 e1 8f 9f 20 e1 8e a3 e1 8f 8f e1 8f b3 20 e1 8e a2 e1 8f b3 e1 8e be e1 8e b5 e1 8f 8d e1 8f 93 e1 8f 81 e1 8f 97
Can't encode transcription: '14 ᎠᏍᎡᏃ ᎤᏟ ᎣᏏᏳ ᎢᏳᎾᎵᏍᏓᏁᏗ' in language ''
Encoding of string failed! Failure bytes: 34 2e 20 e1 8e a0 e1 8f 8e e1 8f 83 20 e1 8f a3 e1 8f 82 20 e1 8f 9a e1 8e b5 e1 8f ab e1 8f 8e e1 8e b4 e1 8f 89 2c 20 e1 8e a0 e1 8f b4 e1 8f 8d e1 8e a9 e1 8f 82 20 e1 8f b1 e1 8f 8d e1 8f 86 2d
Can't encode transcription: '14. ᎠᏎᏃ ᏣᏂ ᏚᎵᏫᏎᎴᏉ, ᎠᏴᏍᎩᏂ ᏱᏍᏆ-' in language ''
Encoding of string failed! Failure bytes: 34 20 e1 8e a0 e1 8e a9 e1 8e a8 e1 8f b3 e1 8e af 20 e1 8f 82 e1 8e a8 e1 8f 92 e1 8e be 20 e1 8e a5 e1 8f 9d 20 e1 8f b1 e1 8f 93 e1 8e a7 e1 8e bf 2d
Can't encode transcription: '24 ᎠᎩᎨᏳᎯ ᏂᎨᏒᎾ ᎥᏝ ᏱᏓᎧᎿ-' in language ''
Encoding of string failed! Failure bytes: 34 33 20 e1 8e bf e1 8e ad e1 8f 89 e1 8f 83 20 e1 8e a4 e1 8e be e1 8f 93 e1 8f 85 e1 8f 98 20 e1 8e ac e1 8f a9 e1 8f 82 e1 8f 94 e1 8e b7 e1 8e a9 e1 8f 8d e1 8e a9
Can't encode transcription: '43 ᎿᎭᏉᏃ ᎤᎾᏓᏅᏘ ᎬᏩᏂᏔᎷᎩᏍᎩ' in language ''
Encoding of string failed! Failure bytes: 34 2e 20 e1 8f 9d e1 8e a9 e1 8f b3 20 e1 8e a4 e1 8f 9b e1 8f 83 e1 8e af 20 e1 8f 95 e1 8e a6 e1 8e b3 e1 8f ab e1 8e a5 20 e1 8e ac e1 8f a9 e1 8f 96 e1 8e b3 e1 8f 97 e1 8f 8d e1 8f 97 e1 8e a2 2c
Can't encode transcription: '4. ᏝᎩᏳ ᎤᏛᏃᎯ ᏕᎦᎳᏫᎥ ᎬᏩᏖᎳᏗᏍᏗᎢ,' in language ''
Empty truth string!
Can't encode transcription: '' in language ''
Encoding of string failed! Failure bytes: ea ae a5 e1 8f 9b e1 8f 8d e1 8f 97 20 e1 8e a0 e1 8f 86 2d
Can't encode transcription: 'ᎦᎵᏍᏓᏂᎦ. ᎠᏴᏍᎩᏂ ᎤᏗᏀᏴᏛ ᏩᎩꮥᏛᏍᏗ ᎠᏆ-' in language ''
Encoding of string failed! Failure bytes: 5b e1 8e a4 e1 8f 81 e1 8e b3 e1 8f 85 e1 8e af 5d 20 e1 8e a3 e1 8f 82 20 e1 8f b1 e1 8e ac 2d
Can't encode transcription: 'ᎸᏍᏙᏗᏱ, ᎥᏝ [ᎤᏁᎳᏅᎯ] ᎣᏂ ᏱᎬ-' in language ''
2 Percent improvement time=1753, best error was 14.751 @ 2604
At iteration 4357/6800/7446, mean rms=1.246%, delta=3.449%, BCER train=12.559%, BWER train=25.352%, skip ratio=8.900%, New best BCER = 12.559 wrote checkpoint.
Finished! Selected model with minimal training error rate (BCER) = 12.559
