Loaded file training_data/staged_tuning/run_mixture_50_50_hard_output/chr_checkpoint, unpacking...
Successfully restored trainer from training_data/staged_tuning/run_mixture_50_50_hard_output/chr_checkpoint
Encoding of string failed! Failure bytes: 5b e1 8e a3 e1 8e a6 e1 8e b4 e1 8f 85 e1 8f 9b 20 e1 8e a0 e1 8f 8f 20 e1 8f 99 e1 8f a5 e1 8e b4 e1 8f b4 e1 8f 97 2e 5d
Can't encode transcription: '[ᎣᎦᎴᏅᏛ ᎠᏏ ᏙᏥᎴᏴᏗ.]' in language ''
Encoding of string failed! Failure bytes: 5b e1 8f 97 e1 8e a7 e1 8e bf e1 8e ad e1 8f a9 e1 8f 9b e1 8f 8d e1 8f 97 2c 5d
Can't encode transcription: '9 ᎯᎠᏰᏃ ᎾᏍᎩ [ᏗᎧᎿᎭᏩᏛᏍᏗ,]' in language ''
Encoding of string failed! Failure bytes: ea ae bb e1 8f 8d e1 8e a8 e1 8f 8d e1 8f 97 2c
Can't encode transcription: 'ᎤᏗᏢ ᎠᎫᏱᏍᎩ  ᏀᏍᎩ ᎤᏤᎵ ᏂᎦᎵᏍꮻᏍᎨᏍᏗ,' in language ''
Encoding of string failed! Failure bytes: ea ad b7 31 36 20 e1 8e a6 e1 8f 99 e1 8f b0 e1 8f 83 20 e1 8f 97 e1 8e a6 e1 8e b5 e1 8f 8d e1 8f 99 e1 8f 97 e1 8e ad 20 e1 8e a2 e1 8e af e1 8e a6 e1 8f 94 e1 8e ad 2c
Can't encode transcription: 'ꭷ16 ᎦᏙᏰᏃ ᏗᎦᎵᏍᏙᏗᎭ ᎢᎯᎦᏔᎭ,' in language ''
Encoding of string failed! Failure bytes: 34 20 e1 8e bf e1 8e ad e1 8f 89 e1 8f 83 20 e1 8e a4 e1 8e ac e1 8f ab e1 8f b3 e1 8e af 20 e1 8e af e1 8e a0 20 e1 8f 82 e1 8f 99 e1 8f 93 e1 8e a6 2d
Can't encode transcription: '34 ᎿᎭᏉᏃ ᎤᎬᏫᏳᎯ ᎯᎠ ᏂᏙᏓᎦ-' in language ''
Encoding of string failed! Failure bytes: ea ad b3 e1 8f 97 20 e1 8f 82 e1 8e a8 e1 8f 92 e1 8e be 20 e1 8f a7 e1 8f 9a e1 8e a2 2d
Can't encode transcription: 'ᎤᏁᎳᏅᎯ ᏞᏩᏥꭳᏗ ᏂᎨᏒᎾ ᏧᏚᎢ-' in language ''
Encoding of string failed! Failure bytes: ea ae 94 e1 8f 83 20 e1 8e a4 e1 8f 94 e1 8e b3 e1 8f ac 2d
Can't encode transcription: 'ᏔᏍᎨᏍᏗᏃ ᎦᏃᏍᎩᏍᎩ, ᎤᏣꮔᏃ ᎤᏔᎳᏬ-' in language ''
Encoding of string failed! Failure bytes: e1 8e ba e1 8e b5 20 e1 8e ac e1 8f a9 e1 8e b7 e1 8f a4 e1 8e b8 e1 8e af 2c 20 e1 8e a0 e1 8e b4 20 e1 8e a4 e1 8f 82 e1 8e aa e1 8e b2 e1 8e af 20 e1 8e be e1 8f 8d e1 8e a9
Can't encode transcription: 'ᎺᎵ ᎬᏩᎷᏤᎸᎯ, ᎠᎴ ᎤᏂᎪᎲᎯ ᎾᏍᎩ' in language ''
At iteration 3407/5100/5572, mean rms=1.355%, delta=3.886%, BCER train=13.647%, BWER train=27.386%, skip ratio=10.000%, New worst BCER = 13.647 wrote checkpoint.
Encoding of string failed! Failure bytes: 22 20 e1 8e a0 e1 8f b4 e1 8f b0 e1 8f 83 20 e1 8e a0 e1 8e a9 2d
Can't encode transcription: 'ᏍᎩ ᎠᎦᏠᏯᏍᏔᏅᎩ;" ᎠᏴᏰᏃ ᎠᎩ-' in language ''
Encoding of string failed! Failure bytes: e1 8f 8b e1 8f 97 e1 8f 8d e1 8e ac 20 e1 8e a7 e1 8f 81 e1 8e ac e1 8e a2 2c 20 e1 8e be e1 8f 8d e1 8e a9
Can't encode transcription: 'ᎦᎶᏁᏛ ᎠᏴ ᎠᏋᏗᏍᎬ ᎧᏁᎬᎢ, ᎾᏍᎩ' in language ''
Encoding of string failed! Failure bytes: 34 2e 20 e1 8f 9d e1 8e a9 e1 8f b3 20 e1 8e a4 e1 8f 9b e1 8f 83 e1 8e af 20 e1 8f 95 e1 8e a6 e1 8e b3 e1 8f ab e1 8e a5 20 e1 8e ac e1 8f a9 ea ae a9 e1 8e b3 e1 8f 97 e1 8f 8d e1 8f 97 e1 8e a2 2c
Can't encode transcription: '4. ᏝᎩᏳ ᎤᏛᏃᎯ ᏕᎦᎳᏫᎥ ᎬᏩꮩᎳᏗᏍᏗᎢ,' in language ''
Encoding of string failed! Failure bytes: 34 20 e1 8e be e1 8f 8d e1 8e a9 20 e1 8e a0 e1 8f b4 2c 20 e1 8e a2 e1 8e a9 e1 8f af e1 8f 85 e1 8f 9b 20 e1 8f a5 e1 8e a9 2c 20 e1 8e a5 e1 8f 9d
Can't encode transcription: '24 ᎾᏍᎩ ᎠᏴ, ᎢᎩᏯᏅᏛ ᏥᎩ, ᎥᏝ' in language ''
Encoding of string failed! Failure bytes: 34 33 20 e1 8e a2 e1 8f b3 20 e1 8e a0 e1 8e b4 20 e1 8f a6 e1 8f b0 e1 8f 82 20 e1 8f 95 e1 8f a6 e1 8f 95 e1 8f 8d e1 8f 97 e1 8f 8d e1 8e a8 2d
Can't encode transcription: '43 ᎢᏳ ᎠᎴ ᏦᏰᏂ ᏕᏦᏕᏍᏗᏍᎨ-' in language ''
Empty truth string!
Can't encode transcription: '' in language ''
Encoding of string failed! Failure bytes: 5b e1 8e a0 e1 8f 8d e1 8e a6 e1 8f af 5d
Can't encode transcription: 'ᏍᎦᏯ ᏗᏓᏓᏅᏟ, ᎾᏍᎩ ᎯᎠ [ᎠᏍᎦᏯ]' in language ''
Encoding of string failed! Failure bytes: 3f
Can't encode transcription: 'ᏘᎭ; ᎦᏙᏃ ᎢᎡᏣᏛᏓᏍᏓᏁᎭ?' in language ''
Encoding of string failed! Failure bytes: ea ad b9 e1 8f 97 e1 8e a9 2d
Can't encode transcription: 'ᎡᎯ ᎡᏫᏃ ᏂᏄᎬᏯᏍᎩ ᎤᏪᏥ, ᎠᏰᎵ ᏣᎳᎩꭹᏗᎩ-' in language ''
Encoding of string failed! Failure bytes: 5b e1 8e a3 e1 8f 8d e1 8f 9b 20 e1 8e a7 e1 8f 83 e1 8e ae e1 8f 9b 5d 20 e1 8f a5 e1 8f 85 e1 8f 97 e1 8e a6 2d
Can't encode transcription: '20 ᎾᏍᎩ [ᎣᏍᏛ ᎧᏃᎮᏛ] ᏥᏅᏗᎦ-' in language ''
Encoding of string failed! Failure bytes: 3f 20 e1 8e a0 e1 8f 99 e1 8e b4 e1 8e b0 e1 8f 8d e1 8e a9 e1 8e a8 3f 20 e1 8e a5 e1 8e a5 20 e1 8f 82 2d
Can't encode transcription: '9. ᎦᏙᎩ ᎢᏣᎦᏔᏅᏎᎢ? ᎠᏙᎴᎰᏍᎩᎨ? ᎥᎥ Ꮒ-' in language ''
Encoding of string failed! Failure bytes: 5b e1 8e a3 e1 8e a6 e1 8e b4 e1 8f 85 e1 8f 9b 20 e1 8e a0 e1 8f 8f 20 e1 8f 99 e1 8f a5 e1 8e b4 e1 8f b4 e1 8f 97 2e 5d
Can't encode transcription: '[ᎣᎦᎴᏅᏛ ᎠᏏ ᏙᏥᎴᏴᏗ.]' in language ''
Encoding of string failed! Failure bytes: 34 20 e1 8f 85 e1 8f 93 e1 8f 95 e1 8f 86 2c 20 31 38 32 35 2e
Can't encode transcription: 'ᎢᏦᏗ, 14 ᏅᏓᏕᏆ, 1825.' in language ''
Encoding of string failed! Failure bytes: 34 20 e1 8f 85 e1 8f 93 e1 8f 95 e1 8f 86 2c 20 31 38 32 35 2e
Can't encode transcription: 'ᎢᏦᏗ, 14 ᏅᏓᏕᏆ, 1825.' in language ''
Encoding of string failed! Failure bytes: e1 8e ba e1 8f 81 e1 8f 83 3b
Can't encode transcription: 'ᎢᏨᎪᏒ ᏣᏲᏏᏍᎨᎢ, ᎢᏨᏰᎳᏍᎺᏁᏃ;' in language ''
Encoding of string failed! Failure bytes: 34 2e 20 e1 8f 9d e1 8e a9 e1 8f b3 20 e1 8e a4 e1 8f 9b e1 8f 83 e1 8e af 20 e1 8f 95 e1 8e a6 e1 8e b3 e1 8f ab e1 8e a5 20 e1 8e ac e1 8f a9 e1 8f 96 e1 8e b3 e1 8f 97 e1 8f 8d e1 8f 97 e1 8e a2 2c
Can't encode transcription: '4. ᏝᎩᏳ ᎤᏛᏃᎯ ᏕᎦᎳᏫᎥ ᎬᏩᏖᎳᏗᏍᏗᎢ,' in language ''
Encoding of string failed! Failure bytes: 3f 20 e1 8e ac e1 8f 85
Can't encode transcription: 'ᎢᎦ, ᎤᏲᎨ ᏗᎦᎸᏫᏍᏓᏁᏗᏱ? ᎬᏅ' in language ''
Empty truth string!
Can't encode transcription: '' in language ''
At iteration 3470/5200/5690, mean rms=1.345%, delta=3.817%, BCER train=13.524%, BWER train=27.670%, skip ratio=10.900%, New worst BCER = 13.524 wrote checkpoint.
Finished! Selected model with minimal training error rate (BCER) = 13.326
