Loaded file training_data/staged_tuning/run_mixture_50_50_hard_output/chr_checkpoint, unpacking...
Successfully restored trainer from training_data/staged_tuning/run_mixture_50_50_hard_output/chr_checkpoint
Encoding of string failed! Failure bytes: ea ae 8f e1 8f 83 20 e1 8e a2 e1 8e a6 20 e1 8e a3 e1 8e ac e1 8f 92 20 e1 8f a6 e1 8e aa e1 8f b0 e1 8f 82 20 e1 8f 99 e1 8e ac 2d
Can't encode transcription: '19 ᏦᎢᏁꮏᏃ ᎢᎦ ᎣᎬᏒ ᏦᎪᏰᏂ ᏙᎬ-' in language ''
Encoding of string failed! Failure bytes: 34 20 e1 8e af e1 8e a0 e1 8f b0 e1 8f 83 20 e1 8e a0 e1 8f 87 e1 8f a5 20 e1 8e a4 e1 8f b2 e1 8e b1 e1 8f 92 e1 8e af 20 e1 8e a8 e1 8f 92 e1 8e a9 2c
Can't encode transcription: '24 ᎯᎠᏰᏃ ᎠᏇᏥ ᎤᏲᎱᏒᎯ ᎨᏒᎩ,' in language ''
Encoding of string failed! Failure bytes: ea ad b2 e1 8e a2 e1 8f 97 2d
Can't encode transcription: 'ᏅᎯ ᏥᎨᏐ ᎢᎦ-ᎦᏘ ᎬᏗ ᎬᏂᎨᎡꭲᎢᏗ-' in language ''
Encoding of string failed! Failure bytes: e1 8e ba 2d
Can't encode transcription: 'ᎤᎾᏗᎦᎴᏲᏤ ᏂᎬᎾᏛ ᏧᏗᏱ ᎠᎴ ᏌᎺ-' in language ''
Encoding of string failed! Failure bytes: 34 20 e1 8f a5 e1 8f 8c e1 8f 83 20 e1 8e ac e1 8f a9 e1 8e b7 e1 8f a4 e1 8e b8 2c 20 e1 8e a4 e1 8f a3 e1 8f 98 20 e1 8e ac e1 8f a9 e1 8f 8d e1 8f 97
Can't encode transcription: '4 ᏥᏌᏃ ᎬᏩᎷᏤᎸ, ᎤᏣᏘ ᎬᏩᏍᏗ' in language ''
Empty truth string!
Can't encode transcription: '' in language ''
Encoding of string failed! Failure bytes: ea ae ad e1 8e a6 e1 8f 9b 20 e1 8e a8 e1 8f a5 e1 8e b8 e1 8f 89 e1 8f 97 20 e1 8f 97 e1 8f 82 e1 8e a7 2d
Can't encode transcription: 'ᏍᏕᏍᏗ, ᎠᎴ ᏂꮭᎦᏛ ᎨᏥᎸᏉᏗ ᏗᏂᎧ-' in language ''
Encoding of string failed! Failure bytes: e1 8e ba e1 8e b5 20 e1 8f a7 e1 8f 99 e1 8e a2 e1 8f 9b 2c 20 e1 8e be e1 8f 8d e1 8e a9
Can't encode transcription: '39 ᎤᎸᏃ ᎡᎮ ᎺᎵ ᏧᏙᎢᏛ, ᎾᏍᎩ' in language ''
Encoding of string failed! Failure bytes: 34 20 e1 8e a9 e1 8e b6 20 e1 8e a2 e1 8f a4 e1 8e b2 20 e1 8e a4 e1 8f 93 e1 8f 91 e1 8f b0 e1 8f 8d e1 8f 97 20 e1 8e a4 e1 8f a2 e1 8e a8 e1 8f 8d e1 8f 97 2c
Can't encode transcription: '14 ᎩᎶ ᎢᏤᎲ ᎤᏓᏑᏰᏍᏗ ᎤᏢᎨᏍᏗ,' in language ''
Encoding of string failed! Failure bytes: 34 20 e1 8e a1 e1 8e b6 e1 8f 9b e1 8f 83 20 e1 8e a4 e1 8e ac e1 8f ab e1 8f b3 e1 8e af 20 e1 8e a4 e1 8f 9b e1 8e a6 e1 8f 81 20 e1 8e be e1 8f 8d e1 8e a9
Can't encode transcription: '14 ᎡᎶᏛᏃ ᎤᎬᏫᏳᎯ ᎤᏛᎦᏁ ᎾᏍᎩ' in language ''
Encoding of string failed! Failure bytes: 34 20 e1 8f 95 e1 8e a6 e1 8f 84 e1 8e aa e1 8f a9 e1 8f 83 20 e1 8f a7 e1 8f a4 e1 8e b5 e1 8e a6 20 e1 8e a0 e1 8f ab 2c 20 e1 8e a2 e1 8e ac e1 8f b1 20 e1 8f 93 e1 8e b4 2d
Can't encode transcription: '4 ᏕᎦᏄᎪᏩᏃ ᏧᏤᎵᎦ ᎠᏫ, ᎢᎬᏱ ᏓᎴ-' in language ''
At iteration 3864/5900/6468, mean rms=1.311%, delta=3.858%, BCER train=14.081%, BWER train=27.315%, skip ratio=12.000%, New worst BCER = 14.081 wrote checkpoint.
Encoding of string failed! Failure bytes: 34 20 e1 8e a4 e1 8e a7 e1 8f 9b e1 8f 83 20 e1 8e a0 e1 8f 82 e1 8e aa e1 8f a9 e1 8f 98 e1 8f 8d e1 8e a8 e1 8f 8d e1 8f 97 3b 20 e1 8f 9a e1 8f 99 2d
Can't encode transcription: '4 ᎤᎧᏛᏃ ᎠᏂᎪᏩᏘᏍᎨᏍᏗ; ᏚᏙ-' in language ''
Encoding of string failed! Failure bytes: 34 20 e1 8f a5 e1 8f af e1 8e b5 e1 8e a1 e1 8e b5 e1 8f a4 e1 8e b0 20 e1 8e a0 e1 8f 86 e1 8f 81 e1 8e b3 e1 8f 85 e1 8e af 20 e1 8e ac e1 8f 81 e1 8e a2 2d
Can't encode transcription: '4 ᏥᏯᎵᎡᎵᏤᎰ ᎠᏆᏁᎳᏅᎯ ᎬᏁᎢ-' in language ''
Encoding of string failed! Failure bytes: 34 32 20 e1 8e be e1 8e bf e1 8e ad e1 8f 83 20 e1 8e a4 e1 8f 82 e1 8f a3 e1 8f 9b 20 e1 8e ac e1 8f ac e1 8e af e1 8f b3 e1 8f 85 e1 8e a9
Can't encode transcription: '42 ᎾᎿᎭᏃ ᎤᏂᏣᏛ ᎬᏬᎯᏳᏅᎩ' in language ''
Encoding of string failed! Failure bytes: 34 20 e1 8e a2 e1 8f a5 e1 8f b0 e1 8e a9 20 e1 8f 9a e1 8f b3 e1 8e aa e1 8f 9b 20 e1 8e a2 e1 8f a3 e1 8f 9b e1 8f 81 e1 8f 97 e1 8f b1 2c 20 e1 8e a0 e1 8e b4
Can't encode transcription: '34 ᎢᏥᏰᎩ ᏚᏳᎪᏛ ᎢᏣᏛᏁᏗᏱ, ᎠᎴ' in language ''
Encoding of string failed! Failure bytes: ea ad b2 2e 20 e1 8e a5 e1 8f 9d e1 8f 8d e1 8e a9 e1 8f 82 20 e1 8f 97 e1 8e a9 e1 8e b8 e1 8f ab e1 8f 8d e1 8f 93 e1 8f 81 e1 8f 97 20 e1 8f b1 e1 8e a9 2c 20 e1 8f 93 e1 8e a8 e1 8e aa e1 8f 8e e1 8e b8 2d
Can't encode transcription: 'ꭲ. ᎥᏝᏍᎩᏂ ᏗᎩᎸᏫᏍᏓᏁᏗ ᏱᎩ, ᏓᎨᎪᏎᎸ-' in language ''
At iteration 3923/6000/6573, mean rms=1.310%, delta=3.838%, BCER train=14.176%, BWER train=27.460%, skip ratio=10.900%, New worst BCER = 14.176 wrote checkpoint.
Finished! Selected model with minimal training error rate (BCER) = 13.326
