Loaded file training_data/staged_tuning/run_mixture_50_50_hard_output/chr_checkpoint, unpacking...
Successfully restored trainer from training_data/staged_tuning/run_mixture_50_50_hard_output/chr_checkpoint
Empty truth string!
Can't encode transcription: '' in language ''
Encoding of string failed! Failure bytes: 5b e1 8e a3 e1 8e a6 e1 8e b4 e1 8f 85 e1 8f 9b 20 e1 8e a0 e1 8f 8f 20 e1 8f 99 e1 8f a5 e1 8e b4 e1 8f b4 e1 8f 97 2e 5d
Can't encode transcription: '[ᎣᎦᎴᏅᏛ ᎠᏏ ᏙᏥᎴᏴᏗ.]' in language ''
Encoding of string failed! Failure bytes: 5b e1 8f 95 e1 8e aa e1 8f aa e1 8e b8 e1 8e a9 2c 5d
Can't encode transcription: 'ᏕᎦᎫᏍᏓᎥᏃ ᏔᎳᏚ ᏚᎾᏙᎥᎢ [ᏕᎪᏪᎸᎩ,]' in language ''
Encoding of string failed! Failure bytes: 34 2e 20 e1 8f 80 e1 8f 8d e1 8e a9 e1 8f 83 20 e1 8e af e1 8e a0 20 e1 8f a3 e1 8f 82 20 e1 8e a4 e1 8f 85 e1 8f a9 e1 8e a1 20 e1 8f 90 e1 8f 88 e1 8e b5 20 e1 8e a6 e1 8f 90 e1 8f 86 e1 8f 97 20 e1 8e a4 2d
Can't encode transcription: '4. ᏀᏍᎩᏃ ᎯᎠ ᏣᏂ ᎤᏅᏩᎡ ᏐᏈᎵ ᎦᏐᏆᏗ Ꭴ-' in language ''
Encoding of string failed! Failure bytes: ea ae b7 e1 8f 82 e1 8f 8d e1 8e a6 e1 8f b0 e1 8e ac e1 8f 8d e1 8f 93 20 e1 8e a0 e1 8e be e1 8f 97 e1 8f 8d e1 8e a8 e1 8f 8d e1 8f 97 2d 20 e1 8e be e1 8f 89 e1 8f 8d e1 8e a9 e1 8f 82
Can't encode transcription: 'ᏱᎪᎬᎦ ꮷᏂᏍᎦᏰᎬᏍᏓ ᎠᎾᏗᏍᎨᏍᏗ- ᎾᏉᏍᎩᏂ' in language ''
Encoding of string failed! Failure bytes: 3f
Can't encode transcription: '3 ᎯᎠᏃ ᏂᏚᎾᏓᏪᏎᎴᎢ, ᎦᎪ ᏓᎩᎲᎡᎵ ᏅᏯ ᎠᏤᎵᏍᏛ ᎦᎶᎯᏍᏗᏱ ᎠᎲᎢ?' in language ''
Encoding of string failed! Failure bytes: ea ae 91 e1 8e a8 e1 8f 92 20 e1 8f 85 e1 8f 97 e1 8e a6 e1 8e b5 e1 8f 8d e1 8f 99 e1 8f 97 e1 8e ad 3b 20 e1 8f a6 e1 8f a5 e1 8f a9 e1 8e be 2d
Can't encode transcription: 'ᏁᏛ ꮑᎨᏒ ᏅᏗᎦᎵᏍᏙᏗᎭ; ᏦᏥᏩᎾ-' in language ''
Encoding of string failed! Failure bytes: 22
Can't encode transcription: 'ᏥᏍᏕᎸᏗ ᎨᏎᏍᏗ."' in language ''
Encoding of string failed! Failure bytes: 3f
Can't encode transcription: 'ᎤᎵᏍᏓᏴᏗ?' in language ''
Encoding of string failed! Failure bytes: e1 8f b6 e1 8f a7 e1 8f b4 e1 8e a1 e1 8e ae e1 8f 8d e1 8f 97 20 e1 8f 82 e1 8e aa e1 8e af e1 8e b8 e1 8f 89 20 e1 8e a0 e1 8f b0 e1 8e b5 20 e1 8f 93 e1 8f 82 e1 8e b3 e1 8f ab e1 8e a5 2e 20 e1 8e a0 e1 8f b0 e1 8e b5 2d
Can't encode transcription: 'Ꭰ᏶ᏧᏴᎡᎮᏍᏗ ᏂᎪᎯᎸᏉ ᎠᏰᎵ ᏓᏂᎳᏫᎥ. ᎠᏰᎵ-' in language ''
Encoding of string failed! Failure bytes: 34 20 e1 8e a0 e1 8e b4 20 e1 8e be e1 8f 8d e1 8e a9 20 e1 8e a2 e1 8f a4 20 e1 8f b4 e1 8f ab 20 e1 8e a2 e1 8f a3 e1 8f 84 e1 8f ac e1 8f 8d e1 8f 97 e1 8f b1 2c
Can't encode transcription: '24 ᎠᎴ ᎾᏍᎩ ᎢᏤ ᏴᏫ ᎢᏣᏄᏬᏍᏗᏱ,' in language ''
Encoding of string failed! Failure bytes: 34 2e 20 e1 8f 80 e1 8f 8d e1 8e a9 e1 8f 83 20 e1 8e af e1 8e a0 20 e1 8f a3 e1 8f 82 20 e1 8e a4 e1 8f 85 e1 8f a9 e1 8e a1 20 e1 8f 90 e1 8f 88 e1 8e b5 20 e1 8e a6 e1 8f 90 e1 8f 86 e1 8f 97 20 e1 8e a4 2d
Can't encode transcription: '4. ᏀᏍᎩᏃ ᎯᎠ ᏣᏂ ᎤᏅᏩᎡ ᏐᏈᎵ ᎦᏐᏆᏗ Ꭴ-' in language ''
2 Percent improvement time=1223, best error was 16.59 @ 1800
At iteration 3023/4500/4909, mean rms=1.372%, delta=3.996%, BCER train=13.901%, BWER train=27.718%, skip ratio=9.100%, New best BCER = 13.901 wrote best model:training_data/staged_tuning/run_mixture_50_50_hard_output/chr_13.901_3023_4500.checkpoint wrote checkpoint.
Encoding of string failed! Failure bytes: ea ae 84 e1 8f 82 e1 8e aa e1 8f 97 2e
Can't encode transcription: 'ᎸᏛᎢ ᎠᎴ ᎤᏍᏆꮄᏂᎪᏗ.' in language ''
Encoding of string failed! Failure bytes: e1 8e bc e1 8f 82 20 e1 8e a4 e1 8f 95 e1 8f 81 e1 8e b4 e1 8e a2 3b 20 e1 8e a0 e1 8e bc e1 8f 82 e1 8f 83 20 e1 8f a6 e1 8f 8c e1 8f af
Can't encode transcription: 'ᏏᏃ ᎠᎼᏂ ᎤᏕᏁᎴᎢ; ᎠᎼᏂᏃ ᏦᏌᏯ' in language ''
Encoding of string failed! Failure bytes: 3f 20 e1 8e a0 e1 8f 99 e1 8e b4 e1 8e b0 e1 8f 8d e1 8e a9 e1 8e a8 3f 20 e1 8e a5 e1 8e a5 20 e1 8f 82 2d
Can't encode transcription: '9. ᎦᏙᎩ ᎢᏣᎦᏔᏅᏎᎢ? ᎠᏙᎴᎰᏍᎩᎨ? ᎥᎥ Ꮒ-' in language ''
Encoding of string failed! Failure bytes: e1 8f 8b e1 8f 81 e1 8e b8 e1 8e a2 2e
Can't encode transcription: 'ᎯᎠ ᎬᏂᎨᏒ ᏂᏍᏋᏁᎸᎢ.' in language ''
Encoding of string failed! Failure bytes: 34 20 e1 8f 85 e1 8f 93 e1 8f 95 e1 8f 86 2c 20 31 38 32 35 2e
Can't encode transcription: 'ᎢᏦᏗ, 14 ᏅᏓᏕᏆ, 1825.' in language ''
Encoding of string failed! Failure bytes: 49 49 49 2e
Can't encode transcription: 'ᎹᏚ. ᎠᏯᏙᎸᎢ III.' in language ''
Encoding of string failed! Failure bytes: 34 35 20 e1 8e bf e1 8e ad e1 8f 89 e1 8f 83 20 e1 8e a2 e1 8e a1 e1 8e aa e1 8e a2 20 e1 8f ab e1 8f 93 e1 8f af e1 8f 82 e1 8f 8d e1 8e aa 20 e1 8e a4 e1 8f a9 2d
Can't encode transcription: '45 ᎿᎭᏉᏃ ᎢᎡᎪᎢ ᏫᏓᏯᏂᏍᎪ ᎤᏩ-' in language ''
Encoding of string failed! Failure bytes: 3f 20 e1 8e a0 e1 8f 99 e1 8e b4 e1 8e b0 e1 8f 8d e1 8e a9 e1 8e a8 3f 20 e1 8e a5 e1 8e a5 20 e1 8f 82 2d
Can't encode transcription: '9. ᎦᏙᎩ ᎢᏣᎦᏔᏅᏎᎢ? ᎠᏙᎴᎰᏍᎩᎨ? ᎥᎥ Ꮒ-' in language ''
Encoding of string failed! Failure bytes: 34 20 e1 8f 9a e1 8f 82 e1 8f 83 e1 8f 97 2c 20 31 38 32 35 2e
Can't encode transcription: 'ᎢᏤ ᎦᏚᎲ, 14 ᏚᏂᏃᏗ, 1825.' in language ''
Encoding of string failed! Failure bytes: 34 2e 20 e1 8f 9d e1 8e a9 e1 8f b3 20 e1 8e a4 e1 8f 9b e1 8f 83 e1 8e af 20 e1 8f 95 e1 8e a6 e1 8e b3 e1 8f ab e1 8e a5 20 e1 8e ac e1 8f a9 e1 8f 96 e1 8e b3 e1 8f 97 e1 8f 8d e1 8f 97 e1 8e a2 2c
Can't encode transcription: '4. ᏝᎩᏳ ᎤᏛᏃᎯ ᏕᎦᎳᏫᎥ ᎬᏩᏖᎳᏗᏍᏗᎢ,' in language ''
Encoding of string failed! Failure bytes: 34 20 e1 8f 9a e1 8f 82 e1 8f 83 e1 8f 97 2c 20 31 38 32 35 2e
Can't encode transcription: 'ᎢᏤ ᎦᏚᎲ, 14 ᏚᏂᏃᏗ, 1825.' in language ''
Encoding of string failed! Failure bytes: e1 8e ba e1 8f 8f e1 8f b1 20 e1 8f ad e1 8e b6 3b
Can't encode transcription: 'ᏕᎵᎺᏏᏱ ᏭᎶ;' in language ''
Encoding of string failed! Failure bytes: ea ae b4 e1 8f 81 e1 8e b0 e1 8e a2 2e
Can't encode transcription: 'ꮴᏁᎰᎢ.' in language ''
Encoding of string failed! Failure bytes: e1 8f 8b e1 8f 97 e1 8f b1 20 e1 8e a2 e1 8f a4 2d
Can't encode transcription: 'ᏫᏨᏲᏪᎳᏏ ᎢᏣᏗᎦᎴᏲᏨᎯ ᏋᏗᏱ ᎢᏤ-' in language ''
2 Percent improvement time=1042, best error was 15.824 @ 2046
At iteration 3088/4600/5023, mean rms=1.361%, delta=3.932%, BCER train=13.692%, BWER train=27.829%, skip ratio=9.800%, New best BCER = 13.692 wrote checkpoint.
Finished! Selected model with minimal training error rate (BCER) = 13.692
