Loaded file training_data/staged_tuning/run_mixture_50_50_hard_output/chr_checkpoint, unpacking...
Successfully restored trainer from training_data/staged_tuning/run_mixture_50_50_hard_output/chr_checkpoint
Encoding of string failed! Failure bytes: ea ae a8 e1 8f 97 e1 8f 92 20 e1 8e ac e1 8f a9 e1 8f 82 e1 8f 85 e1 8f 8f e1 8f 9b
Can't encode transcription: 'ᏧᎾᏁᎶᏗ ᏚᎾᏓᏡꮨᏗᏒ ᎬᏩᏂᏅᏏᏛ' in language ''
Empty truth string!
Can't encode transcription: '' in language ''
Encoding of string failed! Failure bytes: ea ad bb e1 8f 93 e1 8f 99 e1 8f aa e1 8f 99 e1 8e a5 e1 8f 8d e1 8f 97 20 e1 8e a8 e1 8f 92 e1 8e a2 2e 20 e1 8f 85 e1 8f a9 e1 8f 99 e1 8e af 2d
Can't encode transcription: 'ᏳᏗ ꭻᏓᏙᏪᏙᎥᏍᏗ ᎨᏒᎢ. ᏅᏩᏙᎯ-' in language ''
Encoding of string failed! Failure bytes: 56 2e
Can't encode transcription: 'ᎹᏚ. ᎠᏯᏙᎸᎢ V.' in language ''
Encoding of string failed! Failure bytes: 34 33 20 e1 8e a6 e1 8f 99 e1 8f 83 20 e1 8f 93 e1 8e a6 e1 8e b5 e1 8f 8d e1 8f 99 e1 8f 93 20 e1 8e a0 e1 8f b4 20 e1 8e be e1 8f 8d e1 8e a9 20 e1 8f a5 e1 8e be 2d
Can't encode transcription: '43 ᎦᏙᏃ ᏓᎦᎵᏍᏙᏓ ᎠᏴ ᎾᏍᎩ ᏥᎾ-' in language ''
Encoding of string failed! Failure bytes: 34 20 e1 8e be e1 8f 8d e1 8e a9 20 e1 8e a8 e1 8f 93 e1 8f 9a e1 8f 93 e1 8e b3 e1 8e a1 e1 8e b8 e1 8e af 20 e1 8e a8 e1 8f 92 20 e1 8e a8 e1 8e a9 2d
Can't encode transcription: '74 ᎾᏍᎩ ᎨᏓᏚᏓᎳᎡᎸᎯ ᎨᏒ ᎨᎩ-' in language ''
Encoding of string failed! Failure bytes: e1 8e ba e1 8f 85 2e
Can't encode transcription: 'ᏍᏙᏗᏍᎨᏍᏗ. ᎰᏩᏉ. ᎡᎺᏅ.' in language ''
Encoding of string failed! Failure bytes: 3f
Can't encode transcription: 'ᏉᏎᎰ ᏴᏫ?' in language ''
Encoding of string failed! Failure bytes: 5b e1 8e a0 e1 8f 93 e1 8f 85 e1 8f 99 e1 8f 83 5d 20 e1 8e a4 e1 8f aa e1 8e b7 e1 8f 85 2c 20 e1 8e a0 e1 8e b4 20 e1 8e a4 e1 8f a3 e1 8f 98
Can't encode transcription: '26 [ᎠᏓᏅᏙᏃ] ᎤᏪᎷᏅ, ᎠᎴ ᎤᏣᏘ' in language ''
Encoding of string failed! Failure bytes: 34 20 e1 8e be e1 8f 8d e1 8e a9 20 e1 8e a0 e1 8f b4 2c 20 e1 8e a2 e1 8e a9 e1 8f af e1 8f 85 e1 8f 9b 20 e1 8f a5 e1 8e a9 2c 20 e1 8e a5 e1 8f 9d
Can't encode transcription: '24 ᎾᏍᎩ ᎠᏴ, ᎢᎩᏯᏅᏛ ᏥᎩ, ᎥᏝ' in language ''
Encoding of string failed! Failure bytes: 34 33 20 e1 8e a4 e1 8f 82 e1 8f 8d e1 8f 86 e1 8f ba e1 8f 9b e1 8f 83 20 e1 8e a2 e1 8e aa e1 8e af e1 8f 9b 20 e1 8f 9a e1 8e b5 e1 8f 92 e1 8f 8d e1 8f 9b e1 8e a2 2c
Can't encode transcription: '43 ᎤᏂᏍᏆᏺᏛᏃ ᎢᎪᎯᏛ ᏚᎵᏒᏍᏛᎢ,' in language ''
At iteration 4094/6300/6908, mean rms=1.301%, delta=3.772%, BCER train=13.980%, BWER train=26.858%, skip ratio=10.700%, New worst BCER = 13.980 wrote checkpoint.
Empty truth string!
Can't encode transcription: '' in language ''
Empty truth string!
Can't encode transcription: '' in language ''
Encoding of string failed! Failure bytes: 34 2e 20 e1 8f 80 e1 8f 8d e1 8e a9 e1 8f 83 20 e1 8e af e1 8e a0 20 e1 8f a3 e1 8f 82 20 e1 8e a4 e1 8f 85 e1 8f a9 e1 8e a1 20 e1 8f 90 e1 8f 88 e1 8e b5 20 e1 8e a6 e1 8f 90 e1 8f 86 e1 8f 97 20 e1 8e a4 2d
Can't encode transcription: '4. ᏀᏍᎩᏃ ᎯᎠ ᏣᏂ ᎤᏅᏩᎡ ᏐᏈᎵ ᎦᏐᏆᏗ Ꭴ-' in language ''
Encoding of string failed! Failure bytes: 34 ea ad bd 20 e1 8e a0 e1 8f 8e e1 8f 83 20 e1 8f a3 e1 8f 82 20 e1 8f 9a e1 8e b5 e1 8f ab e1 8f 8e e1 8e b4 e1 8f 89 2c 20 e1 8e a0 e1 8f b4 e1 8f 8d e1 8e a9 e1 8f 82 20 e1 8f b1 e1 8f 8d e1 8f 86 2d
Can't encode transcription: '14ꭽ ᎠᏎᏃ ᏣᏂ ᏚᎵᏫᏎᎴᏉ, ᎠᏴᏍᎩᏂ ᏱᏍᏆ-' in language ''
Encoding of string failed! Failure bytes: 34 38 20 e1 8e af e1 8e a0 e1 8f 83 20 e1 8f 84 e1 8f aa e1 8f 8e e1 8e b4 20 e1 8e a0 e1 8e a8 e1 8f b4 3b 20 e1 8f a3 e1 8f 8d e1 8e a6 e1 8f 85 e1 8f a8
Can't encode transcription: '48 ᎯᎠᏃ ᏄᏪᏎᎴ ᎠᎨᏴ; ᏣᏍᎦᏅᏨ' in language ''
Encoding of string failed! Failure bytes: 34 2e 20 e1 8e a0 e1 8f 8e e1 8f 83 20 e1 8f a3 e1 8f 82 20 e1 8f 9a e1 8e b5 e1 8f ab e1 8f 8e e1 8e b4 e1 8f 89 2c 20 e1 8e a0 e1 8f b4 e1 8f 8d e1 8e a9 e1 8f 82 20 e1 8f b1 e1 8f 8d e1 8f 86 2d
Can't encode transcription: '14. ᎠᏎᏃ ᏣᏂ ᏚᎵᏫᏎᎴᏉ, ᎠᏴᏍᎩᏂ ᏱᏍᏆ-' in language ''
Encoding of string failed! Failure bytes: 34 20 e1 8f a7 e1 8f 82 e1 8f a6 e1 8f af e1 8f 8d e1 8f 97 20 e1 8e a4 e1 8f 97 e1 8f 94 e1 8f 8d e1 8f 97 20 e1 8e a0 e1 8f 93 e1 8e a6 20 e1 8e a0 2d
Can't encode transcription: '34 ᏧᏂᏦᏯᏍᏗ ᎤᏗᏔᏍᏗ ᎠᏓᎦ Ꭰ-' in language ''
At iteration 4152/6400/7015, mean rms=1.298%, delta=3.756%, BCER train=13.994%, BWER train=26.865%, skip ratio=10.100%, New worst BCER = 13.994 wrote checkpoint.
Finished! Selected model with minimal training error rate (BCER) = 13.326
