Loaded file training_data/staged_tuning/run_mixture_90_10_output/chr_checkpoint, unpacking...
Successfully restored trainer from training_data/staged_tuning/run_mixture_90_10_output/chr_checkpoint
Encoding of string failed! Failure bytes: 34 2e 20 e1 8f 9d e1 8e a9 e1 8f b3 20 e1 8e a4 e1 8f 9b e1 8f 83 e1 8e af 20 e1 8f 95 e1 8e a6 e1 8e b3 e1 8f ab e1 8e a5 20 e1 8e ac e1 8f a9 e1 8f 96 e1 8e b3 e1 8f 97 e1 8f 8d e1 8f 97 e1 8e a2 2c
Can't encode transcription: '4. ᏝᎩᏳ ᎤᏛᏃᎯ ᏕᎦᎳᏫᎥ ᎬᏩᏖᎳᏗᏍᏗᎢ,' in language ''
Encoding of string failed! Failure bytes: 34 2e 20 e1 8f 9d e1 8e a9 e1 8f b3 20 e1 8e a4 e1 8f 9b e1 8f 83 e1 8e af 20 e1 8f 95 e1 8e a6 e1 8e b3 e1 8f ab e1 8e a5 20 e1 8e ac e1 8f a9 e1 8f 96 e1 8e b3 e1 8f 97 e1 8f 8d e1 8f 97 e1 8e a2 2c
Can't encode transcription: '4. ᏝᎩᏳ ᎤᏛᏃᎯ ᏕᎦᎳᏫᎥ ᎬᏩᏖᎳᏗᏍᏗᎢ,' in language ''
Encoding of string failed! Failure bytes: ea ae 87 e1 8f 8d e1 8e ac e1 8e a9 20 e1 8e af e1 8e a0 20 e1 8f a5 e1 8f 84 e1 8f 8d e1 8f 97 20 e1 8f a3 e1 8f 82 e1 8f b0 e1 8e a2 e1 8e b5 e1 8f 99 e1 8e ad 2c 20 e1 8e b0 2d
Can't encode transcription: 'ᏥᏰꮇᏍᎬᎩ ᎯᎠ ᏥᏄᏍᏗ ᏣᏂᏰᎢᎵᏙᎭ, Ꮀ-' in language ''
Encoding of string failed! Failure bytes: ea ae 9c e1 8f 92 3b 20 e1 8f 86 e1 8f 85 e1 8f 83
Can't encode transcription: 'ᏄᎬᏫᏳᏒᏃ ᏗᏓᏂᏀᏍᎩ ᎠᎦᎫᏴᎡᏗᏱ ꮜᏒ; ᏆᏅᏃ' in language ''
Encoding of string failed! Failure bytes: 34 20 e1 8f 85 e1 8f 93 e1 8f 95 e1 8f 86 2c 20 31 38 32 35 2e
Can't encode transcription: 'ᎢᏦᏗ, 14 ᏅᏓᏕᏆ, 1825.' in language ''
Encoding of string failed! Failure bytes: ea ae b5 e1 8f 97
Can't encode transcription: 'ᏗᎧᎾᏩᏛᏍꮵᏗ' in language ''
Empty truth string!
Can't encode transcription: '' in language ''
Encoding of string failed! Failure bytes: 34 20 e1 8e a4 e1 8f 81 e1 8f a8 e1 8f 83 20 e1 8e af e1 8e a0 20 e1 8f 84 e1 8f aa e1 8f 92 e1 8f 84 e1 8e a9 3b 20 e1 8e a5 e1 8f 9d 20 e1 8e a9 e1 8e b6
Can't encode transcription: '24 ᎤᏁᏨᏃ ᎯᎠ ᏄᏪᏒᏄᎩ; ᎥᏝ ᎩᎶ' in language ''
2 Percent improvement time=170, best error was 34.058 @ 844
At iteration 1014/1100/1183, mean rms=2.378%, delta=9.064%, BCER train=31.773%, BWER train=56.292%, skip ratio=7.800%, New best BCER = 31.773 wrote best model:training_data/staged_tuning/run_mixture_90_10_output/chr_31.773_1014_1100.checkpoint wrote checkpoint.
Encoding of string failed! Failure bytes: 3f 20 e1 8e a0 e1 8f 99 e1 8e b4 e1 8e b0 e1 8f 8d e1 8e a9 e1 8e a8 3f 20 e1 8e a5 e1 8e a5 20 e1 8f 82 2d
Can't encode transcription: '9. ᎦᏙᎩ ᎢᏣᎦᏔᏅᏎᎢ? ᎠᏙᎴᎰᏍᎩᎨ? ᎥᎥ Ꮒ-' in language ''
Encoding of string failed! Failure bytes: 5b e1 8e a3 e1 8e a6 e1 8e b4 e1 8f 85 e1 8f 9b 20 e1 8e a0 e1 8f 8f 20 e1 8f 99 e1 8f a5 e1 8e b4 e1 8f b4 e1 8f 97 2e 5d
Can't encode transcription: '[ᎣᎦᎴᏅᏛ ᎠᏏ ᏙᏥᎴᏴᏗ.]' in language ''
Encoding of string failed! Failure bytes: ea ad b5 e1 8e a2 e1 8f 81 20 e1 8e a0 e1 8f b0 e1 8e b5 20 e1 8e a4 e1 8e be e1 8e ab e1 8f b4 e1 8f 97
Can't encode transcription: 'ᏴᏫᏁᎬ ᏗᏂᏬᏂᏗᏍᎩ ᏦꭵᎢᏁ ᎠᏰᎵ ᎤᎾᎫᏴᏗ' in language ''
Encoding of string failed! Failure bytes: 34 2e 20 e1 8f a5 e1 8f 8c e1 8f 83 20 e1 8e a4 e1 8f 81 e1 8f a8 20 e1 8e af e1 8e a0 20 e1 8f 82 e1 8f 9a e1 8f aa e1 8f 8e e1 8e b8 e1 8e a9 3b 20 e1 8f a5 e1 8f 8d e1 8f 95 e1 8e be 20 e1 8f a3
Can't encode transcription: '4. ᏥᏌᏃ ᎤᏁᏨ ᎯᎠ ᏂᏚᏪᏎᎸᎩ; ᏥᏍᏕᎾ Ꮳ' in language ''
Encoding of string failed! Failure bytes: 5b e1 8e a3 e1 8e a6 e1 8e b4 e1 8f 85 e1 8f 9b 20 e1 8e a0 e1 8f 8f 20 e1 8f 99 e1 8f a5 e1 8e b4 e1 8f b4 e1 8f 97 2e 5d
Can't encode transcription: '[ᎣᎦᎴᏅᏛ ᎠᏏ ᏙᏥᎴᏴᏗ.]' in language ''
Encoding of string failed! Failure bytes: ea ad b8 20 20 e1 8f 80 e1 8f 8d e1 8e a9 20 e1 8f 9d
Can't encode transcription: 'ᏍᏗ, ᎢᎸᏍᎩᏃ ᏙᎣᏍᏗᏃᎯᏯ ᎠᏗꭸ  ᏀᏍᎩ Ꮭ' in language ''
Encoding of string failed! Failure bytes: 34 20 e1 8e a2 e1 8f a8 e1 8f b2 e1 8f 8e e1 8f b0 e1 8f 83 20 e1 8e a4 e1 8f 82 e1 8f a3 e1 8f 9b e1 8e a9 20 e1 8e a0 e1 8e be e1 8f 99 e1 8e b4 e1 8e b0 2d
Can't encode transcription: '24 ᎢᏨᏲᏎᏰᏃ ᎤᏂᏣᏛᎩ ᎠᎾᏙᎴᎰ-' in language ''
Empty truth string!
Can't encode transcription: '' in language ''
2 Percent improvement time=172, best error was 33.581 @ 929
At iteration 1101/1200/1291, mean rms=2.316%, delta=8.682%, BCER train=30.835%, BWER train=54.606%, skip ratio=8.000%, New best BCER = 30.835 wrote checkpoint.
Finished! Selected model with minimal training error rate (BCER) = 30.835
