Loaded file training_data/staged_tuning/run_mixture_90_10_output/chr_checkpoint, unpacking...
Successfully restored trainer from training_data/staged_tuning/run_mixture_90_10_output/chr_checkpoint
Encoding of string failed! Failure bytes: 34 2e 20 e1 8f 80 e1 8f 8d e1 8e a9 e1 8f 83 20 e1 8e af e1 8e a0 20 e1 8f a3 e1 8f 82 20 e1 8e a4 e1 8f 85 e1 8f a9 e1 8e a1 20 e1 8f 90 e1 8f 88 e1 8e b5 20 e1 8e a6 e1 8f 90 e1 8f 86 e1 8f 97 20 e1 8e a4 2d
Can't encode transcription: '4. ᏀᏍᎩᏃ ᎯᎠ ᏣᏂ ᎤᏅᏩᎡ ᏐᏈᎵ ᎦᏐᏆᏗ Ꭴ-' in language ''
Encoding of string failed! Failure bytes: 3f 20 e1 8e a0 e1 8f 99 e1 8e b4 e1 8e b0 e1 8f 8d e1 8e a9 e1 8e a8 3f 20 e1 8e a5 e1 8e a5 20 e1 8f 82 2d
Can't encode transcription: '9. ᎦᏙᎩ ᎢᏣᎦᏔᏅᏎᎢ? ᎠᏙᎴᎰᏍᎩᎨ? ᎥᎥ Ꮒ-' in language ''
Encoding of string failed! Failure bytes: 5b e1 8e a3 e1 8e a6 e1 8e b4 e1 8f 85 e1 8f 9b 20 e1 8e a0 e1 8f 8f 20 e1 8f 99 e1 8f a5 e1 8e b4 e1 8f b4 e1 8f 97 2e 5d
Can't encode transcription: '[ᎣᎦᎴᏅᏛ ᎠᏏ ᏙᏥᎴᏴᏗ.]' in language ''
Encoding of string failed! Failure bytes: 34 20 e1 8f 85 e1 8f 93 e1 8f 95 e1 8f 86 2c 20 31 38 32 35 2e
Can't encode transcription: 'ᎢᏦᏗ, 14 ᏅᏓᏕᏆ, 1825.' in language ''
Empty truth string!
Can't encode transcription: '' in language ''
Encoding of string failed! Failure bytes: 34 2e 20 e1 8f 9d e1 8e a9 e1 8f b3 20 e1 8e a4 e1 8f 9b e1 8f 83 e1 8e af 20 e1 8f 95 e1 8e a6 e1 8e b3 e1 8f ab e1 8e a5 20 e1 8e ac e1 8f a9 e1 8f 96 e1 8e b3 e1 8f 97 e1 8f 8d e1 8f 97 e1 8e a2 2c
Can't encode transcription: '4. ᏝᎩᏳ ᎤᏛᏃᎯ ᏕᎦᎳᏫᎥ ᎬᏩᏖᎳᏗᏍᏗᎢ,' in language ''
Encoding of string failed! Failure bytes: 34 2e 20 e1 8f 9d e1 8e a9 e1 8f b3 20 e1 8e a4 e1 8f 9b e1 8f 83 e1 8e af 20 e1 8f 95 e1 8e a6 e1 8e b3 e1 8f ab e1 8e a5 20 e1 8e ac e1 8f a9 e1 8f 96 e1 8e b3 e1 8f 97 e1 8f 8d e1 8f 97 e1 8e a2 2c
Can't encode transcription: '4. ᏝᎩᏳ ᎤᏛᏃᎯ ᏕᎦᎳᏫᎥ ᎬᏩᏖᎳᏗᏍᏗᎢ,' in language ''
Encoding of string failed! Failure bytes: ea ae ac 20 e1 8f 95 e1 8e a8 2d
Can't encode transcription: 'ᏳᏍᎩᏂᏃ ᎢᎠᎾᏓᎵᎡᎮᏍᏗᏉ ᏀᏍᎩ Ꮐꮬ ᏕᎨ-' in language ''
2 Percent improvement time=275, best error was 36.19 @ 569
At iteration 844/900/966, mean rms=2.517%, delta=10.066%, BCER train=34.058%, BWER train=59.286%, skip ratio=7.333%, New best BCER = 34.058 wrote best model:training_data/staged_tuning/run_mixture_90_10_output/chr_34.058_844_900.checkpoint wrote checkpoint.
Encoding of string failed! Failure bytes: ea ae 9f 2c 20 e1 8f 93 e1 8e a8 e1 8e aa e1 8f 8e e1 8e b8 2d
Can't encode transcription: 'Ꮙ. ᎥᏝᏍᎩᏂ ᏗᎩᎸᏫᏍᏓᏁᏗ ᏱᎩꮟ, ᏓᎨᎪᏎᎸ-' in language ''
Empty truth string!
Can't encode transcription: '' in language ''
Encoding of string failed! Failure bytes: e1 8f bc 2c 20 e1 8e a0 e1 8f b0 e1 8e b5 20 e1 8f a3 e1 8e b3 e1 8e a9 20 e1 8f 97 e1 8e a9 2d
Can't encode transcription: 'ᎡᎯ ᎡᏫᏃ ᏂᏄᎬᏯᏍᎩ ᎤᏪᏼ, ᎠᏰᎵ ᏣᎳᎩ ᏗᎩ-' in language ''
Encoding of string failed! Failure bytes: 34 2e 20 e1 8e a0 e1 8f 8e e1 8f 83 20 e1 8f a3 e1 8f 82 20 e1 8f 9a e1 8e b5 e1 8f ab e1 8f 8e e1 8e b4 e1 8f 89 2c 20 e1 8e a0 e1 8f b4 e1 8f 8d e1 8e a9 e1 8f 82 20 e1 8f b1 e1 8f 8d e1 8f 86 2d
Can't encode transcription: '14. ᎠᏎᏃ ᏣᏂ ᏚᎵᏫᏎᎴᏉ, ᎠᏴᏍᎩᏂ ᏱᏍᏆ-' in language ''
Encoding of string failed! Failure bytes: 34 2e 20 e1 8e a0 e1 8f 8e e1 8f 83 20 e1 8f a3 e1 8f 82 20 e1 8f 9a e1 8e b5 e1 8f ab e1 8f 8e e1 8e b4 e1 8f 89 2c 20 e1 8e a0 e1 8f b4 e1 8f 8d e1 8e a9 e1 8f 82 20 e1 8f b1 e1 8f 8d e1 8f 86 2d
Can't encode transcription: '14. ᎠᏎᏃ ᏣᏂ ᏚᎵᏫᏎᎴᏉ, ᎠᏴᏍᎩᏂ ᏱᏍᏆ-' in language ''
Encoding of string failed! Failure bytes: ea ad b8 e1 8f 9b 20 e1 8e a0 e1 8e b4 20 e1 8f 80 e1 8f 8d e1 8e a9 20 e1 8f a7 e1 8e ac e1 8f a9 e1 8e b6 e1 8f 97 e1 8e af 20 e1 8e a2 e1 8e a6 e1 8e a2
Can't encode transcription: 'ᏀᏍᎩ ᎠᏥᏃᏍᎩꭸᏛ ᎠᎴ ᏀᏍᎩ ᏧᎬᏩᎶᏗᎯ ᎢᎦᎢ' in language ''
Empty truth string!
Can't encode transcription: '' in language ''
Encoding of string failed! Failure bytes: 5b e1 8e a3 e1 8e a6 e1 8e b4 e1 8f 85 e1 8f 9b 20 e1 8e a0 e1 8f 8f 20 e1 8f 99 e1 8f a5 e1 8e b4 e1 8f b4 e1 8f 97 2e 5d
Can't encode transcription: '[ᎣᎦᎴᏅᏛ ᎠᏏ ᏙᏥᎴᏴᏗ.]' in language ''
Encoding of string failed! Failure bytes: ea ae 9c 20 e1 8f b1 e1 8f ab e1 8f 99 e1 8f a5 e1 8e a6 e1 8f 94 e1 8f 81 e1 8f 8d e1 8f 97 20 e1 8f 95 e1 8f a3 e1 8e b3 e1 8f 8d e1 8e ac e1 8e a2 2e 20 e1 8f a3 e1 8e be 2d
Can't encode transcription: 'ᏙᏉ ᏭᏕᎵꮜ ᏱᏫᏙᏥᎦᏔᏁᏍᏗ ᏕᏣᎳᏍᎬᎢ. ᏣᎾ-' in language ''
2 Percent improvement time=268, best error was 35.81 @ 661
At iteration 929/1000/1075, mean rms=2.482%, delta=9.851%, BCER train=33.581%, BWER train=58.438%, skip ratio=7.500%, New best BCER = 33.581 wrote checkpoint.
Finished! Selected model with minimal training error rate (BCER) = 33.581
