Loaded file training_data/staged_tuning/run_mixture_90_10_output/chr_checkpoint, unpacking...
Successfully restored trainer from training_data/staged_tuning/run_mixture_90_10_output/chr_checkpoint
Encoding of string failed! Failure bytes: 34 20 e1 8e a2 e1 8f a3 e1 8f 93 e1 8f 9f e1 8f 8c e1 8e ae e1 8f 8d e1 8f 97 2c 20 e1 8e a0 e1 8f 86 e1 8f 93 e1 8f 85 e1 8f 99 e1 8f 83 20 e1 8e a0 e1 8e a6 e1 8f 94 2d
Can't encode transcription: '4 ᎢᏣᏓᏟᏌᎮᏍᏗ, ᎠᏆᏓᏅᏙᏃ ᎠᎦᏔ-' in language ''
Encoding of string failed! Failure bytes: 56 2e
Can't encode transcription: 'ᎹᏚ. ᎠᏯᏙᎸᎢ V.' in language ''
Encoding of string failed! Failure bytes: ea ae 9e e1 8e a0 e1 8f a5 e1 8f 85 e1 8f 8d e1 8f 97 2e
Can't encode transcription: 'ꮞᎠᏥᏅᏍᏗ.' in language ''
Encoding of string failed! Failure bytes: 34 20 e1 8f 85 e1 8f 93 e1 8f 95 e1 8f 86 2c 20 31 38 32 35 2e
Can't encode transcription: 'ᎢᏦᏗ, 14 ᏅᏓᏕᏆ, 1825.' in language ''
Encoding of string failed! Failure bytes: ea ad b6 e1 8f 93 e1 8e af 2c
Can't encode transcription: 'ᎣᏏᏳ ᎣᏍᏗᏰᎸᎾ, ᏅᏃᎭꭶᏓᎯ,' in language ''
Encoding of string failed! Failure bytes: 34 20 e1 8f 9a e1 8f 82 e1 8f 83 e1 8f 97 2c 20 31 38 32 35 2e
Can't encode transcription: 'ᎢᏤ ᎦᏚᎲ, 14 ᏚᏂᏃᏗ, 1825.' in language ''
Encoding of string failed! Failure bytes: ea ae 9c 20 e1 8e a0 e1 8f 95 e1 8e b8 20 e1 8e a0 e1 8f 82 e1 8e a9 e1 8f 8f e1 8f 99 e1 8e af 20 e1 8e a0 e1 8f 81 e1 8f 99 e1 8e b2
Can't encode transcription: 'ᎠᎴ ᎯᎠ ᎣᏥᏁᎩꮜ ᎠᏕᎸ ᎠᏂᎩᏏᏙᎯ ᎠᏁᏙᎲ' in language ''
Encoding of string failed! Failure bytes: 22 20 e1 8e a0 e1 8f b4 e1 8f b0 e1 8f 83 20 e1 8e a0 e1 8e a9 2d
Can't encode transcription: 'ᏍᎩ ᎠᎦᏠᏯᏍᏔᏅᎩ;" ᎠᏴᏰᏃ ᎠᎩ-' in language ''
Encoding of string failed! Failure bytes: 34 20 e1 8f 85 e1 8f 93 e1 8f 95 e1 8f 86 2c 20 31 38 32 35 2e
Can't encode transcription: 'ᎢᏦᏗ, 14 ᏅᏓᏕᏆ, 1825.' in language ''
Encoding of string failed! Failure bytes: 34 2e 20 e1 8f 9d e1 8e a9 e1 8f b3 20 e1 8e a4 e1 8f 9b e1 8f 83 e1 8e af 20 e1 8f 95 e1 8e a6 e1 8e b3 e1 8f ab e1 8e a5 20 e1 8e ac e1 8f a9 e1 8f 96 e1 8e b3 e1 8f 97 e1 8f 8d e1 8f 97 e1 8e a2 2c
Can't encode transcription: '4. ᏝᎩᏳ ᎤᏛᏃᎯ ᏕᎦᎳᏫᎥ ᎬᏩᏖᎳᏗᏍᏗᎢ,' in language ''
2 Percent improvement time=192, best error was 47.585 @ 99
At iteration 291/300/321, mean rms=2.870%, delta=12.635%, BCER train=39.950%, BWER train=66.632%, skip ratio=7.000%, New best BCER = 39.950 wrote best model:training_data/staged_tuning/run_mixture_90_10_output/chr_39.950_291_300.checkpoint wrote checkpoint.
Empty truth string!
Can't encode transcription: '' in language ''
Encoding of string failed! Failure bytes: 5b e1 8e a3 e1 8e a6 e1 8e b4 e1 8f 85 e1 8f 9b 20 e1 8e a0 e1 8f 8f 20 e1 8f 99 e1 8f a5 e1 8e b4 e1 8f b4 e1 8f 97 2e 5d
Can't encode transcription: '[ᎣᎦᎴᏅᏛ ᎠᏏ ᏙᏥᎴᏴᏗ.]' in language ''
Encoding of string failed! Failure bytes: 49 49 49 2e
Can't encode transcription: 'ᎹᏚ. ᏯᏙᎸᎢ III.' in language ''
Encoding of string failed! Failure bytes: 34 2e 20 e1 8e a0 e1 8f 8e e1 8f 83 20 e1 8f a3 e1 8f 82 20 e1 8f 9a e1 8e b5 e1 8f ab e1 8f 8e e1 8e b4 e1 8f 89 2c 20 e1 8e a0 e1 8f b4 e1 8f 8d e1 8e a9 e1 8f 82 20 e1 8f b1 e1 8f 8d e1 8f 86 2d
Can't encode transcription: '14. ᎠᏎᏃ ᏣᏂ ᏚᎵᏫᏎᎴᏉ, ᎠᏴᏍᎩᏂ ᏱᏍᏆ-' in language ''
Encoding of string failed! Failure bytes: 34 2e 20 e1 8f 80 e1 8f 8d e1 8e a9 e1 8f 83 20 e1 8e af e1 8e a0 20 e1 8f a3 e1 8f 82 20 e1 8e a4 e1 8f 85 e1 8f a9 e1 8e a1 20 e1 8f 90 e1 8f 88 e1 8e b5 20 e1 8e a6 e1 8f 90 e1 8f 86 e1 8f 97 20 e1 8e a4 2d
Can't encode transcription: '4. ᏀᏍᎩᏃ ᎯᎠ ᏣᏂ ᎤᏅᏩᎡ ᏐᏈᎵ ᎦᏐᏆᏗ Ꭴ-' in language ''
Encoding of string failed! Failure bytes: e1 8e bc e1 8f a4 e1 8e b2 20 e1 8e a0 e1 8e b4 20 e1 8f 97 e1 8f 81 e1 8e b2 20 e1 8e a6 e1 8f 9a e1 8e b2 20 e1 8f 93 e1 8f 82 e1 8e b3 e1 8f ab e1 8e a5 2c 20 e1 8e a0 e1 8e b4 20 e1 8f a7 e1 8f 82 e1 8f b2 e1 8e b1 e1 8f 8e e1 8e b8 e1 8e af e1 8f 83
Can't encode transcription: 'ᎼᏤᎲ ᎠᎴ ᏗᏁᎲ ᎦᏚᎲ ᏓᏂᎳᏫᎥ, ᎠᎴ ᏧᏂᏲᎱᏎᎸᎯᏃ' in language ''
Encoding of string failed! Failure bytes: 34 20 e1 8e a2 e1 8f a3 e1 8f 93 e1 8f 9f e1 8f 8c e1 8e ae e1 8f 8d e1 8f 97 2c 20 e1 8e a0 e1 8f 86 e1 8f 93 e1 8f 85 e1 8f 99 e1 8f 83 20 e1 8e a0 e1 8e a6 e1 8f 94 2d
Can't encode transcription: '4 ᎢᏣᏓᏟᏌᎮᏍᏗ, ᎠᏆᏓᏅᏙᏃ ᎠᎦᏔ-' in language ''
2 Percent improvement time=190, best error was 41.875 @ 194
At iteration 384/400/428, mean rms=2.785%, delta=11.966%, BCER train=38.414%, BWER train=64.410%, skip ratio=7.000%, New best BCER = 38.414 wrote best model:training_data/staged_tuning/run_mixture_90_10_output/chr_38.414_384_400.checkpoint wrote checkpoint.
Finished! Selected model with minimal training error rate (BCER) = 38.414
