Loaded file training_data/staged_tuning/run_mixture_90_10_output/chr_checkpoint, unpacking...
Successfully restored trainer from training_data/staged_tuning/run_mixture_90_10_output/chr_checkpoint
Empty truth string!
Can't encode transcription: '' in language ''
Encoding of string failed! Failure bytes: 34 34 20 e1 8e a4 e1 8f a3 e1 8f 98 e1 8f 83 20 e1 8e a1 e1 8e af e1 8f 8d e1 8f 97 20 e1 8e a4 e1 8f 93 e1 8f 85 e1 8f 96 20 e1 8e a4 e1 8f 9f
Can't encode transcription: '44 ᎤᏣᏘᏃ ᎡᎯᏍᏗ ᎤᏓᏅᏖ ᎤᏟ' in language ''
Encoding of string failed! Failure bytes: 34 20 e1 8f 9a e1 8f 82 e1 8f 83 e1 8f 97 2c 20 31 38 32 35 2e
Can't encode transcription: 'ᎢᏤ ᎦᏚᎲ, 14 ᏚᏂᏃᏗ, 1825.' in language ''
Encoding of string failed! Failure bytes: 49 49 49 2e
Can't encode transcription: 'ᎹᏚ. ᎠᏯᏙᎸᎢ III.' in language ''
Empty truth string!
Can't encode transcription: '' in language ''
Encoding of string failed! Failure bytes: ea ae 87 20 e1 8e a6 e1 8f 9a e1 8e b2 2c 20 31 30 20 e1 8f 85 e1 8f 93 e1 8f 95 e1 8f 86 2c 20 31 38 32 35 2e
Can't encode transcription: 'Ꭲꮇ ᎦᏚᎲ, 10 ᏅᏓᏕᏆ, 1825.' in language ''
2 Percent improvement time=244, best error was 28.274 @ 1447
At iteration 1691/1900/2036, mean rms=2.042%, delta=7.038%, BCER train=25.822%, BWER train=48.364%, skip ratio=7.000%, New best BCER = 25.822 wrote best model:training_data/staged_tuning/run_mixture_90_10_output/chr_25.822_1691_1900.checkpoint wrote checkpoint.
Encoding of string failed! Failure bytes: ea ae be e1 8e b8 e1 8f ab e1 8f 8d e1 8f 93 e1 8f 81 e1 8e af 20 e1 8f 85 e1 8f 83 e1 8e af 2e
Can't encode transcription: 'ᏂꮾᎸᏫᏍᏓᏁᎯ ᏅᏃᎯ.' in language ''
Encoding of string failed! Failure bytes: ea ae 93 e1 8e ac e1 8f a9 e1 8e b6 e1 8f 97 e1 8e af 20 e1 8e a2 e1 8e a6 e1 8e a2
Can't encode transcription: 'ᏀᏍᎩ ᎠᏥᏃᏍᎩᏛ ᎠᎴ ᏀᏍᎩ ꮓᎬᏩᎶᏗᎯ ᎢᎦᎢ' in language ''
Encoding of string failed! Failure bytes: e1 8f bc e1 8e a9 20 e1 8e a0 e1 8e be e1 8f 93 e1 8e aa e1 8e be e1 8f 9b e1 8f 97 e1 8f 8d e1 8e a9 2e 20 e1 8f a3 e1 8f a5 20 e1 8f 95 e1 8e a6 e1 8f 81 e1 8e b8
Can't encode transcription: 'ᎣᏍᎩᏃ ᏙᏣᏑᏯᏼᎩ ᎠᎾᏓᎪᎾᏛᏗᏍᎩ. ᏣᏥ ᏕᎦᏁᎸ' in language ''
Encoding of string failed! Failure bytes: 56 2e
Can't encode transcription: 'ᎹᏚ. ᎠᏯᏙᎸᎢ V.' in language ''
Encoding of string failed! Failure bytes: 3f 20 e1 8e af e1 8e a0 20 e1 8f 84 2d
Can't encode transcription: 'ᏦᎾ ᎤᏪᏥ, ᏍᎩᎨᏳᎭᏧ? ᎯᎠ Ꮔ-' in language ''
Encoding of string failed! Failure bytes: 34 2e 20 e1 8f 9d e1 8e a9 e1 8f b3 20 e1 8e a4 e1 8f 9b e1 8f 83 e1 8e af 20 e1 8f 95 e1 8e a6 e1 8e b3 e1 8f ab e1 8e a5 20 e1 8e ac e1 8f a9 e1 8f 96 e1 8e b3 e1 8f 97 e1 8f 8d e1 8f 97 e1 8e a2 2c
Can't encode transcription: '4. ᏝᎩᏳ ᎤᏛᏃᎯ ᏕᎦᎳᏫᎥ ᎬᏩᏖᎳᏗᏍᏗᎢ,' in language ''
Encoding of string failed! Failure bytes: 34 2e 20 e1 8f a5 e1 8f 8c e1 8f 83 20 e1 8e a4 e1 8f 81 e1 8f a8 20 e1 8e af e1 8e a0 20 e1 8f 82 e1 8f 9a e1 8f aa e1 8f 8e e1 8e b8 e1 8e a9 3b 20 e1 8f a5 e1 8f 8d e1 8f 95 e1 8e be 20 e1 8f a3 e1 8f 82
Can't encode transcription: '4. ᏥᏌᏃ ᎤᏁᏨ ᎯᎠ ᏂᏚᏪᏎᎸᎩ; ᏥᏍᏕᎾ ᏣᏂ' in language ''
Encoding of string failed! Failure bytes: 5b e1 8e a3 e1 8e a6 e1 8e b4 e1 8f 85 e1 8f 9b 20 e1 8e a0 e1 8f 8f 20 e1 8f 99 e1 8f a5 e1 8e b4 e1 8f b4 e1 8f 97 2e 5d
Can't encode transcription: '[ᎣᎦᎴᏅᏛ ᎠᏏ ᏙᏥᎴᏴᏗ.]' in language ''
Encoding of string failed! Failure bytes: ea ae 9a 20 e1 8e a0 e1 8e b4 20 e1 8f 9e e1 8f 8d e1 8f 97 20 e1 8e af e1 8e a0 20 e1 8f 82 e1 8f 93 e1 8f b2 e1 8f a5 e1 8f aa e1 8f 8f 20 e1 8e a2 e1 8f a4 e1 8e b5 e1 8f 92 e1 8e a9 2c 20 e1 8e a1 e1 8f 86
Can't encode transcription: '9ꮚ ᎠᎴ ᏞᏍᏗ ᎯᎠ ᏂᏓᏲᏥᏪᏏ ᎢᏤᎵᏒᎩ, ᎡᏆ' in language ''
Encoding of string failed! Failure bytes: 34 20 e1 8f 85 e1 8f 93 e1 8f 95 e1 8f 86 2c 20 31 38 32 35 2e
Can't encode transcription: 'ᎢᏦᏗ, 14 ᏅᏓᏕᏆ, 1825.' in language ''
Encoding of string failed! Failure bytes: 3f 20 e1 8e a0 e1 8f 99 e1 8e b4 e1 8e b0 e1 8f 8d e1 8e a9 e1 8e a8 3f 20 e1 8e a5 e1 8e a5 20 e1 8f 82 2d
Can't encode transcription: '9. ᎦᏙᎩ ᎢᏣᎦᏔᏅᏎᎢ? ᎠᏙᎴᎰᏍᎩᎨ? ᎥᎥ Ꮒ-' in language ''
2 Percent improvement time=331, best error was 28.274 @ 1447
At iteration 1778/2000/2147, mean rms=2.027%, delta=6.949%, BCER train=25.406%, BWER train=48.202%, skip ratio=7.200%, New best BCER = 25.406 wrote checkpoint.
Finished! Selected model with minimal training error rate (BCER) = 25.406
