Loaded file training_data/staged_tuning/run_mixture_90_10_output/chr_checkpoint, unpacking...
Successfully restored trainer from training_data/staged_tuning/run_mixture_90_10_output/chr_checkpoint
Encoding of string failed! Failure bytes: 34 2e 20 e1 8e a0 e1 8f 8e e1 8f 83 20 e1 8f a3 e1 8f 82 20 e1 8f 9a e1 8e b5 e1 8f ab e1 8f 8e e1 8e b4 e1 8f 89 2c 20 e1 8e a0 e1 8f b4 e1 8f 8d e1 8e a9 e1 8f 82 20 e1 8f b1 e1 8f 8d e1 8f 86 2d
Can't encode transcription: '14. ᎠᏎᏃ ᏣᏂ ᏚᎵᏫᏎᎴᏉ, ᎠᏴᏍᎩᏂ ᏱᏍᏆ-' in language ''
Empty truth string!
Can't encode transcription: '' in language ''
Encoding of string failed! Failure bytes: 5b e1 8e a3 e1 8e a6 e1 8e b4 e1 8f 85 e1 8f 9b 20 e1 8e a0 e1 8f 8f 20 e1 8f 99 e1 8f a5 e1 8e b4 e1 8f b4 e1 8f 97 2e 5d
Can't encode transcription: '[ᎣᎦᎴᏅᏛ ᎠᏏ ᏙᏥᎴᏴᏗ.]' in language ''
Encoding of string failed! Failure bytes: 5b e1 8e a3 e1 8e a6 e1 8e b4 e1 8f 85 e1 8f 9b 20 e1 8e a0 e1 8f 8f 20 e1 8f 99 e1 8f a5 e1 8e b4 e1 8f b4 e1 8f 97 2e 5d
Can't encode transcription: '[ᎣᎦᎴᏅᏛ ᎠᏏ ᏙᏥᎴᏴᏗ.]' in language ''
Encoding of string failed! Failure bytes: 3f 20 e1 8e a0 e1 8f 99 e1 8e b4 e1 8e b0 e1 8f 8d e1 8e a9 e1 8e a8 3f 20 e1 8e a5 e1 8e a5 20 e1 8f 82 2d
Can't encode transcription: '9. ᎦᏙᎩ ᎢᏣᎦᏔᏅᏎᎢ? ᎠᏙᎴᎰᏍᎩᎨ? ᎥᎥ Ꮒ-' in language ''
Encoding of string failed! Failure bytes: 34 20 e1 8f 85 e1 8f 93 e1 8f 95 e1 8f 86 2c 20 31 38 32 35 2e
Can't encode transcription: 'ᎢᏦᏗ, 14 ᏅᏓᏕᏆ, 1825.' in language ''
Encoding of string failed! Failure bytes: e1 8e ba e1 8e b5 20 e1 8e a4 e1 8f b0 e1 8e af 20 e1 8e be e1 8f 8d e1 8e a9 20 e1 8f a7 e1 8e be e1 8f 84 e1 8e aa e1 8f ab e1 8f 8e 20 e1 8f a5 e1 8f 8c 20 e1 8e a6 e1 8e b6 2d
Can't encode transcription: 'ᎺᎵ ᎤᏰᎯ ᎾᏍᎩ ᏧᎾᏄᎪᏫᏎ ᏥᏌ ᎦᎶ-' in language ''
Encoding of string failed! Failure bytes: 34 2e 20 e1 8f a5 e1 8f 8c e1 8f 83 20 e1 8e a4 e1 8f 81 e1 8f a8 20 e1 8e af e1 8e a0 20 e1 8f 82 e1 8f 9a e1 8f aa e1 8f 8e e1 8e b8 e1 8e a9 3b 20 e1 8f a5 e1 8f 8d e1 8f 95 e1 8e be 20 e1 8f a3 e1 8f 82
Can't encode transcription: '4. ᏥᏌᏃ ᎤᏁᏨ ᎯᎠ ᏂᏚᏪᏎᎸᎩ; ᏥᏍᏕᎾ ᏣᏂ' in language ''
Encoding of string failed! Failure bytes: 49 49 49 2e
Can't encode transcription: 'ᎹᏚ. ᎠᏯᏙᎸᎢ III.' in language ''
Encoding of string failed! Failure bytes: ea ae a1 e1 8e ac e1 8f a9 e1 8f 82 e1 8f 85 e1 8f 8d e1 8f 97 e1 8f 89 20 e1 8e a8 e1 8f 8e e1 8f 8d e1 8f 97 20 e1 8f 97 e1 8e ac 2d
Can't encode transcription: 'ᏚᎾᏓᎸᎾ ᏴᏫᏁᎬ ᏗꮡᎬᏩᏂᏅᏍᏗᏉ ᎨᏎᏍᏗ ᏗᎬ-' in language ''
Encoding of string failed! Failure bytes: ea ad b5 20 e1 8e a6 e1 8f 9a e1 8e a9 2e
Can't encode transcription: 'ᎤᎭᎷᎩ, ᏣᏚᎩꭵ ᎦᏚᎩ.' in language ''
Encoding of string failed! Failure bytes: 34 20 e1 8f 9a e1 8f 82 e1 8f 83 e1 8f 97 2c 20 31 38 32 35 2e
Can't encode transcription: 'ᎢᏤ ᎦᏚᎲ, 14 ᏚᏂᏃᏗ, 1825.' in language ''
Encoding of string failed! Failure bytes: 34 34 20 e1 8e a2 e1 8f 97 e1 8f ab e1 8f 8d e1 8e aa 20 e1 8e a4 e1 8f 87 e1 8f 93 e1 8e b5 20 e1 8e a0 e1 8f b0 e1 8e b8 20 e1 8e a0 e1 8f ab e1 8f 92 e1 8e af
Can't encode transcription: '44 ᎢᏗᏫᏍᎪ ᎤᏇᏓᎵ ᎠᏰᎸ ᎠᏫᏒᎯ' in language ''
Encoding of string failed! Failure bytes: 3f 20 e1 8e a0 e1 8f 99 e1 8e b4 e1 8e b0 e1 8f 8d e1 8e a9 e1 8e a8 3f 20 e1 8e a5 e1 8e a5 20 e1 8f 82 2d
Can't encode transcription: '9. ᎦᏙᎩ ᎢᏣᎦᏔᏅᏎᎢ? ᎠᏙᎴᎰᏍᎩᎨ? ᎥᎥ Ꮒ-' in language ''
2 Percent improvement time=251, best error was 29.168 @ 1274
At iteration 1525/1700/1825, mean rms=2.103%, delta=7.361%, BCER train=26.854%, BWER train=49.672%, skip ratio=7.700%, New best BCER = 26.854 wrote best model:training_data/staged_tuning/run_mixture_90_10_output/chr_26.854_1525_1700.checkpoint wrote checkpoint.
Empty truth string!
Can't encode transcription: '' in language ''
Encoding of string failed! Failure bytes: 34 2e 20 e1 8f 9d e1 8e a9 e1 8f b3 20 e1 8e a4 e1 8f 9b e1 8f 83 e1 8e af 20 e1 8f 95 e1 8e a6 e1 8e b3 e1 8f ab e1 8e a5 20 e1 8e ac e1 8f a9 e1 8f 96 e1 8e b3 e1 8f 97 e1 8f 8d e1 8f 97 e1 8e a2 2c
Can't encode transcription: '4. ᏝᎩᏳ ᎤᏛᏃᎯ ᏕᎦᎳᏫᎥ ᎬᏩᏖᎳᏗᏍᏗᎢ,' in language ''
Encoding of string failed! Failure bytes: 56 2e
Can't encode transcription: 'ᎹᏚ. ᎠᏯᏙᎸᎢ V.' in language ''
Encoding of string failed! Failure bytes: 56 2e
Can't encode transcription: 'ᎹᏚ. ᎠᏯᏙᎸᎢ V.' in language ''
Encoding of string failed! Failure bytes: 34 34 20 e1 8e a2 e1 8f 97 e1 8f ab e1 8f 8d e1 8e aa 20 e1 8e a4 e1 8f 87 e1 8f 93 e1 8e b5 20 e1 8e a0 e1 8f b0 e1 8e b8 20 e1 8e a0 e1 8f ab e1 8f 92 e1 8e af
Can't encode transcription: '44 ᎢᏗᏫᏍᎪ ᎤᏇᏓᎵ ᎠᏰᎸ ᎠᏫᏒᎯ' in language ''
2 Percent improvement time=337, best error was 29.168 @ 1274
At iteration 1611/1800/1930, mean rms=2.098%, delta=7.371%, BCER train=26.844%, BWER train=49.885%, skip ratio=7.200%, New best BCER = 26.844 wrote checkpoint.
Finished! Selected model with minimal training error rate (BCER) = 26.844
