Loaded file training_data/staged_tuning/run_mixture_90_10_output/chr_checkpoint, unpacking...
Successfully restored trainer from training_data/staged_tuning/run_mixture_90_10_output/chr_checkpoint
Encoding of string failed! Failure bytes: 34 31 20 e1 8e a4 e1 8f ac e1 8f af e1 8f 81 e1 8f 92 e1 8f 83 20 e1 8e a0 e1 8e a8 e1 8f b3 e1 8f a3 2c 20 e1 8e af e1 8e a0 20 e1 8f 84 e1 8f aa 2d
Can't encode transcription: '41 ᎤᏬᏯᏁᏒᏃ ᎠᎨᏳᏣ, ᎯᎠ ᏄᏪ-' in language ''
Encoding of string failed! Failure bytes: 34 20 e1 8f 9a e1 8f 82 e1 8f 83 e1 8f 97 2c 20 31 38 32 35 2e
Can't encode transcription: 'ᎢᏤ ᎦᏚᎲ, 14 ᏚᏂᏃᏗ, 1825.' in language ''
Encoding of string failed! Failure bytes: ea ae 9e e1 8f ab e1 8e a5 20 e1 8e a0 e1 8f 83 e1 8f aa e1 8e b5 e1 8f 8d e1 8e a8 2d
Can't encode transcription: 'ᏗᏄᎪᏗᏍᎩ ᏕᎦᏚᎿᎥ ᎠᏁᎯ ᏓᏂꮞᏫᎥ ᎠᏃᏪᎵᏍᎨ-' in language ''
Encoding of string failed! Failure bytes: 34 31 20 e1 8e a4 e1 8f ac e1 8f af e1 8f 81 e1 8f 92 e1 8f 83 20 e1 8e a0 e1 8e a8 e1 8f b3 e1 8f a3 2c 20 e1 8e af e1 8e a0 20 e1 8f 84 e1 8f aa 2d
Can't encode transcription: '41 ᎤᏬᏯᏁᏒᏃ ᎠᎨᏳᏣ, ᎯᎠ ᏄᏪ-' in language ''
Encoding of string failed! Failure bytes: 34 20 e1 8f 9a e1 8f 82 e1 8f 83 e1 8f 97 2c 20 31 38 32 35 2e
Can't encode transcription: 'ᎢᏤ ᎦᏚᎲ, 14 ᏚᏂᏃᏗ, 1825.' in language ''
Encoding of string failed! Failure bytes: 34 2e 20 e1 8f 9d e1 8e a9 e1 8f b3 20 e1 8e a4 e1 8f 9b e1 8f 83 e1 8e af 20 e1 8f 95 e1 8e a6 e1 8e b3 e1 8f ab e1 8e a5 20 e1 8e ac e1 8f a9 e1 8f 96 e1 8e b3 e1 8f 97 e1 8f 8d e1 8f 97 e1 8e a2 2c
Can't encode transcription: '4. ᏝᎩᏳ ᎤᏛᏃᎯ ᏕᎦᎳᏫᎥ ᎬᏩᏖᎳᏗᏍᏗᎢ,' in language ''
Encoding of string failed! Failure bytes: 34 20 e1 8f 9a e1 8f 82 e1 8f 83 e1 8f 97 2c 20 31 38 32 35 2e
Can't encode transcription: 'ᎢᏤ ᎦᏚᎲ, 14 ᏚᏂᏃᏗ, 1825.' in language ''
2 Percent improvement time=188, best error was 39.95 @ 291
At iteration 479/500/535, mean rms=2.726%, delta=11.576%, BCER train=37.697%, BWER train=63.772%, skip ratio=7.000%, New best BCER = 37.697 wrote best model:training_data/staged_tuning/run_mixture_90_10_output/chr_37.697_479_500.checkpoint wrote checkpoint.
Encoding of string failed! Failure bytes: ea ae a0 e1 8f 8d e1 8f 97 20 e1 8e a0 e1 8f 86 2d
Can't encode transcription: 'ᎦᎵᏍᏓᏂᎦ. ᎠᏴᏍᎩᏂ ᎤᏗᏀᏴᏛ ᏩᎩᏍꮠᏍᏗ ᎠᏆ-' in language ''
Encoding of string failed! Failure bytes: e1 8f 8b e1 8f 92 2c 20 e1 8e be e1 8f 8d e1 8f 89 e1 8f 8d e1 8e a9 e1 8f 82 20 e1 8e be e1 8f 82 e1 8e a5 20 e1 8e a4 e1 8e be e1 8f 84 e1 8e aa e1 8e a2 e1 8f 8d e1 8f 97
Can't encode transcription: 'ᎠᏋᏒ, ᎾᏍᏉᏍᎩᏂ ᎾᏂᎥ ᎤᎾᏄᎪᎢᏍᏗ' in language ''
Empty truth string!
Can't encode transcription: '' in language ''
Encoding of string failed! Failure bytes: ea ae 97 e1 8f 97 3b 20 e1 8e a0 e1 8e b4 20 e1 8f 95 e1 8e a6 e1 8f 9a e1 8f a9 e1 8f 97 e1 8f 92 20 e1 8f 97 e1 8e a6 e1 8e b3 e1 8f ab e1 8e a2 e1 8f 8d e1 8f 97 e1 8f b1
Can't encode transcription: 'ᎦᎾᏰᏕꮗᏗ; ᎠᎴ ᏕᎦᏚᏩᏗᏒ ᏗᎦᎳᏫᎢᏍᏗᏱ' in language ''
Encoding of string failed! Failure bytes: 5b e1 8e a3 e1 8e a6 e1 8e b4 e1 8f 85 e1 8f 9b 20 e1 8e a0 e1 8f 8f 20 e1 8f 99 e1 8f a5 e1 8e b4 e1 8f b4 e1 8f 97 2e 5d
Can't encode transcription: '[ᎣᎦᎴᏅᏛ ᎠᏏ ᏙᏥᎴᏴᏗ.]' in language ''
Encoding of string failed! Failure bytes: 56 2e
Can't encode transcription: 'ᎹᏚ. ᎠᏯᏙᎸᎢ V.' in language ''
Encoding of string failed! Failure bytes: e1 8e bc e1 8f 8f
Can't encode transcription: 'ᏍᎬᎾ Ꮎ ᎤᏩᏒ ᎠᎾᏙᎴᎰᏍᎩ ᎠᎴ ᎼᏏ' in language ''
2 Percent improvement time=185, best error was 38.414 @ 384
At iteration 569/600/642, mean rms=2.656%, delta=11.080%, BCER train=36.190%, BWER train=62.124%, skip ratio=7.000%, New best BCER = 36.190 wrote best model:training_data/staged_tuning/run_mixture_90_10_output/chr_36.190_569_600.checkpoint wrote checkpoint.
Finished! Selected model with minimal training error rate (BCER) = 36.19
