Loaded file training_data/staged_tuning/run_custom_big_lr_big_decay_dr7_mx4_output/chr_checkpoint, unpacking...
Successfully restored trainer from training_data/staged_tuning/run_custom_big_lr_big_decay_dr7_mx4_output/chr_checkpoint
Encoding of string failed! Failure bytes: 34 36 20 e1 8f 95 e1 8f a4 e1 8f af e1 8f 99 e1 8f a4 e1 8e ae e1 8f 8d e1 8f 97 20 e1 8f 97 e1 8f 83 e1 8f aa e1 8e b5 e1 8f 8d e1 8e a9 2c 20 e1 8e be 2d
Can't encode transcription: '46 ᏕᏤᏯᏙᏤᎮᏍᏗ ᏗᏃᏪᎵᏍᎩ, Ꮎ-' in language ''
Encoding of string failed! Failure bytes: ea ae 9f e1 8e a9 e1 8f 82 20 e1 8e a2 e1 8f a8 e1 8f b2 e1 8f aa e1 8e b3 e1 8f 8f 20 e1 8e a2 e1 8f a7 e1 8e b3 e1 8e ad
Can't encode transcription: '11 ᎪᎯꮟᎩᏂ ᎢᏨᏲᏪᎳᏏ ᎢᏧᎳᎭ' in language ''
Empty truth string!
Can't encode transcription: '' in language ''
Encoding of string failed! Failure bytes: 5b e1 8e a0 e1 8f 8d e1 8e a6 e1 8f af 5d
Can't encode transcription: 'ᏍᎦᏯ ᏗᏓᏓᏅᏟ, ᎾᏍᎩ ᎯᎠ [ᎠᏍᎦᏯ]' in language ''
Encoding of string failed! Failure bytes: 3f
Can't encode transcription: 'ᏅᏟ, ᎦᏙ ᏓᏲᏣᏛᏁᎵ?' in language ''
Encoding of string failed! Failure bytes: 5b e1 8e a3 e1 8e a6 e1 8e b4 e1 8f 85 e1 8f 9b 20 e1 8e a0 e1 8f 8f 20 e1 8f 99 e1 8f a5 e1 8e b4 e1 8f b4 e1 8f 97 2e 5d
Can't encode transcription: '[ᎣᎦᎴᏅᏛ ᎠᏏ ᏙᏥᎴᏴᏗ.]' in language ''
Encoding of string failed! Failure bytes: e1 8e bc e1 8f 8f 20 e1 8e a4 e1 8f 81 e1 8e b3 e1 8f 85 e1 8e af
Can't encode transcription: '3 ᎠᎴ ᏚᏂᏃᎩᏒᎩ ᎼᏏ ᎤᏁᎳᏅᎯ' in language ''
Encoding of string failed! Failure bytes: 34 20 e1 8f 85 e1 8f 93 e1 8f 95 e1 8f 86 2c 20 31 38 32 35 2e
Can't encode transcription: 'ᎢᏦᏗ, 14 ᏅᏓᏕᏆ, 1825.' in language ''
Encoding of string failed! Failure bytes: 34 20 e1 8e a0 e1 8e a9 e1 8e a8 e1 8f b3 e1 8e af 20 e1 8f 82 e1 8e a8 e1 8f 92 e1 8e be 20 e1 8e a5 e1 8f 9d 20 e1 8f b1 e1 8f 93 e1 8e a7 e1 8e bf 2d
Can't encode transcription: '24 ᎠᎩᎨᏳᎯ ᏂᎨᏒᎾ ᎥᏝ ᏱᏓᎧᎿ-' in language ''
2 Percent improvement time=1406, best error was 11.941 @ 2255
At iteration 3661/6500/7162, mean rms=1.095%, delta=3.076%, BCER train=9.708%, BWER train=19.234%, skip ratio=9.500%, New best BCER = 9.708 wrote best model:training_data/staged_tuning/run_custom_big_lr_big_decay_dr7_mx4_output/chr_9.708_3661_6500.checkpoint wrote checkpoint.
Encoding of string failed! Failure bytes: 34 2e 20 e1 8f 9d e1 8e a9 e1 8f b3 20 e1 8e a4 e1 8f 9b e1 8f 83 e1 8e af 20 e1 8f 95 e1 8e a6 e1 8e b3 e1 8f ab e1 8e a5 20 e1 8e ac e1 8f a9 e1 8f 96 e1 8e b3 e1 8f 97 e1 8f 8d e1 8f 97 e1 8e a2 2c
Can't encode transcription: '4. ᏝᎩᏳ ᎤᏛᏃᎯ ᏕᎦᎳᏫᎥ ᎬᏩᏖᎳᏗᏍᏗᎢ,' in language ''
Encoding of string failed! Failure bytes: 34 20 e1 8f 9a e1 8f 82 e1 8f 83 e1 8f 97 2c 20 31 38 32 35 2e
Can't encode transcription: 'ᎢᏤ ᎦᏚᎲ, 14 ᏚᏂᏃᏗ, 1825.' in language ''
Encoding of string failed! Failure bytes: e1 8f 8b e1 8e ad
Can't encode transcription: 'ᎾᏍᏉ ᏥᏕᏣᏓᏂᎸᏨ; ᎠᎴ ᎤᏚᎩ ᎠᏋᎭ' in language ''
Encoding of string failed! Failure bytes: 3f 20 e1 8e a5 e1 8e ac e1 8f a9 e1 8f 90 e1 8f 85 e1 8f a4 e1 8e b8 e1 8e a9 e1 8f 83 2e
Can't encode transcription: 'ᎠᏂ ᏱᎨᎦᏓᏑᏯ? ᎥᎬᏩᏐᏅᏤᎸᎩᏃ.' in language ''
Encoding of string failed! Failure bytes: e1 8f 8b e1 8f 92 20 e1 8e a0 e1 8f 89 e1 8f b0 e1 8f 82 20 e1 8e a0 e1 8f 8b e1 8f 94 2d
Can't encode transcription: 'ᏨᏲᏪᎳᏁᎸᎢ, ᎠᏋᏒ ᎠᏉᏰᏂ ᎠᏋᏔ-' in language ''
Encoding of string failed! Failure bytes: e1 8e ba e1 8f 89 e1 8e af 20 e1 8e a0 e1 8f 81 e1 8e b2 2c
Can't encode transcription: 'ᏂᏗᏢ ᎡᎲ, ᏘᎠᎴ ᎾᏍᎩ ᎠᎺᏉᎯ ᎠᏁᎲ,' in language ''
Encoding of string failed! Failure bytes: ea ae 8c e1 8f 81 e1 8f a8 e1 8e af e1 8f 8d e1 8e a9 e1 8f 82 20 e1 8e a0 e1 8f 8e e1 8e b5 e1 8f 94 e1 8f 85 e1 8e af 20 e1 8e a0 e1 8f 8d e1 8f 93 e1 8f b1 e1 8f 97 2d
Can't encode transcription: 'ᎧꮌᏁᏨᎯᏍᎩᏂ ᎠᏎᎵᏔᏅᎯ ᎠᏍᏓᏱᏗ-' in language ''
Encoding of string failed! Failure bytes: 3f 20 e1 8e af e1 8e a0 e1 8f b0 e1 8f 83 20 e1 8f 82 e1 8e a6 e1 8f aa e1 8e ad 2c 20 e1 8e a0 e1 8f 82 e1 8f 94 e1 8e b5 20 e1 8f 8c 2d
Can't encode transcription: 'ᎨᏒᎢ? ᎯᎠᏰᏃ ᏂᎦᏪᎭ, ᎠᏂᏔᎵ Ꮜ-' in language ''
Encoding of string failed! Failure bytes: 34 35 20 e1 8e a5 e1 8f 9d 20 e1 8f b1 e1 8f 8d e1 8f 86 e1 8f 94 e1 8f aa e1 8f 99 e1 8f 81 e1 8e a2 3b 20 e1 8e af e1 8e a0 e1 8f 8d e1 8e a9 e1 8f 82
Can't encode transcription: '45 ᎥᏝ ᏱᏍᏆᏔᏪᏙᏁᎢ; ᎯᎠᏍᎩᏂ' in language ''
Encoding of string failed! Failure bytes: 34 2e 20 e1 8e a0 e1 8f 8e e1 8f 83 20 e1 8f a3 e1 8f 82 20 e1 8f 9a e1 8e b5 e1 8f ab e1 8f 8e e1 8e b4 e1 8f 89 2c 20 e1 8e a0 e1 8f b4 e1 8f 8d e1 8e a9 e1 8f 82 20 e1 8f b1 e1 8f 8d e1 8f 86 2d
Can't encode transcription: '14. ᎠᏎᏃ ᏣᏂ ᏚᎵᏫᏎᎴᏉ, ᎠᏴᏍᎩᏂ ᏱᏍᏆ-' in language ''
2 Percent improvement time=1455, best error was 11.941 @ 2255
At iteration 3710/6600/7272, mean rms=1.072%, delta=2.955%, BCER train=9.438%, BWER train=18.945%, skip ratio=9.000%, New best BCER = 9.438 wrote checkpoint.
Finished! Selected model with minimal training error rate (BCER) = 9.438
