Loaded file training_data/staged_tuning/run_custom_big_lr_big_decay_dr7_mx4_output/chr_checkpoint, unpacking...
Successfully restored trainer from training_data/staged_tuning/run_custom_big_lr_big_decay_dr7_mx4_output/chr_checkpoint
Encoding of string failed! Failure bytes: ea ae a2 e1 8f a5 e1 8f 8d e1 8f 95 e1 8e b8 e1 8f 97 e1 8f b1 20 e1 8e a4 e1 8f 9a e1 8e b5 e1 8f 8d e1 8e ac e1 8e a2 3b 20 e1 8e be e1 8f 8d e1 8e a9 e1 8f b0 e1 8f 83 20 e1 8e a4 2d
Can't encode transcription: 'ꮢᏥᏍᏕᎸᏗᏱ ᎤᏚᎵᏍᎬᎢ; ᎾᏍᎩᏰᏃ Ꭴ-' in language ''
Empty truth string!
Can't encode transcription: '' in language ''
Encoding of string failed! Failure bytes: e1 8f 8b e1 8e af e1 8f 8d e1 8f 97 20 e1 8f a5 e1 8f ab 2d
Can't encode transcription: '18 ᎾᏍᎩᏃ ᎢᎦᏛ ᏚᎾᏕᏋᎯᏍᏗ ᏥᏫ-' in language ''
Encoding of string failed! Failure bytes: 34 33 20 e1 8e a2 e1 8f a3 e1 8f 9b e1 8e a6 e1 8f 85 e1 8e af 20 e1 8e a2 e1 8e a9 20 e1 8e af e1 8e a0 20 e1 8e a2 e1 8e a6 e1 8f aa e1 8f 9b
Can't encode transcription: '43 ᎢᏣᏛᎦᏅᎯ ᎢᎩ ᎯᎠ ᎢᎦᏪᏛ' in language ''
Encoding of string failed! Failure bytes: 3f 20 e1 8f a5 e1 8f 8c 20 e1 8e af e1 8e a0 20 e1 8f 84 e1 8f aa e1 8f 92 e1 8e a9 3b
Can't encode transcription: 'ᏣᎬᏫᏳᎯᏰᎧᏂ? ᏥᏌ ᎯᎠ ᏄᏪᏒᎩ;' in language ''
Encoding of string failed! Failure bytes: 34 2e 20 e1 8f 9d e1 8e a9 e1 8f b3 20 e1 8e a4 e1 8f 9b e1 8f 83 e1 8e af 20 e1 8f 95 e1 8e a6 e1 8e b3 e1 8f ab e1 8e a5 20 e1 8e ac e1 8f a9 e1 8f 96 e1 8e b3 e1 8f 97 e1 8f 8d e1 8f 97 e1 8e a2 2c
Can't encode transcription: '4. ᏝᎩᏳ ᎤᏛᏃᎯ ᏕᎦᎳᏫᎥ ᎬᏩᏖᎳᏗᏍᏗᎢ,' in language ''
Encoding of string failed! Failure bytes: 3f 20 e1 8e a6 e1 8f 99 20 e1 8e be e1 8f 8d e1 8e a9
Can't encode transcription: 'ᏝᏍᎪ ᎪᎱᏍᏗ ᏯᏗᎭ? ᎦᏙ ᎾᏍᎩ' in language ''
Encoding of string failed! Failure bytes: 5b e1 8e a3 e1 8e a6 e1 8e b4 e1 8f 85 e1 8f 9b 20 e1 8e a0 e1 8f 8f 20 e1 8f 99 e1 8f a5 e1 8e b4 e1 8f b4 e1 8f 97 2e 5d
Can't encode transcription: '[ᎣᎦᎴᏅᏛ ᎠᏏ ᏙᏥᎴᏴᏗ.]' in language ''
Encoding of string failed! Failure bytes: e1 8f 8b e1 8f 92 20 e1 8f b1 e1 8e a6 e1 8f 93 e1 8f 83 e1 8e ae e1 8e ad 2c 20 e1 8f a5 e1 8f 83 e1 8e ae 2d
Can't encode transcription: '31 ᎢᏳᏃ ᎠᏋᏒ ᏱᎦᏓᏃᎮᎭ, ᏥᏃᎮ-' in language ''
Encoding of string failed! Failure bytes: e1 8e bd e1 8f 9b 20 e1 8f 9a e1 8e b8 2d
Can't encode transcription: '2. ᎿᏉᏃ ᏣᏂ ᎤᏛᎦᏅ ᎠᏥᏍᏚᎲ ᏄᏍᎽᏛ ᏚᎸ-' in language ''
2 Percent improvement time=353, best error was 17.303 @ 893
At iteration 1246/1900/2123, mean rms=1.433%, delta=4.473%, BCER train=15.028%, BWER train=28.814%, skip ratio=10.700%, New best BCER = 15.028 wrote best model:training_data/staged_tuning/run_custom_big_lr_big_decay_dr7_mx4_output/chr_15.028_1246_1900.checkpoint wrote checkpoint.
Encoding of string failed! Failure bytes: 22 e1 8e af e1 8e a0 20 e1 8f b4 e1 8f ab 20 e1 8f 98 2d
Can't encode transcription: '26 ᎯᎠ ᏥᏄᏪᏎᎢ; "ᎯᎠ ᏴᏫ Ꮨ-' in language ''
Encoding of string failed! Failure bytes: 34 32 20 e1 8e a0 e1 8f 82 e1 8f a7 e1 8f 8f e1 8f 83 20 e1 8e a4 e1 8f 82 e1 8f 84 e1 8e aa e1 8f a8 20 e1 8f 97 e1 8e a6 e1 8e b3 e1 8f ab e1 8e a2 2d
Can't encode transcription: '42 ᎠᏂᏧᏏᏃ ᎤᏂᏄᎪᏨ ᏗᎦᎳᏫᎢ-' in language ''
2 Percent improvement time=416, best error was 17.303 @ 893
At iteration 1309/2000/2225, mean rms=1.423%, delta=4.465%, BCER train=14.997%, BWER train=28.699%, skip ratio=9.900%, New best BCER = 14.997 wrote checkpoint.
Finished! Selected model with minimal training error rate (BCER) = 14.997
