Loaded file training_data/staged_tuning/run_custom_big_lr_big_decay_dr7_mx4_output/chr_checkpoint, unpacking...
Successfully restored trainer from training_data/staged_tuning/run_custom_big_lr_big_decay_dr7_mx4_output/chr_checkpoint
Encoding of string failed! Failure bytes: ea ad b4 e1 8e a0 e1 8e be e1 8f 93 e1 8f 85 e1 8f 96 e1 8f 8d e1 8e a9 2c
Can't encode transcription: 'ᎤᏂᏁᏨᎯ ᎠᏰᎵꭴᎠᎾᏓᏅᏖᏍᎩ,' in language ''
Encoding of string failed! Failure bytes: 5b e1 8f 97 e1 8e a7 e1 8e bf e1 8e ad e1 8f a9 e1 8f 9b e1 8f 8d e1 8f 97 2c 5d
Can't encode transcription: '9 ᎯᎠᏰᏃ ᎾᏍᎩ [ᏗᎧᎿᎭᏩᏛᏍᏗ,]' in language ''
Encoding of string failed! Failure bytes: 34 20 e1 8e be e1 8f 8d e1 8e a9 e1 8f af 20 e1 8e be e1 8f 8d e1 8f 89 20 e1 8e a5 e1 8f 9d 20 e1 8f b3 e1 8f 9a e1 8e b5 20 e1 8e a2 e1 8f a5 e1 8f 99 e1 8f 93
Can't encode transcription: '14 ᎾᏍᎩᏯ ᎾᏍᏉ ᎥᏝ ᏳᏚᎵ ᎢᏥᏙᏓ' in language ''
Encoding of string failed! Failure bytes: e1 8f 8b e1 8f 97 e1 8f 8d e1 8e ac 20 e1 8e a7 e1 8f 81 e1 8e ac e1 8e a2 2c 20 e1 8e be e1 8f 8d e1 8e a9
Can't encode transcription: 'ᎦᎶᏁᏛ ᎠᏴ ᎠᏋᏗᏍᎬ ᎧᏁᎬᎢ, ᎾᏍᎩ' in language ''
Encoding of string failed! Failure bytes: 5b e1 8e a3 e1 8e a6 e1 8e b4 e1 8f 85 e1 8f 9b 20 e1 8e a0 e1 8f 8f 20 e1 8f 99 e1 8f a5 e1 8e b4 e1 8f b4 e1 8f 97 2e 5d
Can't encode transcription: '[ᎣᎦᎴᏅᏛ ᎠᏏ ᏙᏥᎴᏴᏗ.]' in language ''
Encoding of string failed! Failure bytes: 34 20 e1 8e be e1 8f 8d e1 8e a9 20 e1 8e a0 e1 8f b4 2c 20 e1 8e a2 e1 8e a9 e1 8f af e1 8f 85 e1 8f 9b 20 e1 8f a5 e1 8e a9 2c 20 e1 8e a5 e1 8f 9d
Can't encode transcription: '24 ᎾᏍᎩ ᎠᏴ, ᎢᎩᏯᏅᏛ ᏥᎩ, ᎥᏝ' in language ''
Encoding of string failed! Failure bytes: 34 33 20 e1 8e a2 e1 8f b3 20 e1 8e a0 e1 8e b4 20 e1 8f a6 e1 8f b0 e1 8f 82 20 e1 8f 95 e1 8f a6 e1 8f 95 e1 8f 8d e1 8f 97 e1 8f 8d e1 8e a8 2d
Can't encode transcription: '43 ᎢᏳ ᎠᎴ ᏦᏰᏂ ᏕᏦᏕᏍᏗᏍᎨ-' in language ''
Encoding of string failed! Failure bytes: 34 20 e1 8e a2 e1 8f b3 e1 8f 83 20 e1 8e aa e1 8e b1 e1 8f 8d e1 8f 97 20 e1 8f 93 e1 8f 86 e1 8f 99 e1 8e a5 20 e1 8e a2 e1 8f a5 e1 8f 94 e1 8f b2 2d
Can't encode transcription: '14 ᎢᏳᏃ ᎪᎱᏍᏗ ᏓᏆᏙᎥ ᎢᏥᏔᏲ-' in language ''
Encoding of string failed! Failure bytes: e1 8e bc e1 8f 8f 20 e1 8e be e1 8f 8d e1 8e a9 e1 8f af 20 e1 8e be e1 8f 8d e1 8f 89 20 e1 8e af e1 8e a0 20 e1 8e a0 e1 8e be e1 8f a1 e1 8f 97
Can't encode transcription: 'ᏗᏍᎨ ᎼᏏ ᎾᏍᎩᏯ ᎾᏍᏉ ᎯᎠ ᎠᎾᏡᏗ' in language ''
Encoding of string failed! Failure bytes: 34 2e 20 e1 8e a0 e1 8f 8e e1 8f 83 20 e1 8f a3 e1 8f 82 20 e1 8f 9a e1 8e b5 e1 8f ab e1 8f 8e e1 8e b4 e1 8f 89 2c 20 e1 8e a0 e1 8f b4 e1 8f 8d e1 8e a9 e1 8f 82 20 e1 8f b1 e1 8f 8d e1 8f 86 2d
Can't encode transcription: '14. ᎠᏎᏃ ᏣᏂ ᏚᎵᏫᏎᎴᏉ, ᎠᏴᏍᎩᏂ ᏱᏍᏆ-' in language ''
Encoding of string failed! Failure bytes: 3f
Can't encode transcription: 'ᏍᏗᏱ?' in language ''
At iteration 2990/5100/5634, mean rms=1.196%, delta=3.330%, BCER train=11.192%, BWER train=22.884%, skip ratio=10.500%, New worst BCER = 11.192 wrote checkpoint.
Encoding of string failed! Failure bytes: 22
Can't encode transcription: 'ᏴᏓᏁᎭ, ᎡᏍᎦᏉ ᏴᏓᏗᏁᎭ."' in language ''
Encoding of string failed! Failure bytes: 34 20 e1 8f 9e e1 8f 8d e1 8f 97 20 e1 8f 97 e1 8f a5 e1 8f 85 e1 8f 92 e1 8e a9 20 e1 8e a0 e1 8f 95 e1 8e b8 20 e1 8f 97 e1 8e a6 e1 8e b6 e1 8f 97 2c
Can't encode transcription: '4 ᏞᏍᏗ ᏗᏥᏅᏒᎩ ᎠᏕᎸ ᏗᎦᎶᏗ,' in language ''
Encoding of string failed! Failure bytes: e1 8f b5 20 e1 8f 82 e1 8e a4 e1 8e b5 e1 8f 8d e1 8f 93 e1 8f 81 e1 8e ad 2c
Can't encode transcription: 'Ꮅ ᎠᎾᏗᎭ. ᏏᏲᏍᏛᏉᏃᏅᏵ ᏂᎤᎵᏍᏓᏁᎭ,' in language ''
Encoding of string failed! Failure bytes: 3f
Can't encode transcription: 'ᏁᏣ ᎬᏅᎢ?' in language ''
Encoding of string failed! Failure bytes: 5b e1 8e a3 e1 8e a6 e1 8e b4 e1 8f 85 e1 8f 9b 20 e1 8e a0 e1 8f 8f 20 e1 8f 99 e1 8f a5 e1 8e b4 e1 8f b4 e1 8f 97 2e 5d
Can't encode transcription: '[ᎣᎦᎴᏅᏛ ᎠᏏ ᏙᏥᎴᏴᏗ.]' in language ''
Encoding of string failed! Failure bytes: 56 2e
Can't encode transcription: 'ᎹᏚ. ᎠᏯᏙᎸᎢ V.' in language ''
At iteration 3041/5200/5740, mean rms=1.207%, delta=3.459%, BCER train=11.420%, BWER train=23.083%, skip ratio=10.200%, New worst BCER = 11.420 wrote checkpoint.
Finished! Selected model with minimal training error rate (BCER) = 9.929
