Loaded file training_data/staged_tuning/run_custom_big_lr_big_decay_dr7_mx4_output/chr_checkpoint, unpacking...
Successfully restored trainer from training_data/staged_tuning/run_custom_big_lr_big_decay_dr7_mx4_output/chr_checkpoint
Encoding of string failed! Failure bytes: 34 20 e1 8f a5 e1 8f 8c e1 8f 83 20 e1 8e a4 e1 8f 81 e1 8f a8 20 e1 8e af e1 8e a0 20 e1 8f 82 e1 8f 9a e1 8f aa e1 8f 8e e1 8e b8 e1 8e a9 3b
Can't encode transcription: '4 ᏥᏌᏃ ᎤᏁᏨ ᎯᎠ ᏂᏚᏪᏎᎸᎩ;' in language ''
Encoding of string failed! Failure bytes: 34 30 20 e1 8e a0 e1 8e b4 20 e1 8e be e1 8f 8d e1 8f 89 20 e1 8e a6 e1 8e b8 e1 8e b3 e1 8f 97 20 e1 8e a0 e1 8f 81 e1 8e ad 20 e1 8f 97 e1 8e aa 2d
Can't encode transcription: '40 ᎠᎴ ᎾᏍᏉ ᎦᎸᎳᏗ ᎠᏁᎭ ᏗᎪ-' in language ''
Encoding of string failed! Failure bytes: e1 8f 8b e1 8f b3 e1 8f 92 20 e1 8e a0 e1 8f a5 e1 8e b8 2d
Can't encode transcription: 'ᏅᏍᏔᏅᎩ ᎾᏍᎩ ᏄᎬᏋᏳᏒ ᎠᏥᎸ-' in language ''
Encoding of string failed! Failure bytes: 34 20 e1 8f 85 e1 8f 93 e1 8f 95 e1 8f 86 2c 20 31 38 32 35 2e
Can't encode transcription: 'ᎢᏦ, 14 ᏅᏓᏕᏆ, 1825.' in language ''
Encoding of string failed! Failure bytes: 3f
Can't encode transcription: 'ᏍᏗ; ᎦᎪ ᏂᎯ ᏅᏩᏓᎴ ᏥᏕᎯᏳᎪᏓᏁᎭ?' in language ''
Encoding of string failed! Failure bytes: ea ad bf e1 8e b8 e1 8e af 20 e1 8e a0 e1 8f 99 e1 8e b7 e1 8f a9 e1 8f 98 e1 8f 8d e1 8e a8 e1 8f 8d e1 8f 97
Can't encode transcription: 'ᏀᏍᎩᏃ ᏧᎬᏩᎶᏗ ᏧᎾᏓᏃᏓᏁꭿᎸᎯ ᎠᏙᎷᏩᏘᏍᎨᏍᏗ' in language ''
Encoding of string failed! Failure bytes: 34 20 e1 8f 9a e1 8f 82 e1 8f 83 e1 8f 97 2c 20 31 38 32 35 2e
Can't encode transcription: 'ᎢᏤ ᎦᏚᎲ, 14 ᏚᏂᏃᏗ, 1825.' in language ''
Encoding of string failed! Failure bytes: 3f
Can't encode transcription: 'ᏍᏙᏓ ᏰᎵ ᎠᏏ ᎾᎿᎭᏴᏓᎴᏂᏓ?' in language ''
Encoding of string failed! Failure bytes: 34 20 e1 8e a0 20 e1 8e a6 e1 8e b8 e1 8e b6 e1 8e a2 20 e1 8e a4 e1 8f 93 e1 8f 85 e1 8f 92 e1 8e a9 20 e1 8e be e1 8f 8d e1 8e a9 e1 8f af
Can't encode transcription: '14 Ꭰ ᎦᎸᎶᎢ ᎤᏓᏅᏒᎩ ᎾᏍᎩᏯ' in language ''
2 Percent improvement time=889, best error was 14.229 @ 1366
At iteration 2255/3700/4085, mean rms=1.268%, delta=3.674%, BCER train=11.941%, BWER train=23.654%, skip ratio=8.800%, New best BCER = 11.941 wrote best model:training_data/staged_tuning/run_custom_big_lr_big_decay_dr7_mx4_output/chr_11.941_2255_3700.checkpoint wrote checkpoint.
Encoding of string failed! Failure bytes: e1 8f 8b e1 8f 92 20 e1 8e a6 e1 8f 93 e1 8f 83 e1 8e ae e1 8f 8d e1 8e a9 2c 20 e1 8e a0 e1 8e a6 e1 8f b4 e1 8e b5 2d
Can't encode transcription: '18 ᎠᏴ ᎠᏋᏒ ᎦᏓᏃᎮᏍᎩ, ᎠᎦᏴᎵ-' in language ''
Encoding of string failed! Failure bytes: 3f 20 e1 8e a0 e1 8f 99 e1 8e b4 e1 8e b0 e1 8f 8d e1 8e a9 e1 8e a8 3f 20 e1 8e a5 e1 8e a5 20 e1 8f 82 2d
Can't encode transcription: '9. ᎦᏙᎩ ᎢᏣᎦᏔᏅᏎᎢ? ᎠᏙᎴᎰᏍᎩᎨ? ᎥᎥ Ꮒ-' in language ''
Encoding of string failed! Failure bytes: 34 20 e1 8e a6 e1 8e b8 e1 8e b3 e1 8f 97 e1 8f 83 20 e1 8f ab e1 8f 9a e1 8e a7 e1 8e bf e1 8e ad e1 8f 85 20 e1 8e a4 e1 8e b5 e1 8f b0 e1 8f 94 e1 8f 81 e1 8e a2 2c
Can't encode transcription: '34 ᎦᎸᎳᏗᏃ ᏫᏚᎧᎿᎭᏅ ᎤᎵᏰᏔᏁᎢ,' in language ''
Encoding of string failed! Failure bytes: 34 20 e1 8e a5 e1 8f 9d e1 8f b0 e1 8f 83 20 e1 8f b2 e1 8f a5 e1 8e b6 e1 8f 92 e1 8f 8d e1 8f 97 e1 8e ad 20 e1 8e a3 e1 8e a6 e1 8f 9f e1 8e b6 e1 8f 92 2d
Can't encode transcription: '14 ᎥᏝᏰᏃ ᏲᏥᎶᏒᏍᏗᎭ ᎣᎦᏟᎶᏒ-' in language ''
Empty truth string!
Can't encode transcription: '' in language ''
Encoding of string failed! Failure bytes: 3f
Can't encode transcription: 'ᏨᎯ ᏂᎨᏒᎾ ᎨᏒᎢ?' in language ''
Encoding of string failed! Failure bytes: e1 8f 8b e1 8f 81 e1 8f 97 e1 8f b1 20 e1 8f 9a e1 8f 84 e1 8e aa e1 8f 94 e1 8f 85 e1 8e a2 2e
Can't encode transcription: 'ᎪᎱᏍᏗ ᎬᏋᏁᏗᏱ ᏚᏄᎪᏔᏅᎢ.' in language ''
Encoding of string failed! Failure bytes: 34 20 e1 8e bf e1 8e ad e1 8f 89 e1 8f 83 20 e1 8e a0 e1 8f a5 e1 8e b8 2d e1 8e a8 e1 8e b6 e1 8e af 20 e1 8e a0 e1 8e b4 20 e1 8e a3 e1 8f 8d e1 8f 9b
Can't encode transcription: '24 ᎿᎭᏉᏃ ᎠᏥᎸ-ᎨᎶᎯ ᎠᎴ ᎣᏍᏛ' in language ''
Encoding of string failed! Failure bytes: ea ae a0 20 e1 8e a0 e1 8e a9 e1 8e be e1 8f ab e1 8f 8d e1 8e ac 20 e1 8e a2 e1 8f a8 e1 8f b0 e1 8e b3 e1 8f 97 e1 8f 99 2d
Can't encode transcription: 'ᎠᎴ ᎤᏣꮠ ᎠᎩᎾᏫᏍᎬ ᎢᏨᏰᎳᏗᏙ-' in language ''
2 Percent improvement time=779, best error was 13.261 @ 1531
At iteration 2310/3800/4194, mean rms=1.239%, delta=3.489%, BCER train=11.195%, BWER train=22.670%, skip ratio=8.800%, New best BCER = 11.195 wrote best model:training_data/staged_tuning/run_custom_big_lr_big_decay_dr7_mx4_output/chr_11.195_2310_3800.checkpoint wrote checkpoint.
Finished! Selected model with minimal training error rate (BCER) = 11.195
