Loaded file training_data/staged_tuning/run_custom_big_lr_big_decay_dr7_mx4_output/chr_checkpoint, unpacking...
Successfully restored trainer from training_data/staged_tuning/run_custom_big_lr_big_decay_dr7_mx4_output/chr_checkpoint
Encoding of string failed! Failure bytes: 5b e1 8f 84 e1 8e b5 e1 8f 8d e1 8f 93 e1 8f 81 2d
Can't encode transcription: 'ᏥᏂᎬᏅ ᏥᎪᏪᎳ ᎾᏍᎩᏯ [ᏄᎵᏍᏓᏁ-' in language ''
Encoding of string failed! Failure bytes: 34 2e 20 e1 8f a5 e1 8f 8c e1 8f 83 20 e1 8e a4 e1 8f 81 e1 8f a8 20 e1 8e af e1 8e a0 20 e1 8f 82 e1 8f 9a e1 8f aa e1 8f 8e e1 8e b8 e1 8e a9 3b 20 e1 8f a5 e1 8f 8d e1 8f 95 e1 8e be 20 e1 8f a3 e1 8f 82
Can't encode transcription: '4. ᏥᏌᏃ ᎤᏁᏨ ᎯᎠ ᏂᏚᏪᏎᎸᎩ; ᏥᏍᏕᎾ ᏣᏂ' in language ''
Encoding of string failed! Failure bytes: 34 20 e1 8e be e1 8f 8d e1 8e a9 20 e1 8e a2 e1 8f b3 e1 8f 8d e1 8f 97 20 e1 8e a0 e1 8f 82 e1 8e a6 e1 8f 94 e1 8e b2 20 e1 8f a7 e1 8e be e1 8f 81 2d
Can't encode transcription: '24 ᎾᏍᎩ ᎢᏳᏍᏗ ᎠᏂᎦᏔᎲ ᏧᎾᏁ-' in language ''
Encoding of string failed! Failure bytes: 34 36 20 e1 8e a0 e1 8f 8e e1 8f 83 20 e1 8e a5 e1 8f 9d 20 e1 8e a2 e1 8e ac e1 8f b1 20 e1 8f b1 e1 8e a8 e1 8f 8e 20 e1 8e be e1 8f 8d e1 8e a9 20 e1 8e be
Can't encode transcription: '46 ᎠᏎᏃ ᎥᏝ ᎢᎬᏱ ᏱᎨᏎ ᎾᏍᎩ Ꮎ' in language ''
Encoding of string failed! Failure bytes: 3f
Can't encode transcription: 'ᎦᏙ ᏙᏓᎦᏟᎶᏍᏔᏂ?' in language ''
Encoding of string failed! Failure bytes: 3f 20 e1 8f a5 e1 8f 8c e1 8f 83 20 e1 8e af e1 8e a0 20 e1 8f 82 e1 8f 9a e1 8f aa e1 8f 8e e1 8e b8 e1 8e a9 3b 20 e1 8e be 2d
Can't encode transcription: 'ᎦᎪᏂᎯ? ᏥᏌᏃ ᎯᎠ ᏂᏚᏪᏎᎸᎩ; Ꮎ-' in language ''
Encoding of string failed! Failure bytes: e1 8e ba e1 8f 8c e1 8f af 2d e1 8e be e1 8f 8d e1 8e a9 20 e1 8e a6 e1 8e b6 e1 8f 81 e1 8f 9b
Can't encode transcription: 'ᎤᎷᎯᏍᏗ ᎨᏒ ᎺᏌᏯ-ᎾᏍᎩ ᎦᎶᏁᏛ' in language ''
Encoding of string failed! Failure bytes: e1 8e ba e1 8f 85 20 e1 8f a5 e1 8f 9a e1 8f 99 e1 8e a5 2c
Can't encode transcription: 'ᏫᏂᏪᏏ ᎠᏗᎭ ᎾᏍᎩ ᎡᎺᏅ ᏥᏚᏙᎥ,' in language ''
Encoding of string failed! Failure bytes: e1 8f 8b e1 8f 92 e1 8f 89 20 e1 8f b1 e1 8e a6 e1 8f a5 e1 8f af e1 8e b5 e1 8e a1 e1 8e b5 e1 8f a4 e1 8e ad 2c
Can't encode transcription: 'ᏍᎩ, ᎥᏝ ᎠᏋᏒᏉ ᏱᎦᏥᏯᎵᎡᎵᏤᎭ,' in language ''
Encoding of string failed! Failure bytes: ea ae ae 20 e1 8e a0 e1 8e a6 e1 8f b4 e1 8e b5 e1 8e a8 e1 8e a2 2e
Can't encode transcription: 'ᏍᎩᏂ ᏓᏨᎾᏄᎪᏫᏎꮮ ᎠᎦᏴᎵᎨᎢ.' in language ''
Encoding of string failed! Failure bytes: 5d 20 e1 8e be e1 8f 8d e1 8f 89 20 e1 8e a1 e1 8e b6 e1 8e af 20 e1 8f 97 e1 8f 82 e1 8e a7 e1 8e bf e1 8e ad e1 8f a9 e1 8f 95 e1 8e a9
Can't encode transcription: 'ᏂᎨᏒᎾ] ᎾᏍᏉ ᎡᎶᎯ ᏗᏂᎧᎿᎭᏩᏕᎩ' in language ''
At iteration 1831/2900/3217, mean rms=1.302%, delta=3.757%, BCER train=13.318%, BWER train=25.587%, skip ratio=9.400%, New worst BCER = 13.318 wrote checkpoint.
Encoding of string failed! Failure bytes: 34 38 20 e1 8f a7 e1 8e be e1 8f 93 e1 8e b4 e1 8f 85 e1 8f 9b e1 8f 83 20 e1 8f b4 e1 8f ab 20 e1 8e be e1 8f 8d e1 8e a9 20 e1 8e a4 e1 8e be e1 8f 9b 2d
Can't encode transcription: '48 ᏧᎾᏓᎴᏅᏛᏃ ᏴᏫ ᎾᏍᎩ ᎤᎾᏛ-' in language ''
Encoding of string failed! Failure bytes: 5d 20 e1 8e a0 e1 8f b4 20 e1 8e a8 e1 8f 92 20 e1 8e a2 e1 8f b3 e1 8f 8d e1 8f 97 2e
Can't encode transcription: 'ᎳᏅᎯ] ᎠᏴ ᎨᏒ ᎢᏳᏍᏗ.' in language ''
Encoding of string failed! Failure bytes: 22 e1 8e a0 e1 8f 87 e1 8f a5 20 e1 8f 82 e1 8e af 2c e1 8f 8e 20 e1 8e aa e1 8e af 20 e1 8e a2 e1 8e a6 20 e1 8f 8d e1 8f 86 e1 8f 95 e1 8f 81 e1 8e b8 2e 22
Can't encode transcription: '"ᎠᏇᏥ ᏂᎯ,Ꮞ ᎪᎯ ᎢᎦ ᏍᏆᏕᏁᎸ."' in language ''
Encoding of string failed! Failure bytes: 34 2e 20 e1 8f a5 e1 8f 8c e1 8f 83 20 e1 8e a4 e1 8f 81 e1 8f a8 20 e1 8e af e1 8e a0 20 e1 8f 82 e1 8f 9a e1 8f aa e1 8f 8e e1 8e b8 e1 8e a9 3b 20 e1 8f a5 e1 8f 8d e1 8f 95 e1 8e be 20 e1 8f a3 e1 8f 82
Can't encode transcription: '4. ᏥᏌᏃ ᎤᏁᏨ ᎯᎠ ᏂᏚᏪᏎᎸᎩ; ᏥᏍᏕᎾ ᏣᏂ' in language ''
Encoding of string failed! Failure bytes: ea ae 83 e1 8f a0 e1 8e be e1 8f 8d e1 8f 97 2c 20 e1 8f b0 e1 8e b5 e1 8f 89 20 e1 8e a2 e1 8f 8c e1 8f af 20 e1 8f a7 e1 8f 99 e1 8e b4 2d
Can't encode transcription: '7 ᎢꮃᏠᎾᏍᏗ, ᏰᎵᏉ ᎢᏌᏯ ᏧᏙᎴ-' in language ''
Encoding of string failed! Failure bytes: 5b e1 8e a4 e1 8f 9a e1 8e b5 e1 8f 8d e1 8e ac 5d 20 e1 8e a6 e1 8f 83 e1 8e b4 e1 8f 8d e1 8e ac 20 e1 8e a1 e1 8e af 20 e1 8e a1 e1 8e ac e1 8f ab e1 8f b3 e1 8f 8c 2d
Can't encode transcription: '[ᎤᏚᎵᏍᎬ] ᎦᏃᎴᏍᎬ ᎡᎯ ᎡᎬᏫᏳᏌ-' in language ''
At iteration 1882/3000/3323, mean rms=1.290%, delta=3.700%, BCER train=12.856%, BWER train=24.793%, skip ratio=9.800%, New worst BCER = 12.856 wrote checkpoint.
Finished! Selected model with minimal training error rate (BCER) = 12.561
