Loaded file training_data/staged_tuning/run_custom_big_lr_big_decay_dr7_mx4_output/chr_checkpoint, unpacking...
Successfully restored trainer from training_data/staged_tuning/run_custom_big_lr_big_decay_dr7_mx4_output/chr_checkpoint
Encoding of string failed! Failure bytes: ea ae a9 e1 8e a0 e1 8e b4 20 e1 8e ac e1 8f 82 e1 8f b3 e1 8f 89 20 e1 8e af e1 8e a0 20 e1 8f 82 e1 8f a7 e1 8f aa e1 8f 8e 20 e1 8e a6 e1 8e b8 e1 8e b3 e1 8f 97 2c
Can't encode transcription: '17. ꮩᎠᎴ ᎬᏂᏳᏉ ᎯᎠ ᏂᏧᏪᏎ ᎦᎸᎳᏗ,' in language ''
Empty truth string!
Can't encode transcription: '' in language ''
Encoding of string failed! Failure bytes: 3f
Can't encode transcription: 'ᎢᎳᎪ ᏂᎪᎯᎴᏍᏗ ᎢᏨᏰᎳᏗᏙᎮᏍᏗ?' in language ''
Encoding of string failed! Failure bytes: ea ae a7 e1 8f 97 e1 8f 8d e1 8f 97
Can't encode transcription: 'ᎤᎵᏂᎩᏗᏳ ᎠᎪᏎᎮᏍᏗ ᎤᎵᏍꮧᏗᏍᏗ' in language ''
Encoding of string failed! Failure bytes: 5b e1 8e a3 e1 8e a6 e1 8e b4 e1 8f 85 e1 8f 9b 20 e1 8e a0 e1 8f 8f 20 e1 8f 99 e1 8f a5 e1 8e b4 e1 8f b4 e1 8f 97 2e 5d
Can't encode transcription: '[ᎣᎦᎴᏅᏛ ᎠᏏ ᏙᏥᎴᏴᏗ.]' in language ''
Encoding of string failed! Failure bytes: ea ad b3 e1 8e a8 e1 8f 92 e1 8e a2 3b 20 e1 8e be e1 8f 8d e1 8e a9 e1 8f af 20 e1 8f a5 e1 8f a5 2d
Can't encode transcription: 'ᏣᏘ ᏄᏜᏓᏏᏛᏒᎾꭳᎨᏒᎢ; ᎾᏍᎩᏯ ᏥᏥ-' in language ''
Encoding of string failed! Failure bytes: 34 2e 20 e1 8f 9d e1 8e a9 e1 8f b3 20 e1 8e a4 e1 8f 9b e1 8f 83 e1 8e af 20 e1 8f 95 e1 8e a6 e1 8e b3 e1 8f ab e1 8e a5 20 e1 8e ac e1 8f a9 e1 8f 96 e1 8e b3 e1 8f 97 e1 8f 8d e1 8f 97 e1 8e a2 2c
Can't encode transcription: '4. ᏝᎩᏳ ᎤᏛᏃᎯ ᏕᎦᎳᏫᎥ ᎬᏩᏖᎳᏗᏍᏗᎢ,' in language ''
Encoding of string failed! Failure bytes: 34 2e 20 e1 8f 9d e1 8e a9 e1 8f b3 20 e1 8e a4 e1 8f 9b e1 8f 83 e1 8e af 20 e1 8f 95 e1 8e a6 e1 8e b3 e1 8f ab e1 8e a5 20 e1 8e ac e1 8f a9 e1 8f 96 e1 8e b3 e1 8f 97 e1 8f 8d e1 8f 97 e1 8e a2 2c
Can't encode transcription: '4. ᏝᎩᏳ ᎤᏛᏃᎯ ᏕᎦᎳᏫᎥ ᎬᏩᏖᎳᏗᏍᏗᎢ,' in language ''
Encoding of string failed! Failure bytes: 3f 20 e1 8e a3 e1 8f 8d e1 8f 9b
Can't encode transcription: 'ᏍᏗᏱ ᏂᎨᏒᎾ ᎠᏰᎵ ᎪᏢᏒᎢ? ᎣᏍᏛ' in language ''
At iteration 3474/6100/6728, mean rms=1.133%, delta=3.203%, BCER train=10.378%, BWER train=20.157%, skip ratio=9.400%, New worst BCER = 10.378 wrote checkpoint.
Encoding of string failed! Failure bytes: e1 8f 8b e1 8e a1 20 e1 8f b1 e1 8e a9 2c 20 e1 8e a0 e1 8e a6 e1 8f b4 e1 8e b5 e1 8e a8 e1 8f b0 e1 8f 83 20 e1 8f 94 e1 8e b5 20 e1 8f 85 e1 8f 9b e1 8f 97 e1 8f 95 e1 8e a6 2e
Can't encode transcription: 'ᎠᏋᎡ ᏱᎩ, ᎠᎦᏴᎵᎨᏰᏃ ᏔᎵ ᏅᏛᏗᏕᎦ.' in language ''
Encoding of string failed! Failure bytes: 3f 20 e1 8e a0 e1 8f 99 e1 8e b4 e1 8e b0 e1 8f 8d e1 8e a9 e1 8e a8 3f 20 e1 8e a5 e1 8e a5 20 e1 8f 82 2d
Can't encode transcription: '9. ᎦᏙᎩ ᎢᏣᎦᏔᏅᏎᎢ? ᎠᏙᎴᎰᏍᎩᎨ? ᎥᎥ Ꮒ-' in language ''
Encoding of string failed! Failure bytes: 34 20 e1 8e a0 e1 8f b0 e1 8e b3 e1 8f 8d e1 8f 97 e1 8f 83 2d e1 8e a6 e1 8f 85 e1 8e af e1 8f 9b 20 e1 8f a7 e1 8f 82 e1 8f 85 e1 8e a2 e1 8f 8d e1 8f 99 e1 8f 97
Can't encode transcription: '24 ᎠᏰᎳᏍᏗᏃ-ᎦᏅᎯᏛ ᏧᏂᏅᎢᏍᏙᏗ' in language ''
Encoding of string failed! Failure bytes: 34 20 e1 8e a0 e1 8f 8d e1 8e aa e1 8e af e1 8f 83 20 e1 8e a2 e1 8f af e1 8f 82 e1 8f 9b 20 e1 8e a4 e1 8e be e1 8f 9b e1 8e a6 e1 8f 85 20 e1 8e a4 2d
Can't encode transcription: '24 ᎠᏍᎪᎯᏃ ᎢᏯᏂᏛ ᎤᎾᏛᎦᏅ Ꭴ-' in language ''
Encoding of string failed! Failure bytes: 34 20 e1 8e a2 e1 8f b3 e1 8f 83 20 e1 8e a0 e1 8f 81 e1 8e b2 20 e1 8f 82 e1 8f 93 e1 8e a9 e1 8e b8 e1 8f ab e1 8f 8d e1 8f 93 e1 8f 81 e1 8e b2 e1 8e be
Can't encode transcription: '24 ᎢᏳᏃ ᎠᏁᎲ ᏂᏓᎩᎸᏫᏍᏓᏁᎲᎾ' in language ''
Encoding of string failed! Failure bytes: 34 2e 20 e1 8f 9d e1 8e a9 e1 8f b3 20 e1 8e a4 e1 8f 9b e1 8f 83 e1 8e af ea ae ba 20 e1 8f 95 e1 8e a6 e1 8e b3 e1 8f ab e1 8e a5 20 e1 8e ac e1 8f a9 e1 8f 96 e1 8e b3 e1 8f 97 e1 8f 8d e1 8f 97 e1 8e a2 2c
Can't encode transcription: '4. ᏝᎩᏳ ᎤᏛᏃᎯꮺ ᏕᎦᎳᏫᎥ ᎬᏩᏖᎳᏗᏍᏗᎢ,' in language ''
At iteration 3516/6200/6834, mean rms=1.103%, delta=3.069%, BCER train=10.052%, BWER train=19.393%, skip ratio=9.400%, New worst BCER = 10.052 wrote checkpoint.
Finished! Selected model with minimal training error rate (BCER) = 9.929
