Loaded file training_data/staged_tuning/run_custom_big_lr_big_decay_dr7_mx4_output/chr_checkpoint, unpacking...
Successfully restored trainer from training_data/staged_tuning/run_custom_big_lr_big_decay_dr7_mx4_output/chr_checkpoint
Encoding of string failed! Failure bytes: 34 32 20 e1 8e a0 e1 8e b4 20 e1 8e af e1 8e a0 20 e1 8f 84 e1 8f 82 e1 8f aa e1 8f 8e e1 8e b8 e1 8e a9 20 e1 8e a0 e1 8e a8 e1 8f b4 3b
Can't encode transcription: '42 ᎠᎴ ᎯᎠ ᏄᏂᏪᏎᎸᎩ ᎠᎨᏴ;' in language ''
Encoding of string failed! Failure bytes: 5b e1 8e a3 e1 8e a6 e1 8e b4 e1 8f 85 e1 8f 9b 20 e1 8e a0 e1 8f 8f 20 e1 8f 99 e1 8f a5 e1 8e b4 e1 8f b4 e1 8f 97 2e 5d
Can't encode transcription: '[ᎣᎦᎴᏅᏛ ᎠᏏ ᏙᏥᎴᏴᏗ.]' in language ''
Encoding of string failed! Failure bytes: 3f 20 e1 8e ac e1 8f 82 e1 8f b3 e1 8f 89 20 e1 8f 97 e1 8f a9 e1 8e be e1 8e a8
Can't encode transcription: 'ᏗᏩᎾᎨ ᏧᏄᏩᎢ? ᎬᏂᏳᏉ ᏗᏩᎾᎨ' in language ''
Encoding of string failed! Failure bytes: 3f
Can't encode transcription: 'ᎬᏩᎴᏗ ᎨᏎᏍᏗ?' in language ''
Empty truth string!
Can't encode transcription: '' in language ''
Empty truth string!
Can't encode transcription: '' in language ''
Encoding of string failed! Failure bytes: 34 2e 20 e1 8e a0 e1 8f 8e e1 8f 83 20 e1 8f a3 e1 8f 82 20 e1 8f 9a e1 8e b5 e1 8f ab e1 8f 8e e1 8e b4 e1 8f 89 2c 20 e1 8e a0 e1 8f b4 e1 8f 8d e1 8e a9 e1 8f 82 20 e1 8f b1 e1 8f 8d e1 8f 86 2d
Can't encode transcription: '14. ᎠᏎᏃ ᏣᏂ ᏚᎵᏫᏎᎴᏉ, ᎠᏴᏍᎩᏂ ᏱᏍᏆ-' in language ''
Encoding of string failed! Failure bytes: ea ae ab e1 8e a0 e1 8f b0 e1 8e b5 20 e1 8e a0 e1 8e be e1 8f 93 e1 8f 85 e1 8f 96 e1 8f 8d e1 8e a9 2c
Can't encode transcription: 'ᎤᏂᏁᏨᎯꮫᎠᏰᎵ ᎠᎾᏓᏅᏖᏍᎩ,' in language ''
Encoding of string failed! Failure bytes: ea ae 96 e1 8f 8c e1 8e b6 e1 8e b5 e1 8f 83
Can't encode transcription: 'Ꮵ ᎤᎵᏍᏆᎸᎢᏛᏃ ᎣᏍᏛ ᎢᏳᏅᎾᏕᎩ, ꮖᏌᎶᎵᏃ' in language ''
Encoding of string failed! Failure bytes: 34 36 20 e1 8f a4 e1 8e b5 e1 8e aa e1 8f 83 20 e1 8e a4 e1 8f 82 e1 8e b7 e1 8f a4 e1 8e a2 2c 20 e1 8e a0 e1 8e b4 20 e1 8e be e1 8f 8d e1 8e a9
Can't encode transcription: '46 ᏤᎵᎪᏃ ᎤᏂᎷᏤᎢ, ᎠᎴ ᎾᏍᎩ' in language ''
Encoding of string failed! Failure bytes: ea ae ae e1 8e a0 e1 8e be e1 8f 97 e1 8e ad 2e 20 e1 8f 8f e1 8f b2 e1 8f 8d e1 8f 9b e1 8f 89 e1 8f 83 e1 8f 85 20 e1 8f 82 e1 8e a4 e1 8e b5 e1 8f 8d e1 8f 93 e1 8f 81 e1 8e ad 2c
Can't encode transcription: 'Ꮅ ꮮᎠᎾᏗᎭ. ᏏᏲᏍᏛᏉᏃᏅ ᏂᎤᎵᏍᏓᏁᎭ,' in language ''
At iteration 1705/2700/2997, mean rms=1.293%, delta=3.703%, BCER train=12.990%, BWER train=25.366%, skip ratio=9.900%, New worst BCER = 12.990 wrote checkpoint.
Encoding of string failed! Failure bytes: ea ae a7 31 37 20 e1 8e a4 e1 8f 93 e1 8f 85 e1 8f 96 e1 8e b4 e1 8f 83 20 e1 8e a4 e1 8f a9 e1 8f 92 20 e1 8f a7 e1 8f 93 e1 8f 85 e1 8f 9b e1 8e a2 2c 20 e1 8e af e1 8e a0
Can't encode transcription: 'ꮧ17 ᎤᏓᏅᏖᎴᏃ ᎤᏩᏒ ᏧᏓᏅᏛᎢ, ᎯᎠ' in language ''
Encoding of string failed! Failure bytes: 34 31 20 e1 8f b4 e1 8f ab 20 e1 8e ac e1 8e a9 e1 8e b8 e1 8f 89 e1 8f 97 e1 8f 8d e1 8e ac 20 e1 8e a5 e1 8f 9d 20 e1 8f b1 e1 8f 97 e1 8e a6 e1 8f 93 2d
Can't encode transcription: '41 ᏴᏫ ᎬᎩᎸᏉᏗᏍᎬ ᎥᏝ ᏱᏗᎦᏓ-' in language ''
Encoding of string failed! Failure bytes: 34 20 e1 8e a4 e1 8f ab e1 8f 92 e1 8f 83 20 e1 8e a2 e1 8e a6 e1 8f 9b 20 e1 8f 85 e1 8f 83 e1 8e b1 e1 8e b6 e1 8f 97
Can't encode transcription: '4 ᎤᏫᏒᏃ ᎢᎦᏛ ᏅᏃᎱᎶᏗ' in language ''
Encoding of string failed! Failure bytes: 34 20 e1 8f 95 e1 8e a6 e1 8f 9a e1 8f 93 e1 8f 95 e1 8f ab e1 8f 92 e1 8f b0 e1 8f 83 20 e1 8e a6 e1 8e b6 e1 8f 81 e1 8f 9b 2c 20 e1 8e a2 e1 8f b3 e1 8f 83
Can't encode transcription: '14 ᏕᎦᏚᏓᏕᏫᏒᏰᏃ ᎦᎶᏁᏛ, ᎢᏳᏃ' in language ''
Encoding of string failed! Failure bytes: 34 2e 20 e1 8e a0 e1 8f 8e e1 8f 83 20 e1 8f a3 e1 8f 82 20 e1 8f 9a e1 8e b5 e1 8f ab e1 8f 8e e1 8e b4 e1 8f 89 2c 20 e1 8e a0 e1 8f b4 e1 8f 8d e1 8e a9 e1 8f 82 20 e1 8f b1 e1 8f 8d e1 8f 86 2d
Can't encode transcription: '14. ᎠᏎᏃ ᏣᏂ ᏚᎵᏫᏎᎴᏉ, ᎠᏴᏍᎩᏂ ᏱᏍᏆ-' in language ''
Encoding of string failed! Failure bytes: ea ae 8a 20 e1 8e a2 e1 8e b8 e1 8e af e1 8f b3 20 e1 8f a5 e1 8e a8 e1 8f 92 20 e1 8e a2 e1 8f a3 e1 8f 93 e1 8f a4 e1 8e b5 e1 8f 9b
Can't encode transcription: '10 ᎾᏍᎩꮊ ᎢᎸᎯᏳ ᏥᎨᏒ ᎢᏣᏓᏤᎵᏛ' in language ''
Encoding of string failed! Failure bytes: 34 20 e1 8f 9a e1 8f 82 e1 8f 83 e1 8f 97 2c 20 31 38 32 35 2e
Can't encode transcription: 'ᎢᏤ ᎦᏚᎲ, 14 ᏚᏂᏃᏗ, 1825.' in language ''
Encoding of string failed! Failure bytes: 34 35 20 e1 8e be e1 8f 8d e1 8e a9 e1 8f af e1 8f 83 20 e1 8e af e1 8e a0 20 e1 8f 82 e1 8e ac e1 8f 85 20 e1 8e a6 e1 8f aa e1 8e b3 2c
Can't encode transcription: '45 ᎾᏍᎩᏯᏃ ᎯᎠ ᏂᎬᏅ ᎦᏪᎳ,' in language ''
Encoding of string failed! Failure bytes: ea ae 85 e1 8f a7 e1 8f 88 20 e1 8e a0 e1 8f 95 2d
Can't encode transcription: 'ᏍᎩ ᎤᎾᎫᏴᏓᏁᎮᏍᏗ ᎠᏕᎳᎦᏘᏯ, ᎠᏍᎪᎯꮅᏧᏈ ᎠᏕ-' in language ''
At iteration 1767/2800/3106, mean rms=1.297%, delta=3.779%, BCER train=13.390%, BWER train=25.559%, skip ratio=9.300%, New worst BCER = 13.390 wrote checkpoint.
Finished! Selected model with minimal training error rate (BCER) = 12.561
