Loaded file training_data/staged_tuning/run_custom_big_lr_big_decay_dr7_mx4_output/chr_checkpoint, unpacking...
Successfully restored trainer from training_data/staged_tuning/run_custom_big_lr_big_decay_dr7_mx4_output/chr_checkpoint
Encoding of string failed! Failure bytes: e1 8e ba e1 8f 89 e1 8e af 2c 20 e1 8e a0 e1 8e b4 20 e1 8e a0 e1 8e b9 20 e1 8f 95 e1 8e a6 e1 8f 84 e1 8e aa e1 8e ac e1 8e a2 2e
Can't encode transcription: 'ᎠᎴ ᎠᎺᏉᎯ, ᎠᎴ ᎠᎹ ᏕᎦᏄᎪᎬᎢ.' in language ''
Encoding of string failed! Failure bytes: 3f 20 e1 8e ac e1 8f 85 e1 8f b0 e1 8f 83 20 e1 8e a4 2d
Can't encode transcription: 'ᎮᎵ ᏴᏫ ᎾᎯᏳ ᏤᎮ ᎠᏁᎯ? ᎬᏅᏰᏃ Ꭴ-' in language ''
Encoding of string failed! Failure bytes: 22
Can't encode transcription: 'ᏛᏔᏂ."' in language ''
Encoding of string failed! Failure bytes: e1 8f 8b 20 e1 8e a2 e1 8f 8f e1 8e b5 2e
Can't encode transcription: 'ᎡᎮᎢ ᎬᏂ ᎬᏂᎨᏒ ᏂᏚᏛᏁᏋ ᎢᏏᎵ.' in language ''
Encoding of string failed! Failure bytes: ea ae a2 e1 8f 8d e1 8f 97 e1 8f b1 2e
Can't encode transcription: 'ᏭᏂꮢᏍᏗᏱ.' in language ''
Encoding of string failed! Failure bytes: e1 8f b7 20 e1 8f b1 e1 8f a3 e1 8e aa e1 8e b2
Can't encode transcription: '10 ᎢᏳᏰᏃ ᎩᎶ ᎢᏳᏍ᏷ ᏱᏣᎪᎲ' in language ''
Encoding of string failed! Failure bytes: 49 49 49 2e
Can't encode transcription: 'ᎹᏚ. ᎠᏯᏙᎸᎢ III.' in language ''
Encoding of string failed! Failure bytes: 3f
Can't encode transcription: 'ᏅᏤᎢ?' in language ''
Encoding of string failed! Failure bytes: 49 49 49 2e
Can't encode transcription: 'ᎹᏚ. ᎠᏯᏙᎸᎢ III.' in language ''
Encoding of string failed! Failure bytes: 5b e1 8f a5 e1 8f 8c 5d 20 e1 8f a7 e1 8f b2 e1 8e af e1 8f 8e e1 8f 97 e1 8f b1 2e
Can't encode transcription: 'ᎢᏳᏩᏁᏗᏱ [ᏥᏌ] ᏧᏲᎯᏎᏗᏱ.' in language ''
2 Percent improvement time=190, best error was 19.335 @ 703
At iteration 893/1300/1459, mean rms=1.574%, delta=4.982%, BCER train=17.303%, BWER train=32.647%, skip ratio=13.000%, New best BCER = 17.303 wrote best model:training_data/staged_tuning/run_custom_big_lr_big_decay_dr7_mx4_output/chr_17.303_893_1300.checkpoint wrote checkpoint.
Encoding of string failed! Failure bytes: 5b e1 8e a3 e1 8e a6 e1 8e b4 e1 8f 85 e1 8f 9b 20 e1 8e a0 e1 8f 8f 20 e1 8f 99 e1 8f a5 e1 8e b4 e1 8f b4 e1 8f 97 2e 5d
Can't encode transcription: '[ᎣᎦᎴᏅᏛ ᎠᏏ ᏙᏥᎴᏴᏗ.]' in language ''
Encoding of string failed! Failure bytes: 3f
Can't encode transcription: 'ᏮᏓᏨᎷᏤᎵ?' in language ''
Encoding of string failed! Failure bytes: 34 34 20 e1 8e be e1 8f 8d e1 8e a9 e1 8f 83 20 e1 8f 91 e1 8e be e1 8f 93 e1 8f a1 e1 8e a9 20 e1 8e a0 e1 8e be e1 8e a2 e1 8f 92 20 e1 8e a8 e1 8e b3 e1 8f 97
Can't encode transcription: '44 ᎾᏍᎩᏃ ᏑᎾᏓᏡᎩ ᎠᎾᎢᏒ ᎨᎳᏗ' in language ''
Encoding of string failed! Failure bytes: ea ae a9 e1 8f 85 e1 8f 9b 20 e1 8e a0 e1 8e be
Can't encode transcription: 'ᎤᎾᎫᏴᏗ ᎨᏎᏍᏗ ᏑᏕᏘᏴᏛ, ᎢᏳᏃ ᎢᎬᏪꮩᏅᏛ ᎠᎾ' in language ''
Encoding of string failed! Failure bytes: 3f 20 e1 8e ac e1 8f 82 e1 8f b3 e1 8f 89 20 e1 8f 97 e1 8f a9 e1 8e be e1 8e a8
Can't encode transcription: 'ᏗᏩᎾᎨ ᏧᏄᏩᎢ? ᎬᏂᏳᏉ ᏗᏩᎾᎨ' in language ''
Encoding of string failed! Failure bytes: ea ae b3 2e 20 e1 8e a0 e1 8f 97 e1 8f 80 20 e1 8e a2 e1 8f a3 e1 8f 93 e1 8f 85 e1 8f 96 e1 8f 8d e1 8e a8 e1 8f 8d e1 8f 97 e1 8f 8d e1 8e a9 e1 8f 82
Can't encode transcription: 'ᏂᎨᏒᎾ ᏅᎦᎵᏍᏓꮳ. ᎠᏗᏀ ᎢᏣᏓᏅᏖᏍᎨᏍᏗᏍᎩᏂ' in language ''
Encoding of string failed! Failure bytes: 34 20 e1 8f a5 e1 8f 8c e1 8f 83 20 e1 8e af e1 8e a0 20 e1 8f 84 e1 8f aa e1 8f 8e e1 8e b8 e1 8e a9 3b 20 e1 8e af e1 8e a8 e1 8f b4 20 e1 8e a6 e1 8f 99
Can't encode transcription: '4 ᏥᏌᏃ ᎯᎠ ᏄᏪᏎᎸᎩ; ᎯᎨᏴ ᎦᏙ' in language ''
2 Percent improvement time=249, best error was 19.335 @ 703
At iteration 952/1400/1566, mean rms=1.545%, delta=4.887%, BCER train=16.874%, BWER train=32.137%, skip ratio=12.500%, New best BCER = 16.874 wrote checkpoint.
Finished! Selected model with minimal training error rate (BCER) = 16.874
