Loaded file training_data/staged_tuning/run_custom_big_lr_big_decay_dr7_mx4_output/chr_checkpoint, unpacking...
Successfully restored trainer from training_data/staged_tuning/run_custom_big_lr_big_decay_dr7_mx4_output/chr_checkpoint
Encoding of string failed! Failure bytes: 34 20 e1 8e a2 e1 8e b8 e1 8f 8d e1 8e a9 20 e1 8f 82 e1 8e a6 e1 8e a5 20 e1 8f 9a e1 8e be e1 8f 99 e1 8e a5 20 e1 8f 95 e1 8f a3 e1 8f 8d e1 8f 86 e1 8f 82 e1 8e aa e1 8f 97
Can't encode transcription: '4 ᎢᎸᏍᎩ ᏂᎦᎥ ᏚᎾᏙᎥ ᏕᏣᏍᏆᏂᎪᏗ' in language ''
Encoding of string failed! Failure bytes: ea ae aa e1 8f 82 e1 8f 95 e1 8e be 20 e1 8e a8 e1 8f 8e 20 e1 8e a2 e1 8e a6 2c 20 e1 8e ac e1 8f a9 2d
Can't encode transcription: '35 ᎿᎭᏉᏃ ᎤᎶꮪᏂᏕᎾ ᎨᏎ ᎢᎦ, ᎬᏩ-' in language ''
Encoding of string failed! Failure bytes: 34 20 e1 8f 9a e1 8f 82 e1 8f 83 e1 8f 97 2c 20 31 38 32 35 2e
Can't encode transcription: 'ᎢᏤ ᎦᏚᎲ, 14 ᏚᏂᏃᏗ, 1825.' in language ''
Encoding of string failed! Failure bytes: 34 2e 20 e1 8f 80 e1 8f 8d e1 8e a9 e1 8f 83 20 e1 8e af e1 8e a0 20 e1 8f a3 e1 8f 82 20 e1 8e a4 e1 8f 85 e1 8f a9 e1 8e a1 20 e1 8f 90 e1 8f 88 e1 8e b5 20 e1 8e a6 e1 8f 90 e1 8f 86 e1 8f 97 20 e1 8e a4 2d
Can't encode transcription: '4. ᏀᏍᎩᏃ ᎯᎠ ᏣᏂ ᎤᏅᏩᎡ ᏐᏈᎵ ᎦᏐᏆᏗ Ꭴ-' in language ''
Encoding of string failed! Failure bytes: ea ae ab e1 8f 94 e1 8f 81 e1 8e a2 2e
Can't encode transcription: 'ᎬᏩᏥᏍᏓᎷᎩᏍᎩ ᏄᎵᏍꮫᏔᏁᎢ.' in language ''
Encoding of string failed! Failure bytes: 3f
Can't encode transcription: 'ᎦᏚᏏ ᏳᏲᎰ ᎤᎴᏲᎡᎸᎯ?' in language ''
Encoding of string failed! Failure bytes: 34 30 20 e1 8e be e1 8f 8d e1 8e a9 e1 8f 83 20 e1 8e a4 e1 8f b2 20 e1 8f a3 e1 8f 82 e1 8f 9f e1 8f 8f e1 8f 8d e1 8e aa 20 e1 8e a0 e1 8e b4 20 e1 8f a3 e1 8e be 2d
Can't encode transcription: '40 ᎾᏍᎩᏃ ᎤᏲ ᏣᏂᏟᏏᏍᎪ ᎠᎴ ᏣᎾ-' in language ''
Encoding of string failed! Failure bytes: 3f 20 e1 8e a0 e1 8f 99 e1 8e b4 e1 8e b0 e1 8f 8d e1 8e a9 e1 8e a8 3f 20 e1 8e a5 e1 8e a5 20 e1 8f 82 2d
Can't encode transcription: '9. ᎦᏙᎩ ᎢᏣᎦᏔᏅᏎᎢ? ᎠᏙᎴᎰᏍᎩᎨ? ᎥᎥ Ꮒ-' in language ''
Encoding of string failed! Failure bytes: 3f 20 e1 8e a0 e1 8e b4 20 e1 8f 97 e1 8e a6 e1 8f b0 2d
Can't encode transcription: 'ᎾᏍᎩ ᎠᏆᏗᏔᏍᏗ ᏥᎩ? ᎠᎴ ᏗᎦᏰ-' in language ''
Encoding of string failed! Failure bytes: 34 20 e1 8f 85 e1 8f 93 e1 8f 95 e1 8f 86 2c 20 31 38 32 35 2e
Can't encode transcription: 'ᎢᏦᏗ, 14 ᏅᏓᏕᏆ, 1825.' in language ''
Encoding of string failed! Failure bytes: 34 2e 20 e1 8f a5 e1 8f 8c e1 8f 83 20 e1 8e a4 e1 8f 81 e1 8f a8 20 e1 8e af e1 8e a0 20 e1 8f 82 e1 8f 9a e1 8f aa e1 8f 8e e1 8e b8 e1 8e a9 3b 20 e1 8f a5 e1 8f 8d e1 8f 95 e1 8e be 20 e1 8f a3 e1 8f 82
Can't encode transcription: '4. ᏥᏌᏃ ᎤᏁᏨ ᎯᎠ ᏂᏚᏪᏎᎸᎩ; ᏥᏍᏕᎾ ᏣᏂ' in language ''
Encoding of string failed! Failure bytes: 34 32 20 e1 8e a0 e1 8f 82 e1 8f 90 e1 8e a2 20 e1 8f 93 e1 8f 8d e1 8f 95 e1 8e b5 e1 8f 8d e1 8e ac e1 8e a9 2c 20 e1 8e a4 e1 8f a9 e1 8f 92 2d
Can't encode transcription: '42 ᎠᏂᏐᎢ ᏓᏍᏕᎵᏍᎬᎩ, ᎤᏩᏒ-' in language ''
Encoding of string failed! Failure bytes: 5b e1 8e a4 e1 8f 81 e1 8e b3 e1 8f 85 e1 8e af 5d 20 e1 8f a7 e1 8f a4 e1 8e b5 e1 8e a6
Can't encode transcription: '3 ᎠᎴ ᏕᏥᎦᏘᏴ [ᎤᏁᎳᏅᎯ] ᏧᏤᎵᎦ' in language ''
Encoding of string failed! Failure bytes: 3f
Can't encode transcription: 'ᎾᏍᎩ ᎤᏄᏓᎴᏍᎩ?' in language ''
At iteration 3292/5700/6296, mean rms=1.206%, delta=3.407%, BCER train=11.723%, BWER train=22.502%, skip ratio=10.600%, New worst BCER = 11.723 wrote checkpoint.
Encoding of string failed! Failure bytes: 34 2e 20 e1 8f 9d e1 8e a9 e1 8f b3 20 e1 8e a4 e1 8f 9b e1 8f 83 e1 8e af 20 e1 8f 95 e1 8e a6 e1 8e b3 e1 8f ab e1 8e a5 20 e1 8e ac e1 8f a9 e1 8f 96 e1 8e b3 e1 8f 97 e1 8f 8d e1 8f 97 e1 8e a2 2c
Can't encode transcription: '4. ᏝᎩᏳ ᎤᏛᏃᎯ ᏕᎦᎳᏫᎥ ᎬᏩᏖᎳᏗᏍᏗᎢ,' in language ''
Encoding of string failed! Failure bytes: ea ad b5 20 e1 8e a4 e1 8f 82 e1 8f 81 e1 8f a8 e1 8e a2 20 e1 8e a4 e1 8e be e1 8e b5 e1 8f b1 e1 8e b5 e1 8f 95 e1 8f 97 20 e1 8e a8 e1 8f 8e e1 8f 8d e1 8f 97 20 e1 8f 80 e1 8e bf
Can't encode transcription: 'ᏧᏂᏅᏂᏐᏗꭵ ᎤᏂᏁᏨᎢ ᎤᎾᎵᏱᎵᏕᏗ ᎨᏎᏍᏗ ᏀᎿ' in language ''
Encoding of string failed! Failure bytes: 3f
Can't encode transcription: 'ᎢᏧᎳ ᎠᏔᎴᏒ ᏱᏙᎬᏂᎸᎩ?' in language ''
Encoding of string failed! Failure bytes: 34 20 e1 8e a8 e1 8f 86 e1 8f 82 e1 8f 83 20 e1 8e a4 e1 8f 82 e1 8e b7 e1 8f a8 20 e1 8e a0 e1 8f b0 e1 8e b5 20 e1 8e a0 e1 8f 95 e1 8e b8
Can't encode transcription: '24 ᎨᏆᏂᏃ ᎤᏂᎷᏨ ᎠᏰᎵ ᎠᏕᎸ' in language ''
Encoding of string failed! Failure bytes: ea ae ba 2e
Can't encode transcription: 'Ꮢꮺ.' in language ''
Encoding of string failed! Failure bytes: 34 37 20 e1 8e a0 e1 8e a8 e1 8f b0 e1 8f 83 20 e1 8e a4 e1 8f 99 e1 8e b4 e1 8e b0 e1 8f 92 20 e1 8f 84 e1 8f 97 e1 8f 8d e1 8e a6 e1 8e b8 e1 8e be 20 e1 8e a8 2d
Can't encode transcription: '47 ᎠᎨᏰᏃ ᎤᏙᎴᎰᏒ ᏄᏗᏍᎦᎸᎾ Ꭸ-' in language ''
Encoding of string failed! Failure bytes: 22
Can't encode transcription: 'ᎦᏍᎩᎶ ᏂᎦᏥᏴᏁᎸᎭ."' in language ''
Encoding of string failed! Failure bytes: 34 20 e1 8e a4 e1 8e ac e1 8f ab e1 8f b3 e1 8e af e1 8f 8d e1 8e a9 e1 8f 82 20 e1 8f a5 e1 8f 8c 20 e1 8e a6 e1 8e b6 e1 8f 81 e1 8f 9b
Can't encode transcription: '14 ᎤᎬᏫᏳᎯᏍᎩᏂ ᏥᏌ ᎦᎶᏁᏛ' in language ''
Encoding of string failed! Failure bytes: ea ae ad 20 e1 8e a4 e1 8f 82 2d
Can't encode transcription: 'ᏍᏓᏴᏗᏍᎬᎾᏃ ᎨᏐ ᎤᏅᏗ Ꭰꮭ ᎤᏂ-' in language ''
Encoding of string failed! Failure bytes: ea ae 83 e1 8f 8e e1 8e b8 e1 8e a9 3b
Can't encode transcription: 'ᏪꮃᏎᎸᎩ;' in language ''
At iteration 3334/5800/6406, mean rms=1.168%, delta=3.229%, BCER train=11.043%, BWER train=21.175%, skip ratio=10.700%, New worst BCER = 11.043 wrote checkpoint.
Finished! Selected model with minimal training error rate (BCER) = 9.929
