Loaded file training_data/staged_tuning/run_custom_big_lr_big_decay_dr7_mx4_output/chr_checkpoint, unpacking...
Successfully restored trainer from training_data/staged_tuning/run_custom_big_lr_big_decay_dr7_mx4_output/chr_checkpoint
Encoding of string failed! Failure bytes: 3f
Can't encode transcription: 'ᎭᏤᎸᏍᎦ?' in language ''
Encoding of string failed! Failure bytes: ea ae 9f 20 e1 8e a5 e1 8f 9d e1 8f b0 e1 8f 83 20 e1 8f b0 e1 8e ad 20 e1 8e a9 e1 8e b6 20 e1 8f 93 e1 8f 86 2d
Can't encode transcription: 'ᎡᏥᏅᏍᏓᏕᎸᎩꮟ ᎥᏝᏰᏃ ᏰᎭ ᎩᎶ ᏓᏆ-' in language ''
Encoding of string failed! Failure bytes: ea ad ba e1 8e bf e1 8f 83 20 e1 8e a0 e1 8f 82 e1 8f b2 e1 8e af e1 8e ae e1 8f 8d e1 8f 97 20 e1 8f 95 e1 8e a8 e1 8e ab e1 8e aa e1 8f 93 2d
Can't encode transcription: ', ᎠᎴ ᎤᏂᏲᏠᎯᏎᎲ. ᏀꭺᎿᏃ ᎠᏂᏲᎯᎮᏍᏗ ᏕᎨᎫᎪᏓ-' in language ''
Encoding of string failed! Failure bytes: ea ad b3 e1 8f 82 20 e1 8e ab e1 8f ab e1 8f 8d e1 8e ab e1 8f ab 2c 20 e1 8f 97 e1 8f 86 e1 8f 93 e1 8f 98 e1 8f 80 e1 8e a2 20 e1 8e a0 e1 8f b0 e1 8e b5 20 e1 8e a7 e1 8e bb e1 8f 98 2e
Can't encode transcription: 'ꭳᏂ ᎫᏫᏍᎫᏫ, ᏗᏆᏓᏘᏀᎢ ᎠᏰᎵ ᎧᎻᏘ.' in language ''
Encoding of string failed! Failure bytes: ea ae b6 e1 8e be e1 8f 99 e1 8e b4 e1 8e b0 e1 8f 8d e1 8e a9 20 e1 8e a8 e1 8f 92 e1 8e a2 2e
Can't encode transcription: 'ꮶᎾᏙᎴᎰᏍᎩ ᎨᏒᎢ.' in language ''
Empty truth string!
Can't encode transcription: '' in language ''
Encoding of string failed! Failure bytes: 5b e1 8e a3 e1 8e a6 e1 8e b4 e1 8f 85 e1 8f 9b 20 e1 8e a0 e1 8f 8f 20 e1 8f 99 e1 8f a5 e1 8e b4 e1 8f b4 e1 8f 97 2e 5d
Can't encode transcription: '[ᎣᎦᎴᏅᏛ ᎠᏏ ᏙᏥᎴᏴᏗ.]' in language ''
Encoding of string failed! Failure bytes: ea ae ab e1 8e a4 e1 8f a9 e1 8f 92 20 e1 8f 85 e1 8f a9 e1 8f 99 e1 8e af e1 8f af e1 8f 9b
Can't encode transcription: '23 ᎤᏁᎳᏅᎯᏃꮫᎤᏩᏒ ᏅᏩᏙᎯᏯᏛ' in language ''
Encoding of string failed! Failure bytes: ea ae a1 20 e1 8e a8 e1 8f 92 20 e1 8e a2 2d
Can't encode transcription: 'ᏍᎩ ᎬᏩᏕᎰᎯᏍᏗ ᏱᎩ ᏄᎲꮡ ᎨᏒ Ꭲ-' in language ''
Encoding of string failed! Failure bytes: 34 35 20 e1 8e bf e1 8e ad e1 8f 89 e1 8f 83 20 e1 8e a0 e1 8f 8f e1 8f b4 e1 8f ab 20 e1 8f 97 e1 8e a7 e1 8e bf e1 8e ad e1 8f a9 e1 8f 9b e1 8f 8d e1 8f 97
Can't encode transcription: '45 ᎿᎭᏉᏃ ᎠᏏᏴᏫ ᏗᎧᎿᎭᏩᏛᏍᏗ' in language ''
Encoding of string failed! Failure bytes: 3f 20 e1 8f a5 e1 8e aa e1 8e a8 20 e1 8e a2 e1 8f a5 2d
Can't encode transcription: 'ᎠᎴ ᎢᏔᏗᏔᏍᏗᏱ? ᏥᎪᎨ ᎢᏥ-' in language ''
Encoding of string failed! Failure bytes: ea ae a8 e1 8e b8 e1 8e af 20 e1 8e a8 e1 8e a6 e1 8e ab e1 8f b4 e1 8e a1 e1 8e ae e1 8f 8d e1 8f 97 2e
Can't encode transcription: 'ᎸᎯ ᎢᎨᏎᏍᏗ ᏧᏁᎳ ᎠᏕꮨᎸᎯ ᎨᎦᎫᏴᎡᎮᏍᏗ.' in language ''
Encoding of string failed! Failure bytes: ea ae b8 e1 8e a6 20 e1 8e a0 e1 8f 9b e1 8f 85 e1 8e a2 2d
Can't encode transcription: 'ᏍᏙᏗᏍᎬᎩ ᎠᏂᏧᏏ ᎤᎾᏤᎵꮸᎦ ᎠᏛᏅᎢ-' in language ''
Encoding of string failed! Failure bytes: 34 2e 20 e1 8f 9d e1 8e a9 e1 8f b3 20 e1 8e a4 e1 8f 9b e1 8f 83 e1 8e af 20 e1 8f 95 e1 8e a6 e1 8e b3 e1 8f ab e1 8e a5 20 e1 8e ac e1 8f a9 e1 8f 96 e1 8e b3 e1 8f 97 e1 8f 8d e1 8f 97 e1 8e a2 2c
Can't encode transcription: '4. ᏝᎩᏳ ᎤᏛᏃᎯ ᏕᎦᎳᏫᎥ ᎬᏩᏖᎳᏗᏍᏗᎢ,' in language ''
Encoding of string failed! Failure bytes: 34 20 e1 8f 9a e1 8f 82 e1 8f 83 e1 8f 97 2c 20 31 38 32 35 2e
Can't encode transcription: 'ᎢᏤ ᎦᏚᎲ, 14 ᏚᏂᏃᏗ, 1825.' in language ''
2 Percent improvement time=152, best error was 30.993 @ 87
At iteration 239/300/329, mean rms=1.973%, delta=7.092%, BCER train=23.740%, BWER train=41.755%, skip ratio=9.667%, New best BCER = 23.740 wrote best model:training_data/staged_tuning/run_custom_big_lr_big_decay_dr7_mx4_output/chr_23.740_239_300.checkpoint wrote checkpoint.
Encoding of string failed! Failure bytes: e1 8e ba e1 8f 85 2e
Can't encode transcription: 'ᏂᏥᎥᎢ. ᎡᎺᏅ.' in language ''
Encoding of string failed! Failure bytes: ea ae b1 20 e1 8e a0 e1 8f 93 e1 8f 81 e1 8e af
Can't encode transcription: '20 ᎾᏍᎩ Ꮎ ᎢᏤ ᎠᎴ ᎬᏂᏛꮱ ᎠᏓᏁᎯ' in language ''
Encoding of string failed! Failure bytes: 34 35 20 e1 8e a0 e1 8e b4 20 e1 8e be e1 8f 8d e1 8f 89 20 e1 8e a6 e1 8e b8 e1 8e b3 e1 8f 97 20 e1 8e a1 e1 8e af 20 e1 8e a4 e1 8e ac 2d
Can't encode transcription: '45 ᎠᎴ ᎾᏍᏉ ᎦᎸᎳᏗ ᎡᎯ ᎤᎬ-' in language ''
Encoding of string failed! Failure bytes: ea ae 8b 31 20 e1 8e be 2d 20 e1 8f 8d e1 8e a9 20 e1 8e bb e1 8e b5 e1 8e a0 20 e1 8e a4 e1 8f aa e1 8f a5 20 e1 8e a8 e1 8f 8e e1 8e a2 2c
Can't encode transcription: 'ꮋ1 Ꮎ- ᏍᎩ ᎻᎵᎠ ᎤᏪᏥ ᎨᏎᎢ,' in language ''
Encoding of string failed! Failure bytes: 34 20 e1 8f 85 e1 8f 93 e1 8f 95 e1 8f 86 2c 20 31 38 32 35 2e
Can't encode transcription: 'ᎢᏦᏗ, 14 ᏅᏓᏕᏆ, 1825.' in language ''
Encoding of string failed! Failure bytes: 5b e1 8f ab e1 8f a5 e1 8e aa e1 8e a5 e1 8e a9 5d 20 e1 8e a0 e1 8e b4 20 e1 8e be e1 8e bf e1 8e ad e1 8e a4 e1 8e a9 e1 8e b5
Can't encode transcription: 'ᎤᏁᎬ ᏐᏈᎵ [ᏫᏥᎪᎥᎩ] ᎠᎴ ᎾᎿᎭᎤᎩᎵ' in language ''
Encoding of string failed! Failure bytes: 3f
Can't encode transcription: 'ᏅᏩᏓᎴ ᏫᏤᎵᎯᏍᎪᎢ?' in language ''
Encoding of string failed! Failure bytes: 56 2e
Can't encode transcription: 'ᎹᏚ. ᎠᏯᏙᎸᎢ V.' in language ''
Encoding of string failed! Failure bytes: ea ae b5 20 e1 8e a0 e1 8e a9 e1 8e b7 e1 8f a4 e1 8f 97 e1 8f b1 3b
Can't encode transcription: 'ᏂᎩᏍᏔᏅᎭ, ᎾᏍᎩ ᎠᏴꮵ ᎠᎩᎷᏤᏗᏱ;' in language ''
Encoding of string failed! Failure bytes: 3f 20 e1 8f 82 e1 8e af 20 e1 8f 97 e1 8f 93 e1 8f 82 e1 8f 90 e1 8f 97 e1 8f b1 20 e1 8e a8 2d
Can't encode transcription: 'ᏓᏨᏯᏍᏗᎨᏒᎢ? ᏂᎯ ᏗᏓᏂᏐᏗᏱ Ꭸ-' in language ''
Encoding of string failed! Failure bytes: ea ad be 2e
Can't encode transcription: 'ᏴᎵᎨᎢꭾ.' in language ''
Encoding of string failed! Failure bytes: e1 8e bc e1 8f 8f 20 e1 8e a2 e1 8e a9 e1 8f 81 e1 8e b8 e1 8e af 2e
Can't encode transcription: 'ᏓᏍᏗ ᎾᏍᎩ ᎼᏏ ᎢᎩᏁᎸᎯ.' in language ''
2 Percent improvement time=147, best error was 25.415 @ 165
At iteration 312/400/441, mean rms=1.920%, delta=6.778%, BCER train=22.898%, BWER train=40.292%, skip ratio=10.250%, New best BCER = 22.898 wrote best model:training_data/staged_tuning/run_custom_big_lr_big_decay_dr7_mx4_output/chr_22.898_312_400.checkpoint wrote checkpoint.
Finished! Selected model with minimal training error rate (BCER) = 22.898
