Loaded file training_data/staged_tuning/run_custom_big_lr_big_decay_dr7_mx4_output/chr_checkpoint, unpacking...
Successfully restored trainer from training_data/staged_tuning/run_custom_big_lr_big_decay_dr7_mx4_output/chr_checkpoint
Encoding of string failed! Failure bytes: e1 8e ba e1 8e b5 20 e1 8e a4 e1 8f b2 e1 8e b5 e1 8e b2 e1 8e a2 2c 20 e1 8e a0 e1 8f b2 e1 8e b5 20 e1 8e a6 e1 8f 81 e1 8e b5 e1 8f 92
Can't encode transcription: 'ᎤᏛᎦᏅ ᎺᎵ ᎤᏲᎵᎲᎢ, ᎠᏲᎵ ᎦᏁᎵᏒ' in language ''
Encoding of string failed! Failure bytes: 5b e1 8e a3 e1 8e a6 e1 8e b4 e1 8f 85 e1 8f 9b 20 e1 8e a0 e1 8f 8f 20 e1 8f 99 e1 8f a5 e1 8e b4 e1 8f b4 e1 8f 97 2e 5d
Can't encode transcription: '[ᎣᎦᎴᏅᏛ ᎠᏏ ᏙᏥᎴᏴᏗ.]' in language ''
Encoding of string failed! Failure bytes: 5b e1 8e a3 e1 8e a6 e1 8e b4 e1 8f 85 e1 8f 9b 20 e1 8e a0 e1 8f 8f 20 e1 8f 99 e1 8f a5 e1 8e b4 e1 8f b4 e1 8f 97 2e 5d
Can't encode transcription: '[ᎣᎦᎴᏅᏛ ᎠᏏ ᏙᏥᎴᏴᏗ.]' in language ''
Encoding of string failed! Failure bytes: 3f
Can't encode transcription: 'ᎵᎭ ᏗᏤᏥ Ꮎ- ᏍᎩ ᏓᏂᏄᎪᏫᏍᎬᎢ?' in language ''
Encoding of string failed! Failure bytes: 34 20 e1 8e a4 e1 8f 81 e1 8e b3 e1 8f 85 e1 8e af e1 8f 8d e1 8e a9 e1 8f 82 20 e1 8f b0 e1 8e b5 e1 8f 89 20 e1 8f a7 e1 8f b0 e1 8e b8 e1 8f 85
Can't encode transcription: '4 ᎤᏁᎳᏅᎯᏍᎩᏂ ᏰᎵᏉ ᏧᏰᎸᏅ' in language ''
Encoding of string failed! Failure bytes: ea ae b6 e1 8e a9 e1 8f 83 20 e1 8f a7 e1 8e ac e1 8f a9 e1 8e b6 e1 8f 97 20 e1 8f a7 e1 8e be e1 8f 93 e1 8f 83 e1 8f 93 e1 8f 81 e1 8e b8 e1 8e af 20 e1 8e a0 e1 8f 99 e1 8e b7 e1 8f a9 e1 8f 98 e1 8f 8d e1 8e a8 e1 8f 8d e1 8f 97
Can't encode transcription: 'ᏀᏍꮶᎩᏃ ᏧᎬᏩᎶᏗ ᏧᎾᏓᏃᏓᏁᎸᎯ ᎠᏙᎷᏩᏘᏍᎨᏍᏗ' in language ''
Encoding of string failed! Failure bytes: 34 20 e1 8f 9a e1 8f 82 e1 8f 83 e1 8f 97 2c 20 31 38 32 35 2e
Can't encode transcription: 'ᎢᏤ ᎦᏚᎲ, 14 ᏚᏂᏃᏗ, 1825.' in language ''
Encoding of string failed! Failure bytes: 3f 20 e1 8e a0 e1 8f 99 e1 8e b4 e1 8e b0 e1 8f 8d e1 8e a9 e1 8e a8 3f 20 e1 8e a5 e1 8e a5 20 e1 8f 82 2d
Can't encode transcription: '9. ᎦᏙᎩ ᎢᏣᎦᏔᏅᏎᎢ? ᎠᏙᎴᎰᏍᎩᎨ? ᎥᎥ Ꮒ-' in language ''
Encoding of string failed! Failure bytes: 34 20 e1 8f 85 e1 8f 93 e1 8f 95 e1 8f 86 2c 20 31 38 32 35 2e
Can't encode transcription: 'ᎢᏦᏗ, 14 ᏅᏓᏕᏆ, 1825.' in language ''
Encoding of string failed! Failure bytes: ea ae 87 e1 8e a4 e1 8f 82 e1 8f 94 e1 8f b2 e1 8e b4 20 e1 8e a4 e1 8e ac e1 8f ab e1 8f b3 e1 8e af 3b 20 e1 8e a4 2d
Can't encode transcription: '21 ᎿᎭᏉᏃ ꮇᎤᏂᏔᏲᎴ ᎤᎬᏫᏳᎯ; Ꭴ-' in language ''
Empty truth string!
Can't encode transcription: '' in language ''
Encoding of string failed! Failure bytes: 34 20 e1 8e a9 e1 8e b6 e1 8f b0 e1 8f 83 20 e1 8e a2 e1 8f a5 e1 8e b7 e1 8f a4 e1 8e af 20 e1 8f 85 e1 8f a9 e1 8f 93 e1 8e b4 20 e1 8f a5 e1 8f 8c
Can't encode transcription: '4 ᎩᎶᏰᏃ ᎢᏥᎷᏤᎯ ᏅᏩᏓᎴ ᏥᏌ' in language ''
At iteration 1942/3100/3435, mean rms=1.281%, delta=3.602%, BCER train=12.643%, BWER train=24.513%, skip ratio=10.000%, New worst BCER = 12.643 wrote checkpoint.
Encoding of string failed! Failure bytes: 5b e1 8e be e1 8f 8d e1 8e a9 20 e1 8e a4 e1 8f af e1 8f 85 e1 8e ae e1 8e a2 2e 5d
Can't encode transcription: 'ᎢᎦ ᏍᏆᏕᎲᏏ, [ᎾᏍᎩ ᎤᏯᏅᎮᎢ.]' in language ''
Encoding of string failed! Failure bytes: 3f
Can't encode transcription: 'ᎡᎲᎢ?' in language ''
Encoding of string failed! Failure bytes: e1 8f 8b e1 8f 92 e1 8e af e1 8f b3 20 e1 8e a0 e1 8f 86 e1 8e b5 e1 8f 83 2d
Can't encode transcription: 'ᏚᏂᏲᏍᏔᏅ; ᎠᎴ ᎠᏋᏒᎯᏳ ᎠᏆᎵᏃ-' in language ''
Encoding of string failed! Failure bytes: 34 20 e1 8e a5 e1 8f 9d e1 8f b0 e1 8f 83 20 e1 8e a9 e1 8e b6 20 e1 8e a0 e1 8f a5 e1 8e a6 e1 8f 94 e1 8e af 20 e1 8e a2 e1 8f b3 e1 8e b5 e1 8f 8d e1 8f 99 2d
Can't encode transcription: '4 ᎥᏝᏰᏃ ᎩᎶ ᎠᏥᎦᏔᎯ ᎢᏳᎵᏍᏙ-' in language ''
Encoding of string failed! Failure bytes: 34 20 e1 8e a5 e1 8f 9d 20 e1 8e a0 e1 8f 8f 20 e1 8e a2 e1 8f a5 e1 8e a9 e1 8e ac 20 e1 8e a4 e1 8f a8 e1 8e a2 e1 8f 8d e1 8f 97 e1 8f b1 20 e1 8e a2 e1 8f b4 e1 8f 9b
Can't encode transcription: '4 ᎥᏝ ᎠᏏ ᎢᏥᎩᎬ ᎤᏨᎢᏍᏗᏱ ᎢᏴᏛ' in language ''
Encoding of string failed! Failure bytes: 3f
Can't encode transcription: 'ᏱᏗᎦᏚᎵ ᎠᏂᏃᎮᏍᎩ?' in language ''
Encoding of string failed! Failure bytes: 34 2e 20 e1 8e a0 e1 8f 8e e1 8f 83 20 e1 8f a3 e1 8f 82 20 e1 8f 9a e1 8e b5 e1 8f ab e1 8f 8e e1 8e b4 e1 8f 89 2c 20 e1 8e a0 e1 8f b4 e1 8f 8d e1 8e a9 e1 8f 82 20 e1 8f b1 e1 8f 8d e1 8f 86 2d
Can't encode transcription: '14. ᎠᏎᏃ ᏣᏂ ᏚᎵᏫᏎᎴᏉ, ᎠᏴᏍᎩᏂ ᏱᏍᏆ-' in language ''
Encoding of string failed! Failure bytes: e1 8f 8b e1 8e a6 2e
Can't encode transcription: 'ᏚᎸᏫᏍᏓᏏ ᏥᎾᏋᎦ.' in language ''
At iteration 1992/3200/3543, mean rms=1.303%, delta=3.682%, BCER train=12.865%, BWER train=24.906%, skip ratio=9.600%, New worst BCER = 12.865 wrote checkpoint.
Finished! Selected model with minimal training error rate (BCER) = 12.561
