Loaded file training_data/staged_tuning/run_custom_big_lr_big_decay_dr7_mx4_output/chr_checkpoint, unpacking...
Successfully restored trainer from training_data/staged_tuning/run_custom_big_lr_big_decay_dr7_mx4_output/chr_checkpoint
Encoding of string failed! Failure bytes: 3f
Can't encode transcription: 'ᎲᎦ ᎠᏴ ᏥᏁᎬᎢ?' in language ''
Encoding of string failed! Failure bytes: 34 20 e1 8e a2 e1 8f b3 e1 8f 83 20 ea ae 84 e1 8e a6 e1 8f 93 e1 8e ad 20 e1 8e a0 e1 8f 93 e1 8f 85 e1 8f 99 20 e1 8f b4 e1 8f ab 20 e1 8e a4 e1 8f 84 2d
Can't encode transcription: '24 ᎢᏳᏃ ꮄᎦᏓᎭ ᎠᏓᏅᏙ ᏴᏫ ᎤᏄ-' in language ''
Empty truth string!
Can't encode transcription: '' in language ''
Encoding of string failed! Failure bytes: 3f
Can't encode transcription: 'ᏳᏬᏢᏁᎢ?' in language ''
Encoding of string failed! Failure bytes: 3f
Can't encode transcription: 'ᏓᏳᏓᎴᏅᏛ?' in language ''
Encoding of string failed! Failure bytes: 5b e1 8e a3 e1 8e a6 e1 8e b4 e1 8f 85 e1 8f 9b 20 e1 8e a0 e1 8f 8f 20 e1 8f 99 e1 8f a5 e1 8e b4 e1 8f b4 e1 8f 97 2e 5d
Can't encode transcription: '[ᎣᎦᎴᏅᏛ ᎠᏏ ᏙᏥᎴᏴᏗ.]' in language ''
Encoding of string failed! Failure bytes: 34 20 e1 8f 9a e1 8f 82 e1 8f 83 e1 8f 97 2c 20 31 38 32 35 2e
Can't encode transcription: 'ᎢᏤ ᎦᏚᎲ, 14 ᏚᏂᏃᏗ, 1825.' in language ''
2 Percent improvement time=249, best error was 20.715 @ 518
At iteration 767/1100/1233, mean rms=1.638%, delta=5.254%, BCER train=18.320%, BWER train=33.824%, skip ratio=12.700%, New best BCER = 18.320 wrote best model:training_data/staged_tuning/run_custom_big_lr_big_decay_dr7_mx4_output/chr_18.320_767_1100.checkpoint wrote checkpoint.
Encoding of string failed! Failure bytes: 3f
Can't encode transcription: 'ᏓᏥᏴᏁᎵ ᏥᏌ, ᎦᎶᏁᏛ ᏣᏃᏎᎰᎢ?' in language ''
Encoding of string failed! Failure bytes: e1 8e bc e1 8f 8f 20 e1 8e a2 e1 8e a9 e1 8f 81 e1 8e b8 e1 8e af 2e
Can't encode transcription: 'ᏓᏍᏗ ᎾᏍᎩ ᎼᏏ ᎢᎩᏁᎸᎯ.' in language ''
Encoding of string failed! Failure bytes: 3f 20 e1 8e a0 e1 8f 99 e1 8e b4 e1 8e b0 e1 8f 8d e1 8e a9 e1 8e a8 3f 20 e1 8e a5 e1 8e a5 20 e1 8f 82 2d
Can't encode transcription: '9. ᎦᏙᎩ ᎢᏣᎦᏔᏅᏎᎢ? ᎠᏙᎴᎰᏍᎩᎨ? ᎥᎥ Ꮒ-' in language ''
Encoding of string failed! Failure bytes: ea ad bf e1 8e ab e1 8f b1 e1 8f 8d e1 8e a9 20 20 e1 8f 80 e1 8f 8d e1 8e a9 20 e1 8e a4 e1 8f a4 e1 8e b5 20 e1 8f 82 e1 8e a6 e1 8e b5 e1 8f 8d e1 8f 97 e1 8f 8d e1 8e a8 e1 8f 8d e1 8f 97 2c
Can't encode transcription: 'ᎤᏗᏢ ꭿᎫᏱᏍᎩ  ᏀᏍᎩ ᎤᏤᎵ ᏂᎦᎵᏍᏗᏍᎨᏍᏗ,' in language ''
Encoding of string failed! Failure bytes: ea ae b9 e1 8f b1 20 e1 8e a0 e1 8e b4 20 e1 8e a8 e1 8e b4 e1 8f 8f e1 8f b1 2c
Can't encode transcription: '6 ᎤᏂᎶᏐᏅᏃ ᏈꮹᏱ ᎠᎴ ᎨᎴᏏᏱ,' in language ''
Encoding of string failed! Failure bytes: 3f 20 e1 8e a0 e1 8f 99 e1 8e b4 e1 8e b0 e1 8f 8d e1 8e a9 e1 8e a8 3f 20 e1 8e a5 e1 8e a5 20 e1 8f 82 2d
Can't encode transcription: '9. ᎦᏙᎩ ᎢᏣᎦᏔᏅᏎᎢ? ᎠᏙᎴᎰᏍᎩᎨ? ᎥᎥ Ꮒ-' in language ''
Encoding of string failed! Failure bytes: 34 20 e1 8e be e1 8f 8d e1 8e a9 20 e1 8e a1 e1 8f a5 e1 8e b7 e1 8f a4 e1 8e b2 e1 8e a2 2c 20 e1 8e be e1 8f 8d e1 8e a9 20 e1 8e ac e1 8f 83 e1 8f 9b
Can't encode transcription: '4 ᎾᏍᎩ ᎡᏥᎷᏤᎲᎢ, ᎾᏍᎩ ᎬᏃᏛ' in language ''
Encoding of string failed! Failure bytes: e1 8f 8b e1 8f 82 e1 8e ad 3f
Can't encode transcription: 'ᎣᏏᏳ ᎠᎩᏁᏤᏍᏗ, ᎦᏙᏃ ᏥᏍᏋᏂᎭ?' in language ''
Empty truth string!
Can't encode transcription: '' in language ''
Encoding of string failed! Failure bytes: ea ae 8d e1 8e b4
Can't encode transcription: 'ᎬᎩᏍᎦᏅᎢᏍᏗ ᎠꮍᎴ' in language ''
Encoding of string failed! Failure bytes: 5b e1 8f a5 e1 8f 8c 5d 20 e1 8e a2 e1 8e ac e1 8f b1 ea ae 81 e1 8f a2
Can't encode transcription: 'ᏂᏴᏔᏂᎯᏍᏗᏱ, ᎠᎴ [ᏥᏌ] ᎢᎬᏱꮁᏢ' in language ''
Encoding of string failed! Failure bytes: e1 8f be e1 8e a4 e1 8e be e1 8f 93 e1 8f 85 e1 8f 94 20 e1 8e a8 e1 8e a9 e1 8e a8 e1 8e af e1 8f 93 e1 8f 8d e1 8f 97 e1 8f b1 2c 20 e1 8e a0 2d
Can't encode transcription: 'ᎤᎵᏂᎩᏗᏳ᏾ᎤᎾᏓᏅᏔ ᎨᎩᎨᎯᏓᏍᏗᏱ, Ꭰ-' in language ''
Encoding of string failed! Failure bytes: e1 8e ba e1 8f 89 e1 8e af 20 e1 8f aa e1 8f a3 e1 8f 9a e1 8e a6 3b 20 e1 8e a0 e1 8e b4 20 e1 8f 84 e1 8f 9c 2d
Can't encode transcription: 'ᏣᎲᎾ, ᎠᎴ ᎠᎺᏉᎯ ᏪᏣᏚᎦ; ᎠᎴ ᏄᏜ-' in language ''
Encoding of string failed! Failure bytes: 3f
Can't encode transcription: 'ᎥᏍᎦ?' in language ''
Encoding of string failed! Failure bytes: 3f
Can't encode transcription: 'ᏅᏩᏓᎴ ᎣᏥᎦᏕᏃᎮᏍᏗ?' in language ''
Encoding of string failed! Failure bytes: 5b e1 8e a0 e1 8e a8 e1 8f b4 5d 20 e1 8e a4 e1 8f 81 e1 8f a2 e1 8f 94 e1 8f 85 e1 8e af
Can't encode transcription: 'ᎵᏃᎯᏴᎯ ᎾᏍᎩ [ᎠᎨᏴ] ᎤᏁᏢᏔᏅᎯ' in language ''
2 Percent improvement time=251, best error was 19.944 @ 575
At iteration 826/1200/1349, mean rms=1.591%, delta=5.078%, BCER train=17.738%, BWER train=32.806%, skip ratio=13.500%, New best BCER = 17.738 wrote best model:training_data/staged_tuning/run_custom_big_lr_big_decay_dr7_mx4_output/chr_17.738_826_1200.checkpoint wrote checkpoint.
Finished! Selected model with minimal training error rate (BCER) = 17.738
