Loaded file training_data/staged_tuning/run_custom_big_lr_big_decay_dr7_mx4_output/chr_checkpoint, unpacking...
Successfully restored trainer from training_data/staged_tuning/run_custom_big_lr_big_decay_dr7_mx4_output/chr_checkpoint
Encoding of string failed! Failure bytes: ea ae aa e1 8f 8d e1 8f 95 e1 8f 8d e1 8f 97 20 e1 8e a2 e1 8e ac e1 8f b1 20 e1 8e a2 e1 8f a3 e1 8f 85 e1 8f 96 e1 8f 8d e1 8f 97 2c
Can't encode transcription: '3 ᎯᎠ ꮪᏍᏕᏍᏗ ᎢᎬᏱ ᎢᏣᏅᏖᏍᏗ,' in language ''
Encoding of string failed! Failure bytes: 34 36 20 e1 8e a0 e1 8f 8f e1 8f 89 20 e1 8f 95 e1 8e a6 e1 8f ac e1 8f 81 e1 8f 97 e1 8f 8d e1 8e ac 20 e1 8f b4 e1 8f ab 2c 20 e1 8e ac e1 8f 82 2d
Can't encode transcription: '46 ᎠᏏᏉ ᏕᎦᏬᏁᏗᏍᎬ ᏴᏫ, ᎬᏂ-' in language ''
Encoding of string failed! Failure bytes: 34 20 e1 8f a5 e1 8f 8c e1 8f 83 20 e1 8e a4 e1 8f 81 e1 8f a8 20 e1 8e af e1 8e a0 20 e1 8f 82 e1 8f 9a e1 8f aa e1 8f 8e e1 8e b8 e1 8e a9 2c
Can't encode transcription: '24 ᏥᏌᏃ ᎤᏁᏨ ᎯᎠ ᏂᏚᏪᏎᎸᎩ,' in language ''
Encoding of string failed! Failure bytes: 34 20 e1 8f 85 e1 8f a9 e1 8f 99 e1 8e af e1 8f af e1 8f 9b 20 e1 8f 95 e1 8f a5 e1 8e a7 e1 8e bf e1 8e ad e1 8f a9 e1 8f 97 e1 8f 8e e1 8f 8d e1 8f 97 20 e1 8e be 2d
Can't encode transcription: '14 ᏅᏩᏙᎯᏯᏛ ᏕᏥᎧᎿᎭᏩᏗᏎᏍᏗ Ꮎ-' in language ''
Encoding of string failed! Failure bytes: 49 49 49 2e
Can't encode transcription: 'ᎹᏚ. ᎠᏯᏙᎸᎢ III.' in language ''
Encoding of string failed! Failure bytes: 34 2e 20 e1 8e a0 e1 8f 8e e1 8f 83 20 e1 8f a3 e1 8f 82 20 e1 8f 9a e1 8e b5 e1 8f ab e1 8f 8e e1 8e b4 e1 8f 89 2c 20 e1 8e a0 e1 8f b4 e1 8f 8d e1 8e a9 e1 8f 82 20 e1 8f b1 e1 8f 8d e1 8f 86 2d
Can't encode transcription: '14. ᎠᏎᏃ ᏣᏂ ᏚᎵᏫᏎᎴᏉ, ᎠᏴᏍᎩᏂ ᏱᏍᏆ-' in language ''
Encoding of string failed! Failure bytes: ea ae 9a e1 8e a9 20 e1 8f b0 e1 8f 83 20 e1 8f b1 e1 8e a9
Can't encode transcription: 'ᏉᏍᎩᏂ; ᎥᏝᏰᏃ ᎥᏳᎩ ᏱᎩ, ᎥꮚᎩ ᏰᏃ ᏱᎩ' in language ''
Encoding of string failed! Failure bytes: 34 31 20 e1 8e a4 e1 8f a3 e1 8f 98 e1 8f 83 20 e1 8e a4 e1 8f 82 e1 8f 8d e1 8e a6 e1 8e b4 e1 8e a2 2c 20 e1 8e a0 e1 8e b4 20 e1 8e af e1 8e a0 20 e1 8f 82 e1 8f 9a 2d
Can't encode transcription: '41 ᎤᏣᏘᏃ ᎤᏂᏍᎦᎴᎢ, ᎠᎴ ᎯᎠ ᏂᏚ-' in language ''
Encoding of string failed! Failure bytes: ea ae a6 e1 8f 81 e1 8f 9b 2e
Can't encode transcription: 'ᏳᏒ ᎦꮦᏁᏛ.' in language ''
Encoding of string failed! Failure bytes: e1 8f b9 e1 8f a0 e1 8e be e1 8f 8d e1 8f 97
Can't encode transcription: 'ᏅᏟ ᎤᏂᎵᏨ ᎠᎴ ᎤᏂᏃᎮᎸ ᏹᏠᎾᏍᏗ' in language ''
Encoding of string failed! Failure bytes: 49 49 49 2e
Can't encode transcription: 'ᎹᏚ. ᎠᏯᏙᎸᎢ III.' in language ''
Encoding of string failed! Failure bytes: 34 33 20 e1 8e a6 e1 8e b8 e1 8f 89 e1 8f 97 20 e1 8f 82 e1 8e a8 e1 8f 92 e1 8e be 20 e1 8e a0 e1 8f ab e1 8f 92 e1 8e af 20 e1 8e a8 e1 8f 90 e1 8e a2 2c
Can't encode transcription: '43 ᎦᎸᏉᏗ ᏂᎨᏒᎾ ᎠᏫᏒᎯ ᎨᏐᎢ,' in language ''
Encoding of string failed! Failure bytes: 34 20 e1 8e a0 e1 8f 8e e1 8f 8d e1 8e a9 e1 8f 82 e1 8f 83 e1 8f 85 20 e1 8e a0 e1 8f b2 e1 8e b1 e1 8e af e1 8f 8d e1 8f 97 20 e1 8e a8 e1 8f 92
Can't encode transcription: '14 ᎠᏎᏍᎩᏂᏃᏅ ᎠᏲᎱᎯᏍᏗ ᎨᏒ' in language ''
Encoding of string failed! Failure bytes: 3f
Can't encode transcription: 'ᎯᎠ ᎡᏆ ᎦᏚᎲ ᏄᏍᏛᎢ?' in language ''
Empty truth string!
Can't encode transcription: '' in language ''
Encoding of string failed! Failure bytes: 5b e1 8e a3 e1 8e a6 e1 8e b4 e1 8f 85 e1 8f 9b 20 e1 8e a0 e1 8f 8f 20 e1 8f 99 e1 8f a5 e1 8e b4 e1 8f b4 e1 8f 97 2e 5d
Can't encode transcription: '[ᎣᎦᎴᏅᏛ ᎠᏏ ᏙᏥᎴᏴᏗ.]' in language ''
2 Percent improvement time=926, best error was 13.261 @ 1531
At iteration 2457/4100/4529, mean rms=1.182%, delta=3.323%, BCER train=10.579%, BWER train=21.604%, skip ratio=9.400%, New best BCER = 10.579 wrote best model:training_data/staged_tuning/run_custom_big_lr_big_decay_dr7_mx4_output/chr_10.579_2457_4100.checkpoint wrote checkpoint.
Encoding of string failed! Failure bytes: 5b e1 8f a5 e1 8f 8c 5d 20 e1 8f a5 e1 8f af e1 8e a0 20 e1 8f af e1 8f 97 e1 8e ad 2c 20 5b e1 8f a5 e1 8f 8c 5d
Can't encode transcription: '6 ᎩᎶ [ᏥᏌ] ᏥᏯᎠ ᏯᏗᎭ, [ᏥᏌ]' in language ''
Encoding of string failed! Failure bytes: 34 37 20 e1 8f a5 e1 8f 8c 20 e1 8f ad e1 8e aa e1 8e b2 e1 8e a9 20 e1 8f 81 e1 8f 93 e1 8f 82 e1 8e b5 2c 20 e1 8e a6 e1 8f 99 e1 8e ac 20 e1 8e a2 2d
Can't encode transcription: '47 ᏥᏌ ᏭᎪᎲᎩ ᏁᏓᏂᎵ, ᎦᏙᎬ Ꭲ-' in language ''
Encoding of string failed! Failure bytes: 34 20 e1 8f b4 e1 8f ab 20 e1 8e a4 e1 8f aa e1 8f a5 20 e1 8e a0 e1 8e a2 20 e1 8f 84 e1 8f 8d e1 8f 9b 20 e1 8e aa e1 8f aa e1 8e b5
Can't encode transcription: '24 ᏴᏫ ᎤᏪᏥ ᎠᎢ ᏄᏍᏛ ᎪᏪᎵ' in language ''
Encoding of string failed! Failure bytes: ea ae 94 e1 8f 80 e1 8e bf 20 e1 8f ad e1 8f 81 e1 8f 99 e1 8e b8 20 e1 8e a0 e1 8f 82 e1 8f 8c e1 8f a9 e1 8f 84 e1 8e a9 2e 20 e1 8e b0 e1 8e a4 e1 8e be 2d
Can't encode transcription: 'ᎠᏂᏃ ᎢᎪᏗ ꮔᏀᎿ ᏭᏁᏙᎸ ᎠᏂᏌᏩᏄᎩ. ᎰᎤᎾ-' in language ''
Encoding of string failed! Failure bytes: 34 37 20 e1 8f a5 e1 8e aa 20 e1 8e a9 e1 8e b6 20 e1 8f b3 e1 8f 85 e1 8f 8d e1 8f 99 e1 8e af 20 e1 8e a0 e1 8e b9 20 e1 8e af e1 8e a0
Can't encode transcription: '47 ᏥᎪ ᎩᎶ ᏳᏅᏍᏙᎯ ᎠᎹ ᎯᎠ' in language ''
Encoding of string failed! Failure bytes: 34 2e 20 e1 8f 9d e1 8e a9 e1 8f b3 20 e1 8e a4 e1 8f 9b e1 8f 83 e1 8e af 20 e1 8f 95 e1 8e a6 e1 8e b3 e1 8f ab e1 8e a5 20 e1 8e ac e1 8f a9 e1 8f 96 e1 8e b3 e1 8f 97 e1 8f 8d e1 8f 97 e1 8e a2 2c
Can't encode transcription: '4. ᏝᎩᏳ ᎤᏛᏃᎯ ᏕᎦᎳᏫᎥ ᎬᏩᏖᎳᏗᏍᏗᎢ,' in language ''
Encoding of string failed! Failure bytes: 34 2e 20 e1 8f 9d e1 8e a9 e1 8f b3 20 e1 8e a4 e1 8f 9b e1 8f 83 e1 8e af 20 e1 8f 95 e1 8e a6 e1 8e b3 e1 8f ab e1 8e a5 20 e1 8e ac e1 8f a9 e1 8f 96 e1 8e b3 e1 8f 97 e1 8f 8d e1 8f 97 e1 8e a2 2c
Can't encode transcription: '4. ᏝᎩᏳ ᎤᏛᏃᎯ ᏕᎦᎳᏫᎥ ᎬᏩᏖᎳᏗᏍᏗᎢ,' in language ''
Encoding of string failed! Failure bytes: 5d 20 e1 8e a1 e1 8f 99 e1 8f 93 20 e1 8e aa e1 8e af 20 e1 8e a2 e1 8f af e1 8f 8d e1 8f 98 20 e1 8f 9a e1 8e b8 e1 8f ab 2d
Can't encode transcription: 'ᏪᏎᎸᎩ,] ᎡᏙᏓ ᎪᎯ ᎢᏯᏍᏘ ᏚᎸᏫ-' in language ''
Encoding of string failed! Failure bytes: ea ae 83 e1 8e b8 e1 8e b3 e1 8f 97 20 e1 8f a3 e1 8f a5 e1 8f 8d e1 8f 9a e1 8e a9 e1 8e a1 e1 8e b4 2c
Can't encode transcription: 'ᎠᎹᏱ ᏧᏓᏅᏎᎢ, ᎠᎴ ᎬᏂᏳ ᎦꮃᎸᎳᏗ ᏣᏥᏍᏚᎩᎡᎴ,' in language ''
2 Percent improvement time=468, best error was 12.359 @ 2047
At iteration 2515/4200/4638, mean rms=1.169%, delta=3.233%, BCER train=10.326%, BWER train=21.642%, skip ratio=9.500%, New best BCER = 10.326 wrote checkpoint.
Finished! Selected model with minimal training error rate (BCER) = 10.326
