Loaded file training_data/staged_tuning/run_custom_big_lr_big_decay_dr7_mx4_output/chr_checkpoint, unpacking...
Successfully restored trainer from training_data/staged_tuning/run_custom_big_lr_big_decay_dr7_mx4_output/chr_checkpoint
Encoding of string failed! Failure bytes: 34 20 e1 8e af e1 8e a0 20 e1 8e be e1 8f 8d e1 8e a9 20 e1 8f 93 e1 8e bf e1 8e ad e1 8f a9 20 e1 8f 85 e1 8f 9b e1 8f 85 e1 8f 81 e1 8e b5 20 e1 8e a4 2d
Can't encode transcription: '14 ᎯᎠ ᎾᏍᎩ ᏓᎿᎭᏩ ᏅᏛᏅᏁᎵ Ꭴ-' in language ''
Encoding of string failed! Failure bytes: 34 20 e1 8e a0 e1 8f 8e e1 8f 83 20 e1 8f 93 e1 8e bb 2c 20 e1 8f 94 e1 8e b3 e1 8f 9a 20 e1 8e a2 e1 8f af e1 8f 82 e1 8f 9b 20 e1 8e a8 e1 8e b3 2c
Can't encode transcription: '24 ᎠᏎᏃ ᏓᎻ, ᏔᎳᏚ ᎢᏯᏂᏛ ᎨᎳ,' in language ''
Empty truth string!
Can't encode transcription: '' in language ''
Encoding of string failed! Failure bytes: e1 8e bc e1 8f 8f 20 e1 8e a4 e1 8f a4 e1 8e b5 e1 8e a6 2c 20 e1 8e a0 e1 8e b4 20 e1 8e a0 e1 8e be e1 8f 99 e1 8e b4 e1 8e b0 2d
Can't encode transcription: 'ᏛᏍᏗᏱ ᎼᏏ ᎤᏤᎵᎦ, ᎠᎴ ᎠᎾᏙᎴᎰ-' in language ''
Encoding of string failed! Failure bytes: 34 20 e1 8e a2 e1 8f b3 e1 8f b0 e1 8f 83 20 e1 8f b4 e1 8f ab 20 e1 8e a8 e1 8f a5 e1 8f 8d e1 8e a6 e1 8f 85 e1 8f a4 e1 8e b2 20 e1 8f b1 e1 8f 97 2d
Can't encode transcription: '14 ᎢᏳᏰᏃ ᏴᏫ ᎨᏥᏍᎦᏅᏤᎲ ᏱᏗ-' in language ''
Encoding of string failed! Failure bytes: 34 38 20 e1 8f a5 e1 8e aa 20 e1 8e a9 e1 8e b6 20 e1 8f 84 e1 8f 82 e1 8e ac e1 8f ab e1 8f b3 e1 8f 92 20 e1 8e a0 e1 8e b4 20 e1 8e a0 e1 8f 82 2d
Can't encode transcription: '48 ᏥᎪ ᎩᎶ ᏄᏂᎬᏫᏳᏒ ᎠᎴ ᎠᏂ-' in language ''
Encoding of string failed! Failure bytes: e1 8f 8b e1 8f 81 e1 8e b8
Can't encode transcription: '22 ᏆᎴᏗ ᎯᎠ ᏄᏪᏒᎩ; ᏥᎾᏋᏁᎸ' in language ''
Encoding of string failed! Failure bytes: 34 20 e1 8f 82 e1 8e af e1 8f 8d e1 8e a9 e1 8f 82 20 e1 8f 95 e1 8f a3 e1 8f 82 e1 8f b4 e1 8f 8e e1 8f 8d e1 8f 97 20 e1 8f 84 e1 8f 8d e1 8f 9b
Can't encode transcription: '14 ᏂᎯᏍᎩᏂ ᏕᏣᏂᏴᏎᏍᏗ ᏄᏍᏛ' in language ''
2 Percent improvement time=220, best error was 25.415 @ 165
At iteration 385/500/549, mean rms=1.886%, delta=6.613%, BCER train=22.300%, BWER train=39.385%, skip ratio=9.800%, New best BCER = 22.300 wrote best model:training_data/staged_tuning/run_custom_big_lr_big_decay_dr7_mx4_output/chr_22.300_385_500.checkpoint wrote checkpoint.
Encoding of string failed! Failure bytes: 3f
Can't encode transcription: 'ᏄᎡᎸ?' in language ''
Encoding of string failed! Failure bytes: 34 20 e1 8f 95 e1 8f a5 e1 8f b2 e1 8e b5 e1 8e b8 e1 8e ad 20 e1 8e a0 e1 8f 8f e1 8f 82 e1 8f 9f e1 8f 93 2c 20 e1 8f 88 e1 8e b5 e1 8e a6 e1 8f 82 2c
Can't encode transcription: '14 ᏕᏥᏲᎵᎸᎭ ᎠᏏᏂᏟᏓ, ᏈᎵᎦᏂ,' in language ''
Encoding of string failed! Failure bytes: e1 8f 8b e1 8f b1 2d
Can't encode transcription: 'ᏂᎦᎸ ᏚᏅᏂᎦᎸᎲᎩ, ᎾᏍᎩ ᎠᏴ ᎥᏋᏱ-' in language ''
Encoding of string failed! Failure bytes: 3f 20 e1 8e ac e1 8f 94 e1 8f b2 e1 8f 8e e1 8e ad 20 e1 8f 9e e1 8f 8d e1 8f 97 20 e1 8f 8d e1 8e a9 e1 8e a9 e1 8e b8 e1 8f 85 e1 8e a9 2e
Can't encode transcription: 'ᏪᏥ? ᎬᏔᏲᏎᎭ ᏞᏍᏗ ᏍᎩᎩᎸᏅᎩ.' in language ''
Encoding of string failed! Failure bytes: 5b e1 8e a3 e1 8e a6 e1 8e b4 e1 8f 85 e1 8f 9b 20 e1 8e a0 e1 8f 8f 20 e1 8f 99 e1 8f a5 e1 8e b4 e1 8f b4 e1 8f 97 2e 5d
Can't encode transcription: '[ᎣᎦᎴᏅᏛ ᎠᏏ ᏙᏥᎴᏴᏗ.]' in language ''
Encoding of string failed! Failure bytes: 34 20 e1 8f 97 e1 8e a7 e1 8e bf e1 8e ad e1 8f a9 e1 8f 9b e1 8f 8d e1 8f 97 e1 8f b0 e1 8f 83 20 e1 8e a4 e1 8e ac e1 8f a9 e1 8e b4 20 e1 8e a6 e1 8e b6 e1 8f 81 e1 8f 9b
Can't encode transcription: '4 ᏗᎧᎿᎭᏩᏛᏍᏗᏰᏃ ᎤᎬᏩᎴ ᎦᎶᏁᏛ' in language ''
Encoding of string failed! Failure bytes: 34 30 20 e1 8e a9 e1 8e b6 e1 8f 83 20 e1 8e a4 e1 8f 9a e1 8e b5 e1 8f 8d e1 8e a8 e1 8f 8d e1 8f 97 20 e1 8f a3 e1 8f b1 e1 8e b5 e1 8f 93 2d
Can't encode transcription: '40 ᎩᎶᏃ ᎤᏚᎵᏍᎨᏍᏗ ᏣᏱᎵᏓ-' in language ''
Encoding of string failed! Failure bytes: 3f 20 e1 8e a0 e1 8e b4 20 e1 8f 9d e1 8f 8d e1 8e aa 20 e1 8f 95 e1 8f a3 e1 8f 99 e1 8e a5 20 e1 8f b2 e1 8f a8 e1 8f 97 2d
Can't encode transcription: 'ᎴᎰᏍᎨᎢ? ᎠᎴ ᏝᏍᎪ ᏕᏣᏙᎥ ᏲᏨᏗ-' in language ''
Encoding of string failed! Failure bytes: 34 20 e1 8e a3 e1 8e ac e1 8f 9b e1 8e a6 e1 8f 85 20 e1 8e a9 e1 8e b6 20 e1 8e a2 e1 8f b3 e1 8e be e1 8f 8d e1 8f 97 20 e1 8e aa e1 8e a6 e1 8f 93 e1 8f 91 2d
Can't encode transcription: '24 ᎣᎬᏛᎦᏅ ᎩᎶ ᎢᏳᎾᏍᏗ ᎪᎦᏓᏑ-' in language ''
Encoding of string failed! Failure bytes: 34 20 e1 8f 9a e1 8f 82 e1 8f 83 e1 8f 97 2c 20 31 38 32 35 2e
Can't encode transcription: 'ᎢᏤ ᎦᏚᎲ, 14 ᏚᏂᏃᏗ, 1825.' in language ''
Encoding of string failed! Failure bytes: e1 8f bd e1 8f 99 3b 20 e1 8e be e1 8f 8d e1 8e a9 e1 8f 83 20 e1 8e af e1 8e a0 20 e1 8e a0 e1 8f 82 e1 8f a6 e1 8e a2 20 e1 8e a8 e1 8f 92
Can't encode transcription: 'ᏓᏅᏽᏙ; ᎾᏍᎩᏃ ᎯᎠ ᎠᏂᏦᎢ ᎨᏒ' in language ''
Encoding of string failed! Failure bytes: e1 8f 8b e1 8f 92 2c 20 e1 8e be e1 8f 8d e1 8f 89 e1 8f 8d e1 8e a9 e1 8f 82 20 e1 8e be e1 8f 82 e1 8e a5 20 e1 8e a4 e1 8e be e1 8f 84 e1 8e aa e1 8e a2 e1 8f 8d e1 8f 97
Can't encode transcription: 'ᎠᏋᏒ, ᎾᏍᏉᏍᎩᏂ ᎾᏂᎥ ᎤᎾᏄᎪᎢᏍᏗ' in language ''
Encoding of string failed! Failure bytes: 3f 20 e1 8e a0 e1 8f 8d e1 8e a6 2d
Can't encode transcription: 'ᎨᏒ ᎤᏁᎳᏅᎯ, ᎦᏙ ᏓᏓᏛᏂ? ᎠᏍᎦ-' in language ''
Encoding of string failed! Failure bytes: 34 31 20 e1 8f a5 e1 8f 8c e1 8f 83 2c 20 e1 8e a6 e1 8f 99 e1 8e b5 e1 8e ac 20 e1 8e a4 e1 8f 99 e1 8f af e1 8f 85 e1 8e af e1 8f 95 e1 8e a2 2c 20 e1 8e a0 e1 8e b4
Can't encode transcription: '41 ᏥᏌᏃ, ᎦᏙᎵᎬ ᎤᏙᏯᏅᎯᏕᎢ, ᎠᎴ' in language ''
Encoding of string failed! Failure bytes: 34 20 e1 8f 95 e1 8e a6 e1 8f 83 e1 8f a3 e1 8e b8 e1 8f 83 20 e1 8f 82 e1 8e ac e1 8e be e1 8f 9b 20 e1 8f 8f e1 8e b5 e1 8f b1 20 e1 8e a4 e1 8f b0 e1 8e b5 2d
Can't encode transcription: '24 ᏕᎦᏃᏣᎸᏃ ᏂᎬᎾᏛ ᏏᎵᏱ ᎤᏰᎵ-' in language ''
Encoding of string failed! Failure bytes: ea ae b8 20 e1 8f 85 e1 8f af 20 e1 8e a9 e1 8e b3 e1 8f 89 20 e1 8e a2 e1 8f b4 e1 8f 9b 20 e1 8f af e1 8f 81 e1 8e b7 2d
Can't encode transcription: 'ᏅᏅꮸ ᏅᏯ ᎩᎳᏉ ᎢᏴᏛ ᏯᏁᎷ-' in language ''
2 Percent improvement time=206, best error was 23.74 @ 239
At iteration 445/600/665, mean rms=1.803%, delta=6.162%, BCER train=21.025%, BWER train=37.659%, skip ratio=10.833%, New best BCER = 21.025 wrote best model:training_data/staged_tuning/run_custom_big_lr_big_decay_dr7_mx4_output/chr_21.025_445_600.checkpoint wrote checkpoint.
Finished! Selected model with minimal training error rate (BCER) = 21.025
