Loaded file training_data/staged_tuning/run_mixture_80_20_output/chr_checkpoint, unpacking...
Successfully restored trainer from training_data/staged_tuning/run_mixture_80_20_output/chr_checkpoint
Encoding of string failed! Failure bytes: 34 2e 20 e1 8e a0 e1 8f 8e e1 8f 83 20 e1 8f a3 e1 8f 82 20 e1 8f 9a e1 8e b5 e1 8f ab e1 8f 8e e1 8e b4 e1 8f 89 2c 20 e1 8e a0 e1 8f b4 e1 8f 8d e1 8e a9 e1 8f 82 20 e1 8f b1 e1 8f 8d e1 8f 86 2d
Can't encode transcription: '14. ᎠᏎᏃ ᏣᏂ ᏚᎵᏫᏎᎴᏉ, ᎠᏴᏍᎩᏂ ᏱᏍᏆ-' in language ''
Encoding of string failed! Failure bytes: 3f
Can't encode transcription: 'ᏙᏃ Ꮭ ᏴᎡᏣᏘᏃᎦ?' in language ''
Encoding of string failed! Failure bytes: 49 49 49 2e
Can't encode transcription: 'ᎹᏚ. ᎠᏯᏙᎸᎢ III.' in language ''
Encoding of string failed! Failure bytes: 34 20 e1 8e af e1 8e a0 20 e1 8f 82 e1 8e a6 e1 8f aa e1 8f 8d e1 8e a8 e1 8e a2 2c 20 e1 8e a3 e1 8e a6 e1 8f 81 e1 8e b3 e1 8e a9 3b
Can't encode transcription: '34 ᎯᎠ ᏂᎦᏪᏍᎨᎢ, ᎣᎦᏁᎳᎩ;' in language ''
Encoding of string failed! Failure bytes: 34 2e 20 e1 8f 80 e1 8f 8d e1 8e a9 e1 8f 83 20 e1 8e af e1 8e a0 20 e1 8f a3 e1 8f 82 20 e1 8e a4 e1 8f 85 e1 8f a9 e1 8e a1 20 e1 8f 90 e1 8f 88 e1 8e b5 20 e1 8e a6 e1 8f 90 e1 8f 86 e1 8f 97 20 e1 8e a4 2d
Can't encode transcription: '4. ᏀᏍᎩᏃ ᎯᎠ ᏣᏂ ᎤᏅᏩᎡ ᏐᏈᎵ ᎦᏐᏆᏗ Ꭴ-' in language ''
Encoding of string failed! Failure bytes: 3f 20 e1 8e a0 e1 8f 86 e1 8f 93 e1 8f 85 e1 8f 99 20 e1 8e ac e1 8f 97 2d
Can't encode transcription: '15 ᎦᏙ ᎰᏩ ᎤᏍᏗ? ᎠᏆᏓᏅᏙ ᎬᏗ-' in language ''
Encoding of string failed! Failure bytes: e1 8e ba e1 8f 85 e1 8f 99 20 e1 8e a4 e1 8f 95 e1 8e b6 2d
Can't encode transcription: 'ᏱᎨᏗᏃᎮᎮ ᎥᏝ ᏴᎬᏃᎵᎩ ᎠᏴᏍᎩᏂ ᎢᎦᎺᏅᏙ ᎤᏕᎶ-' in language ''
Encoding of string failed! Failure bytes: 34 20 e1 8f 85 e1 8f 93 e1 8f 95 e1 8f 86 2c 20 31 38 32 35 2e
Can't encode transcription: 'ᎢᏦᏗ, 14 ᏅᏓᏕᏆ, 1825.' in language ''
Encoding of string failed! Failure bytes: ea ae a2 e1 8f 8e e1 8e b4 3b 20 e1 8f b2 2c 20 e1 8e a2 e1 8e be e1 8f 9b 20 e1 8f a5 2d
Can't encode transcription: 'ᎤᏂᎷᏨ ᏓᏓᏬᏍᎬ, ᎯᎠ ᏂᏚꮢᏎᎴ; Ᏺ, ᎢᎾᏛ Ꮵ-' in language ''
Encoding of string failed! Failure bytes: ea ad b0 e1 8e b8 e1 8f 97 20 e1 8e a8 e1 8f 92 e1 8e a2 2e
Can't encode transcription: 'ᏍꭰᎸᏗ ᎨᏒᎢ.' in language ''
Encoding of string failed! Failure bytes: 34 2e 20 e1 8f 80 e1 8f 8d e1 8e a9 e1 8f 83 20 e1 8e af e1 8e a0 20 e1 8f a3 e1 8f 82 20 e1 8e a4 e1 8f 85 e1 8f a9 e1 8e a1 20 e1 8f 90 e1 8f 88 e1 8e b5 20 e1 8e a6 e1 8f 90 e1 8f 86 e1 8f 97 20 e1 8e a4 2d
Can't encode transcription: '4. ᏀᏍᎩᏃ ᎯᎠ ᏣᏂ ᎤᏅᏩᎡ ᏐᏈᎵ ᎦᏐᏆᏗ Ꭴ-' in language ''
Encoding of string failed! Failure bytes: ea ae 99 e1 8e b4
Can't encode transcription: 'ᏍᏗ ᎨᏒᎢ, ᎾᏍᎩ ᎠᏔᏲᎯᎮᏍᏗ ᎠꮙᎴ' in language ''
Encoding of string failed! Failure bytes: 3f 20 e1 8e a0 e1 8f 99 e1 8e b4 e1 8e b0 e1 8f 8d e1 8e a9 e1 8e a8 3f 20 e1 8e a5 e1 8e a5 20 e1 8f 82 2d
Can't encode transcription: '9. ᎦᏙᎩ ᎢᏣᎦᏔᏅᏎᎢ? ᎠᏙᎴᎰᏍᎩᎨ? ᎥᎥ Ꮒ-' in language ''
Encoding of string failed! Failure bytes: 34 20 e1 8f 85 e1 8f 93 e1 8f 95 e1 8f 86 2c 20 31 38 32 35 2e
Can't encode transcription: 'ᎢᏦᏗ, 14 ᏅᏓᏕᏆ, 1825.' in language ''
Encoding of string failed! Failure bytes: 49 49 49 2e
Can't encode transcription: 'ᎹᏚ. ᎠᏯᏙᎸᎢ III.' in language ''
2 Percent improvement time=259, best error was 35.844 @ 563
At iteration 822/900/973, mean rms=2.463%, delta=9.945%, BCER train=33.391%, BWER train=57.007%, skip ratio=8.111%, New best BCER = 33.391 wrote best model:training_data/staged_tuning/run_mixture_80_20_output/chr_33.391_822_900.checkpoint wrote checkpoint.
Encoding of string failed! Failure bytes: ea ae b4 20 e1 8e a4 e1 8f 82 e1 8e aa e1 8f a9 e1 8f 9b e1 8f 97 e1 8f b1 20 e1 8e a4 e1 8f 82 2d
Can't encode transcription: 'ᏍᏉᏍᎩᏂ ᎳᏏᎳꮴ ᎤᏂᎪᏩᏛᏗᏱ ᎤᏂ-' in language ''
Encoding of string failed! Failure bytes: ea ae 80 20 e1 8e a6 e1 8f b3 e1 8e b3 20 e1 8e ac e1 8f a9 e1 8f 83 e1 8e ae e1 8e b8 20 e1 8f 82 e1 8e a8 20 e1 8e b2 e1 8f 89
Can't encode transcription: 'ᏍᎩ. ᎠᎾᏙᎴᎰᏍᎩᏍᎩꮀ ᎦᏳᎳ ᎬᏩᏃᎮᎸ ᏂᎨ ᎲᏉ' in language ''
Empty truth string!
Can't encode transcription: '' in language ''
Encoding of string failed! Failure bytes: 3f
Can't encode transcription: 'ᎩᎶ ᎠᏍᏕᎸᎡᏗᏱ, ᎠᎯᏍᏗᏱᎨ?' in language ''
Encoding of string failed! Failure bytes: 34 2e 20 e1 8f 9d e1 8e a9 e1 8f b3 20 e1 8e a4 e1 8f 9b e1 8f 83 e1 8e af 20 e1 8f 95 e1 8e a6 e1 8e b3 e1 8f ab e1 8e a5 20 e1 8e ac e1 8f a9 e1 8f 96 e1 8e b3 e1 8f 97 e1 8f 8d e1 8f 97 e1 8e a2 2c
Can't encode transcription: '4. ᏝᎩᏳ ᎤᏛᏃᎯ ᏕᎦᎳᏫᎥ ᎬᏩᏖᎳᏗᏍᏗᎢ,' in language ''
Encoding of string failed! Failure bytes: 56 2e
Can't encode transcription: 'ᎹᏚ. ᎠᏯᏙᎸᎢ V.' in language ''
2 Percent improvement time=260, best error was 35.245 @ 649
At iteration 909/1000/1079, mean rms=2.437%, delta=9.765%, BCER train=33.020%, BWER train=56.872%, skip ratio=7.900%, New best BCER = 33.020 wrote checkpoint.
Finished! Selected model with minimal training error rate (BCER) = 33.02
