Loaded file training_data/staged_tuning/run_mixture_80_20_output/chr_checkpoint, unpacking...
Successfully restored trainer from training_data/staged_tuning/run_mixture_80_20_output/chr_checkpoint
Encoding of string failed! Failure bytes: ea ae 83 e1 8e a6
Can't encode transcription: 'ᏕᏓᏓᏛꮃᎦ' in language ''
Encoding of string failed! Failure bytes: 34 20 e1 8f 9a e1 8f 82 e1 8f 83 e1 8f 97 2c 20 31 38 32 35 2e
Can't encode transcription: 'ᎢᏤ ᎦᏚᎲ, 14 ᏚᏂᏃᏗ, 1825.' in language ''
Encoding of string failed! Failure bytes: 34 2e 20 e1 8e a0 e1 8f 8e e1 8f 83 20 e1 8f a3 e1 8f 82 20 e1 8f 9a e1 8e b5 e1 8f ab e1 8f 8e e1 8e b4 e1 8f 89 2c 20 e1 8e a0 e1 8f b4 e1 8f 8d e1 8e a9 e1 8f 82 20 e1 8f b1 e1 8f 8d e1 8f 86 2d
Can't encode transcription: '14. ᎠᏎᏃ ᏣᏂ ᏚᎵᏫᏎᎴᏉ, ᎠᏴᏍᎩᏂ ᏱᏍᏆ-' in language ''
Empty truth string!
Can't encode transcription: '' in language ''
Empty truth string!
Can't encode transcription: '' in language ''
Encoding of string failed! Failure bytes: ea ae 93 e1 8e af 20 e1 8e a2 e1 8f b3 e1 8f 83 20 e1 8f b1 e1 8e a4 e1 8f 82 e1 8e aa e1 8e b8 2c
Can't encode transcription: 'ᏗᏍᎩ ᏧᎾᏑᏰᏍᏗᏱ ᎠᎾᏗᏝᎢᏙꮓᎯ ᎢᏳᏃ ᏱᎤᏂᎪᎸ,' in language ''
Encoding of string failed! Failure bytes: 34 31 20 e1 8e a4 e1 8f ac e1 8f af e1 8f 81 e1 8f 92 e1 8f 83 20 e1 8e a0 e1 8e a8 e1 8f b3 e1 8f a3 2c 20 e1 8e af e1 8e a0 20 e1 8f 84 e1 8f aa 2d
Can't encode transcription: '41 ᎤᏬᏯᏁᏒᏃ ᎠᎨᏳᏣ, ᎯᎠ ᏄᏪ-' in language ''
Encoding of string failed! Failure bytes: ea ae 85 2e
Can't encode transcription: 'ᏅᏃᎭᏓᎯꮅ.' in language ''
Encoding of string failed! Failure bytes: ea ae 8a e1 8f 8d e1 8f a7 e1 8f ab 2e
Can't encode transcription: 'ᎠᎵᏁᎩ, ᏣᏂ ᎫᏫꮊᏍᏧᏫ.' in language ''
2 Percent improvement time=282, best error was 39.813 @ 192
At iteration 474/500/534, mean rms=2.680%, delta=11.291%, BCER train=36.601%, BWER train=61.455%, skip ratio=6.800%, New best BCER = 36.601 wrote best model:training_data/staged_tuning/run_mixture_80_20_output/chr_36.601_474_500.checkpoint wrote checkpoint.
Encoding of string failed! Failure bytes: 3f
Can't encode transcription: 'ᏱᏗᏧᎪᏓᏁᎰ ᎾᏍᎩ Ꮎ ᎠᏂᏯᎢ?' in language ''
Encoding of string failed! Failure bytes: 5b e1 8e a3 e1 8e a6 e1 8e b4 e1 8f 85 e1 8f 9b 20 e1 8e a0 e1 8f 8f 20 e1 8f 99 e1 8f a5 e1 8f b4 e1 8f 97 2e 5d
Can't encode transcription: '[ᎣᎦᎴᏅᏛ ᎠᏏ ᏙᏥᏴᏗ.]' in language ''
Encoding of string failed! Failure bytes: 34 31 20 e1 8e a4 e1 8f ac e1 8f af e1 8f 81 e1 8f 92 e1 8f 83 20 e1 8e a0 e1 8e a8 e1 8f b3 e1 8f a3 2c 20 e1 8e af e1 8e a0 20 e1 8f 84 e1 8f aa 2d
Can't encode transcription: '41 ᎤᏬᏯᏁᏒᏃ ᎠᎨᏳᏣ, ᎯᎠ ᏄᏪ-' in language ''
Encoding of string failed! Failure bytes: 34 20 e1 8f 9a e1 8f 82 e1 8f 83 e1 8f 97 2c 20 31 38 32 35 2e
Can't encode transcription: 'ᎢᏤ ᎦᏚᎲ, 14 ᏚᏂᏃᏗ, 1825.' in language ''
Encoding of string failed! Failure bytes: 34 2e 20 e1 8f 9d e1 8e a9 e1 8f b3 20 e1 8e a4 e1 8f 9b e1 8f 83 e1 8e af 20 e1 8f 95 e1 8e a6 e1 8e b3 e1 8f ab e1 8e a5 20 e1 8e ac e1 8f a9 e1 8f 96 e1 8e b3 e1 8f 97 e1 8f 8d e1 8f 97 e1 8e a2 2c
Can't encode transcription: '4. ᏝᎩᏳ ᎤᏛᏃᎯ ᏕᎦᎳᏫᎥ ᎬᏩᏖᎳᏗᏍᏗᎢ,' in language ''
Encoding of string failed! Failure bytes: e1 8f b9 20 e1 8e a8 e1 8f 8e e1 8e a2 2e
Can't encode transcription: 'Ꭲᏹ ᎨᏎᎢ.' in language ''
2 Percent improvement time=371, best error was 39.813 @ 192
At iteration 563/600/640, mean rms=2.614%, delta=10.851%, BCER train=35.844%, BWER train=59.960%, skip ratio=6.667%, New best BCER = 35.844 wrote checkpoint.
Finished! Selected model with minimal training error rate (BCER) = 35.844
