Loaded file training_data/staged_tuning/run_custom_mid_lr_mid_decay_output/chr_checkpoint, unpacking...
Successfully restored trainer from training_data/staged_tuning/run_custom_mid_lr_mid_decay_output/chr_checkpoint
Empty truth string!
Can't encode transcription: '' in language ''
Encoding of string failed! Failure bytes: 34 20 e1 8f a5 e1 8e a9 e1 8f 81 e1 8e b8 20 e1 8e a2 e1 8e a6 e1 8f a4 e1 8e b5 20 e1 8e a2 e1 8f b3 e1 8e b5 e1 8f 8d e1 8f 99 e1 8f 97 20 e1 8f a7 e1 8e ac 2d
Can't encode transcription: '4 ᏥᎩᏁᎸ ᎢᎦᏤᎵ ᎢᏳᎵᏍᏙᏗ ᏧᎬ-' in language ''
Encoding of string failed! Failure bytes: 5b e1 8e a3 e1 8e a6 e1 8e b4 e1 8f 85 e1 8f 9b 20 e1 8e a0 e1 8f 8f 20 e1 8f 99 e1 8f a5 e1 8e b4 e1 8f b4 e1 8f 97 2e 5d
Can't encode transcription: '[ᎣᎦᎴᏅᏛ ᎠᏏ ᏙᏥᎴᏴᏗ.]' in language ''
Encoding of string failed! Failure bytes: 34 20 e1 8e af e1 8e a0 20 e1 8e be e1 8f 8d e1 8e a9 20 e1 8e a3 e1 8e b5 e1 8f a9 20 e1 8f 94 e1 8e b5 20 e1 8f 95 e1 8f a1 e1 8e ac e1 8e a2 2c
Can't encode transcription: '4 ᎯᎠ ᎾᏍᎩ ᎣᎵᏩ ᏔᎵ ᏕᏡᎬᎢ,' in language ''
Encoding of string failed! Failure bytes: e1 8e ba e1 8e b5 e1 8f b1 20 e1 8e a1 e1 8e af
Can't encode transcription: '9 ᎿᎭᏉᏃ ᎾᏍᎩ ᎠᎨᏴ ᏌᎺᎵᏱ ᎡᎯ' in language ''
Encoding of string failed! Failure bytes: ea ad b6 e1 8f 81 e1 8f a4 e1 8e b8 20 e1 8e a9 e1 8e b5 20 e1 8f 97 e1 8f 90 e1 8f af e1 8e b8
Can't encode transcription: 'ᎡᏘ ᎤᏛᏅ ᏕᎦᎳᏫᎥ ᎨꭶᏁᏤᎸ ᎩᎵ ᏗᏐᏯᎸ' in language ''
Encoding of string failed! Failure bytes: 3f 20 e1 8e a0 e1 8f 99 e1 8e b4 e1 8e b0 e1 8f 8d e1 8e a9 e1 8e a8 3f 20 e1 8e a5 e1 8e a5 20 e1 8f 82 2d
Can't encode transcription: '9. ᎦᏙᎩ ᎢᏣᎦᏔᏅᏎᎢ? ᎠᏙᎴᎰᏍᎩᎨ? ᎥᎥ Ꮒ-' in language ''
Encoding of string failed! Failure bytes: 34 20 e1 8e be e1 8f 8d e1 8e a9 e1 8f 83 20 e1 8e a0 e1 8e b5 e1 8e ae e1 8e b5 e1 8f a4 e1 8f 97 20 e1 8e a8 e1 8f 8e e1 8f 8d e1 8f 97 20 e1 8e a4 2d
Can't encode transcription: '14 ᎾᏍᎩᏃ ᎠᎵᎮᎵᏤᏗ ᎨᏎᏍᏗ Ꭴ-' in language ''
Encoding of string failed! Failure bytes: ea ae a3 e1 8f b0 e1 8f 83 20 e1 8e a6 e1 8e b8 2d
Can't encode transcription: 'ᎾᏛᎿᎭᏕᎩ ᏚᎾᏓᏅᏛᎢ; ᎤᎾᏤꮣᏰᏃ ᎦᎸ-' in language ''
Encoding of string failed! Failure bytes: 34 20 e1 8f 85 e1 8f 93 e1 8f 95 e1 8f 86 2c 20 31 38 32 35 2e
Can't encode transcription: 'ᎢᏦᏗ, 14 ᏅᏓᏕᏆ, 1825.' in language ''
2 Percent improvement time=1182, best error was 23.218 @ 2110
At iteration 3292/4100/4463, mean rms=1.786%, delta=5.956%, BCER train=20.538%, BWER train=38.469%, skip ratio=7.900%, New best BCER = 20.538 wrote best model:training_data/staged_tuning/run_custom_mid_lr_mid_decay_output/chr_20.538_3292_4100.checkpoint wrote checkpoint.
Encoding of string failed! Failure bytes: 3f
Can't encode transcription: 'ᏍᏗ, ᎠᎴ ᎤᎾᏁᎳᎩ ᎢᏨᏰᎵᏎᎮᏍᏗ?' in language ''
Encoding of string failed! Failure bytes: ea ae b5 e1 8f 97 2c 20 e1 8e a4 e1 8f a9 e1 8f 92 e1 8e af e1 8f 8d e1 8e a9 e1 8f 82 20 e1 8f 80 e1 8f 8d e1 8e a9 20 e1 8f a7 e1 8e ac 2d
Can't encode transcription: 'ᎦᏃᏍᎩᏛᏉ ᎢᎨᏎꮵᏗ, ᎤᏩᏒᎯᏍᎩᏂ ᏀᏍᎩ ᏧᎬ-' in language ''
Encoding of string failed! Failure bytes: 34 35 20 e1 8e bf e1 8e ad e1 8f 89 e1 8f 83 20 e1 8e a2 e1 8e a1 e1 8e aa e1 8e a2 20 e1 8f ab e1 8f 93 e1 8f af e1 8f 82 e1 8f 8d e1 8e aa 20 e1 8e a4 e1 8f a9 2d
Can't encode transcription: '45 ᎿᎭᏉᏃ ᎢᎡᎪᎢ ᏫᏓᏯᏂᏍᎪ ᎤᏩ-' in language ''
Encoding of string failed! Failure bytes: 3f 20 e1 8f 82 e1 8e af 2c 20 e1 8e a4 e1 8f 81 e1 8e b4 e1 8f 85 e1 8e af
Can't encode transcription: 'ᏥᎪ ᎢᎭᏓᏲᏁᎭ? ᏂᎯ, ᎤᏁᎴᏅᎯ' in language ''
Encoding of string failed! Failure bytes: 56 2e
Can't encode transcription: 'ᎹᏚ. ᎠᏯᏙᎸᎢ V.' in language ''
Encoding of string failed! Failure bytes: 34 20 e1 8f 95 e1 8e a6 e1 8f 9a e1 8f a9 e1 8f 97 e1 8f 92 e1 8f 83 20 e1 8e a0 e1 8f 82 e1 8e b6 e1 8f 8d e1 8e ac e1 8e a2 2c 20 e1 8f 93 e1 8f 82 e1 8f b2 e1 8e af 2d
Can't encode transcription: '4 ᏕᎦᏚᏩᏗᏒᏃ ᎠᏂᎶᏍᎬᎢ, ᏓᏂᏲᎯ-' in language ''
Encoding of string failed! Failure bytes: 34 20 e1 8f 9a e1 8f 82 e1 8f 83 e1 8f 97 2c 20 31 38 32 35 2e
Can't encode transcription: 'ᎢᏤ ᎦᏚᎲ, 14 ᏚᏂᏃᏗ, 1825.' in language ''
Encoding of string failed! Failure bytes: 34 30 20 e1 8e a0 e1 8e b4 20 e1 8f a6 e1 8f 93 e1 8f 82 20 e1 8f 8d e1 8e aa e1 8e be 20 e1 8f ad e1 8e b6 e1 8f 92 e1 8e a9 2c
Can't encode transcription: '40 ᎠᎴ ᏦᏓᏂ ᏍᎪᎾ ᏭᎶᏒᎩ,' in language ''
2 Percent improvement time=1181, best error was 22.32 @ 2177
At iteration 3358/4200/4571, mean rms=1.767%, delta=5.854%, BCER train=20.106%, BWER train=38.182%, skip ratio=8.500%, New best BCER = 20.106 wrote checkpoint.
Finished! Selected model with minimal training error rate (BCER) = 20.106
