Loaded file training_data/staged_tuning/run_custom_mid_lr_mid_decay_output/chr_checkpoint, unpacking...
Successfully restored trainer from training_data/staged_tuning/run_custom_mid_lr_mid_decay_output/chr_checkpoint
Encoding of string failed! Failure bytes: 5b e1 8e a3 e1 8e a6 e1 8e b4 e1 8f 85 e1 8f 9b 20 e1 8e a0 e1 8f 8f 20 e1 8f 99 e1 8f a5 e1 8e b4 e1 8f b4 e1 8f 97 2e 5d
Can't encode transcription: '[ᎣᎦᎴᏅᏛ ᎠᏏ ᏙᏥᎴᏴᏗ.]' in language ''
Encoding of string failed! Failure bytes: 5b e1 8e a3 e1 8e a6 e1 8e b4 e1 8f 85 e1 8f 9b 20 e1 8e a0 e1 8f 8f 20 e1 8f 99 e1 8f a5 e1 8e b4 e1 8f b4 e1 8f 97 2e 5d
Can't encode transcription: '[ᎣᎦᎴᏅᏛ ᎠᏏ ᏙᏥᎴᏴᏗ.]' in language ''
Encoding of string failed! Failure bytes: 3f
Can't encode transcription: 'ᎯᎠ ᏄᏪᏎᎸᎩ; ᏣᎬᏫᏳᎯ, ᎦᎪ?' in language ''
Encoding of string failed! Failure bytes: 34 2e 20 e1 8f a5 e1 8f 8c e1 8f 83 20 e1 8e a4 e1 8f 81 e1 8f a8 20 e1 8e af e1 8e a0 20 e1 8f 82 e1 8f 9a e1 8f aa e1 8f 8e e1 8e b8 e1 8e a9 3b 20 e1 8f a5 e1 8f 8d e1 8f 95 e1 8e be 20 e1 8f a3 e1 8f 82
Can't encode transcription: '4. ᏥᏌᏃ ᎤᏁᏨ ᎯᎠ ᏂᏚᏪᏎᎸᎩ; ᏥᏍᏕᎾ ᏣᏂ' in language ''
Encoding of string failed! Failure bytes: 34 33 20 e1 8f 85 e1 8e a9 e1 8e a6 e1 8f 94 e1 8e b2 e1 8e be 20 e1 8e a8 e1 8f 92 e1 8e a9 2c 20 e1 8e a5 e1 8f 9d e1 8f 83 20 e1 8f b1 e1 8f 8d e1 8e a9 2d
Can't encode transcription: '43 ᏅᎩᎦᏔᎲᎾ ᎨᏒᎩ, ᎥᏝᏃ ᏱᏍᎩ-' in language ''
Encoding of string failed! Failure bytes: 3f 20 e1 8e ac 2d
Can't encode transcription: 'ᏕᎸ ᏰᎵ ᏧᏂᏅᎢᏍᏗᏱ ᎠᏰᎸᏎᎢ? Ꭼ-' in language ''
Encoding of string failed! Failure bytes: 34 20 e1 8f 85 e1 8f 93 e1 8f 95 e1 8f 86 2c 20 31 38 32 35 2e
Can't encode transcription: 'ᎢᏦᏗ, 14 ᏅᏓᏕᏆ, 1825.' in language ''
2 Percent improvement time=315, best error was 27.87 @ 1484
At iteration 1799/2100/2296, mean rms=2.038%, delta=7.389%, BCER train=24.751%, BWER train=44.616%, skip ratio=9.300%, New best BCER = 24.751 wrote best model:training_data/staged_tuning/run_custom_mid_lr_mid_decay_output/chr_24.751_1799_2100.checkpoint wrote checkpoint.
Empty truth string!
Can't encode transcription: '' in language ''
Encoding of string failed! Failure bytes: 34 2e 20 e1 8f 9d e1 8e a9 e1 8f b3 20 e1 8e a4 e1 8f 9b e1 8f 83 e1 8e af 20 e1 8f 95 e1 8e a6 e1 8e b3 e1 8f ab e1 8e a5 20 e1 8e ac e1 8f a9 e1 8f 96 e1 8e b3 e1 8f 97 e1 8f 8d e1 8f 97 e1 8e a2 2c
Can't encode transcription: '4. ᏝᎩᏳ ᎤᏛᏃᎯ ᏕᎦᎳᏫᎥ ᎬᏩᏖᎳᏗᏍᏗᎢ,' in language ''
Encoding of string failed! Failure bytes: 3f
Can't encode transcription: 'ᎨᏒᎢ; ᎦᏙ ᎬᏙᏗ ᎾᏍᎩ?' in language ''
Encoding of string failed! Failure bytes: ea ae b6
Can't encode transcription: 'ᎾᏍᎩ ᎤᎾᎵᏍᏕᎸᏙᏗ ᎨᏒᎢ, ᎦᎨᏥᏁꮶ' in language ''
Encoding of string failed! Failure bytes: 3f
Can't encode transcription: 'ᎤᏂᏬᏂᎯᏍᏗ ᎨᏒ ᏰᎵ ᎨᏣᏬᏂᎯᏍᏗ?' in language ''
Encoding of string failed! Failure bytes: 34 34 20 e1 8f 97 e1 8e a9 e1 8e a6 e1 8f b4 e1 8e b5 e1 8e a8 ea ae 83 e1 8e a2 e1 8e be e1 8e a8 20 e1 8e a4 e1 8f 82 e1 8e ae 20 e1 8e a6 e1 8e b5 e1 8f a6 e1 8f 9b
Can't encode transcription: '44 ᏗᎩᎦᏴᎵᎨꮃᎢᎾᎨ ᎤᏂᎮ ᎦᎵᏦᏛ' in language ''
Encoding of string failed! Failure bytes: ea ae b6 20 e1 8e a0 e1 8e b4 20 e1 8e ac e1 8f 82 e1 8f b3 e1 8f 89 20 e1 8e af e1 8e a0 20 e1 8f 82 e1 8f a7 e1 8f aa e1 8f 8e 20 e1 8e a6 e1 8e b8 e1 8e b3 e1 8f 97 2c
Can't encode transcription: '17.ꮶ ᎠᎴ ᎬᏂᏳᏉ ᎯᎠ ᏂᏧᏪᏎ ᎦᎸᎳᏗ,' in language ''
Encoding of string failed! Failure bytes: 5b e1 8e a4 e1 8f 81 e1 8e b3 e1 8f 85 e1 8e af 5d 20 e1 8f 97 e1 8f 82 e1 8e a6 e1 8f 98 e1 8e b4 e1 8e a9
Can't encode transcription: '8 Ꮎ-ᏍᎩᏂ [ᎤᏁᎳᏅᎯ] ᏗᏂᎦᏘᎴᎩ' in language ''
Encoding of string failed! Failure bytes: 49 49 49 2e
Can't encode transcription: 'ᎹᏚ. ᎠᏨᏯᏙᎸᎢ III.' in language ''
At iteration 1883/2200/2405, mean rms=2.048%, delta=7.506%, BCER train=25.101%, BWER train=44.790%, skip ratio=10.000%, New worst BCER = 25.101 wrote checkpoint.
Finished! Selected model with minimal training error rate (BCER) = 24.751
