Loaded file training_data/staged_tuning/run_custom_mid_lr_mid_decay_output/chr_checkpoint, unpacking...
Successfully restored trainer from training_data/staged_tuning/run_custom_mid_lr_mid_decay_output/chr_checkpoint
Encoding of string failed! Failure bytes: 34 20 e1 8e be e1 8f 8d e1 8e a9 20 e1 8e a2 e1 8f b3 e1 8f 8d e1 8f 97 20 e1 8f a5 e1 8f 8c 20 e1 8e bf e1 8e ad e1 8f 89 20 e1 8e a5 e1 8f 9d
Can't encode transcription: '54 ᎾᏍᎩ ᎢᏳᏍᏗ ᏥᏌ ᎿᎭᏉ ᎥᏝ' in language ''
Encoding of string failed! Failure bytes: 34 20 e1 8e a0 e1 8f 8e e1 8f 83 20 e1 8e a0 e1 8f 82 e1 8f 86 e1 8e b5 e1 8f 8f 20 e1 8e af e1 8e a0 20 e1 8f 84 e1 8f 82 e1 8f aa e1 8f 92 e1 8e a9 3b
Can't encode transcription: '34 ᎠᏎᏃ ᎠᏂᏆᎵᏏ ᎯᎠ ᏄᏂᏪᏒᎩ;' in language ''
Encoding of string failed! Failure bytes: 34 37 20 e1 8e bf e1 8e ad e1 8f 89 e1 8f 83 20 e1 8f 84 e1 8f 82 e1 8e ac e1 8f ab e1 8f b3 e1 8f 92 20 e1 8e a0 e1 8f a5 e1 8e b8 2d
Can't encode transcription: '47 ᎿᎭᏉᏃ ᏄᏂᎬᏫᏳᏒ ᎠᏥᎸ-' in language ''
Encoding of string failed! Failure bytes: 5b e1 8e a3 e1 8e a6 e1 8e b4 e1 8f 85 e1 8f 9b 20 e1 8e a0 e1 8f 8f 20 e1 8f 99 e1 8f a5 e1 8e b4 e1 8f b4 e1 8f 97 2e 5d
Can't encode transcription: '[ᎣᎦᎴᏅᏛ ᎠᏏ ᏙᏥᎴᏴᏗ.]' in language ''
Encoding of string failed! Failure bytes: 3f 20 e1 8e a0 e1 8e b4 20 e1 8f 97 e1 8e a6 e1 8f b0 2d
Can't encode transcription: 'ᎾᏍᎩ ᎠᏆᏗᏔᏍᏗ ᏥᎩ? ᎠᎴ ᏗᎦᏰ-' in language ''
Encoding of string failed! Failure bytes: 56 2e
Can't encode transcription: 'ᎹᏚ. ᎠᏯᏙᎸᎢ V.' in language ''
Encoding of string failed! Failure bytes: e1 8e bc e1 8f 8f 20 e1 8e a0 e1 8e b4 20 e1 8e a2 e1 8e b3 e1 8f af 20 e1 8e ac e1 8f a9 e1 8e b5 e1 8f 83 e1 8e ae e1 8f 97 2d
Can't encode transcription: 'ᎾᏛᏁᎴ ᎼᏏ ᎠᎴ ᎢᎳᏯ ᎬᏩᎵᏃᎮᏗ-' in language ''
Encoding of string failed! Failure bytes: 5b e1 8f a5 e1 8f 8c e1 8f 83 5d 20 e1 8e be e1 8f 8d e1 8e a9 20 e1 8f 84 e1 8f aa e1 8f 92 2c 20 e1 8e a2 e1 8e ac e1 8f b1
Can't encode transcription: '28 [ᏥᏌᏃ] ᎾᏍᎩ ᏄᏪᏒ, ᎢᎬᏱ' in language ''
Encoding of string failed! Failure bytes: ea ad b4 e1 8f a2 e1 8f 85 e1 8e af 2d
Can't encode transcription: 'ᎠᏂᏍᎦᏯᏃ ᎠᏂᎨᏴᏃ ᏗᏂᏲᎵᏃ, ᎡꭴᏢᏅᎯ-' in language ''
2 Percent improvement time=1131, best error was 20.538 @ 3292
At iteration 4423/5700/6223, mean rms=1.615%, delta=5.095%, BCER train=18.292%, BWER train=34.709%, skip ratio=10.200%, New best BCER = 18.292 wrote best model:training_data/staged_tuning/run_custom_mid_lr_mid_decay_output/chr_18.292_4423_5700.checkpoint wrote checkpoint.
Encoding of string failed! Failure bytes: 34 35 20 e1 8e a4 e1 8e b7 e1 8f a8 e1 8f 89 e1 8f 83 20 e1 8e a9 e1 8e b3 e1 8f 89 20 e1 8e a2 e1 8f b4 e1 8f 9b 20 e1 8f ad e1 8e b7 2d
Can't encode transcription: '45 ᎤᎷᏨᏉᏃ ᎩᎳᏉ ᎢᏴᏛ ᏭᎷ-' in language ''
Encoding of string failed! Failure bytes: 3f 20 e1 8e af e1 8e a0 e1 8f 83 20 e1 8f 84 e1 8f aa e1 8f 8e e1 8e a2 2c 20 e1 8e a0 2d
Can't encode transcription: 'ᎢᎳᎪ ᎡᏣᏚᎦ? ᎯᎠᏃ ᏄᏪᏎᎢ, Ꭰ-' in language ''
Empty truth string!
Can't encode transcription: '' in language ''
Encoding of string failed! Failure bytes: 49 49 49 2e
Can't encode transcription: 'ᎹᏚ. ᎠᏯᏙᎸᎢ III.' in language ''
Encoding of string failed! Failure bytes: e1 8f 8b e1 8f 81 e1 8e ad 2c 20 e1 8e a0 e1 8e b4 20 e1 8f 82 e1 8e a6 e1 8f 9b 20 e1 8f 97 e1 8e a8 e1 8e a6 e1 8f 81 e1 8e b6 e1 8f 97
Can't encode transcription: 'ᎬᏂᎨᏒ ᎾᏋᏁᎭ, ᎠᎴ ᏂᎦᏛ ᏗᎨᎦᏁᎶᏗ' in language ''
Encoding of string failed! Failure bytes: ea ae 8d e1 8f 85 20 e1 8e a4 e1 8f 81 e1 8e b3 e1 8f 85 e1 8e af
Can't encode transcription: 'ᏣᎾᏫᏱ ᎢᏴᏛ ᏱᏦᎯᏳꮍᏅ ᎤᏁᎳᏅᎯ' in language ''
Encoding of string failed! Failure bytes: 56 2e
Can't encode transcription: 'ᎹᏚ. ᎠᏯᏙᎸᎢ ᏏV.' in language ''
Encoding of string failed! Failure bytes: ea ae 87 e1 8f 97 e1 8f b1 2c
Can't encode transcription: 'ᎵᏍᎬᏃ ᏄᏍᏛ ᏕᎩᎸᏫᏍᏓᏁᎸ ᎡᎦᎫᏴᎡꮇᏗᏱ,' in language ''
Encoding of string failed! Failure bytes: 34 20 e1 8e a8 e1 8f 86 e1 8f 82 e1 8f 83 20 e1 8e a4 e1 8f 82 e1 8e b7 e1 8f a8 20 e1 8e a0 e1 8f b0 e1 8e b5 20 e1 8e a0 e1 8f 95 e1 8e b8
Can't encode transcription: '24 ᎨᏆᏂᏃ ᎤᏂᎷᏨ ᎠᏰᎵ ᎠᏕᎸ' in language ''
Encoding of string failed! Failure bytes: 22
Can't encode transcription: 'ᏈᎦᏍᎩᎶ ᏂᎦᏥᏴᏁᎸᎭ."' in language ''
Encoding of string failed! Failure bytes: ea ae 9e 20 e1 8e a4 e1 8e b5 e1 8f ac e1 8f a8 e1 8e af 20 e1 8f a5 e1 8e a6 e1 8f 83 e1 8e a2 2c
Can't encode transcription: '28 ᎢᎸᎯᏢᏰᏃ ᎪᎱᏍᏗꮞ ᎤᎵᏬᏨᎯ ᏥᎦᏃᎢ,' in language ''
At iteration 4497/5800/6334, mean rms=1.615%, delta=5.166%, BCER train=18.308%, BWER train=34.710%, skip ratio=10.200%, New worst BCER = 18.308 wrote checkpoint.
Finished! Selected model with minimal training error rate (BCER) = 18.292
