Loaded file training_data/staged_tuning/run_custom_mid_lr_mid_decay_output/chr_checkpoint, unpacking...
Successfully restored trainer from training_data/staged_tuning/run_custom_mid_lr_mid_decay_output/chr_checkpoint
Encoding of string failed! Failure bytes: ea ae 94 e1 8e a9 e1 8f 81 e1 8f a4 e1 8e b8 e1 8e af e1 8f 85 2c 20 e1 8f 9a e1 8f b3 e1 8e aa e1 8f 9b 20 e1 8e a3 e1 8e a9 e1 8f 81 e1 8e a2 e1 8f 8d e1 8f 97 e1 8f b1 2c 20 e1 8e a0 e1 8e b4
Can't encode transcription: 'ᏅᎾᏛ ꮔᎩᏁᏤᎸᎯᏅ, ᏚᏳᎪᏛ ᎣᎩᏁᎢᏍᏗᏱ, ᎠᎴ' in language ''
Encoding of string failed! Failure bytes: 34 20 e1 8f 94 e1 8e b5 e1 8f 81 e1 8f 83 20 e1 8f 85 e1 8f a9 e1 8f 93 e1 8e b4 20 e1 8e a4 e1 8f 85 e1 8f 8f e1 8f 93 e1 8f 8d e1 8f 97 20 e1 8e a4 2d
Can't encode transcription: '4 ᏔᎵᏁᏃ ᏅᏩᏓᎴ ᎤᏅᏏᏓᏍᏗ Ꭴ-' in language ''
Empty truth string!
Can't encode transcription: '' in language ''
Encoding of string failed! Failure bytes: 34 2e 20 e1 8f 9d e1 8e a9 e1 8f b3 20 e1 8e a4 e1 8f 9b e1 8f 83 e1 8e af 20 e1 8f 95 e1 8e a6 e1 8e b3 e1 8f ab e1 8e a5 20 e1 8e ac e1 8f a9 e1 8f 96 e1 8e b3 e1 8f 97 e1 8f 8d e1 8f 97 e1 8e a2 2c
Can't encode transcription: '4. ᏝᎩᏳ ᎤᏛᏃᎯ ᏕᎦᎳᏫᎥ ᎬᏩᏖᎳᏗᏍᏗᎢ,' in language ''
Encoding of string failed! Failure bytes: e1 8e bc e1 8f 8f 20 e1 8e a0 e1 8e b4
Can't encode transcription: 'ᏔᎵ ᎠᏂᏍᎦᏯ, ᎾᏍᎩ ᎼᏏ ᎠᎴ' in language ''
Encoding of string failed! Failure bytes: 34 2e 20 e1 8f 9d e1 8e a9 e1 8f b3 20 e1 8e a4 e1 8f 9b e1 8f 83 e1 8e af 20 e1 8f 95 e1 8e a6 e1 8e b3 e1 8f ab e1 8e a5 20 e1 8e ac e1 8f a9 e1 8f 96 e1 8e b3 e1 8f 97 e1 8f 8d e1 8f 97 e1 8e a2 2c
Can't encode transcription: '4. ᏝᎩᏳ ᎤᏛᏃᎯ ᏕᎦᎳᏫᎥ ᎬᏩᏖᎳᏗᏍᏗᎢ,' in language ''
Encoding of string failed! Failure bytes: 34 2e 20 e1 8f a5 e1 8f 8c e1 8f 83 20 e1 8e a4 e1 8f 81 e1 8f a8 20 e1 8e af e1 8e a0 20 e1 8f 82 e1 8f 9a e1 8f aa e1 8f 8e e1 8e b8 e1 8e a9 3b 20 e1 8f a5 e1 8f 8d e1 8f 95 e1 8e be 20 e1 8f a3 e1 8f 82
Can't encode transcription: '4. ᏥᏌᏃ ᎤᏁᏨ ᎯᎠ ᏂᏚᏪᏎᎸᎩ; ᏥᏍᏕᎾ ᏣᏂ' in language ''
Encoding of string failed! Failure bytes: e1 8e ba e1 8f 89 e1 8e af
Can't encode transcription: 'ᏥᏳ ᏗᏂᏂᏙᎯ, ᎠᎴ ᎾᏂᎥᏉ ᎠᎺᏉᎯ' in language ''
Encoding of string failed! Failure bytes: ea ae 84 e1 8f a5 e1 8f 85 e1 8e a5 e1 8f 8f 20 e1 8f 80 e1 8f 8d e1 8e a9 20 e1 8e af e1 8e a0 20 e1 8f 85 2d
Can't encode transcription: 'ᎡᎳᏗᏢ ᏗᏂᎳᏫᎩ ᏫᏙꮄᏥᏅᎥᏏ ᏀᏍᎩ ᎯᎠ Ꮕ-' in language ''
At iteration 2551/3100/3384, mean rms=1.890%, delta=6.858%, BCER train=22.654%, BWER train=40.783%, skip ratio=8.800%, New worst BCER = 22.654 wrote checkpoint.
Encoding of string failed! Failure bytes: e1 8e ba e1 8e b5 e1 8e a9 e1 8f 8f e1 8f 95 e1 8e a9
Can't encode transcription: 'ᏥᎸ-ᎮᎶᎯ ᏂᎯ ᏂᎪᎯᎸᎢ ᎺᎵᎩᏏᏕᎩ' in language ''
Encoding of string failed! Failure bytes: ea ae ad 2e
Can't encode transcription: 'ᏣᏂ ᎫᏫᏍᎫᏫ, ᏗᏆᏓᏘᏀᎢ ᎧᎻᏘꮭ.' in language ''
2 Percent improvement time=577, best error was 24.182 @ 2044
At iteration 2621/3200/3486, mean rms=1.859%, delta=6.639%, BCER train=21.993%, BWER train=39.924%, skip ratio=8.100%, New best BCER = 21.993 wrote best model:training_data/staged_tuning/run_custom_mid_lr_mid_decay_output/chr_21.993_2621_3200.checkpoint wrote checkpoint.
Finished! Selected model with minimal training error rate (BCER) = 21.993
