Loaded file training_data/staged_tuning/run_custom_mid_lr_mid_decay_output/chr_checkpoint, unpacking...
Successfully restored trainer from training_data/staged_tuning/run_custom_mid_lr_mid_decay_output/chr_checkpoint
Encoding of string failed! Failure bytes: 34 20 e1 8e af e1 8e a0 e1 8f 83 20 e1 8f 82 e1 8f 9a e1 8f aa e1 8f 8e e1 8e b4 e1 8e a2 2c 20 e1 8f 9a e1 8f b3 e1 8e aa e1 8f 97 e1 8f 8d e1 8e aa
Can't encode transcription: '4 ᎯᎠᏃ ᏂᏚᏪᏎᎴᎢ, ᏚᏳᎪᏗᏍᎪ' in language ''
Encoding of string failed! Failure bytes: e1 8f b8 e1 8e a2 2c 20 e1 8e a2 e1 8f a4 e1 8f b0 e1 8f 83
Can't encode transcription: 'Ꭰ- ᎬᎭᎸᏛ ᏱᎦᎵᏍᏢᏗᏍᎪᏸᎢ, ᎢᏤᏰᏃ' in language ''
Encoding of string failed! Failure bytes: ea ae 90 e1 8e a2 e1 8e a0 e1 8e be e1 8f 93 e1 8e b5 e1 8e a1 e1 8e ae e1 8f 8d e1 8f 97 e1 8f 89 20 e1 8f 80 e1 8f 8d e1 8e a9 20 e1 8f 80 e1 8e bf 20 e1 8f 95 e1 8e a8 2d
Can't encode transcription: 'ᏳᏍᎩᏂᏃ ꮐᎢᎠᎾᏓᎵᎡᎮᏍᏗᏉ ᏀᏍᎩ ᏀᎿ ᏕᎨ-' in language ''
Encoding of string failed! Failure bytes: 5e
Can't encode transcription: 'ᏄᎵᏥᏙᏃ ᏣᏂ^' in language ''
Empty truth string!
Can't encode transcription: '' in language ''
Encoding of string failed! Failure bytes: 5d 20 e1 8e be e1 8f 8d e1 8f 89 20 e1 8e a1 e1 8e b6 e1 8e af 20 e1 8f 97 e1 8f 82 e1 8e a7 e1 8e bf e1 8e ad e1 8f a9 e1 8f 95 e1 8e a9
Can't encode transcription: 'ᏂᎨᏒᎾ] ᎾᏍᏉ ᎡᎶᎯ ᏗᏂᎧᎿᎭᏩᏕᎩ' in language ''
Encoding of string failed! Failure bytes: 34 38 20 e1 8f a7 e1 8e be e1 8f 93 e1 8e b4 e1 8f 85 e1 8f 9b e1 8f 83 20 e1 8f b4 e1 8f ab 20 e1 8e be e1 8f 8d e1 8e a9 20 e1 8e a4 e1 8e be e1 8f 9b 2d
Can't encode transcription: '48 ᏧᎾᏓᎴᏅᏛᏃ ᏴᏫ ᎾᏍᎩ ᎤᎾᏛ-' in language ''
Encoding of string failed! Failure bytes: 3f 20 e1 8e a4 e1 8f ac e1 8e af e1 8f b3 e1 8f 92 e1 8f 8d e1 8e aa 20 e1 8f b0 e1 8e b5 e1 8f 89 20 e1 8f b3 2d
Can't encode transcription: 'ᎾᏃ Ᏹ? ᎤᏬᎯᏳᏒᏍᎪ ᏰᎵᏉ Ᏻ-' in language ''
Encoding of string failed! Failure bytes: 49 49 49 2e
Can't encode transcription: 'ᎹᏚ. ᎠᏯᏙᎸᎢ III.' in language ''
Encoding of string failed! Failure bytes: 5b e1 8e a3 e1 8e a6 e1 8e b4 e1 8f 85 e1 8f 9b 20 e1 8e a0 e1 8f 8f 20 e1 8f 99 e1 8f a5 e1 8e b4 e1 8f b4 e1 8f 97 2e 5d
Can't encode transcription: '[ᎣᎦᎴᏅᏛ ᎠᏏ ᏙᏥᎴᏴᏗ.]' in language ''
At iteration 2404/2900/3166, mean rms=1.902%, delta=6.863%, BCER train=22.851%, BWER train=41.380%, skip ratio=8.600%, New worst BCER = 22.851 wrote checkpoint.
Encoding of string failed! Failure bytes: 3f
Can't encode transcription: 'ᏍᏗᎭ?' in language ''
Encoding of string failed! Failure bytes: 34 36 20 e1 8e a0 e1 8f 8e e1 8f 83 20 e1 8e a5 e1 8f 9d 20 e1 8e a2 e1 8e ac e1 8f b1 20 e1 8f b1 e1 8e a8 e1 8f 8e 20 e1 8e be e1 8f 8d e1 8e a9 20 e1 8e be
Can't encode transcription: '46 ᎠᏎᏃ ᎥᏝ ᎢᎬᏱ ᏱᎨᏎ ᎾᏍᎩ Ꮎ' in language ''
Encoding of string failed! Failure bytes: ea ae 9f e1 8f 83 20 e1 8f a3 e1 8e b3 e1 8e a9 20 e1 8f a7 e1 8f 83 e1 8f aa e1 8e b6 e1 8f 97 20 e1 8f 8d e1 8f 8f e1 8f 89 e1 8f af 20 e1 8f a7 e1 8f ac e1 8f a2 e1 8f 85 e1 8e af
Can't encode transcription: 'ᏍᏗ, ᏗᏐꮟᏃ ᏣᎳᎩ ᏧᏃᏪᎶᏗ ᏍᏏᏉᏯ ᏧᏬᏢᏅᎯ' in language ''
Encoding of string failed! Failure bytes: 3f
Can't encode transcription: 'ᎦᏙ ᏙᏓᎦᏟᎶᏍᏔᏂ?' in language ''
Encoding of string failed! Failure bytes: 34 36 20 e1 8e af e1 8e a0 e1 8f 83 20 e1 8f 82 e1 8f 9a e1 8f aa e1 8f 8e e1 8e b4 e1 8e a2 2c 20 e1 8e be e1 8f 8d e1 8e a9 20 e1 8e af e1 8e a0
Can't encode transcription: '46 ᎯᎠᏃ ᏂᏚᏪᏎᎴᎢ, ᎾᏍᎩ ᎯᎠ' in language ''
Encoding of string failed! Failure bytes: 3f 20 e1 8f 8d e1 8e a9 e1 8f 83 e1 8e b2 e1 8f 8f 2e
Can't encode transcription: '67 ᏂᎯᏍᎪ ᎦᎶᏁᏛ? ᏍᎩᏃᎲᏏ.' in language ''
Encoding of string failed! Failure bytes: e1 8e bc e1 8f 8f e1 8f b0 e1 8f 83 20 e1 8f 82 e1 8e a6 e1 8f 9b 20 e1 8f 97 e1 8e a7 e1 8e bf e1 8e ad e1 8f a9 e1 8f 9b e1 8f 8d e1 8f 97 20 e1 8f 82 2d
Can't encode transcription: '19 ᎼᏏᏰᏃ ᏂᎦᏛ ᏗᎧᎿᎭᏩᏛᏍᏗ Ꮒ-' in language ''
Encoding of string failed! Failure bytes: 3f 20 e1 8e a0 e1 8f 99 e1 8e b4 e1 8e b0 e1 8f 8d e1 8e a9 e1 8e a8 3f 20 e1 8e a5 e1 8e a5 20 e1 8f 82 2d
Can't encode transcription: '9. ᎦᏙᎩ ᎢᏣᎦᏔᏅᏎᎢ? ᎠᏙᎴᎰᏍᎩᎨ? ᎥᎥ Ꮒ-' in language ''
Encoding of string failed! Failure bytes: 3f 20 e1 8e a0 e1 8f 99 e1 8e b4 e1 8e b0 e1 8f 8d e1 8e a9 e1 8e a8 3f 20 e1 8e a1 e1 8e a5 20 e1 8f 82 2d
Can't encode transcription: '9. ᎦᏙᎩ ᎢᏣᎦᏔᏅᏎᎢ? ᎠᏙᎴᎰᏍᎩᎨ? ᎡᎥ Ꮒ-' in language ''
At iteration 2481/3000/3275, mean rms=1.914%, delta=6.974%, BCER train=23.082%, BWER train=41.231%, skip ratio=8.600%, New worst BCER = 23.082 wrote checkpoint.
Finished! Selected model with minimal training error rate (BCER) = 22.32
