Loaded file training_data/staged_tuning/run_custom_mid_lr_mid_decay_output/chr_checkpoint, unpacking...
Successfully restored trainer from training_data/staged_tuning/run_custom_mid_lr_mid_decay_output/chr_checkpoint
Encoding of string failed! Failure bytes: 34 2e 20 e1 8f a5 e1 8f 8c e1 8f 83 20 e1 8e a4 e1 8f 81 e1 8f a8 20 e1 8e af e1 8e a0 20 e1 8f 82 e1 8f 9a e1 8f aa e1 8f 8e e1 8e b8 e1 8e a9 3b 20 e1 8f a5 e1 8f 8d e1 8f 95 e1 8e be 20 e1 8f a3 e1 8f 82
Can't encode transcription: '4. ᏥᏌᏃ ᎤᏁᏨ ᎯᎠ ᏂᏚᏪᏎᎸᎩ; ᏥᏍᏕᎾ ᏣᏂ' in language ''
Encoding of string failed! Failure bytes: 34 37 20 e1 8e be e1 8f 8d e1 8e a9 e1 8f b0 e1 8f 83 20 e1 8f 84 e1 8f 8d e1 8f 97 20 e1 8e a4 e1 8e ac e1 8f ab e1 8f b3 e1 8e af 20 e1 8e a3 e1 8e a9 2d
Can't encode transcription: '47 ᎾᏍᎩᏰᏃ ᏄᏍᏗ ᎤᎬᏫᏳᎯ ᎣᎩ-' in language ''
Encoding of string failed! Failure bytes: 3f
Can't encode transcription: 'ᏍᎪᎢ?' in language ''
Encoding of string failed! Failure bytes: 34 31 20 e1 8e a0 e1 8f 8d e1 8e aa e1 8e af e1 8f 83 20 e1 8e a2 e1 8f af e1 8f 82 e1 8f 9b 20 e1 8e a4 e1 8e be e1 8f 9b e1 8e a6 e1 8f 85 2c 20 e1 8e a4 2d
Can't encode transcription: '41 ᎠᏍᎪᎯᏃ ᎢᏯᏂᏛ ᎤᎾᏛᎦᏅ, Ꭴ-' in language ''
Empty truth string!
Can't encode transcription: '' in language ''
Encoding of string failed! Failure bytes: ea ad bb
Can't encode transcription: 'ᏕᏥᎸᏫᏍᏓᏁᎲᎢꭻ' in language ''
Encoding of string failed! Failure bytes: 3f 20 e1 8e a0 e1 8f 82 e1 8f 8d e1 8e a6 e1 8e be e1 8f b0 e1 8f 83 20 e1 8e be e1 8f 8d e1 8f 89
Can't encode transcription: 'ᎡᎵᏤᏗ ᎨᏒᎢ? ᎠᏂᏍᎦᎾᏰᏃ ᎾᏍᏉ' in language ''
Encoding of string failed! Failure bytes: 3f
Can't encode transcription: '5 ᏝᏍᎪ ᏱᏣᏅᏔ, ᎾᏍᎩ ᎠᏏ ᏥᏨᏰᎳᏗᏙᎲᎩ ᎾᏍᎩ ᎯᎠ ᎢᏨᏃᎮᎮᎸᎢ?' in language ''
At iteration 2838/3500/3808, mean rms=1.839%, delta=6.589%, BCER train=21.869%, BWER train=39.563%, skip ratio=8.000%, New worst BCER = 21.869 wrote checkpoint.
Encoding of string failed! Failure bytes: e1 8e ba e1 8f 89 e1 8e af 20 e1 8f aa e1 8f a3 e1 8f 9a e1 8e a6 3b 20 e1 8e a0 e1 8e b4 20 e1 8f 84 e1 8f 9c 2d
Can't encode transcription: 'ᏣᎲᎾ, ᎠᎴ ᎠᎺᏉᎯ ᏪᏣᏚᎦ; ᎠᎴ ᏄᏜ-' in language ''
Encoding of string failed! Failure bytes: 34 37 20 e1 8e a4 e1 8f 99 e1 8e af e1 8f b3 e1 8e af e1 8f af 20 e1 8e af e1 8e a0 20 e1 8f 82 e1 8f a8 e1 8f aa e1 8f 8e e1 8e ad 3b
Can't encode transcription: '47 ᎤᏙᎯᏳᎯᏯ ᎯᎠ ᏂᏨᏪᏎᎭ;' in language ''
Encoding of string failed! Failure bytes: e1 8f 8b e1 8f 92 20 e1 8f b1 e1 8e a6 e1 8f 93 e1 8e b8 e1 8f 89 e1 8f 97 e1 8e ad 2c 20 e1 8e a5 e1 8e a9 e1 8e b8 e1 8f 89 e1 8f 97 e1 8f b3 20 e1 8e a0 2d
Can't encode transcription: 'ᎠᏋᏒ ᏱᎦᏓᎸᏉᏗᎭ, ᎥᎩᎸᏉᏗᏳ Ꭰ-' in language ''
Encoding of string failed! Failure bytes: 3f 20 e1 8e a4 e1 8f a9 e1 8f 92 e1 8f 89 20 e1 8e a4 e1 8f 85 e1 8f 8f e1 8f 99 e1 8e af 20 e1 8e a4 e1 8e b5 2d
Can't encode transcription: 'ᏅᏏᏓᏍᏗ? ᎤᏩᏒᏉ ᎤᏅᏏᏙᎯ ᎤᎵ-' in language ''
Encoding of string failed! Failure bytes: 34 20 e1 8f a5 e1 8f 8c e1 8f 83 20 e1 8e a4 e1 8f 81 e1 8f a8 20 e1 8e af e1 8e a0 20 e1 8f 82 e1 8f 9a e1 8f aa e1 8f 8e e1 8e b4 e1 8e a2 2c
Can't encode transcription: '34 ᏥᏌᏃ ᎤᏁᏨ ᎯᎠ ᏂᏚᏪᏎᎴᎢ,' in language ''
Encoding of string failed! Failure bytes: 34 30 20 e1 8e be e1 8f 8d e1 8e a9 e1 8f 83 20 e1 8f 84 e1 8f aa e1 8f 92 20 e1 8f 9a e1 8e be e1 8f 84 e1 8e aa e1 8f ab e1 8f 8e e1 8e b4 20 e1 8f a7 e1 8f ac 2d
Can't encode transcription: '40 ᎾᏍᎩᏃ ᏄᏪᏒ ᏚᎾᏄᎪᏫᏎᎴ ᏧᏬ-' in language ''
Encoding of string failed! Failure bytes: ea ae 85 20 e1 8f 97 e1 8f a5 e1 8f b2 e1 8f 8d e1 8f 97 20 e1 8e a8 e1 8f 92 20 e1 8e a2 e1 8f a4 2d
Can't encode transcription: 'ᏃᎮᏍᎬᎢ, ᎾᏍᎩꮅ ᏗᏥᏲᏍᏗ ᎨᏒ ᎢᏤ-' in language ''
Encoding of string failed! Failure bytes: 34 32 20 e1 8f a5 e1 8f 8c e1 8f 83 20 e1 8e af e1 8e a0 20 e1 8f 82 e1 8f 9a e1 8f aa e1 8f 8e e1 8e b8 e1 8e a9 3b 20 e1 8f 9d e1 8f 8d e1 8e aa
Can't encode transcription: '42 ᏥᏌᏃ ᎯᎠ ᏂᏚᏪᏎᎸᎩ; ᏝᏍᎪ' in language ''
Encoding of string failed! Failure bytes: 34 20 e1 8f 95 e1 8e a6 e1 8f 83 e1 8f a3 e1 8e b8 e1 8f 83 20 e1 8f 82 e1 8e ac e1 8e be e1 8f 9b 20 e1 8f 8f e1 8e b5 e1 8f b1 20 e1 8e a4 e1 8f b0 e1 8e b5 2d
Can't encode transcription: '24 ᏕᎦᏃᏣᎸᏃ ᏂᎬᎾᏛ ᏏᎵᏱ ᎤᏰᎵ-' in language ''
At iteration 2914/3600/3917, mean rms=1.836%, delta=6.506%, BCER train=21.991%, BWER train=39.583%, skip ratio=8.100%, New worst BCER = 21.991 wrote checkpoint.
Finished! Selected model with minimal training error rate (BCER) = 21.384
