Loaded file training_data/staged_tuning/run_custom_mid_lr_mid_decay_output/chr_checkpoint, unpacking...
Successfully restored trainer from training_data/staged_tuning/run_custom_mid_lr_mid_decay_output/chr_checkpoint
Encoding of string failed! Failure bytes: 5b e1 8e a0 e1 8e be e1 8f 97 e1 8f 8d e1 8e aa e1 8e a2 2e 5d
Can't encode transcription: 'ᎠᎾᏙᎴᎰᏍᎩ ᏚᎴᎯᏌᏅ [ᎠᎾᏗᏍᎪᎢ.]' in language ''
Encoding of string failed! Failure bytes: 34 20 e1 8f 8c e1 8f a9 e1 8f 82 20 e1 8e a4 e1 8f 83 e1 8e ae e1 8e b8 20 e1 8e a4 e1 8f 81 e1 8e b3 e1 8f 85 e1 8e af 20 e1 8e a2 e1 8e ac 2d
Can't encode transcription: '14 ᏌᏩᏂ ᎤᏃᎮᎸ ᎤᏁᎳᏅᎯ ᎢᎬ-' in language ''
Empty truth string!
Can't encode transcription: '' in language ''
Encoding of string failed! Failure bytes: 3f 20 e1 8e a4 e1 8e ac e1 8f ab e1 8f b3 e1 8e af e1 8f 83 20 e1 8e af e1 8e a0 20 e1 8f 84 e1 8f aa 2d
Can't encode transcription: 'ᎠᏆᏛᏁᏗᏱ? ᎤᎬᏫᏳᎯᏃ ᎯᎠ ᏄᏪ-' in language ''
Encoding of string failed! Failure bytes: e1 8f 8b e1 8f 97 e1 8f b1 20 e1 8e a4 e1 8f 95 e1 8f 85 e1 8e af 2c 20 e1 8e a9 e1 8e b3 e1 8e a2
Can't encode transcription: 'ᎡᏈᎳ ᏧᏙᎢᏛ, ᏋᏗᏱ ᎤᏕᏅᎯ, ᎩᎳᎢ' in language ''
Encoding of string failed! Failure bytes: e1 8e bc e1 8f 8f 20 e1 8e a0 e1 8e b4
Can't encode transcription: 'ᏔᎵ ᎠᏂᏍᎦᏯ, ᎾᏍᎩ ᎼᏏ ᎠᎴ' in language ''
Encoding of string failed! Failure bytes: 34 20 e1 8f b4 e1 8f ab 20 e1 8e a4 e1 8f 82 e1 8f 81 e1 8f a8 20 e1 8e af e1 8e a0 e1 8f 82 e1 8e ac e1 8f a9 e1 8f aa e1 8f 8e e1 8e b8 e1 8e a9 2c
Can't encode transcription: '34 ᏴᏫ ᎤᏂᏁᏨ ᎯᎠᏂᎬᏩᏪᏎᎸᎩ,' in language ''
Encoding of string failed! Failure bytes: e1 8f b7 e1 8e b8 e1 8e ad 2e
Can't encode transcription: 'ᏒᎭ, ᎠᎴ ᏕᏍᎩᎾᏘᏃᎮ᏷ᎸᎭ.' in language ''
Encoding of string failed! Failure bytes: ea ae 86 e1 8f ab 2c
Can't encode transcription: '13 ᎾᏍᎩ ᏧᎵᏂᎪᎯᏍᏙᏗᏱ ᏗᏥꮆᏫ,' in language ''
Empty truth string!
Can't encode transcription: '' in language ''
Encoding of string failed! Failure bytes: 34 20 e1 8e a9 e1 8e b6 20 e1 8f a5 e1 8e a6 e1 8f 94 e1 8e ad 20 e1 8e a0 e1 8f 97 e1 8f 8d e1 8e a9 2c 20 e1 8e a0 e1 8f 8e e1 8f 83 20 e1 8f 82 e1 8f 9a 2d
Can't encode transcription: '4 ᎩᎶ ᏥᎦᏔᎭ ᎠᏗᏍᎩ, ᎠᏎᏃ ᏂᏚ-' in language ''
Encoding of string failed! Failure bytes: 56 2e
Can't encode transcription: 'ᎹᏚ. ᎠᏯᏙᎸᎢ V.' in language ''
At iteration 3722/4700/5121, mean rms=1.771%, delta=5.914%, BCER train=19.702%, BWER train=38.441%, skip ratio=8.800%, New worst BCER = 19.702 wrote checkpoint.
Encoding of string failed! Failure bytes: ea ae 8a e1 8f 9b e1 8e a2
Can't encode transcription: 'ᏀᏍᎩᏉᏍᎩᏂ ᏱᏃᎵᏍᏓᏏ ᏅᎦᏔᎲᎾ ᏄᏍꮊᏛᎢ' in language ''
Encoding of string failed! Failure bytes: 34 20 e1 8e be e1 8f 8d e1 8e a9 e1 8f b0 e1 8f 83 20 5b e1 8f 84 e1 8e ac e1 8f ab e1 8f b3 e1 8f 8c e1 8f 95 e1 8e a9 5d 20 e1 8e a4 e1 8f 81 2d
Can't encode transcription: '4 ᎾᏍᎩᏰᏃ [ᏄᎬᏫᏳᏌᏕᎩ] ᎤᏁ-' in language ''
Encoding of string failed! Failure bytes: 34 20 e1 8e a0 e1 8f b4 20 e1 8e be e1 8f 8d e1 8e a9 20 e1 8e aa e1 8e af 20 e1 8e a8 e1 8f 92 20 e1 8f a5 e1 8e a6 e1 8e b5 e1 8e a1 e1 8e b5 e1 8e a6
Can't encode transcription: '24 ᎠᏴ ᎾᏍᎩ ᎪᎯ ᎨᏒ ᏥᎦᎵᎡᎵᎦ' in language ''
Encoding of string failed! Failure bytes: 3f 20 e1 8f a5 e1 8e a6 e1 8f 94 e1 8e ad 20 e1 8f 95 e1 8e b0 e1 8e af e1 8f b3 2d
Can't encode transcription: 'ᎠᎾᏙᎴᎰᏍᎩ? ᏥᎦᏔᎭ ᏕᎰᎯᏳ-' in language ''
Encoding of string failed! Failure bytes: 3f
Can't encode transcription: 'ᏧᎬᏩᎶᏗ ᎬᏯᎫᏴᎡᏗᏱ?' in language ''
Encoding of string failed! Failure bytes: 22 e1 8e a9 e1 8e b6 e1 8f b0 e1 8f 83 20 e1 8e ac e1 8f 85 20 e1 8e a4 e1 8e a8 e1 8f b3 e1 8f 8e e1 8f 8d e1 8f 97 2c 20 e1 8e a0 e1 8e b4
Can't encode transcription: '10 "ᎩᎶᏰᏃ ᎬᏅ ᎤᎨᏳᏎᏍᏗ, ᎠᎴ' in language ''
Encoding of string failed! Failure bytes: ea ae a4 e1 8f 98 e1 8f b0 e1 8f 85 e1 8e af 2c 20 e1 8e a6 e1 8f 83 e1 8f a5 e1 8f 83 20 e1 8e a4 e1 8f 93 e1 8f a0 e1 8f 8d e1 8f 95 e1 8e a2 2c 20 e1 8e a4 e1 8e b5 e1 8f 8d e1 8f 93 e1 8f b4 e1 8f 97 e1 8f 83 20 e1 8e a5 e1 8e b4 2c
Can't encode transcription: 'ᏍꮤᏘᏰᏅᎯ, ᎦᏃᏥᏃ ᎤᏓᏠᏍᏕᎢ, ᎤᎵᏍᏓᏴᏗᏃ ᎥᎴ,' in language ''
Empty truth string!
Can't encode transcription: '' in language ''
Encoding of string failed! Failure bytes: 5b e1 8e a3 e1 8e a6 e1 8e b4 e1 8f 85 e1 8f 9b 20 e1 8e a0 e1 8f 8f 20 e1 8f 99 e1 8f a5 e1 8e b4 e1 8f b4 e1 8f 97 2e 5d
Can't encode transcription: '[ᎣᎦᎴᏅᏛ ᎠᏏ ᏙᏥᎴᏴᏗ.]' in language ''
Encoding of string failed! Failure bytes: 5b e1 8e a6 e1 8e b6 e1 8f 81 e1 8f 9b 5d 20 e1 8e a0 e1 8e a6 e1 8f 9b 2d
Can't encode transcription: 'ᏛᏅ ᎢᏧᎳᎭ ᎾᏍᎩ [ᎦᎶᏁᏛ] ᎠᎦᏛ-' in language ''
Encoding of string failed! Failure bytes: e1 8f b5 e1 8e ac e1 8f ab e1 8f b3 e1 8e af 20 e1 8f a7 e1 8f 9a e1 8e a2 e1 8f 8d e1 8f 93 e1 8f 81 e1 8e b8 e1 8e af 20 e1 8f a5 e1 8e a9 20 e1 8e ac e1 8f a9 e1 8e a8 2d
Can't encode transcription: 'ᎤᏵᎬᏫᏳᎯ ᏧᏚᎢᏍᏓᏁᎸᎯ ᏥᎩ ᎬᏩᎨ-' in language ''
2 Percent improvement time=1109, best error was 21.595 @ 2689
At iteration 3798/4800/5232, mean rms=1.762%, delta=5.865%, BCER train=19.572%, BWER train=38.090%, skip ratio=9.700%, New best BCER = 19.572 wrote best model:training_data/staged_tuning/run_custom_mid_lr_mid_decay_output/chr_19.572_3798_4800.checkpoint wrote checkpoint.
Finished! Selected model with minimal training error rate (BCER) = 19.572
