Loaded file training_data/staged_tuning/run_custom_mid_lr_mid_decay_output/chr_checkpoint, unpacking...
Successfully restored trainer from training_data/staged_tuning/run_custom_mid_lr_mid_decay_output/chr_checkpoint
Encoding of string failed! Failure bytes: 34 34 20 e1 8e a9 e1 8e b6 e1 8f 83 20 e1 8e a0 e1 8f 82 20 e1 8f 85 e1 8f b2 e1 8e af 20 e1 8e a0 e1 8f a2 e1 8f a8 e1 8e ad 20 e1 8f 93 e1 8f b3 2d
Can't encode transcription: '44 ᎩᎶᏃ ᎠᏂ ᏅᏲᎯ ᎠᏢᏨᎭ ᏓᏳ-' in language ''
Encoding of string failed! Failure bytes: 56 2e
Can't encode transcription: 'ᎹᏚ. ᎠᏯᏙᎸᎢ V.' in language ''
Encoding of string failed! Failure bytes: 3f
Can't encode transcription: 'ᎦᏙ ᏙᏓᎦᏟᎶᏍᏔᏂ?' in language ''
Encoding of string failed! Failure bytes: ea ad b2 e1 8e be e1 8f 93 e1 8f 85 e1 8f 9b e1 8e a2 2e
Can't encode transcription: 'ᏭᏂᎷᏤᎸ ᎠᏎ ᏱᏓᏂᏁᏟᏴᎾ ᏓꭲᎾᏓᏅᏛᎢ.' in language ''
Encoding of string failed! Failure bytes: 3f 20 e1 8f a9 e1 8f 90 e1 8e be e1 8f 8d e1 8e aa
Can't encode transcription: 'ᎦᏙ ᎢᏣᎦᏔᏅᏎ ᎢᎾᎨᎢ? ᏩᏐᎾᏍᎪ' in language ''
Encoding of string failed! Failure bytes: 5b e1 8e a8 e1 8f a6 e1 8f 8e e1 8e b0 e1 8e a2 2c 5d 20 e1 8e a2 e1 8e a6 e1 8f 9b e1 8f 83 20 e1 8e a2 e1 8e b3 e1 8f af 2c
Can't encode transcription: 'ᏗᏓᏬᏍᎩ [ᎨᏦᏎᎰᎢ,] ᎢᎦᏛᏃ ᎢᎳᏯ,' in language ''
Encoding of string failed! Failure bytes: 34 20 e1 8e bf e1 8e ad e1 8f 89 e1 8f 83 20 e1 8f a3 e1 8f 82 20 e1 8f 82 e1 8f 99 e1 8f 93 e1 8f b3 e1 8f 85 e1 8f 8f e1 8f 9b 20 e1 8e a2 e1 8e a4 2d
Can't encode transcription: '24 ᎿᎭᏉᏃ ᏣᏂ ᏂᏙᏓᏳᏅᏏᏛ ᎢᎤ-' in language ''
Encoding of string failed! Failure bytes: 34 2e 20 e1 8f a5 e1 8f 8c e1 8f 83 20 e1 8e a4 e1 8f 81 e1 8f a8 20 e1 8e af e1 8e a0 20 e1 8f 82 e1 8f 9a e1 8f aa e1 8f 8e e1 8e b8 e1 8e a9 3b 20 e1 8f a5 e1 8f 8d e1 8f 95 e1 8e be 20 e1 8f a3 e1 8f 82
Can't encode transcription: '4. ᏥᏌᏃ ᎤᏁᏨ ᎯᎠ ᏂᏚᏪᏎᎸᎩ; ᏥᏍᏕᎾ ᏣᏂ' in language ''
Encoding of string failed! Failure bytes: 34 20 e1 8e be e1 8f 8d e1 8e a9 20 e1 8f 85 e1 8f 93 e1 8f b3 e1 8e b5 e1 8f 8d e1 8f 99 e1 8f 99 e1 8f 97 e1 8f b1 20 e1 8f 97 e1 8e a7 e1 8e bf e1 8e ad e1 8f a9 2d
Can't encode transcription: '4 ᎾᏍᎩ ᏅᏓᏳᎵᏍᏙᏙᏗᏱ ᏗᎧᎿᎭᏩ-' in language ''
Encoding of string failed! Failure bytes: 5b e1 8f ab e1 8f a5 e1 8e aa e1 8e a5 e1 8e a9 5d 20 e1 8e a0 e1 8e b4 20 e1 8e be e1 8e bf e1 8e ad e1 8e a4 e1 8e a9 e1 8e b5
Can't encode transcription: 'ᎤᏁᎬ ᏐᏈᎵ [ᏫᏥᎪᎥᎩ] ᎠᎴ ᎾᎿᎭᎤᎩᎵ' in language ''
At iteration 4291/5500/6004, mean rms=1.656%, delta=5.244%, BCER train=18.548%, BWER train=35.814%, skip ratio=10.500%, New worst BCER = 18.548 wrote checkpoint.
Encoding of string failed! Failure bytes: 5b e1 8e a3 e1 8e a6 e1 8e b4 e1 8f 85 e1 8f 9b 20 e1 8e a0 e1 8f 8f 20 e1 8f 99 e1 8f a5 e1 8e b4 e1 8f b4 e1 8f 97 2e 5d
Can't encode transcription: '[ᎣᎦᎴᏅᏛ ᎠᏏ ᏙᏥᎴᏴᏗ.]' in language ''
Encoding of string failed! Failure bytes: 3f 20 e1 8e a0 e1 8f 8f e1 8f 89 e1 8f 8d e1 8e aa
Can't encode transcription: 'ᎢᎩ, ᎠᎴ ᏂᏦᎵᎬᎾ ᎢᎩ? ᎠᏏᏉᏍᎪ' in language ''
Encoding of string failed! Failure bytes: 34 34 20 e1 8e a9 e1 8e b6 e1 8f 83 20 e1 8e a0 e1 8f 82 20 e1 8f 85 e1 8f b2 e1 8e af 20 e1 8e a0 e1 8f a2 e1 8f a8 e1 8e ad 20 e1 8f 93 e1 8f b3 2d
Can't encode transcription: '44 ᎩᎶᏃ ᎠᏂ ᏅᏲᎯ ᎠᏢᏨᎭ ᏓᏳ-' in language ''
Encoding of string failed! Failure bytes: 34 20 e1 8f 9a e1 8f 82 e1 8f 83 e1 8f 97 2c 20 ea ae 9f 31 38 32 35 2e
Can't encode transcription: 'ᎢᏤ ᎦᏚᎲ, 14 ᏚᏂᏃᏗ, ꮟ1825.' in language ''
Encoding of string failed! Failure bytes: 3f 20 e1 8e be e1 8f 8d e1 8f 89 e1 8f 8d e1 8e a9 e1 8f 82 20 e1 8e a5 e1 8f 9d
Can't encode transcription: '-ᎢᏳᏍᏗ ᏯᎾᏓᏛᎦ? ᎾᏍᏉᏍᎩᏂ ᎥᏝ' in language ''
Encoding of string failed! Failure bytes: 3f 20 e1 8e a0 e1 8f 8e e1 8f 83 20 e1 8f 90 e1 8e a3 2d
Can't encode transcription: 'ᎠᏍᎪᎯ ᏱᎨᏥᏅᎦᎸᎡᎢ? ᎠᏎᏃ ᏐᎣ-' in language ''
Encoding of string failed! Failure bytes: 3f
Can't encode transcription: 'ᏅᏃᎯ ᎤᏁᎳᏅᎯ ᏧᏤᎵᎦ?' in language ''
Encoding of string failed! Failure bytes: 34 30 20 e1 8e bf e1 8e ad e1 8f 89 e1 8f 83 20 e1 8e be e1 8f 8d e1 8e a9 20 e1 8f 96 e1 8e b8 e1 8e b3 e1 8f 97 20 e1 8f 93 e1 8f ab e1 8f 92
Can't encode transcription: '40 ᎿᎭᏉᏃ ᎾᏍᎩ ᏖᎸᎳᏗ ᏓᏫᏒ' in language ''
Encoding of string failed! Failure bytes: 34 20 e1 8f 85 e1 8f 93 e1 8f 95 e1 8f 86 2c 20 31 38 32 35 2e
Can't encode transcription: 'ᎢᏦᏗ, 14 ᏅᏓᏕᏆ, 1825.' in language ''
Encoding of string failed! Failure bytes: ea ae a5 e1 8f b2 20 e1 8e a2 e1 8f a5 e1 8f b0 e1 8e b8 e1 8f 92
Can't encode transcription: '8. ᎢᏥᎾᏄᎪᏩᏲᎪ ᎠᏕᎶᎰᎯᏍᏗ ᎤꮥᏲ ᎢᏥᏰᎸᏒ' in language ''
At iteration 4355/5600/6114, mean rms=1.627%, delta=5.127%, BCER train=18.387%, BWER train=35.132%, skip ratio=10.500%, New worst BCER = 18.387 wrote checkpoint.
Finished! Selected model with minimal training error rate (BCER) = 18.366
