Loaded file training_data/staged_tuning/run_custom_mid_lr_mid_decay_output/chr_checkpoint, unpacking...
Successfully restored trainer from training_data/staged_tuning/run_custom_mid_lr_mid_decay_output/chr_checkpoint
Encoding of string failed! Failure bytes: ea ae 97 2c 20 e1 8f 9a e1 8f b3 e1 8e aa e1 8f 9b 20 e1 8e a3 e1 8e a9 e1 8f 81 e1 8e a2 e1 8f 8d e1 8f 97 e1 8f b1 2c 20 e1 8e a0 e1 8e b4
Can't encode transcription: 'ᏅᎾᏛ ᎪᎩᏁᏤᎸᎯꮗ, ᏚᏳᎪᏛ ᎣᎩᏁᎢᏍᏗᏱ, ᎠᎴ' in language ''
Encoding of string failed! Failure bytes: 3f
Can't encode transcription: 'ᏦᏩ ᎤᏪᏥ ᏱᎩ?' in language ''
Encoding of string failed! Failure bytes: 3f
Can't encode transcription: 'ᎢᎨᏐ ᎤᏃᏍᏛ ᎠᏓ ᏨᏒ ᏣᎦᏑᎲᎢ?' in language ''
Encoding of string failed! Failure bytes: 34 2e 20 e1 8f 9d e1 8e a9 e1 8f b3 20 e1 8e a4 e1 8f 9b e1 8f 83 e1 8e af 20 e1 8f 95 e1 8e a6 e1 8e b3 e1 8f ab e1 8e a5 20 e1 8e ac e1 8f a9 e1 8f 96 e1 8e b3 e1 8f 97 e1 8f 8d e1 8f 97 e1 8e a2 2c
Can't encode transcription: '4. ᏝᎩᏳ ᎤᏛᏃᎯ ᏕᎦᎳᏫᎥ ᎬᏩᏖᎳᏗᏍᏗᎢ,' in language ''
Encoding of string failed! Failure bytes: 56 2e
Can't encode transcription: 'ᎹᏚ. ᎠᏯᏙᎸᎢ V.' in language ''
Encoding of string failed! Failure bytes: 3f 20 e1 8e a0 e1 8f 99 e1 8e b4 e1 8e b0 e1 8f 8d e1 8e a9 e1 8e a8 3f 20 e1 8e a5 e1 8e a5 20 e1 8f 82 2d
Can't encode transcription: '9. ᎦᏙᎩ ᎢᏣᎦᏔᏅᏎᎢ? ᎠᏙᎴᎰᏍᎩᎨ? ᎥᎥ Ꮒ-' in language ''
Encoding of string failed! Failure bytes: e1 8e ba e1 8f 89 e1 8e af
Can't encode transcription: 'ᏃᎯᎵᏙᎯ ᎠᎴ ᎠᎾᏓᎾᏏᏂᏙᎯ ᎠᎴ ᎠᎺᏉᎯ' in language ''
Encoding of string failed! Failure bytes: 3f
Can't encode transcription: 'ᏍᏗᏱ?' in language ''
Encoding of string failed! Failure bytes: 3f
Can't encode transcription: 'ᎣᎦᏗᏔᏍᏗᏱ?' in language ''
2 Percent improvement time=467, best error was 25.329 @ 1643
At iteration 2110/2500/2728, mean rms=1.945%, delta=6.909%, BCER train=23.218%, BWER train=42.010%, skip ratio=10.000%, New best BCER = 23.218 wrote best model:training_data/staged_tuning/run_custom_mid_lr_mid_decay_output/chr_23.218_2110_2500.checkpoint wrote checkpoint.
Encoding of string failed! Failure bytes: ea ae 8e e1 8e a6 e1 8f 9a
Can't encode transcription: 'ᎮᎵᏨᎩ, ᎠᎴ ᏚᎬᎭᎷᏴ ᏚᏁᎸᎩ ꮎᎦᏚ' in language ''
Encoding of string failed! Failure bytes: 3f 20 e1 8e a2 2d
Can't encode transcription: '27 ᎭᏢᎨᏃ ᎠᏢᏆᏍᏗ ᎨᏒᎢ? Ꭲ-' in language ''
Encoding of string failed! Failure bytes: 3f 20 e1 8f 9d e1 8f 8d e1 8e aa 20 e1 8e be e1 8f 8d e1 8e a9 20 e1 8f b1 e1 8e a8 e1 8f 8e
Can't encode transcription: 'ᎠᏣᏪᏴᎸᏍᏙᏗᏱ? ᏝᏍᎪ ᎾᏍᎩ ᏱᎨᏎ' in language ''
Encoding of string failed! Failure bytes: 3f
Can't encode transcription: 'ᎦᏙ ᎢᏣᏓᏅᏖᎭ ᏙᏗᎶᏓᏅᏛᎢ?' in language ''
Encoding of string failed! Failure bytes: 34 20 e1 8e bf e1 8e ad e1 8f 89 e1 8f 83 20 e1 8f 9a e1 8f 82 e1 8f 90 e1 8f a8 20 e1 8e a8 e1 8f 82 e1 8f 8f e1 8e b3 e1 8f 97 20 e1 8e a4 e1 8f 82 2d
Can't encode transcription: '34 ᎿᎭᏉᏃ ᏚᏂᏐᏨ ᎨᏂᏏᎳᏗ ᎤᏂ-' in language ''
Encoding of string failed! Failure bytes: ea ad bf e1 8f 82 e1 8f 8d e1 8e a6 e1 8f af e1 8f 83 20 e1 8e a0 e1 8f 82 e1 8e a8 e1 8f b4 e1 8f 83 20 e1 8f 97 e1 8f 82 e1 8f b2 e1 8e b5 e1 8f 83 2c 20 e1 8e a1 e1 8e aa e1 8f a2 e1 8f 85 e1 8e af 2d
Can't encode transcription: 'ꭿᏂᏍᎦᏯᏃ ᎠᏂᎨᏴᏃ ᏗᏂᏲᎵᏃ, ᎡᎪᏢᏅᎯ-' in language ''
Encoding of string failed! Failure bytes: 34 20 e1 8f 9a e1 8f 82 e1 8f 83 e1 8f 97 2c 20 31 38 32 35 2e
Can't encode transcription: 'ᎢᏤ ᎦᏚᎲ, 14 ᏚᏂᏃᏗ, 1825.' in language ''
Encoding of string failed! Failure bytes: 3f
Can't encode transcription: 'ᏆᏚᎳ ᎢᏳᏃ ᎦᏳᎳ ᏳᏥᏍᏝ?' in language ''
2 Percent improvement time=218, best error was 24.343 @ 1959
At iteration 2177/2600/2836, mean rms=1.908%, delta=6.776%, BCER train=22.320%, BWER train=40.997%, skip ratio=9.400%, New best BCER = 22.320 wrote best model:training_data/staged_tuning/run_custom_mid_lr_mid_decay_output/chr_22.320_2177_2600.checkpoint wrote checkpoint.
Finished! Selected model with minimal training error rate (BCER) = 22.32
