Loaded file training_data/staged_tuning/run_custom_mid_lr_mid_decay_output/chr_checkpoint, unpacking...
Successfully restored trainer from training_data/staged_tuning/run_custom_mid_lr_mid_decay_output/chr_checkpoint
Encoding of string failed! Failure bytes: 34 20 e1 8e a2 e1 8f b3 20 e1 8e a0 e1 8e b4 20 e1 8f 9a e1 8f b3 e1 8e aa e1 8f 9b 20 e1 8e a8 e1 8f 92 20 e1 8f 85 e1 8f 97 e1 8e a6 e1 8e b5 2d
Can't encode transcription: '14 ᎢᏳ ᎠᎴ ᏚᏳᎪᏛ ᎨᏒ ᏅᏗᎦᎵ-' in language ''
Encoding of string failed! Failure bytes: 5b e1 8e a6 e1 8e b6 e1 8f 81 e1 8f 9b 20 e1 8e a0 e1 8f a5 e1 8e b8 2d e1 8e a8 e1 8e b6 e1 8e af 20 e1 8e a2 2d
Can't encode transcription: 'ᏔᏅᎯ ᏥᎩ [ᎦᎶᏁᏛ ᎠᏥᎸ-ᎨᎶᎯ Ꭲ-' in language ''
Encoding of string failed! Failure bytes: ea ad be e1 8f 97 20 e1 8e a4 e1 8e b5 e1 8f 8d e1 8f 88 e1 8f 97
Can't encode transcription: 'ᏥᏌ ᏰᎵᏉ ᎨᏍᏓᏗᏔꭾᏗ ᎤᎵᏍᏈᏗ' in language ''
Encoding of string failed! Failure bytes: 34 2e 20 e1 8f 80 e1 8f 8d e1 8e a9 e1 8f 83 20 e1 8e af e1 8e a0 20 e1 8f a3 e1 8f 82 20 e1 8e a4 e1 8f 85 e1 8f a9 e1 8e a1 20 e1 8f 90 e1 8f 88 e1 8e b5 20 e1 8e a6 e1 8f 90 e1 8f 86 e1 8f 97 20 e1 8e a4 2d
Can't encode transcription: '4. ᏀᏍᎩᏃ ᎯᎠ ᏣᏂ ᎤᏅᏩᎡ ᏐᏈᎵ ᎦᏐᏆᏗ Ꭴ-' in language ''
Encoding of string failed! Failure bytes: e1 8e ba e1 8e b5 e1 8e a6 e1 8f b1 20 e1 8e a8 e1 8f aa e1 8f a5 20 e1 8e a8 e1 8f 8e e1 8e a2 2c
Can't encode transcription: '28 ᎾᏍᎩ ᎺᎵᎦᏱ ᎨᏪᏥ ᎨᏎᎢ,' in language ''
Encoding of string failed! Failure bytes: 3f
Can't encode transcription: 'ᎠᎩᎵᏲᎢᏍᏗ ᏗᎨᏒ ᏨᏍᎩᏃᎢ?' in language ''
Encoding of string failed! Failure bytes: 34 31 20 e1 8e a2 e1 8e a6 e1 8f 9b e1 8f 83 20 e1 8e af e1 8e a0 20 e1 8f 84 e1 8f 82 e1 8f aa e1 8f 92 e1 8e a9 3b 20 e1 8e af e1 8e a0
Can't encode transcription: '41 ᎢᎦᏛᏃ ᎯᎠ ᏄᏂᏪᏒᎩ; ᎯᎠ' in language ''
Empty truth string!
Can't encode transcription: '' in language ''
Encoding of string failed! Failure bytes: 5b e1 8e a3 e1 8e a6 e1 8e b4 e1 8f 85 e1 8f 9b 20 e1 8e a0 e1 8f 8f 20 e1 8f 99 e1 8f a5 e1 8e b4 e1 8f b4 e1 8f 97 2e 5d
Can't encode transcription: '[ᎣᎦᎴᏅᏛ ᎠᏏ ᏙᏥᎴᏴᏗ.]' in language ''
2 Percent improvement time=246, best error was 30.129 @ 1238
At iteration 1484/1700/1851, mean rms=2.174%, delta=8.150%, BCER train=27.870%, BWER train=49.224%, skip ratio=8.200%, New best BCER = 27.870 wrote best model:training_data/staged_tuning/run_custom_mid_lr_mid_decay_output/chr_27.870_1484_1700.checkpoint wrote checkpoint.
Encoding of string failed! Failure bytes: 34 2e 20 e1 8e a0 e1 8f 8e e1 8f 83 20 e1 8f a3 e1 8f 82 20 e1 8f 9a e1 8e b5 e1 8f ab e1 8f 8e e1 8e b4 e1 8f 89 2c 20 e1 8e a0 e1 8f b4 e1 8f 8d e1 8e a9 e1 8f 82 20 e1 8f b1 e1 8f 8d e1 8f 86 2d
Can't encode transcription: '14. ᎠᏎᏃ ᏣᏂ ᏚᎵᏫᏎᎴᏉ, ᎠᏴᏍᎩᏂ ᏱᏍᏆ-' in language ''
Encoding of string failed! Failure bytes: 49 49 49 2e
Can't encode transcription: 'ᎹᏚ. ᎠᏯᏙᎸᎢ III.' in language ''
Empty truth string!
Can't encode transcription: '' in language ''
Encoding of string failed! Failure bytes: e1 8e bc e1 8f 85 20 e1 8e a0 e1 8e a6 2d
Can't encode transcription: 'ᎢᏴᏛ ᏧᏪᏅᏎ ᎤᏛᎦᏂᎴ ᏐᎵᎼᏅ ᎠᎦ-' in language ''
Encoding of string failed! Failure bytes: 34 20 e1 8e a0 e1 8e b4 20 e1 8e af e1 8e a0 20 e1 8e be e1 8f 8d e1 8e a9 20 e1 8e a5 e1 8f 9d 20 e1 8f b3 e1 8f 83 e1 8e b5 e1 8f a4 e1 8e a2 3b
Can't encode transcription: '34 ᎠᎴ ᎯᎠ ᎾᏍᎩ ᎥᏝ ᏳᏃᎵᏤᎢ;' in language ''
Encoding of string failed! Failure bytes: 3f 20 e1 8e be e1 8f 8d e1 8f 89 e1 8e a8 20 e1 8e be e1 8f 8d e1 8e a9 e1 8f af
Can't encode transcription: 'ᎤᏓᏅᏖᏛ ᏂᏥᏪᎠ? ᎾᏍᏉᎨ ᎾᏍᎩᏯ' in language ''
Encoding of string failed! Failure bytes: 3f 20 e1 8e be e1 8f 8d e1 8e a9 20 e1 8e a0 e1 8f 94 e1 8f b2 e1 8e af e1 8e b2
Can't encode transcription: 'ᎾᎿᎭᎢᎳᏯ ᎠᏥᏃᎮᏍᎬᎢ? ᎾᏍᎩ ᎠᏔᏲᎯᎲ' in language ''
Encoding of string failed! Failure bytes: 34 20 e1 8e a5 e1 8f 9d 20 e1 8e a9 e1 8e b6 20 e1 8f b0 e1 8e b5 20 e1 8e a0 e1 8f 82 e1 8f 94 e1 8e b5 20 e1 8e ac e1 8f a9 e1 8e be e1 8f 9d e1 8e a2
Can't encode transcription: '24 ᎥᏝ ᎩᎶ ᏰᎵ ᎠᏂᏔᎵ ᎬᏩᎾᏝᎢ' in language ''
Encoding of string failed! Failure bytes: 34 2e 20 e1 8f 9d e1 8e a9 e1 8f b3 20 e1 8e a4 e1 8f 9b e1 8f 83 e1 8e af 20 e1 8f 95 e1 8e a6 e1 8e b3 e1 8f ab e1 8e a5 20 e1 8e ac e1 8f a9 e1 8f 96 e1 8e b3 e1 8f 97 e1 8f 8d e1 8f 97 e1 8e a2 2c
Can't encode transcription: '4. ᏝᎩᏳ ᎤᏛᏃᎯ ᏕᎦᎳᏫᎥ ᎬᏩᏖᎳᏗᏍᏗᎢ,' in language ''
Encoding of string failed! Failure bytes: 34 20 e1 8f 9a e1 8f 82 e1 8f 83 e1 8f 97 2c 20 31 38 32 35 2e
Can't encode transcription: 'ᎢᏤ ᎦᏚᎲ, 14 ᏚᏂᏃᏗ, 1825.' in language ''
Encoding of string failed! Failure bytes: 34 35 20 e1 8e bf e1 8e ad e1 8f 89 e1 8f 83 20 e1 8f 9a e1 8f 8d e1 8f 9a e1 8e a2 e1 8e a1 e1 8e b4 20 e1 8f 9a e1 8e be e1 8f 93 e1 8f 85 e1 8f 9b e1 8e a2 2c
Can't encode transcription: '45 ᎿᎭᏉᏃ ᏚᏍᏚᎢᎡᎴ ᏚᎾᏓᏅᏛᎢ,' in language ''
Encoding of string failed! Failure bytes: 22
Can't encode transcription: 'ᎦᎸᎳᏗ ᏅᏓᏳᏓᎴᏅᎯ."' in language ''
Encoding of string failed! Failure bytes: 3f
Can't encode transcription: 'ᏂᎨᏒᎾ ᎨᏒᎢ?' in language ''
Encoding of string failed! Failure bytes: e1 8f 8b e1 8f 95 e1 8f a8 e1 8f 89 3f
Can't encode transcription: 'ᎦᏙᏃ ᎢᏍᏋᏕᏨᏉ?' in language ''
Encoding of string failed! Failure bytes: 34 20 e1 8f 85 e1 8f 93 e1 8f 95 e1 8f 86 2c 20 31 38 32 35 2e
Can't encode transcription: 'ᎢᏦᏗ, 14 ᏅᏓᏕᏆ, 1825.' in language ''
Encoding of string failed! Failure bytes: 3f 20 e1 8e a0 e1 8f 99 e1 8e b4 e1 8e b0 e1 8f 8d e1 8e a9 e1 8e a8 3f 20 e1 8e a5 e1 8e a5 20 e1 8f 82 2d
Can't encode transcription: '9. ᎦᏙᎩ ᎢᏣᎦᏔᏅᏎᎢ? ᎠᏙᎴᎰᏍᎩᎨ? ᎥᎥ Ꮒ-' in language ''
2 Percent improvement time=158, best error was 29.076 @ 1404
At iteration 1562/1800/1967, mean rms=2.112%, delta=7.851%, BCER train=26.520%, BWER train=47.438%, skip ratio=8.600%, New best BCER = 26.520 wrote best model:training_data/staged_tuning/run_custom_mid_lr_mid_decay_output/chr_26.520_1562_1800.checkpoint wrote checkpoint.
Finished! Selected model with minimal training error rate (BCER) = 26.52
