Loaded file training_data/staged_tuning/run_custom_mid_lr_mid_decay_output/chr_checkpoint, unpacking...
Successfully restored trainer from training_data/staged_tuning/run_custom_mid_lr_mid_decay_output/chr_checkpoint
Encoding of string failed! Failure bytes: e1 8f 8b e1 8f 81 e1 8e b8
Can't encode transcription: '22 ᏆᎴᏗ ᎯᎠ ᏄᏪᏒᎩ; ᏥᎾᏋᏁᎸ' in language ''
Encoding of string failed! Failure bytes: 34 20 e1 8f 82 e1 8e af e1 8f 8d e1 8e a9 e1 8f 82 20 e1 8f 95 e1 8f a3 e1 8f 82 e1 8f b4 e1 8f 8e e1 8f 8d e1 8f 97 20 e1 8f 84 e1 8f 8d e1 8f 9b
Can't encode transcription: '14 ᏂᎯᏍᎩᏂ ᏕᏣᏂᏴᏎᏍᏗ ᏄᏍᏛ' in language ''
Encoding of string failed! Failure bytes: 3f
Can't encode transcription: 'ᏄᎡᎸ?' in language ''
Encoding of string failed! Failure bytes: 34 20 e1 8f 95 e1 8f a5 e1 8f b2 e1 8e b5 e1 8e b8 e1 8e ad 20 e1 8e a0 e1 8f 8f e1 8f 82 e1 8f 9f e1 8f 93 2c 20 e1 8f 88 e1 8e b5 e1 8e a6 e1 8f 82 2c
Can't encode transcription: '14 ᏕᏥᏲᎵᎸᎭ ᎠᏏᏂᏟᏓ, ᏈᎵᎦᏂ,' in language ''
Encoding of string failed! Failure bytes: e1 8f 8b e1 8f b1 2d
Can't encode transcription: 'ᏂᎦᎸ ᏚᏅᏂᎦᎸᎲᎩ, ᎾᏍᎩ ᎠᏴ ᎥᏋᏱ-' in language ''
Encoding of string failed! Failure bytes: 3f 20 e1 8e ac e1 8f 94 e1 8f b2 e1 8f 8e e1 8e ad 20 e1 8f 9e e1 8f 8d e1 8f 97 20 e1 8f 8d e1 8e a9 e1 8e a9 e1 8e b8 e1 8f 85 e1 8e a9 2e
Can't encode transcription: 'ᏪᏥ? ᎬᏔᏲᏎᎭ ᏞᏍᏗ ᏍᎩᎩᎸᏅᎩ.' in language ''
Encoding of string failed! Failure bytes: 5b e1 8e a3 e1 8e a6 e1 8e b4 e1 8f 85 e1 8f 9b 20 e1 8e a0 e1 8f 8f 20 e1 8f 99 e1 8f a5 e1 8e b4 e1 8f b4 e1 8f 97 2e 5d
Can't encode transcription: '[ᎣᎦᎴᏅᏛ ᎠᏏ ᏙᏥᎴᏴᏗ.]' in language ''
Encoding of string failed! Failure bytes: 34 20 e1 8f 97 e1 8e a7 e1 8e bf e1 8e ad e1 8f a9 e1 8f 9b e1 8f 8d e1 8f 97 e1 8f b0 e1 8f 83 20 e1 8e a4 e1 8e ac e1 8f a9 e1 8e b4 20 e1 8e a6 e1 8e b6 e1 8f 81 e1 8f 9b
Can't encode transcription: '4 ᏗᎧᎿᎭᏩᏛᏍᏗᏰᏃ ᎤᎬᏩᎴ ᎦᎶᏁᏛ' in language ''
Encoding of string failed! Failure bytes: 34 30 20 e1 8e a9 e1 8e b6 e1 8f 83 20 e1 8e a4 e1 8f 9a e1 8e b5 e1 8f 8d e1 8e a8 e1 8f 8d e1 8f 97 20 e1 8f a3 e1 8f b1 e1 8e b5 e1 8f 93 2d
Can't encode transcription: '40 ᎩᎶᏃ ᎤᏚᎵᏍᎨᏍᏗ ᏣᏱᎵᏓ-' in language ''
Encoding of string failed! Failure bytes: 3f 20 e1 8e a0 e1 8e b4 20 e1 8f 9d e1 8f 8d e1 8e aa 20 e1 8f 95 e1 8f a3 e1 8f 99 e1 8e a5 20 e1 8f b2 e1 8f a8 e1 8f 97 2d
Can't encode transcription: 'ᎴᎰᏍᎨᎢ? ᎠᎴ ᏝᏍᎪ ᏕᏣᏙᎥ ᏲᏨᏗ-' in language ''
Encoding of string failed! Failure bytes: 34 20 e1 8e a3 e1 8e ac e1 8f 9b e1 8e a6 e1 8f 85 20 e1 8e a9 e1 8e b6 20 e1 8e a2 e1 8f b3 e1 8e be e1 8f 8d e1 8f 97 20 e1 8e aa e1 8e a6 e1 8f 93 e1 8f 91 2d
Can't encode transcription: '24 ᎣᎬᏛᎦᏅ ᎩᎶ ᎢᏳᎾᏍᏗ ᎪᎦᏓᏑ-' in language ''
Encoding of string failed! Failure bytes: e1 8f 8b e1 8f 92 2c 20 e1 8e be e1 8f 8d e1 8f 89 e1 8f 8d e1 8e a9 e1 8f 82 20 e1 8e be e1 8f 82 e1 8e a5 20 e1 8e a4 e1 8e be e1 8f 84 e1 8e aa e1 8e a2 e1 8f 8d e1 8f 97
Can't encode transcription: 'ᎠᏋᏒ, ᎾᏍᏉᏍᎩᏂ ᎾᏂᎥ ᎤᎾᏄᎪᎢᏍᏗ' in language ''
Encoding of string failed! Failure bytes: 3f 20 e1 8e a0 e1 8f 8d e1 8e a6 2d
Can't encode transcription: 'ᎨᏒ ᎤᏁᎳᏅᎯ, ᎦᏙ ᏓᏓᏛᏂ? ᎠᏍᎦ-' in language ''
Encoding of string failed! Failure bytes: 34 31 20 e1 8f a5 e1 8f 8c e1 8f 83 2c 20 e1 8e a6 e1 8f 99 e1 8e b5 e1 8e ac 20 e1 8e a4 e1 8f 99 e1 8f af e1 8f 85 e1 8e af e1 8f 95 e1 8e a2 2c 20 e1 8e a0 e1 8e b4
Can't encode transcription: '41 ᏥᏌᏃ, ᎦᏙᎵᎬ ᎤᏙᏯᏅᎯᏕᎢ, ᎠᎴ' in language ''
Encoding of string failed! Failure bytes: ea ae b5 20 e1 8f 80 e1 8f 8d e1 8e a9 20 e1 8e a0 e1 8f a5 e1 8f 93 e1 8f 81 e1 8e b8 2d
Can't encode transcription: 'Ꮙ; ᏛᎫᎵᏍᎩᏂ ᎡᎯ ᎤᎬᏫᏳꮵ ᏀᏍᎩ ᎠᏥᏓᏁᎸ-' in language ''
At iteration 460/500/543, mean rms=2.692%, delta=12.123%, BCER train=35.723%, BWER train=60.539%, skip ratio=8.600%, New worst BCER = 35.723 wrote checkpoint.
Empty truth string!
Can't encode transcription: '' in language ''
Encoding of string failed! Failure bytes: 34 20 e1 8e af e1 8e a0 e1 8f b0 e1 8f 83 20 e1 8e a0 e1 8f 87 e1 8f a5 20 e1 8e a4 e1 8f b2 e1 8e b1 e1 8f 92 e1 8e af 20 e1 8e a8 e1 8f 92 e1 8e a9 2c
Can't encode transcription: '24 ᎯᎠᏰᏃ ᎠᏇᏥ ᎤᏲᎱᏒᎯ ᎨᏒᎩ,' in language ''
Encoding of string failed! Failure bytes: 34 20 e1 8e bf e1 8e ad e1 8f 89 e1 8f 83 20 e1 8e a4 e1 8f a9 e1 8f 92 20 e1 8e a4 e1 8f a4 e1 8e b5 e1 8e aa e1 8e af 20 e1 8e a4 e1 8e b7 e1 8f a8
Can't encode transcription: '54 ᎿᎭᏉᏃ ᎤᏩᏒ ᎤᏤᎵᎪᎯ ᎤᎷᏨ' in language ''
Encoding of string failed! Failure bytes: e1 8e ba e1 8f 85 2e
Can't encode transcription: 'ᎸᎢ; ᎡᎺᏅ.' in language ''
Encoding of string failed! Failure bytes: ea ad b0 e1 8f 82 e1 8f 8d e1 8e ac 20 e1 8e be e1 8f 8d e1 8e a6 2d
Can't encode transcription: 'ᏅᎪᎢ. ᎢᏳᏃ ᎩᎶ ᎦᏬꭰᏂᏍᎬ ᎾᏍᎦ-' in language ''
Encoding of string failed! Failure bytes: 3f
Can't encode transcription: 'ᎤᏤᎵᎦ, ᎠᎴ ᏕᏣᏕᎰᎯᏍᏗᎭ ᏄᏂᎲᎾ?' in language ''
Encoding of string failed! Failure bytes: 5b e1 8e a6 e1 8e b6 e1 8f 81 e1 8f 9b 5d 20 e1 8e be e1 8f 8d e1 8e a6 e1 8f 85 e1 8e be 20 e1 8f a5 e1 8e a9 2e
Can't encode transcription: 'ᎾᏍᎩᏯ [ᎦᎶᏁᏛ] ᎾᏍᎦᏅᎾ ᏥᎩ.' in language ''
Encoding of string failed! Failure bytes: 34 2e 20 e1 8f 9d e1 8e a9 e1 8f b3 20 e1 8e a4 e1 8f 9b e1 8f 83 e1 8e af 20 e1 8f 95 e1 8e a6 e1 8e b3 e1 8f ab e1 8e a5 20 e1 8e ac e1 8f a9 e1 8f 96 e1 8e b3 e1 8f 97 e1 8f 8d e1 8f 97 e1 8e a2 2c
Can't encode transcription: '4. ᏝᎩᏳ ᎤᏛᏃᎯ ᏕᎦᎳᏫᎥ ᎬᏩᏖᎳᏗᏍᏗᎢ,' in language ''
Encoding of string failed! Failure bytes: ea ae 99 e1 8e a4 e1 8e be 2d
Can't encode transcription: 'ᎠᏂᏃ ᎢᎪᏗ ᏀᎿ ᏭᏁᏙᎸ ᎠᏂᏌᏩᏄᎩ. ꮙᎤᎾ-' in language ''
Empty truth string!
Can't encode transcription: '' in language ''
Encoding of string failed! Failure bytes: 3f
Can't encode transcription: 'ᏣᏁᎮᎢ?' in language ''
2 Percent improvement time=276, best error was 37.913 @ 275
At iteration 551/600/654, mean rms=2.641%, delta=11.618%, BCER train=34.783%, BWER train=59.125%, skip ratio=9.000%, New best BCER = 34.783 wrote best model:training_data/staged_tuning/run_custom_mid_lr_mid_decay_output/chr_34.783_551_600.checkpoint wrote checkpoint.
Finished! Selected model with minimal training error rate (BCER) = 34.783
