Loaded file training_data/staged_tuning/run_custom_mid_lr_mid_decay_output/chr_checkpoint, unpacking...
Successfully restored trainer from training_data/staged_tuning/run_custom_mid_lr_mid_decay_output/chr_checkpoint
Encoding of string failed! Failure bytes: 3f
Can't encode transcription: 'ᏍᏗ ᏨᏣᎢ?' in language ''
Encoding of string failed! Failure bytes: e1 8e bd 20 e1 8e a2 e1 8e a6 e1 8f a0 e1 8f af e1 8f 8d e1 8f 99 e1 8f 97 20 e1 8e a2 e1 8e ac e1 8f a9 e1 8e b5 e1 8f 8d e1 8f 99 e1 8f 97 20 e1 8e a2 e1 8e ac 2d
Can't encode transcription: 'ᏰᎵᏉᎽ ᎢᎦᏠᏯᏍᏙᏗ ᎢᎬᏩᎵᏍᏙᏗ ᎢᎬ-' in language ''
Encoding of string failed! Failure bytes: ea ad b1 e1 8f 8d e1 8f 97 20 e1 8e a0 e1 8f 82 e1 8f a3 e1 8f b4 e1 8f ab e1 8e b3 2e 20 e1 8f a7 e1 8f 93 e1 8f 98 e1 8f 80 e1 8e a2 e1 8f 83 20 e1 8e a0 e1 8f b0 e1 8e b5 20 e1 8e a0 e1 8e be 2d
Can't encode transcription: 'ᎨᎦᎫᏴᎡꭱᏍᏗ ᎠᏂᏣᏴᏫᎳ. ᏧᏓᏘᏀᎢᏃ ᎠᏰᎵ ᎠᎾ-' in language ''
Encoding of string failed! Failure bytes: 3f 20 e1 8e ac 2d
Can't encode transcription: 'ᎵᏍᏙᏗᎭ ᏥᏄᏍᏗ ᏥᎬᏯᏛᎩᎭ? Ꭼ-' in language ''
Encoding of string failed! Failure bytes: ea ae 9e 2e
Can't encode transcription: 'ᏛᎪᏗ ᎠᏎᏃ Ꮭ ᏱᏓᏣᏠᏱᎵꮞ.' in language ''
Encoding of string failed! Failure bytes: 34 2e 20 e1 8f a5 e1 8f 8c e1 8f 83 20 e1 8e a4 e1 8f 81 e1 8f a8 20 e1 8e af e1 8e a0 20 e1 8f 82 e1 8f 9a e1 8f aa e1 8f 8e e1 8e b8 e1 8e a9 3b 20 e1 8f a5 e1 8f 8d e1 8f 95 e1 8e be 20 e1 8f a3 e1 8f 82
Can't encode transcription: '4. ᏥᏌᏃ ᎤᏁᏨ ᎯᎠ ᏂᏚᏪᏎᎸᎩ; ᏥᏍᏕᎾ ᏣᏂ' in language ''
At iteration 4978/6500/7109, mean rms=1.641%, delta=5.498%, BCER train=18.535%, BWER train=34.725%, skip ratio=10.500%, New worst BCER = 18.535 wrote checkpoint.
Encoding of string failed! Failure bytes: 34 20 e1 8f 85 e1 8f 93 e1 8f 95 e1 8f 86 2c 20 31 38 32 35 2e
Can't encode transcription: 'ᎢᏦᏗ, 14 ᏅᏓᏕᏆ, 1825.' in language ''
Encoding of string failed! Failure bytes: 34 20 e1 8e a9 e1 8e b6 e1 8f 8d e1 8e a9 e1 8f 82 e1 8f 83 e1 8f 85 20 e1 8e a2 e1 8f b3 e1 8e be e1 8f 8d e1 8f 97 20 e1 8e ac e1 8f a9 e1 8e b5 2d
Can't encode transcription: '34 ᎩᎶᏍᎩᏂᏃᏅ ᎢᏳᎾᏍᏗ ᎬᏩᎵ-' in language ''
Encoding of string failed! Failure bytes: ea ae b8 e1 8f 8d e1 8e a9 2e
Can't encode transcription: 'ᏍᏓᏗꮸᏍᎩ.' in language ''
Encoding of string failed! Failure bytes: ea ae a2 e1 8e b8 20 e1 8f 80 e1 8f 8d e1 8f 89 20 e1 8e a1 e1 8f 8d e1 8e a6 e1 8f 89 20 e1 8f 82 e1 8e a6 e1 8e b5 e1 8f 8d e1 8f 97 e1 8f 8d e1 8e aa e1 8e a2 2c
Can't encode transcription: 'ᏣᏔ ᏓᏓꮢᎸ ᏀᏍᏉ ᎡᏍᎦᏉ ᏂᎦᎵᏍᏗᏍᎪᎢ,' in language ''
Encoding of string failed! Failure bytes: 34 20 e1 8e a2 e1 8f a4 20 e1 8f 97 e1 8e a7 e1 8e bf e1 8e ad e1 8f a9 e1 8f 9b e1 8f 8d e1 8f 97 20 e1 8e a2 e1 8f a8 e1 8e a5 e1 8f 8f 2c 20 e1 8f 97 e1 8f a3 2d
Can't encode transcription: '34 ᎢᏤ ᏗᎧᎿᎭᏩᏛᏍᏗ ᎢᏨᎥᏏ, ᏗᏣ-' in language ''
Encoding of string failed! Failure bytes: 3f
Can't encode transcription: 'ᏆᎵᏏ ᎬᏬᎯᏳᏅ?' in language ''
Encoding of string failed! Failure bytes: ea ae 91 3b 20 e1 8e a5 e1 8f 9d e1 8f b0 e1 8f 83 20 e1 8e a5 e1 8f b3 e1 8e a9 20 e1 8f b1 e1 8e a9 2c 20 e1 8e a5 e1 8f b3 e1 8e a9 20 e1 8f b0 e1 8f 83 20 e1 8f b1 e1 8e a9
Can't encode transcription: 'ᏉᏍᎩꮑ; ᎥᏝᏰᏃ ᎥᏳᎩ ᏱᎩ, ᎥᏳᎩ ᏰᏃ ᏱᎩ' in language ''
Encoding of string failed! Failure bytes: ea ae ac e1 8e b5 e1 8f 95 e1 8f 97 20 e1 8e a8 e1 8f 8e e1 8f 8d e1 8f 97 20 e1 8f 80 e1 8e bf
Can't encode transcription: 'ᏧᏂᏅᏂᏐᏗᏱ ᎤᏂᏁᏨᎢ ᎤᎾᎵᏱꮬᎵᏕᏗ ᎨᏎᏍᏗ ᏀᎿ' in language ''
At iteration 5041/6600/7217, mean rms=1.640%, delta=5.496%, BCER train=18.629%, BWER train=34.761%, skip ratio=10.300%, New worst BCER = 18.629 wrote checkpoint.
Finished! Selected model with minimal training error rate (BCER) = 17.936
