Loaded file training_data/staged_tuning/run_custom_mid_lr_mid_decay_output/chr_checkpoint, unpacking...
Successfully restored trainer from training_data/staged_tuning/run_custom_mid_lr_mid_decay_output/chr_checkpoint
Encoding of string failed! Failure bytes: 34 38 20 e1 8e af e1 8e a0 e1 8f 83 20 e1 8f 84 e1 8f aa e1 8f 8e e1 8e b4 20 e1 8e a0 e1 8e a8 e1 8f b4 3b 20 e1 8f a3 e1 8f 8d e1 8e a6 e1 8f 85 e1 8f a8
Can't encode transcription: '48 ᎯᎠᏃ ᏄᏪᏎᎴ ᎠᎨᏴ; ᏣᏍᎦᏅᏨ' in language ''
Encoding of string failed! Failure bytes: 34 33 20 e1 8e a6 e1 8f 99 e1 8f 83 20 e1 8f 93 e1 8e a6 e1 8e b5 e1 8f 8d e1 8f 99 e1 8f 93 20 e1 8e a0 e1 8f b4 20 e1 8e be e1 8f 8d e1 8e a9 20 e1 8f a5 e1 8e be 2d
Can't encode transcription: '43 ᎦᏙᏃ ᏓᎦᎵᏍᏙᏓ ᎠᏴ ᎾᏍᎩ ᏥᎾ-' in language ''
Encoding of string failed! Failure bytes: 34 20 e1 8e be e1 8f 8d e1 8e a9 20 e1 8e a8 e1 8f 93 e1 8f 9a e1 8f 93 e1 8e b3 e1 8e a1 e1 8e b8 e1 8e af 20 e1 8e a8 e1 8f 92 20 e1 8e a8 e1 8e a9 2d
Can't encode transcription: '74 ᎾᏍᎩ ᎨᏓᏚᏓᎳᎡᎸᎯ ᎨᏒ ᎨᎩ-' in language ''
Encoding of string failed! Failure bytes: e1 8e ba e1 8f 85 2e
Can't encode transcription: 'ᏍᏙᏗᏍᎨᏍᏗ. ᎰᏩᏉ. ᎡᎺᏅ.' in language ''
Encoding of string failed! Failure bytes: 3f
Can't encode transcription: 'ᏉᏎᎰ ᏴᏫ?' in language ''
Encoding of string failed! Failure bytes: 5b e1 8e a0 e1 8f 93 e1 8f 85 e1 8f 99 e1 8f 83 5d 20 e1 8e a4 e1 8f aa e1 8e b7 e1 8f 85 2c 20 e1 8e a0 e1 8e b4 20 ea ad be e1 8f a3 e1 8f 98
Can't encode transcription: '26 [ᎠᏓᏅᏙᏃ] ᎤᏪᎷᏅ, ᎠᎴ ꭾᏣᏘ' in language ''
Encoding of string failed! Failure bytes: ea ae b3 e1 8f 9a e1 8e b8 e1 8f ab e1 8f 8d e1 8f 93 e1 8f 81 e1 8e b0 e1 8e a2 3b 20 e1 8e be e1 8f 8d e1 8e a9 e1 8f b0 e1 8f 83
Can't encode transcription: 'ᎥᏝ ᎠᏍᎦᏂ ꮳᏚᎸᏫᏍᏓᏁᎰᎢ; ᎾᏍᎩᏰᏃ' in language ''
Encoding of string failed! Failure bytes: 34 2e 20 e1 8f 80 e1 8f 8d e1 8e a9 e1 8f 83 20 e1 8e af e1 8e a0 20 e1 8f a3 e1 8f 82 20 e1 8e a4 e1 8f 85 e1 8f a9 e1 8e a1 20 e1 8f 90 e1 8f 88 e1 8e b5 20 e1 8e a6 e1 8f 90 e1 8f 86 e1 8f 97 20 e1 8e a4 2d
Can't encode transcription: '4. ᏀᏍᎩᏃ ᎯᎠ ᏣᏂ ᎤᏅᏩᎡ ᏐᏈᎵ ᎦᏐᏆᏗ Ꭴ-' in language ''
Encoding of string failed! Failure bytes: 34 20 e1 8e be e1 8f 8d e1 8e a9 20 e1 8e a0 e1 8f b4 2c 20 e1 8e a2 e1 8e a9 e1 8f af e1 8f 85 e1 8f 9b 20 e1 8f a5 e1 8e a9 2c 20 e1 8e a5 e1 8f 9d
Can't encode transcription: '24 ᎾᏍᎩ ᎠᏴ, ᎢᎩᏯᏅᏛ ᏥᎩ, ᎥᏝ' in language ''
Encoding of string failed! Failure bytes: ea ae 99 e1 8e a9 2e
Can't encode transcription: 'ᏅᎩ, ᎠᎨᏴᏃ ᎠᏰᎵ ᎦᏙᎬꮙᎩ.' in language ''
Encoding of string failed! Failure bytes: ea ae 93 e1 8e a6 e1 8f af
Can't encode transcription: 'ᎤᎾᏛᎦᏅᎩ, ᎾᏍᎩᏰᏃ ᏠᎨᏏ ᎤᎾᏤꮓᎦᏯ' in language ''
Encoding of string failed! Failure bytes: 34 33 20 e1 8e a4 e1 8f 82 e1 8f 8d e1 8f 86 e1 8f 9b e1 8f 83 20 e1 8e a2 e1 8e aa e1 8e af e1 8f 9b 20 e1 8f 9a e1 8e b5 e1 8f 92 e1 8f 8d e1 8f 9b e1 8e a2 2c
Can't encode transcription: '43 ᎤᏂᏍᏆᏛᏃ ᎢᎪᎯᏛ ᏚᎵᏒᏍᏛᎢ,' in language ''
At iteration 4836/6300/6892, mean rms=1.652%, delta=5.553%, BCER train=19.071%, BWER train=36.096%, skip ratio=11.000%, New worst BCER = 19.071 wrote checkpoint.
Encoding of string failed! Failure bytes: ea ae 95 e1 8f 8e 2d
Can't encode transcription: '20 ᎢᏓᎵᏅᏟ, ᏞᏍᏗ ᏗᏥᏲᎵ ᏱᎨꮕᏎ-' in language ''
Encoding of string failed! Failure bytes: ea ad b9 e1 8f 97 e1 8f b3 20 e1 8e a4 e1 8e be e1 8f 93 e1 8f 85 e1 8f 94 20 e1 8e a8 e1 8e a9 e1 8e a8 e1 8e af e1 8f 93 e1 8f 8d e1 8f 97 e1 8f b1 2c 20 e1 8e a0 2d
Can't encode transcription: 'ᎤᎵᏂᎩꭹᏗᏳ ᎤᎾᏓᏅᏔ ᎨᎩᎨᎯᏓᏍᏗᏱ, Ꭰ-' in language ''
Encoding of string failed! Failure bytes: ea ae 94 2d
Can't encode transcription: 'ᏱᎨᏗᏃᎮᎮ ᎥᏝ ᏴᎬᏃᎵᎩ ᎠᏴᏍᎩᏂ ᎢᎦᏓᏅᏙ ᎤᏕᎶꮔ-' in language ''
Encoding of string failed! Failure bytes: e1 8f bc e1 8f a9 e1 8f 95 e1 8e aa 20 e1 8f 82 e1 8e a6 e1 8e a5 20 e1 8e a3 e1 8f a5 e1 8e a9 e1 8e b5 e1 8f b2 e1 8f a5 e1 8f 99 e1 8e b2 e1 8e a2 2e
Can't encode transcription: 'ᏔᏼᏩᏕᎪ ᏂᎦᎥ ᎣᏥᎩᎵᏲᏥᏙᎲᎢ.' in language ''
Encoding of string failed! Failure bytes: ea ad bf 20 e1 8e a0 e1 8e a6 e1 8f 99 e1 8e b4 e1 8e a3 e1 8e af 2d
Can't encode transcription: 'ᏂᎦᎵᏍᏗᏍᎨᏍᏗ. ᎠᎴ ᎩᎶ ᎠᎬᎿꭿ ᎠᎦᏙᎴᎣᎯ-' in language ''
Encoding of string failed! Failure bytes: 34 38 20 e1 8e af e1 8e a0 e1 8f 83 20 e1 8f 84 e1 8f aa e1 8f 8e e1 8e b4 20 e1 8e a0 e1 8e a8 e1 8f b4 3b 20 e1 8f a3 e1 8f 8d e1 8e a6 e1 8f 85 e1 8f a8
Can't encode transcription: '48 ᎯᎠᏃ ᏄᏪᏎᎴ ᎠᎨᏴ; ᏣᏍᎦᏅᏨ' in language ''
Encoding of string failed! Failure bytes: 49 49 49 2e
Can't encode transcription: 'ᎹᏚ. ᎠᏯᏙᎸᎢ III.' in language ''
Encoding of string failed! Failure bytes: ea ae 90 e1 8e aa e1 8e af 2c 20 e1 8e a3 e1 8f 8f e1 8f b3 e1 8f b0 2d
Can't encode transcription: '15. ᏥᏌᏃ ᏧᏁᏨ, ᎤᏁᎳᎩ ᎮᎳꮐᎪᎯ, ᎣᏏᏳᏰ-' in language ''
Encoding of string failed! Failure bytes: ea ae b7 e1 8e af 20 e1 8e a4 e1 8e ac e1 8f ab e1 8f b3 e1 8e af 20 e1 8f 80 e1 8f 8d e1 8e a9 20 e1 8e a0 e1 8f a5 e1 8f 93 e1 8f 81 e1 8e b8 2d
Can't encode transcription: 'Ꮙ; ᏛᎫᎵᏍᎩᏂ ꮷᎯ ᎤᎬᏫᏳᎯ ᏀᏍᎩ ᎠᏥᏓᏁᎸ-' in language ''
Encoding of string failed! Failure bytes: 34 20 e1 8f a7 e1 8f 82 e1 8f a6 e1 8f af e1 8f 8d e1 8f 97 20 e1 8e a4 e1 8f 97 e1 8f 94 e1 8f 8d e1 8f 97 20 e1 8e a0 e1 8f 93 e1 8e a6 20 e1 8e a0 2d
Can't encode transcription: '34 ᏧᏂᏦᏯᏍᏗ ᎤᏗᏔᏍᏗ ᎠᏓᎦ Ꭰ-' in language ''
Encoding of string failed! Failure bytes: ea ae a3 e1 8f a5 e1 8f b0 e1 8e b8 e1 8e be 2c
Can't encode transcription: 'ᎣᏏᏳ ꮣᏥᏰᎸᎾ,' in language ''
At iteration 4903/6400/7003, mean rms=1.640%, delta=5.502%, BCER train=18.781%, BWER train=35.591%, skip ratio=10.900%, New worst BCER = 18.781 wrote checkpoint.
Finished! Selected model with minimal training error rate (BCER) = 17.936
