Loaded file training_data/staged_tuning/run_custom_mid_lr_mid_decay_output/chr_checkpoint, unpacking...
Successfully restored trainer from training_data/staged_tuning/run_custom_mid_lr_mid_decay_output/chr_checkpoint
Encoding of string failed! Failure bytes: 34 30 20 e1 8e a0 e1 8f 8e e1 8f 83 20 e1 8e a2 e1 8f a3 e1 8f 9a e1 8e b5 20 e1 8f 8d e1 8e a9 e1 8e a2 e1 8f 8d e1 8f 97 e1 8f b1 20 e1 8e a0 e1 8f b4
Can't encode transcription: '40 ᎠᏎᏃ ᎢᏣᏚᎵ ᏍᎩᎢᏍᏗᏱ ᎠᏴ' in language ''
Encoding of string failed! Failure bytes: 5e
Can't encode transcription: 'ᎢᏳᏓᎨᏛ ᏧᎯ ᎡᏥᎥᏏ^' in language ''
Encoding of string failed! Failure bytes: 34 2e 20 e1 8f a5 e1 8f 8c e1 8f 83 20 e1 8e a4 e1 8f 81 e1 8f a8 20 e1 8e af e1 8e a0 20 e1 8f 82 e1 8f 9a e1 8f aa e1 8f 8e e1 8e b8 e1 8e a9 3b 20 e1 8f a5 e1 8f 8d e1 8f 95 e1 8e be 20 e1 8f a3 e1 8f 82
Can't encode transcription: '4. ᏥᏌᏃ ᎤᏁᏨ ᎯᎠ ᏂᏚᏪᏎᎸᎩ; ᏥᏍᏕᎾ ᏣᏂ' in language ''
Encoding of string failed! Failure bytes: 34 31
Can't encode transcription: '41' in language ''
Encoding of string failed! Failure bytes: e1 8f 8b e1 8e a1 20 e1 8f b1 e1 8e a9 2c 20 e1 8e a0 e1 8e a6 e1 8f b4 e1 8e b5 e1 8e a8 e1 8f b0 e1 8f 83 20 e1 8f 94 e1 8e b5 20 e1 8f 85 e1 8f 9b e1 8f 97 e1 8f 95 e1 8e a6 2e
Can't encode transcription: 'ᎠᏋᎡ ᏱᎩ, ᎠᎦᏴᎵᎨᏰᏃ ᏔᎵ ᏅᏛᏗᏕᎦ.' in language ''
Encoding of string failed! Failure bytes: 22 e1 8e a0 2d
Can't encode transcription: 'ᎬᏅ ᏥᎪᏪᎳ ᏧᏂᎧᎿᎭᏩᏛᏍᏗᏱ; "Ꭰ-' in language ''
Encoding of string failed! Failure bytes: 3f 20 e1 8e a0 e1 8f 8e e1 8f 83
Can't encode transcription: '15 ᏓᏲᏥᏂᏧ, ᏝᎨ ᏴᏓᏲᏥᏂ? ᎠᏎᏃ' in language ''
Encoding of string failed! Failure bytes: e1 8e ba 2d
Can't encode transcription: 'ᏔᎵ ᎤᎾᏓᏍᏓᏩᏗᏙᎸᎯ ᏗᎦᏚᎲ ᎡᎺ-' in language ''
Encoding of string failed! Failure bytes: 5d 20 e1 8e bf e1 8e ad e1 8f 89 20 e1 8e a2 e1 8f a3 e1 8f 9b e1 8e a6 e1 8f 85 20 e1 8e a6 e1 8f b0 e1 8e aa e1 8e a9 20 e1 8f 82 e1 8e a8 e1 8f 92 e1 8e be
Can't encode transcription: 'ᏔᏅᎩ] ᎿᎭᏉ ᎢᏣᏛᎦᏅ ᎦᏰᎪᎩ ᏂᎨᏒᎾ' in language ''
Encoding of string failed! Failure bytes: 34 32 20 e1 8e bf e1 8e ad e1 8f 89 e1 8f 83 20 e1 8e a4 e1 8f 81 e1 8e b3 e1 8f 85 e1 8e af 20 e1 8e a4 e1 8e a6 e1 8f 94 e1 8e b2 e1 8f 8e e1 8e a2 2c
Can't encode transcription: '42 ᎿᎭᏉᏃ ᎤᏁᎳᏅᎯ ᎤᎦᏔᎲᏎᎢ,' in language ''
2 Percent improvement time=1882, best error was 20.046 @ 3501
At iteration 5383/7100/7767, mean rms=1.597%, delta=5.089%, BCER train=17.679%, BWER train=33.874%, skip ratio=10.400%, New best BCER = 17.679 wrote best model:training_data/staged_tuning/run_custom_mid_lr_mid_decay_output/chr_17.679_5383_7100.checkpoint wrote checkpoint.
Encoding of string failed! Failure bytes: 5b e1 8e a3 e1 8e a6 e1 8e b4 e1 8f 85 e1 8f 9b 20 e1 8e a0 e1 8f 8f 20 e1 8f 99 e1 8f a5 e1 8e b4 e1 8f b4 e1 8f 97 2e 5d
Can't encode transcription: '[ᎣᎦᎴᏅᏛ ᎠᏏ ᏙᏥᎴᏴᏗ.]' in language ''
Encoding of string failed! Failure bytes: ea ae 88 e1 8f b3 20 e1 8f a7 e1 8f 93 e1 8e b4 e1 8f 85 e1 8f 9b 20 e1 8e a4 e1 8f 97 2d
Can't encode transcription: '11 ᎾᏍᎩᏃ ᏂᎦᏗꮈᏳ ᏧᏓᎴᏅᏛ ᎤᏗ-' in language ''
Encoding of string failed! Failure bytes: e1 8e bd 20 e1 8e a0 e1 8f 82 e1 8f af e1 8f ab e1 8f 8d e1 8e a9 20 e1 8e bf e1 8e ad e1 8f 8d e1 8f 89 20 e1 8e a6 e1 8e ac e1 8f a9 e1 8f 90 2d
Can't encode transcription: '36 ᎠᎴᎽ ᎠᏂᏯᏫᏍᎩ ᎿᎭᏍᏉ ᎦᎬᏩᏐ-' in language ''
Encoding of string failed! Failure bytes: 34 33 20 e1 8e be e1 8f 8d e1 8e a9 e1 8f 83
Can't encode transcription: '43 ᎾᏍᎩᏃ' in language ''
Encoding of string failed! Failure bytes: ea ad b8 e1 8e a4 e1 8f aa e1 8f a5 2c 20 e1 8e a0 e1 8f b0 e1 8e b5 20 e1 8f a3 e1 8e b3 e1 8e a9 20 e1 8f 97 e1 8e a9 2d
Can't encode transcription: 'ᎡᎯ ᎡᏫᏃ ᏂᏄᎬᏯᏍᎩ ꭸᎤᏪᏥ, ᎠᏰᎵ ᏣᎳᎩ ᏗᎩ-' in language ''
Encoding of string failed! Failure bytes: ea ae 9c e1 8f 81 e1 8e af 20 e1 8f 85 e1 8f 83 e1 8e af 2e
Can't encode transcription: 'ᏂᎸᏫᏍᏓꮜᏁᎯ ᏅᏃᎯ.' in language ''
Encoding of string failed! Failure bytes: 3f
Can't encode transcription: 'ᎤᏁᎳᏅᎯ ᎦᎪᎯᏳᏗ ᎨᏒᎢ?' in language ''
2 Percent improvement time=1651, best error was 19.572 @ 3798
At iteration 5449/7200/7874, mean rms=1.582%, delta=4.974%, BCER train=17.505%, BWER train=33.971%, skip ratio=9.400%, New best BCER = 17.505 wrote checkpoint.
Finished! Selected model with minimal training error rate (BCER) = 17.505
