Loaded file training_data/staged_tuning/run_custom_mid_lr_mid_decay_output/chr_checkpoint, unpacking...
Successfully restored trainer from training_data/staged_tuning/run_custom_mid_lr_mid_decay_output/chr_checkpoint
Encoding of string failed! Failure bytes: 3f 20 e1 8e a0 e1 8f 99 e1 8e b4 e1 8e b0 e1 8f 8d e1 8e a9 e1 8e a8 3f 20 e1 8e a5 e1 8e a5 20 e1 8f 82 2d
Can't encode transcription: '9. ᎦᏙᎩ ᎢᏣᎦᏔᏅᏎᎢ? ᎠᏙᎴᎰᏍᎩᎨ? ᎥᎥ Ꮒ-' in language ''
Encoding of string failed! Failure bytes: e1 8f b9 e1 8e a9 20 e1 8e a0 e1 8e a6 e1 8e ab e1 8f b4 e1 8e a1 e1 8f 97 e1 8f b1 20 e1 8e a8 e1 8f 92 3b 20 e1 8f 86 e1 8f 85 e1 8f 83
Can't encode transcription: 'ᏄᎬᏫᏳᏒᏃ ᏗᏓᏂᏀᏹᎩ ᎠᎦᎫᏴᎡᏗᏱ ᎨᏒ; ᏆᏅᏃ' in language ''
Encoding of string failed! Failure bytes: ea ae a5 e1 8e a1 e1 8e a2 2c 20 e1 8e a0 e1 8f 82 e1 8f 83 e1 8e b2 e1 8f 8d e1 8e a8 20 e1 8e a4 e1 8f 82 e1 8f 8d e1 8e a6 e1 8f 85 2d
Can't encode transcription: '5. ᏦᏓᏂᏃ ᏕᎤᎾᏬꮥᎡᎢ, ᎠᏂᏃᎲᏍᎨ ᎤᏂᏍᎦᏅ-' in language ''
Encoding of string failed! Failure bytes: 3f
Can't encode transcription: 'ᎪᎲᏍᏙᏗᏱ ᎾᏍᎩᏯ ᎢᎳᏯ ᏄᏛᏁᎸᎢ?' in language ''
Encoding of string failed! Failure bytes: 56 2e
Can't encode transcription: 'ᎹᏚ. ᎠᏯᏙᎸᎢ V.' in language ''
Encoding of string failed! Failure bytes: 5b e1 8e a4 e1 8f 81 e1 8e b3 e1 8f 85 e1 8e af 3b 5d 20 e1 8e af e1 8e a0 e1 8f b0 e1 8f 83 20 e1 8e be 2d
Can't encode transcription: 'ᎡᎵᏤᎮᏍᏗ [ᎤᏁᎳᏅᎯ;] ᎯᎠᏰᏃ Ꮎ-' in language ''
2 Percent improvement time=257, best error was 31.253 @ 1068
At iteration 1325/1500/1628, mean rms=2.248%, delta=8.687%, BCER train=29.217%, BWER train=50.962%, skip ratio=8.500%, New best BCER = 29.217 wrote best model:training_data/staged_tuning/run_custom_mid_lr_mid_decay_output/chr_29.217_1325_1500.checkpoint wrote checkpoint.
Encoding of string failed! Failure bytes: ea ae a5 e1 8e a6 e1 8f af 2c 20 e1 8e a0 e1 8e b4
Can't encode transcription: 'ᏙᎯ, ᎠᎴ ᏧᎾᎵᏂᎩᏛ ᎠᏂᏍꮥᎦᏯ, ᎠᎴ' in language ''
Encoding of string failed! Failure bytes: e1 8f 8b e1 8f 99 e1 8f 97 e1 8f b1 2c 20 e1 8e be e1 8f 8d e1 8e a9
Can't encode transcription: 'ᎩᏁᎢᏍᏗᏱ ᎠᏆᏓᏅᏛ ᎠᏋᏙᏗᏱ, ᎾᏍᎩ' in language ''
Encoding of string failed! Failure bytes: ea ae 81 20 e1 8e a8 e1 8f 92 20 e1 8e a4 e1 8f 82 e1 8f 81 e1 8e ac 20 e1 8e a0 e1 8f 95 e1 8e b8 2e
Can't encode transcription: 'ᏍᎪᎯ ᎢᏯᎦᏴᎵꮁ ᎨᏒ ᎤᏂᏁᎬ ᎠᏕᎸ.' in language ''
Encoding of string failed! Failure bytes: 34 2e 20 e1 8f a5 e1 8f 8c e1 8f 83 20 e1 8e a4 e1 8f 81 e1 8f a8 20 e1 8e af e1 8e a0 20 e1 8f 82 e1 8f 9a e1 8f aa e1 8f 8e e1 8e b8 e1 8e a9 3b 20 e1 8f a5 e1 8f 8d e1 8f 95 e1 8e be 20 e1 8f a3 e1 8f 82
Can't encode transcription: '4. ᏥᏌᏃ ᎤᏁᏨ ᎯᎠ ᏂᏚᏪᏎᎸᎩ; ᏥᏍᏕᎾ ᏣᏂ' in language ''
Encoding of string failed! Failure bytes: 3f
Can't encode transcription: 'ᏂᎦᏛᏍᎪ ᎤᏍᏆᏂᎪᏗ ᏧᏂᎸᏫᏍᏓᏁᎯ?' in language ''
Encoding of string failed! Failure bytes: 34 38 20 e1 8e be e1 8f 8d e1 8e a9 e1 8f 82 20 e1 8e be e1 8e a6 e1 8f 94 e1 8e b2 e1 8e be 20 e1 8e a8 e1 8f 92 20 e1 8e a0 e1 8e b4 20 e1 8f b0 e1 8e b5 e1 8f 89
Can't encode transcription: '48 ᎾᏍᎩᏂ ᎾᎦᏔᎲᎾ ᎨᏒ ᎠᎴ ᏰᎵᏉ' in language ''
Encoding of string failed! Failure bytes: e1 8e ba e1 8e b5 e1 8f b1 20 e1 8e a1 e1 8e af
Can't encode transcription: 'ᎾᎥᎢ, ᎠᎵᎮᎵᏤᎮᎢ. ᎠᎴ ᏌᎺᎵᏱ ᎡᎯ' in language ''
Encoding of string failed! Failure bytes: 3f
Can't encode transcription: 'ᎾᏍᎩ Ꮎ ᏣᏁᎸᎯ ᎾᏍᎩ ᎢᏣᏛᏁᏗᏱ?' in language ''
Empty truth string!
Can't encode transcription: '' in language ''
Encoding of string failed! Failure bytes: 56 2e
Can't encode transcription: 'ᎹᏚ. ᎠᏯᏙᎸᎢ V.' in language ''
Encoding of string failed! Failure bytes: 56 2e
Can't encode transcription: 'ᎹᏚ. ᎠᏯᏙᎸᎢ V.' in language ''
Encoding of string failed! Failure bytes: ea ae 8f e1 8f 97 e1 8f 8d e1 8e ac
Can't encode transcription: 'ᎠᏏᎾᏌᏅ ᎠᎴ ᎠᏓᏅᏙ ᏕᎬꮏᏗᏍᎬ' in language ''
Encoding of string failed! Failure bytes: 5b e1 8e a4 e1 8f 81 e1 8e b3 e1 8f 85 e1 8e af 3b 5d 20 e1 8e af e1 8e a0 e1 8f b0 e1 8f 83 20 e1 8e be 2d
Can't encode transcription: 'ᎵᏤᎮᏍᏗ [ᎤᏁᎳᏅᎯ;] ᎯᎠᏰᏃ Ꮎ-' in language ''
Encoding of string failed! Failure bytes: ea ad b9 e1 8e a2 2c 20 e1 8e a0 e1 8e b4
Can't encode transcription: 'ᏳᏍᏗ, ᏂᏗᏍᎦᎢᎲᎾ ᎢᎬᏁᏗᏱ ᎡᏗᏔᏂᏎᎰꭹᎢ, ᎠᎴ' in language ''
2 Percent improvement time=336, best error was 31.253 @ 1068
At iteration 1404/1600/1742, mean rms=2.226%, delta=8.563%, BCER train=29.076%, BWER train=50.513%, skip ratio=8.800%, New best BCER = 29.076 wrote checkpoint.
Finished! Selected model with minimal training error rate (BCER) = 29.076
