Loaded file training_data/staged_tuning/run_custom_mid_lr_mid_decay_output/chr_checkpoint, unpacking...
Successfully restored trainer from training_data/staged_tuning/run_custom_mid_lr_mid_decay_output/chr_checkpoint
Encoding of string failed! Failure bytes: 34 20 e1 8f 9a e1 8f 82 e1 8f 83 e1 8f 97 2c 20 31 38 32 35 2e
Can't encode transcription: 'ᎢᏤ ᎦᏚᎲ, 14 ᏚᏂᏃᏗ, 1825.' in language ''
Encoding of string failed! Failure bytes: 34 2e 20 e1 8e a0 e1 8f 8e e1 8f 83 20 e1 8f a3 e1 8f 82 20 e1 8f 9a e1 8e b5 e1 8f ab e1 8f 8e e1 8e b4 e1 8f 89 2c 20 e1 8e a0 e1 8f b4 e1 8f 8d e1 8e a9 e1 8f 82 20 e1 8f b1 e1 8f 8d e1 8f 86 2d
Can't encode transcription: '14. ᎠᏎᏃ ᏣᏂ ᏚᎵᏫᏎᎴᏉ, ᎠᏴᏍᎩᏂ ᏱᏍᏆ-' in language ''
Encoding of string failed! Failure bytes: e1 8f 8b e1 8f 92 e1 8f 89 20 e1 8f b1 e1 8e a6 e1 8f a5 e1 8f af e1 8e b5 e1 8e a1 e1 8e b5 e1 8f a4 e1 8e ad 2c
Can't encode transcription: 'ᏍᎩ, ᎥᏝ ᎠᏋᏒᏉ ᏱᎦᏥᏯᎵᎡᎵᏤᎭ,' in language ''
Encoding of string failed! Failure bytes: ea ae a8 e1 8f a8 e1 8e a2
Can't encode transcription: 'ᎤᎴᏅᎲ ᏚᏬᏁᏔᏅ ᎣᏂ ᎢᏥᏰᎸᎾ ᎢᏥᏍᎦᏅꮨᏨᎢ' in language ''
Encoding of string failed! Failure bytes: e1 8e ba e1 8e b5 20 e1 8f a5 e1 8e bb 20 e1 8e a4 e1 8f a5 2c 20 e1 8e a0 e1 8e b4
Can't encode transcription: 'ᎠᎴ ᏦᎠᎾ, ᎠᎴ ᎺᎵ ᏥᎻ ᎤᏥ, ᎠᎴ' in language ''
Empty truth string!
Can't encode transcription: '' in language ''
Encoding of string failed! Failure bytes: 22 e1 8f 93 e1 8f a8 e1 8f 81 e1 8e b5 20 e1 8e a4 e1 8f b2 e1 8e a2 e1 8f 8d e1 8f 97 20 e1 8f 82 e1 8e a8 e1 8f 92 e1 8e be
Can't encode transcription: 'ᏎᎢ; "ᏓᏨᏁᎵ ᎤᏲᎢᏍᏗ ᏂᎨᏒᎾ' in language ''
2 Percent improvement time=397, best error was 26.52 @ 1562
At iteration 1959/2300/2512, mean rms=2.006%, delta=7.251%, BCER train=24.343%, BWER train=43.489%, skip ratio=9.600%, New best BCER = 24.343 wrote best model:training_data/staged_tuning/run_custom_mid_lr_mid_decay_output/chr_24.343_1959_2300.checkpoint wrote checkpoint.
Encoding of string failed! Failure bytes: 3f 20 e1 8e af e1 8e a0 e1 8f 83 20 e1 8f 84 e1 8f 82 e1 8f aa e1 8f 8e e1 8e a2 2c 20 e1 8e a6 e1 8e b5 e1 8f 89 e1 8e a9 2e
Can't encode transcription: 'ᏕᏥᏰᎭ? ᎯᎠᏃ ᏄᏂᏪᏎᎢ, ᎦᎵᏉᎩ.' in language ''
Encoding of string failed! Failure bytes: 34 36 20 e1 8e a2 e1 8f b3 e1 8f b0 e1 8f 83 20 e1 8f b1 e1 8f 97 e1 8f a5 e1 8e a8 e1 8f b3 e1 8e ad 20 e1 8e a8 e1 8f a5 e1 8e a8 e1 8f b3 e1 8e af 2c
Can't encode transcription: '46 ᎢᏳᏰᏃ ᏱᏗᏥᎨᏳᎭ ᎨᏥᎨᏳᎯ,' in language ''
Encoding of string failed! Failure bytes: 3f 20 e1 8e a2 e1 8e b3 e1 8f af e1 8f 8d e1 8e aa 20 e1 8f 82 e1 8e af 3f 20 e1 8e af 2d
Can't encode transcription: 'ᏒᎩ; ᎦᎪᎨ? ᎢᎳᏯᏍᎪ ᏂᎯ? Ꭿ-' in language ''
Encoding of string failed! Failure bytes: ea ae 81 e1 8e a6 2d
Can't encode transcription: 'ᎢᏣᏓᏅᏓᏓ, ᎠᏴᏉᏰᏃ, ᏞᏍᏗ ᏱᏥꮁᎦ-' in language ''
Encoding of string failed! Failure bytes: e1 8f 8b e1 8f 92 e1 8f 89 20 e1 8f b1 e1 8e a6 e1 8f a5 e1 8f af e1 8e b5 e1 8e a1 e1 8e b5 e1 8f a4 e1 8e ad 2c
Can't encode transcription: 'ᏍᎩ, ᎥᏝ ᎠᏋᏒᏉ ᏱᎦᏥᏯᎵᎡᎵᏤᎭ,' in language ''
Encoding of string failed! Failure bytes: 5d 20 e1 8e a0 e1 8f b4 20 e1 8e a8 e1 8f 92 20 e1 8e a2 e1 8f b3 e1 8f 8d e1 8f 97 2e
Can't encode transcription: 'ᎳᏅᎯ] ᎠᏴ ᎨᏒ ᎢᏳᏍᏗ.' in language ''
Encoding of string failed! Failure bytes: 3f 20 e1 8f 8d e1 8e a9 e1 8f af e1 8f 98 e1 8f 83 e1 8e af e1 8f 8f 2e
Can't encode transcription: 'ᏎᎮᏍᏗ? ᏍᎩᏯᏘᏃᎯᏏ.' in language ''
2 Percent improvement time=482, best error was 26.52 @ 1562
At iteration 2044/2400/2619, mean rms=1.999%, delta=7.154%, BCER train=24.182%, BWER train=43.448%, skip ratio=9.700%, New best BCER = 24.182 wrote checkpoint.
Finished! Selected model with minimal training error rate (BCER) = 24.182
