Loaded file training_data/staged_tuning/run_custom_big_lr_big_decay_dr6_mx4_output/chr_checkpoint, unpacking...
Successfully restored trainer from training_data/staged_tuning/run_custom_big_lr_big_decay_dr6_mx4_output/chr_checkpoint
Encoding of string failed! Failure bytes: 34 33 20 e1 8e a4 e1 8e b5 e1 8f 82 e1 8e a9 e1 8f 9b e1 8f 83 20 e1 8e a4 e1 8f 81 e1 8f a4 e1 8e b8 2c 20 e1 8e a9 e1 8e b3 e1 8f 89
Can't encode transcription: '43 ᎤᎵᏂᎩᏛᏃ ᎤᏁᏤᎸ, ᎩᎳᏉ' in language ''
Encoding of string failed! Failure bytes: 3f
Can't encode transcription: 'ᏴᏫ?' in language ''
Encoding of string failed! Failure bytes: 34 2e 20 e1 8f 80 e1 8f 8d e1 8e a9 e1 8f 83 20 e1 8e af e1 8e a0 20 e1 8f a3 e1 8f 82 20 e1 8e a4 e1 8f 85 e1 8f a9 e1 8e a1 20 e1 8f 90 e1 8f 88 e1 8e b5 20 e1 8e a6 e1 8f 90 e1 8f 86 e1 8f 97 20 e1 8e a4 2d
Can't encode transcription: '4. ᏀᏍᎩᏃ ᎯᎠ ᏣᏂ ᎤᏅᏩᎡ ᏐᏈᎵ ᎦᏐᏆᏗ Ꭴ-' in language ''
Encoding of string failed! Failure bytes: 34 20 e1 8f a5 e1 8f 8c e1 8f 83 20 e1 8e a4 e1 8f 81 e1 8f a8 20 e1 8e af e1 8e a0 20 e1 8f 82 e1 8f 9a e1 8f aa e1 8f 8e e1 8e b8 e1 8e a9 3b
Can't encode transcription: '4 ᏥᏌᏃ ᎤᏁᏨ ᎯᎠ ᏂᏚᏪᏎᎸᎩ;' in language ''
Encoding of string failed! Failure bytes: 34 30 20 e1 8e a0 e1 8e b4 20 e1 8e be e1 8f 8d e1 8f 89 20 e1 8e a6 e1 8e b8 e1 8e b3 e1 8f 97 20 e1 8e a0 e1 8f 81 e1 8e ad 20 e1 8f 97 e1 8e aa 2d
Can't encode transcription: '40 ᎠᎴ ᎾᏍᏉ ᎦᎸᎳᏗ ᎠᏁᎭ ᏗᎪ-' in language ''
Encoding of string failed! Failure bytes: ea ae 97 e1 8f 92 e1 8f 83 20 e1 8e a0 e1 8f a5 e1 8e b8 2d e1 8e a8 e1 8e b6 e1 8e af
Can't encode transcription: 'ᏑᏂᎧᏁᎢ. ᏄᎬᏫꮗᏒᏃ ᎠᏥᎸ-ᎨᎶᎯ' in language ''
Encoding of string failed! Failure bytes: ea ae b5 e1 8e a9 20 e1 8e a2 e1 8f 93 e1 8f 99 e1 8e b4 e1 8e b0 e1 8e af e1 8f 8d e1 8f 97 e1 8e ad 20 e1 8e a1 2d
Can't encode transcription: '13 ᎯᎠ ᎾꮵᎩ ᎢᏓᏙᎴᎰᎯᏍᏗᎭ Ꭱ-' in language ''
Encoding of string failed! Failure bytes: e1 8f b9 e1 8e ac e1 8f 82 e1 8f 9b 20 e1 8f ab e1 8e be e1 8f 8d e1 8f 9b e1 8e be 2e
Can't encode transcription: 'ᎵᏍᏙᏗ ᎨᏎᏍᏗᏹᎬᏂᏛ ᏫᎾᏍᏛᎾ.' in language ''
Encoding of string failed! Failure bytes: 49 49 49 2e
Can't encode transcription: 'ᎹᏚ. ᎠᏯᏙᎸᎢ III.' in language ''
Encoding of string failed! Failure bytes: 34 20 e1 8f 85 e1 8f 93 e1 8f 95 e1 8f 86 2c 20 31 38 32 35 2e
Can't encode transcription: 'ᎢᏦᏗ, 14 ᏅᏓᏕᏆ, 1825.' in language ''
Encoding of string failed! Failure bytes: 3f
Can't encode transcription: 'ᏍᏗ; ᎦᎪ ᏂᎯ ᏅᏩᏓᎴ ᏥᏕᎯᏳᎪᏓᏁᎭ?' in language ''
Encoding of string failed! Failure bytes: ea ad b2 e1 8f a4 e1 8e b5 20 e1 8e a4 e1 8f 81 e1 8e b3 e1 8e a9 20 e1 8f ad e1 8e aa e1 8e af 20 e1 8e a6 e1 8e af e1 8f b0 e1 8e b5 e1 8f 8e e1 8f 97
Can't encode transcription: 'ᏅᎾ ᏣꭲᏤᎵ ᎤᏁᎳᎩ ᏭᎪᎯ ᎦᎯᏰᎵᏎᏗ' in language ''
Encoding of string failed! Failure bytes: 3f 20 e1 8e a0 e1 8f 99 e1 8e b4 e1 8e b0 e1 8f 8d e1 8e a9 e1 8e a8 3f 20 e1 8e a5 e1 8e a5 20 e1 8f 82 2d
Can't encode transcription: '9. ᎦᏙᎩ ᎢᏣᎦᏔᏅᏎᎢ? ᎠᏙᎴᎰᏍᎩᎨ? ᎥᎥ Ꮒ-' in language ''
Encoding of string failed! Failure bytes: 34 20 e1 8f 9a e1 8f 82 e1 8f 83 e1 8f 97 2c 20 31 38 32 35 2e
Can't encode transcription: 'ᎢᏤ ᎦᏚᎲ, 14 ᏚᏂᏃᏗ, 1825.' in language ''
Encoding of string failed! Failure bytes: 34 20 e1 8f 9a e1 8f 82 e1 8f 83 e1 8f 97 2c 20 31 38 32 35 2e
Can't encode transcription: 'ᎢᏤ ᎦᏚᎲ, 14 ᏚᏂᏃᏗ, 1825.' in language ''
Encoding of string failed! Failure bytes: 34 2e 20 e1 8f 80 e1 8f 8d e1 8e a9 e1 8f 83 20 e1 8e af e1 8e a0 20 e1 8f a3 e1 8f 82 20 e1 8e a4 e1 8f 85 e1 8f a9 e1 8e a1 20 e1 8f 90 e1 8f 88 e1 8e b5 20 e1 8e a6 e1 8f 90 e1 8f 86 e1 8f 97 20 e1 8e a4 2d
Can't encode transcription: '4. ᏀᏍᎩᏃ ᎯᎠ ᏣᏂ ᎤᏅᏩᎡ ᏐᏈᎵ ᎦᏐᏆᏗ Ꭴ-' in language ''
Encoding of string failed! Failure bytes: 3f
Can't encode transcription: 'ᏍᏙᏓ ᏰᎵ ᎠᏏ ᎾᎿᎭᏴᏓᎴᏂᏓ?' in language ''
Encoding of string failed! Failure bytes: 34 20 e1 8e a0 e1 8e b4 20 e1 8e a6 e1 8e b8 e1 8e b6 e1 8e a2 20 e1 8e a4 e1 8f 93 e1 8f 85 e1 8f 92 e1 8e a9 20 e1 8e be e1 8f 8d e1 8e a9 e1 8f af
Can't encode transcription: '14 ᎠᎴ ᎦᎸᎶᎢ ᎤᏓᏅᏒᎩ ᎾᏍᎩᏯ' in language ''
Encoding of string failed! Failure bytes: ea ae 90 2d
Can't encode transcription: '30 ᎯᎠᏍᎩᏂ ᏤᏥ ᎤᎷᏦᏅᎯᏉ, ꮐ-' in language ''
2 Percent improvement time=999, best error was 14.407 @ 1268
At iteration 2267/3700/4086, mean rms=1.264%, delta=3.711%, BCER train=12.176%, BWER train=23.710%, skip ratio=10.000%, New best BCER = 12.176 wrote best model:training_data/staged_tuning/run_custom_big_lr_big_decay_dr6_mx4_output/chr_12.176_2267_3700.checkpoint wrote checkpoint.
Encoding of string failed! Failure bytes: e1 8f 8b e1 8f 92 20 e1 8e a6 e1 8f 93 e1 8f 83 e1 8e ae e1 8f 8d e1 8e a9 2c 20 e1 8e a0 e1 8e a6 e1 8f b4 e1 8e b5 2d
Can't encode transcription: '18 ᎠᏴ ᎠᏋᏒ ᎦᏓᏃᎮᏍᎩ, ᎠᎦᏴᎵ-' in language ''
Encoding of string failed! Failure bytes: ea ae ae e1 8f ab e1 8f 81 e1 8e ac 20 e1 8f 97 e1 8f 82 e1 8f ac e1 8f 82 e1 8f 97 e1 8f 8d e1 8e a9 20 e1 8f a6 e1 8e a2 e1 8f 81 20 e1 8e a0 e1 8f b0 e1 8e b5 20 e1 8e a4 e1 8e be e1 8e ab e1 8f b4 e1 8f 97
Can't encode transcription: 'ᏴꮮᏫᏁᎬ ᏗᏂᏬᏂᏗᏍᎩ ᏦᎢᏁ ᎠᏰᎵ ᎤᎾᎫᏴᏗ' in language ''
Encoding of string failed! Failure bytes: ea ae ba e1 8e a0 e1 8f a5 e1 8f 81 e1 8e ae e1 8f 8d e1 8f 97 e1 8f 89 2e
Can't encode transcription: 'ᏂᎦᏗᏳ ꮺᎠᏥᏁᎮᏍᏗᏉ.' in language ''
Encoding of string failed! Failure bytes: 5b e1 8e a3 e1 8e a6 e1 8e b4 e1 8f 85 e1 8f 9b 20 e1 8e a0 e1 8f 8f 20 e1 8f 99 e1 8f a5 e1 8e b4 e1 8f b4 e1 8f 97 2e 5d
Can't encode transcription: '[ᎣᎦᎴᏅᏛ ᎠᏏ ᏙᏥᎴᏴᏗ.]' in language ''
Encoding of string failed! Failure bytes: 34 20 e1 8e a6 e1 8e b8 e1 8e b3 e1 8f 97 e1 8f 83 20 e1 8f ab e1 8f 9a e1 8e a7 e1 8e bf e1 8e ad e1 8f 85 20 e1 8e a4 e1 8e b5 e1 8f b0 e1 8f 94 e1 8f 81 e1 8e a2 2c
Can't encode transcription: '34 ᎦᎸᎳᏗᏃ ᏫᏚᎧᎿᎭᏅ ᎤᎵᏰᏔᏁᎢ,' in language ''
Encoding of string failed! Failure bytes: 34 20 e1 8e a5 e1 8f 9d e1 8f b0 e1 8f 83 20 e1 8f b2 e1 8f a5 e1 8e b6 e1 8f 92 e1 8f 8d e1 8f 97 e1 8e ad 20 e1 8e a3 e1 8e a6 e1 8f 9f e1 8e b6 e1 8f 92 2d
Can't encode transcription: '14 ᎥᏝᏰᏃ ᏲᏥᎶᏒᏍᏗᎭ ᎣᎦᏟᎶᏒ-' in language ''
Encoding of string failed! Failure bytes: ea ae 85
Can't encode transcription: 'ᎨᏒᎢꮅ' in language ''
Encoding of string failed! Failure bytes: 3f
Can't encode transcription: 'ᏨᎯ ᏂᎨᏒᎾ ᎨᏒᎢ?' in language ''
Encoding of string failed! Failure bytes: e1 8f 8b e1 8f 81 e1 8f 97 e1 8f b1 20 e1 8f 9a e1 8f 84 e1 8e aa e1 8f 94 e1 8f 85 e1 8e a2 2e
Can't encode transcription: 'ᎪᎱᏍᏗ ᎬᏋᏁᏗᏱ ᏚᏄᎪᏔᏅᎢ.' in language ''
Empty truth string!
Can't encode transcription: '' in language ''
Encoding of string failed! Failure bytes: 34 20 e1 8e bf e1 8e ad e1 8f 89 e1 8f 83 20 e1 8e a0 e1 8f a5 e1 8e b8 2d e1 8e a8 e1 8e b6 e1 8e af 20 e1 8e a0 e1 8e b4 20 e1 8e a3 e1 8f 8d e1 8f 9b
Can't encode transcription: '24 ᎿᎭᏉᏃ ᎠᏥᎸ-ᎨᎶᎯ ᎠᎴ ᎣᏍᏛ' in language ''
Encoding of string failed! Failure bytes: ea ae 95 e1 8f a5 2e
Can't encode transcription: 'ᏅᏟ ᎢᏏᎵ ᏧꮕᏥ.' in language ''
Encoding of string failed! Failure bytes: 5b e1 8e a3 e1 8e a6 e1 8e b4 e1 8f 85 e1 8f 9b 20 e1 8e a0 e1 8f 8f 20 e1 8f 99 e1 8f a5 e1 8e b4 e1 8f b4 e1 8f 97 2e 5d
Can't encode transcription: '[ᎣᎦᎴᏅᏛ ᎠᏏ ᏙᏥᎴᏴᏗ.]' in language ''
Encoding of string failed! Failure bytes: 34 2e 20 e1 8f 9d e1 8e a9 e1 8f b3 20 e1 8e a4 e1 8f 9b e1 8f 83 e1 8e af 20 e1 8f 95 e1 8e a6 e1 8e b3 e1 8f ab e1 8e a5 20 e1 8e ac e1 8f a9 e1 8f 96 e1 8e b3 e1 8f 97 e1 8f 8d e1 8f 97 e1 8e a2 2c
Can't encode transcription: '4. ᏝᎩᏳ ᎤᏛᏃᎯ ᏕᎦᎳᏫᎥ ᎬᏩᏖᎳᏗᏍᏗᎢ,' in language ''
2 Percent improvement time=937, best error was 13.847 @ 1382
At iteration 2319/3800/4200, mean rms=1.246%, delta=3.599%, BCER train=11.684%, BWER train=22.981%, skip ratio=10.300%, New best BCER = 11.684 wrote best model:training_data/staged_tuning/run_custom_big_lr_big_decay_dr6_mx4_output/chr_11.684_2319_3800.checkpoint wrote checkpoint.
Finished! Selected model with minimal training error rate (BCER) = 11.684
