Loaded file training_data/staged_tuning/run_custom_big_lr_big_decay_dr6_mx4_output/chr_checkpoint, unpacking...
Successfully restored trainer from training_data/staged_tuning/run_custom_big_lr_big_decay_dr6_mx4_output/chr_checkpoint
Empty truth string!
Can't encode transcription: '' in language ''
Encoding of string failed! Failure bytes: 5b e1 8e a3 e1 8e a6 e1 8e b4 e1 8f 85 e1 8f 9b 20 e1 8e a0 e1 8f 8f 20 e1 8f 99 e1 8f a5 e1 8e b4 e1 8f b4 e1 8f 97 2e 5d
Can't encode transcription: '[ᎣᎦᎴᏅᏛ ᎠᏏ ᏙᏥᎴᏴᏗ.]' in language ''
Encoding of string failed! Failure bytes: ea ae a4 e1 8f 85 2d
Can't encode transcription: 'ᏗᏐᏴᏉ ᏓᏰᏥᏍᏚᎲ ᏩᏌᏏ. ᎠᏎᏃ ᏭᎾᏓᏄᎸꮤᏅ-' in language ''
Encoding of string failed! Failure bytes: 3f
Can't encode transcription: 'ᎢᎳᎪ ᏂᎪᎯᎴᏍᏗ ᎢᏨᏰᎳᏗᏙᎮᏍᏗ?' in language ''
Encoding of string failed! Failure bytes: 5b e1 8e a3 e1 8e a6 e1 8e b4 e1 8f 85 e1 8f 9b 20 e1 8e a0 e1 8f 8f 20 e1 8f 99 e1 8f a5 e1 8e b4 e1 8f b4 e1 8f 97 2e 5d
Can't encode transcription: '[ᎣᎦᎴᏅᏛ ᎠᏏ ᏙᏥᎴᏴᏗ.]' in language ''
Encoding of string failed! Failure bytes: ea ae 98 e1 8f 83 20 e1 8f 84 e1 8f 82 e1 8e ac e1 8f ab e1 8f b3 e1 8f 92
Can't encode transcription: 'ᏗᎦᎳᏫᎢᏍᏗᏱ. ᎠꮘᏃ ᏄᏂᎬᏫᏳᏒ' in language ''
Encoding of string failed! Failure bytes: ea ae b5 e1 8f 89 20 e1 8f b4 e1 8f ab 20 e1 8f 80 e1 8f 8d e1 8e a9 20 e1 8e a4 e1 8f 81 e1 8e b3 2d
Can't encode transcription: 'ᏍᎩᏂ ᏂᎨᏓᏛᏁᎮᏍᏗ ᏀᏂꮵᏉ ᏴᏫ ᏀᏍᎩ ᎤᏁᎳ-' in language ''
Encoding of string failed! Failure bytes: 3f 20 e1 8e a3 e1 8f 8d e1 8f 9b
Can't encode transcription: 'ᏍᏗᏱ ᏂᎨᏒᎾ ᎠᏰᎵ ᎪᏢᏒᎢ? ᎣᏍᏛ' in language ''
Encoding of string failed! Failure bytes: ea ad bb e1 8e a2 e1 8f 8e e1 8e b4 e1 8e a2 3b 20 e1 8f 95 e1 8f 8d e1 8e a9 e1 8f af e1 8f 93 e1 8f 82 e1 8e b8 e1 8f a8 e1 8e a9 2d
Can't encode transcription: 'ᎥᏝ ᏱᏥꭻᎢᏎᎴᎢ; ᏕᏍᎩᏯᏓᏂᎸᏨᎩ-' in language ''
At iteration 3541/6100/6729, mean rms=1.260%, delta=3.816%, BCER train=12.955%, BWER train=24.282%, skip ratio=10.300%, New worst BCER = 12.955 wrote checkpoint.
Encoding of string failed! Failure bytes: 3f 20 e1 8e a0 e1 8f 99 e1 8e b4 e1 8e b0 e1 8f 8d e1 8e a9 e1 8e a8 3f 20 e1 8e a5 e1 8e a5 20 e1 8f 82 2d
Can't encode transcription: '9. ᎦᏙᎩ ᎢᏣᎦᏔᏅᏎᎢ? ᎠᏙᎴᎰᏍᎩᎨ? ᎥᎥ Ꮒ-' in language ''
Encoding of string failed! Failure bytes: e1 8f 8b e1 8e a1 20 e1 8f b1 e1 8e a9 2c 20 e1 8e a0 e1 8e a6 e1 8f b4 e1 8e b5 e1 8e a8 e1 8f b0 e1 8f 83 20 e1 8f 94 e1 8e b5 20 e1 8f 85 e1 8f 9b e1 8f 97 e1 8f 95 e1 8e a6 2e
Can't encode transcription: 'ᎠᏋᎡ ᏱᎩ, ᎠᎦᏴᎵᎨᏰᏃ ᏔᎵ ᏅᏛᏗᏕᎦ.' in language ''
Encoding of string failed! Failure bytes: 34 20 e1 8e a0 e1 8f b0 e1 8e b3 e1 8f 8d e1 8f 97 e1 8f 83 2d e1 8e a6 e1 8f 85 e1 8e af e1 8f 9b 20 e1 8f a7 e1 8f 82 e1 8f 85 e1 8e a2 e1 8f 8d e1 8f 99 e1 8f 97
Can't encode transcription: '24 ᎠᏰᎳᏍᏗᏃ-ᎦᏅᎯᏛ ᏧᏂᏅᎢᏍᏙᏗ' in language ''
Encoding of string failed! Failure bytes: 34 20 e1 8e a0 e1 8f 8d e1 8e aa e1 8e af e1 8f 83 20 e1 8e a2 e1 8f af e1 8f 82 e1 8f 9b 20 e1 8e a4 e1 8e be e1 8f 9b e1 8e a6 e1 8f 85 20 e1 8e a4 2d
Can't encode transcription: '24 ᎠᏍᎪᎯᏃ ᎢᏯᏂᏛ ᎤᎾᏛᎦᏅ Ꭴ-' in language ''
Encoding of string failed! Failure bytes: 34 20 e1 8e a2 e1 8f b3 e1 8f 83 20 e1 8e a0 e1 8f 81 e1 8e b2 20 e1 8f 82 e1 8f 93 e1 8e a9 e1 8e b8 e1 8f ab e1 8f 8d e1 8f 93 e1 8f 81 e1 8e b2 e1 8e be
Can't encode transcription: '24 ᎢᏳᏃ ᎠᏁᎲ ᏂᏓᎩᎸᏫᏍᏓᏁᎲᎾ' in language ''
Empty truth string!
Can't encode transcription: '' in language ''
Encoding of string failed! Failure bytes: 34 35 20 e1 8e a9 e1 8e b3 e1 8f 89 e1 8f 83 20 e1 8e a2 e1 8f b4 e1 8f 9b 20 e1 8f 9a e1 8f 85 e1 8f ab e1 8f 8d e1 8f 94 e1 8f 81 20 e1 8e ac 2d
Can't encode transcription: '45 ᎩᎳᏉᏃ ᎢᏴᏛ ᏚᏅᏫᏍᏔᏁ Ꭼ-' in language ''
Encoding of string failed! Failure bytes: 34 32 20 e1 8e a4 e1 8e ac e1 8f ab e1 8f b3 e1 8e af e1 8f 83 20 e1 8e af e1 8e a0 20 e1 8f 84 e1 8f aa e1 8f 8e e1 8e a2 2c 20 e1 8e a6 e1 8e aa e1 8f 83
Can't encode transcription: '42 ᎤᎬᏫᏳᎯᏃ ᎯᎠ ᏄᏪᏎᎢ, ᎦᎪᏃ' in language ''
Encoding of string failed! Failure bytes: 34 2e 20 e1 8f a5 e1 8f 8c e1 8f 83 20 e1 8e a4 e1 8f 81 e1 8f a8 20 e1 8e af e1 8e a0 20 e1 8f 82 e1 8f 9a e1 8f aa e1 8f 8e e1 8e b8 e1 8e a9 3b 20 e1 8f a5 e1 8f 8d e1 8f 95 e1 8e be 20 e1 8f a3 e1 8f 82
Can't encode transcription: '4. ᏥᏌᏃ ᎤᏁᏨ ᎯᎠ ᏂᏚᏪᏎᎸᎩ; ᏥᏍᏕᎾ ᏣᏂ' in language ''
At iteration 3579/6200/6838, mean rms=1.235%, delta=3.711%, BCER train=12.587%, BWER train=23.504%, skip ratio=10.100%, New worst BCER = 12.587 wrote checkpoint.
Finished! Selected model with minimal training error rate (BCER) = 9.763
