Loaded file training_data/staged_tuning/run_custom_big_lr_big_decay_dr6_mx4_output/chr_checkpoint, unpacking...
Successfully restored trainer from training_data/staged_tuning/run_custom_big_lr_big_decay_dr6_mx4_output/chr_checkpoint
Encoding of string failed! Failure bytes: 34 20 e1 8e be e1 8f 8d e1 8e a9 20 e1 8e af e1 8e a0 20 e1 8f 82 e1 8e a6 e1 8f 9b 20 e1 8f 8c e1 8f 89 20 e1 8e a2 e1 8e a6 e1 8e a6 e1 8f 9b
Can't encode transcription: '14 ᎾᏍᎩ ᎯᎠ ᏂᎦᏛ ᏌᏉ ᎢᎦᎦᏛ' in language ''
Encoding of string failed! Failure bytes: e1 8e ba e1 8f 85 2e
Can't encode transcription: 'ᎡᎺᏅ.' in language ''
Encoding of string failed! Failure bytes: 34 20 e1 8e a0 e1 8e b4 e1 8f ac 20 e1 8e af e1 8e a0 20 e1 8f 82 e1 8f a8 e1 8f aa e1 8f 8e e1 8e ad 3b 20 e1 8e a4 e1 8f 9f 20 e1 8e a0 e1 8e af 2d
Can't encode transcription: '24 ᎠᎴᏬ ᎯᎠ ᏂᏨᏪᏎᎭ; ᎤᏟ ᎠᎯ-' in language ''
Encoding of string failed! Failure bytes: 3f
Can't encode transcription: 'ᏍᏕᎸ?' in language ''
Encoding of string failed! Failure bytes: 34 36 20 e1 8e be e1 8f 8d e1 8e a9 20 e1 8e a4 e1 8f 81 e1 8e b3 e1 8f 85 e1 8e af 20 e1 8e a3 e1 8f 8f e1 8f b3 20 e1 8e a4 e1 8f 93 e1 8f 85 2d
Can't encode transcription: '46 ᎾᏍᎩ ᎤᏁᎳᏅᎯ ᎣᏏᏳ ᎤᏓᏅ-' in language ''
Encoding of string failed! Failure bytes: e1 8f 8b e1 8f 92 e1 8f 89 20 e1 8f b1 e1 8e a6 e1 8f a5 e1 8f af e1 8e b5 e1 8e a1 e1 8e b5 e1 8f a4 e1 8e ad 2c
Can't encode transcription: 'ᏍᎩ, ᎥᏝ ᎠᏋᏒᏉ ᏱᎦᏥᏯᎵᎡᎵᏤᎭ,' in language ''
Encoding of string failed! Failure bytes: 3f
Can't encode transcription: 'ᎢᏍᏛᏯᏛᏁᏗᏱ?' in language ''
Encoding of string failed! Failure bytes: 3f
Can't encode transcription: 'ᏏᏕᏂ?' in language ''
Encoding of string failed! Failure bytes: 3f 20 e1 8f 9d e1 8f 8d e1 8e aa 20 e1 8f 82 e1 8e af
Can't encode transcription: 'ᎠᎵᏍᏚᎶ ᎣᎦᎵᎮᎵᏍᏙᏗ? ᏝᏍᎪ ᏂᎯ' in language ''
Encoding of string failed! Failure bytes: 3f 20 e1 8e a0 e1 8e b4 20 e1 8f 82 e1 8e af 20 e1 8e be e1 8f 8d e1 8f 89 2c 20 e1 8e a6 e1 8f 99 e1 8f 83
Can't encode transcription: 'ᎢᏍᏓᎵᏅᏟ? ᎠᎴ ᏂᎯ ᎾᏍᏉ, ᎦᏙᏃ' in language ''
At iteration 2894/4900/5405, mean rms=1.153%, delta=3.149%, BCER train=10.142%, BWER train=21.393%, skip ratio=9.500%, New worst BCER = 10.142 wrote checkpoint.
Encoding of string failed! Failure bytes: e1 8e ba e1 8f 89 e1 8e af 20 e1 8e a1 2d
Can't encode transcription: '27 ᏂᎦᏚᏏᏁᏃ ᎤᎵᏏᏅ, ᎠᎺᏉᎯ Ꭱ-' in language ''
Encoding of string failed! Failure bytes: 34 20 e1 8e a4 e1 8e b5 e1 8f 8d e1 8f 93 e1 8f b4 e1 8f 85 e1 8e a2 20 e1 8f 95 e1 8e a4 e1 8e b4 e1 8f 85 e1 8e a9 20 e1 8e a0 e1 8e b4 20 e1 8e a4 e1 8f 84 2d
Can't encode transcription: '4 ᎤᎵᏍᏓᏴᏅᎢ ᏕᎤᎴᏅᎩ ᎠᎴ ᎤᏄ-' in language ''
Encoding of string failed! Failure bytes: 34 20 e1 8e bf e1 8e ad e1 8f 89 e1 8f 83 20 e1 8f 93 e1 8f 93 e1 8e bf e1 8e ad e1 8f a9 e1 8f 8d e1 8f 9b 20 e1 8e ac e1 8f a9 e1 8f 9b e1 8f 85 20 e1 8e a4 2d
Can't encode transcription: '24 ᎿᎭᏉᏃ ᏓᏓᎿᎭᏩᏍᏛ ᎬᏩᏛᏅ Ꭴ-' in language ''
Encoding of string failed! Failure bytes: 34 20 e1 8e a8 e1 8f a5 e1 8f 85 e1 8f 8f e1 8f 9b e1 8f 83 20 e1 8f a5 e1 8e b7 e1 8f 8f e1 8e b5 e1 8e bb 20 e1 8e a0 e1 8f 82 e1 8f 82 20 e1 8e a4 2d
Can't encode transcription: '14 ᎨᏥᏅᏏᏛᏃ ᏥᎷᏏᎵᎻ ᎠᏂᏂ Ꭴ-' in language ''
Encoding of string failed! Failure bytes: ea ae 80 2d
Can't encode transcription: 'ᏍᎩ ᎤᎾᎫᏴᏓᏁᎮᏍᏗ ᎠᏕᎳᎦᏘᏯ, ᎠᏍᎪᎯᏧᏈ Ꭰꮀ-' in language ''
Empty truth string!
Can't encode transcription: '' in language ''
Encoding of string failed! Failure bytes: 22 e1 8f 9e e1 8f 8d e1 8f 97
Can't encode transcription: '11 ᎯᎠᏰᏃ ᎢᏳᏪᏛ ᏥᎩ, "ᏞᏍᏗ' in language ''
Encoding of string failed! Failure bytes: ea ae 94 e1 8f b1 e1 8e a9 20 e1 8f a7 e1 8e be 2d
Can't encode transcription: 'ᏄᎾᎵᏍᏓᏁᎲ ᎤᏁᏅᎢᏍᏗᏍᎩ ꮔᏱᎩ ᏧᎾ-' in language ''
Encoding of string failed! Failure bytes: e1 8e ba e1 8f 85 2e
Can't encode transcription: 'ᎡᎺᏅ.' in language ''
Encoding of string failed! Failure bytes: 34 2e 20 e1 8f 9d e1 8e a9 e1 8f b3 20 e1 8e a4 e1 8f 9b e1 8f 83 e1 8e af 20 e1 8f 95 e1 8e a6 e1 8e b3 e1 8f ab e1 8e a5 20 e1 8e ac e1 8f a9 e1 8f 96 e1 8e b3 e1 8f 97 e1 8f 8d e1 8f 97 e1 8e a2 2c
Can't encode transcription: '4. ᏝᎩᏳ ᎤᏛᏃᎯ ᏕᎦᎳᏫᎥ ᎬᏩᏖᎳᏗᏍᏗᎢ,' in language ''
Encoding of string failed! Failure bytes: 34 20 e1 8f 9a e1 8f 82 e1 8f 83 e1 8f 97 2c 20 31 38 32 35 2e
Can't encode transcription: 'ᎢᏤ ᎦᏚᎲ, 14 ᏚᏂᏃᏗ, 1825.' in language ''
Encoding of string failed! Failure bytes: 56 2e
Can't encode transcription: 'ᎹᏚ. ᎠᏯᏙᎸᎢ V.' in language ''
Encoding of string failed! Failure bytes: 3f 20 e1 8f 9d e1 8f 8d e1 8e b9 20 e1 8e a4 e1 8f 81 e1 8e b3 e1 8f 85 e1 8e af 20 e1 8e a0 e1 8e b5 2d
Can't encode transcription: 'ᎡᎶᎯ ᎡᎯ? ᏝᏍᎹ ᎤᏁᎳᏅᎯ ᎠᎵ-' in language ''
At iteration 2945/5000/5518, mean rms=1.143%, delta=3.134%, BCER train=10.120%, BWER train=21.064%, skip ratio=10.300%, New worst BCER = 10.120 wrote checkpoint.
Finished! Selected model with minimal training error rate (BCER) = 9.763
