Loaded file training_data/staged_tuning/run_custom_big_lr_big_decay_dr6_mx4_output/chr_checkpoint, unpacking...
Successfully restored trainer from training_data/staged_tuning/run_custom_big_lr_big_decay_dr6_mx4_output/chr_checkpoint
Encoding of string failed! Failure bytes: ea ad b7 e1 8e a0 e1 8f 86 e1 8e aa e1 8e b3 e1 8f 97 e1 8f b4 e1 8f 97 e1 8f b1 2e
Can't encode transcription: 'ꭷᎠᏆᎪᎳᏗᏴᏗᏱ.' in language ''
Encoding of string failed! Failure bytes: 5b e1 8f 84 e1 8e b5 e1 8f 8d e1 8f 93 e1 8f 81 2d
Can't encode transcription: 'ᏥᏂᎬᏅ ᏥᎪᏪᎳ ᎾᏍᎩᏯ [ᏄᎵᏍᏓᏁ-' in language ''
Encoding of string failed! Failure bytes: 34 20 e1 8e be e1 8f 8d e1 8e a9 20 e1 8e a2 e1 8f b3 e1 8f 8d 20 e1 8e a0 e1 8f 82 e1 8e a6 e1 8f 94 e1 8e b2 20 e1 8f a7 e1 8e be e1 8f 81 2d
Can't encode transcription: '24 ᎾᏍᎩ ᎢᏳᏍ ᎠᏂᎦᏔᎲ ᏧᎾᏁ-' in language ''
Encoding of string failed! Failure bytes: 34 2e 20 e1 8f 80 e1 8f 8d e1 8e a9 e1 8f 83 20 e1 8e af e1 8e a0 20 e1 8f a3 e1 8f 82 20 e1 8e a4 e1 8f 85 e1 8f a9 e1 8e a1 20 e1 8f 90 e1 8f 88 e1 8e b5 20 e1 8e a6 e1 8f 90 e1 8f 86 e1 8f 97 20 e1 8e a4 2d
Can't encode transcription: '4. ᏀᏍᎩᏃ ᎯᎠ ᏣᏂ ᎤᏅᏩᎡ ᏐᏈᎵ ᎦᏐᏆᏗ Ꭴ-' in language ''
Encoding of string failed! Failure bytes: 34 36 20 ea ae b5 e1 8f 8e e1 8f 83 20 e1 8e a5 e1 8f 9d 20 e1 8e a2 e1 8e ac e1 8f b1 20 e1 8f b1 e1 8e a8 e1 8f 8e 20 e1 8e be e1 8f 8d e1 8e a9 20 e1 8e be
Can't encode transcription: '46 ꮵᏎᏃ ᎥᏝ ᎢᎬᏱ ᏱᎨᏎ ᎾᏍᎩ Ꮎ' in language ''
Encoding of string failed! Failure bytes: 56 2e
Can't encode transcription: 'ᎹᏚ. ᎠᏯᏙᎸᎢ V.' in language ''
2 Percent improvement time=809, best error was 16.001 @ 1032
At iteration 1841/2900/3203, mean rms=1.306%, delta=3.867%, BCER train=13.501%, BWER train=25.690%, skip ratio=9.800%, New best BCER = 13.501 wrote best model:training_data/staged_tuning/run_custom_big_lr_big_decay_dr6_mx4_output/chr_13.501_1841_2900.checkpoint wrote checkpoint.
Encoding of string failed! Failure bytes: 3f
Can't encode transcription: 'ᎦᏙ ᏙᏓᎦᏟᎶᏍᏔᏂ?' in language ''
Encoding of string failed! Failure bytes: 3f 20 e1 8f a5 e1 8f 8c e1 8f 83 20 e1 8e af e1 8e a0 20 e1 8f 82 e1 8f 9a e1 8f aa e1 8f 8e e1 8e b8 e1 8e a9 3b 20 e1 8e be 2d
Can't encode transcription: 'ᎦᎪᏂᎯ? ᏥᏌᏃ ᎯᎠ ᏂᏚᏪᏎᎸᎩ; Ꮎ-' in language ''
Encoding of string failed! Failure bytes: e1 8e ba e1 8f 8c e1 8f af 2d e1 8e be e1 8f 8d e1 8e a9 20 e1 8e a6 e1 8e b6 e1 8f 81 e1 8f 9b
Can't encode transcription: 'ᎤᎷᎯᏍᏗ ᎨᏒ ᎺᏌᏯ-ᎾᏍᎩ ᎦᎶᏁᏛ' in language ''
Encoding of string failed! Failure bytes: e1 8e ba e1 8f 85 20 e1 8f a5 e1 8f 9a e1 8f 99 e1 8e a5 2c
Can't encode transcription: 'ᏫᏂᏪᏏ ᎠᏗᎭ ᎾᏍᎩ ᎡᎺᏅ ᏥᏚᏙᎥ,' in language ''
Encoding of string failed! Failure bytes: e1 8f 8b e1 8f 92 e1 8f 89 20 e1 8f b1 e1 8e a6 e1 8f a5 e1 8f af e1 8e b5 e1 8e a1 e1 8e b5 e1 8f a4 e1 8e ad 2c
Can't encode transcription: 'ᏍᎩ, ᎥᏝ ᎠᏋᏒᏉ ᏱᎦᏥᏯᎵᎡᎵᏤᎭ,' in language ''
Encoding of string failed! Failure bytes: 5d 20 e1 8e be e1 8f 8d e1 8f 89 20 e1 8e a1 e1 8e b6 e1 8e af 20 e1 8f 97 e1 8f 82 e1 8e a7 e1 8e bf e1 8e ad e1 8f a9 e1 8f 95 e1 8e a9
Can't encode transcription: 'ᏂᎨᏒᎾ] ᎾᏍᏉ ᎡᎶᎯ ᏗᏂᎧᎿᎭᏩᏕᎩ' in language ''
Encoding of string failed! Failure bytes: 34 38 20 e1 8f a7 e1 8e be e1 8f 93 e1 8e b4 e1 8f 85 e1 8f 9b e1 8f 83 20 e1 8f b4 e1 8f ab 20 e1 8e be e1 8f 8d e1 8e a9 20 e1 8e a4 e1 8e be e1 8f 9b 2d
Can't encode transcription: '48 ᏧᎾᏓᎴᏅᏛᏃ ᏴᏫ ᎾᏍᎩ ᎤᎾᏛ-' in language ''
Encoding of string failed! Failure bytes: 5d 20 e1 8e a0 e1 8f b4 20 e1 8e a8 e1 8f 92 20 e1 8e a2 e1 8f b3 e1 8f 8d e1 8f 97 2e
Can't encode transcription: 'ᎳᏅᎯ] ᎠᏴ ᎨᏒ ᎢᏳᏍᏗ.' in language ''
Encoding of string failed! Failure bytes: 22 e1 8e a0 e1 8f 87 e1 8f a5 20 e1 8f 82 e1 8e af 2c 20 e1 8e aa e1 8e af 20 e1 8e a2 e1 8e a6 20 e1 8f 8d e1 8f 86 e1 8f 95 e1 8f 81 e1 8e b8 2e 22
Can't encode transcription: '"ᎠᏇᏥ ᏂᎯ, ᎪᎯ ᎢᎦ ᏍᏆᏕᏁᎸ."' in language ''
Encoding of string failed! Failure bytes: ea ae 95 e1 8e b5 e1 8e a8 20 e1 8e a0 e1 8e b4 20 e1 8e ac e1 8f a9 e1 8f 82 e1 8e a6 e1 8f 98 e1 8f af 20 e1 8f 80 e1 8f 8d e1 8f 89 20 e1 8e a3 e1 8f 8f e1 8f b3
Can't encode transcription: 'ᎠᏂᎦꮕᎵᎨ ᎠᎴ ᎬᏩᏂᎦᏘᏯ ᏀᏍᏉ ᎣᏏᏳ' in language ''
2 Percent improvement time=755, best error was 15.388 @ 1143
At iteration 1898/3000/3313, mean rms=1.303%, delta=3.862%, BCER train=13.384%, BWER train=25.438%, skip ratio=10.100%, New best BCER = 13.384 wrote checkpoint.
Finished! Selected model with minimal training error rate (BCER) = 13.384
