Loaded file training_data/staged_tuning/run_custom_big_lr_big_decay_dr6_mx4_output/chr_checkpoint, unpacking...
Successfully restored trainer from training_data/staged_tuning/run_custom_big_lr_big_decay_dr6_mx4_output/chr_checkpoint
Encoding of string failed! Failure bytes: ea ae ad e1 8e b8 e1 8e a9 2e
Can't encode transcription: 'ᏗᏙᎯᏃ ᎤᏂᏣᏘ ᏫᏚᏂꮭᎸᎩ.' in language ''
Encoding of string failed! Failure bytes: 3f
Can't encode transcription: 'ᏍᎪᎢ?' in language ''
Encoding of string failed! Failure bytes: 34 35 20 e1 8e a0 e1 8e b4 20 e1 8e be e1 8f 8d e1 8f 89 20 e1 8e a6 e1 8e b8 e1 8e b3 e1 8f 97 20 e1 8e a1 e1 8e af 20 e1 8e a4 e1 8e ac 2d
Can't encode transcription: '45 ᎠᎴ ᎾᏍᏉ ᎦᎸᎳᏗ ᎡᎯ ᎤᎬ-' in language ''
Encoding of string failed! Failure bytes: e1 8f 8b e1 8f 81 e1 8e ad 3f
Can't encode transcription: 'ᎤᏲ ᏂᏍᏋᏁᎭ?' in language ''
Encoding of string failed! Failure bytes: 3f 20 e1 8e a6 e1 8f 99 20 e1 8e a4 e1 8f 8d e1 8f 97
Can't encode transcription: 'ᏍᎨᎢ; ᎦᏙ ᎤᏰᎸᏗ ᎯᎠ? ᎦᏙ ᎤᏍᏗ' in language ''
Encoding of string failed! Failure bytes: ea ae 8f e1 8f 8e e1 8f 83 20 e1 8e a2 e1 8e b8 e1 8f 8d e1 8e a9 20 e1 8e a2 e1 8f b3 e1 8f 93 e1 8e b4 e1 8e a9 20 e1 8e aa e1 8e b1 e1 8f 8d e1 8f 97
Can't encode transcription: '20 ᎠꮏᏎᏃ ᎢᎸᏍᎩ ᎢᏳᏓᎴᎩ ᎪᎱᏍᏗ' in language ''
Encoding of string failed! Failure bytes: 34 20 e1 8e a0 e1 8e b4 20 e1 8e a4 e1 8e be e1 8f 9b e1 8f 93 e1 8f 8d e1 8f 99 e1 8f 97 e1 8f b1 20 e1 8f 82 e1 8e a8 e1 8f 92 e1 8e be 20 e1 8e a0 e1 8f 8e e1 8f 89
Can't encode transcription: '4 ᎠᎴ ᎤᎾᏛᏓᏍᏙᏗᏱ ᏂᎨᏒᎾ ᎠᏎᏉ' in language ''
Encoding of string failed! Failure bytes: 3f 20 e1 8f 9d e1 8f 8d e1 8e aa 20 e1 8f 82 e1 8e af
Can't encode transcription: 'ᎠᎵᏍᏚᎶ ᎣᎦᎵᎮᎵᏍᏙᏗ? ᏝᏍᎪ ᏂᎯ' in language ''
2 Percent improvement time=945, best error was 14.841 @ 1213
At iteration 2158/3500/3852, mean rms=1.270%, delta=3.648%, BCER train=12.557%, BWER train=24.345%, skip ratio=8.200%, New best BCER = 12.557 wrote best model:training_data/staged_tuning/run_custom_big_lr_big_decay_dr6_mx4_output/chr_12.557_2158_3500.checkpoint wrote checkpoint.
Encoding of string failed! Failure bytes: 49 49 49 2e
Can't encode transcription: 'ᎹᏚ. ᎠᏯᏙᎸᎢ III.' in language ''
Encoding of string failed! Failure bytes: ea ae ac
Can't encode transcription: '12 ᎠᎴ ᎤᏔᏃᎯ ᎠᏄᏬ ᎾᏍᎩꮬ' in language ''
Encoding of string failed! Failure bytes: ea ae ae e1 8e a0 e1 8f 82 e1 8f b2 e1 8e af e1 8e ae e1 8f 8d e1 8f 97 20 e1 8f 95 e1 8e a8 e1 8e ab e1 8e aa e1 8f 93 2d
Can't encode transcription: ', ᎠᎴ ᎤᏂᏲᏠᎯᏎᎲ. ᏀᎿᏃ ꮮᎠᏂᏲᎯᎮᏍᏗ ᏕᎨᎫᎪᏓ-' in language ''
Encoding of string failed! Failure bytes: e1 8f 8b e1 8f 92 20 e1 8f b1 e1 8e a6 e1 8f 93 e1 8e b8 e1 8f 89 e1 8f 97 e1 8e ad 2c 20 e1 8e a5 e1 8e a9 e1 8e b8 e1 8f 89 e1 8f 97 e1 8f b3 20 e1 8e a0 2d
Can't encode transcription: 'ᎠᏋᏒ ᏱᎦᏓᎸᏉᏗᎭ, ᎥᎩᎸᏉᏗᏳ Ꭰ-' in language ''
Encoding of string failed! Failure bytes: ea ae 94 e1 8e a4 e1 8f 82 e1 8f a9 e1 8f 9b e1 8e a1 e1 8f 97 20 e1 8e a8 e1 8f 8e e1 8f 8d e1 8f 97 2e
Can't encode transcription: 'ᎳᎩ ᎡᎯꮔᎤᏂᏩᏛᎡᏗ ᎨᏎᏍᏗ.' in language ''
Encoding of string failed! Failure bytes: 3f
Can't encode transcription: '5 ᏝᏍᎪ ᏱᏣᏅᏔ, ᎾᏍᎩ ᎠᏏ ᏥᏨᏰᎳᏗᏙᎲᎩ ᎾᏍᎩ ᎯᎠ ᎢᏨᏃᎮᎮᎸᎢ?' in language ''
Encoding of string failed! Failure bytes: ea ae b9 e1 8f 82 2d
Can't encode transcription: 'ᏧᎬᏩᎶᏗ ᎤᏘᏯᏍᏓᏁᏗ ᎨᏒ ᎢᎦᏤᎵ ꮹᏂ-' in language ''
Encoding of string failed! Failure bytes: 34 31 20 e1 8f a7 e1 8e a6 e1 8f b4 e1 8e b5 e1 8e a8 e1 8f 83 20 e1 8f a5 e1 8e b7 e1 8f 8f e1 8e b5 e1 8e bb 20 e1 8e a0 e1 8f 81 e1 8e a8 20 e1 8f 82 e1 8f 93 2d
Can't encode transcription: '41 ᏧᎦᏴᎵᎨᏃ ᏥᎷᏏᎵᎻ ᎠᏁᎨ ᏂᏓ-' in language ''
Encoding of string failed! Failure bytes: e1 8e ba e1 8f 89 e1 8e af 20 e1 8f aa e1 8f a3 e1 8f 9a e1 8e a6 3b 20 e1 8e a0 e1 8e b4 20 e1 8f 84 e1 8f 9c 2d
Can't encode transcription: 'ᏣᎲᎾ, ᎠᎴ ᎠᎺᏉᎯ ᏪᏣᏚᎦ; ᎠᎴ ᏄᏜ-' in language ''
Encoding of string failed! Failure bytes: 34 37 20 e1 8e a4 e1 8f 99 e1 8e af e1 8f b3 e1 8e af e1 8f af 20 e1 8e af e1 8e a0 20 e1 8f 82 e1 8f a8 e1 8f aa e1 8f 8e e1 8e ad 3b
Can't encode transcription: '47 ᎤᏙᎯᏳᎯᏯ ᎯᎠ ᏂᏨᏪᏎᎭ;' in language ''
Encoding of string failed! Failure bytes: 34 31 20 e1 8e a0 e1 8f 8d e1 8e aa e1 8e af e1 8f 83 20 e1 8e a2 e1 8f af e1 8f 82 e1 8f 9b 20 e1 8e a4 e1 8e be e1 8f 9b e1 8e a6 e1 8f 85 2c 20 e1 8e a4 2d
Can't encode transcription: '41 ᎠᏍᎪᎯᏃ ᎢᏯᏂᏛ ᎤᎾᏛᎦᏅ, Ꭴ-' in language ''
Encoding of string failed! Failure bytes: 34 20 e1 8e a3 e1 8f 8f e1 8f b3 20 e1 8e a2 e1 8f b3 e1 8e be e1 8e b5 e1 8f 8d e1 8f 93 e1 8f 81 e1 8f 97 20 e1 8e be e1 8f 8d e1 8e a9 20 e1 8e be
Can't encode transcription: '14 ᎣᏏᏳ ᎢᏳᎾᎵᏍᏓᏁᏗ ᎾᏍᎩ Ꮎ' in language ''
Encoding of string failed! Failure bytes: 3f
Can't encode transcription: 'ᏤᏥᎾᏝ ᏔᎵᏁ ᎢᏣᎵᏍᏙᏗᏱ?' in language ''
Encoding of string failed! Failure bytes: ea ae a8 e1 8f ab e1 8f 93 e1 8e be e1 8f 93 e1 8f b1 e1 8e b5 e1 8f 93 2e
Can't encode transcription: 'ꮨᏫᏓᎾᏓᏱᎵᏓ.' in language ''
Encoding of string failed! Failure bytes: 34 2e 20 e1 8e a0 e1 8f 8e e1 8f 83 20 e1 8f a3 e1 8f 82 20 e1 8f 9a e1 8e b5 e1 8f ab e1 8f 8e e1 8e b4 e1 8f 89 2c 20 e1 8e a0 e1 8f b4 e1 8f 8d e1 8e a9 e1 8f 82 20 e1 8f b1 e1 8f 8d e1 8f 86 e1 8e bc
Can't encode transcription: '14. ᎠᏎᏃ ᏣᏂ ᏚᎵᏫᏎᎴᏉ, ᎠᏴᏍᎩᏂ ᏱᏍᏆᎼ' in language ''
2 Percent improvement time=940, best error was 14.407 @ 1268
At iteration 2208/3600/3967, mean rms=1.249%, delta=3.590%, BCER train=12.196%, BWER train=23.802%, skip ratio=8.800%, New best BCER = 12.196 wrote checkpoint.
Finished! Selected model with minimal training error rate (BCER) = 12.196
