Loaded file training_data/staged_tuning/run_custom_big_lr_big_decay_dr6_mx4_output/chr_checkpoint, unpacking...
Successfully restored trainer from training_data/staged_tuning/run_custom_big_lr_big_decay_dr6_mx4_output/chr_checkpoint
Encoding of string failed! Failure bytes: ea ae 8f e1 8f 85 e1 8f 9b 20 e1 8e be e1 8f 8d e1 8e a9 20 e1 8e ac e1 8f a9 e1 8e b8 e1 8f 89 e1 8f 99 e1 8f 97 e1 8f b1 2e
Can't encode transcription: 'ꮏᏅᏛ ᎾᏍᎩ ᎬᏩᎸᏉᏙᏗᏱ.' in language ''
Encoding of string failed! Failure bytes: 3f 20 e1 8e a0 e1 8f 99 e1 8e b4 e1 8e b0 e1 8f 8d e1 8e a9 e1 8e a8 3f 20 e1 8e a5 e1 8e a5 20 e1 8f 82 2d
Can't encode transcription: '9. ᎦᏙᎩ ᎢᏣᎦᏔᏅᏎᎢ? ᎠᏙᎴᎰᏍᎩᎨ? ᎥᎥ Ꮒ-' in language ''
Encoding of string failed! Failure bytes: ea ad b8 e1 8e a6 e1 8f 81 e1 8e b3 2c
Can't encode transcription: 'ᎠᏍᎦᏯ ꭸᎦᏁᎳ,' in language ''
Encoding of string failed! Failure bytes: 3f
Can't encode transcription: 'ᎦᏚᏏ ᏳᏲᎰ ᎤᎴᏲᎡᎸᎯ?' in language ''
Encoding of string failed! Failure bytes: 34 30 20 e1 8e be e1 8f 8d e1 8e a9 e1 8f 83 20 e1 8e a4 e1 8f b2 20 e1 8f a3 e1 8f 82 e1 8f 9f e1 8f 8f e1 8f 8d e1 8e aa 20 e1 8e a0 e1 8e b4 20 e1 8f a3 e1 8e be 2d
Can't encode transcription: '40 ᎾᏍᎩᏃ ᎤᏲ ᏣᏂᏟᏏᏍᎪ ᎠᎴ ᏣᎾ-' in language ''
Encoding of string failed! Failure bytes: 3f 20 e1 8e a0 e1 8e b4 20 e1 8f 97 e1 8e a6 e1 8f b0 2d
Can't encode transcription: 'ᎾᏍᎩ ᎠᏆᏗᏔᏍᏗ ᏥᎩ? ᎠᎴ ᏗᎦᏰ-' in language ''
Encoding of string failed! Failure bytes: 34 32 20 e1 8e a0 e1 8f 82 e1 8f 90 e1 8e a2 20 e1 8f 93 e1 8f 8d e1 8f 95 e1 8e b5 e1 8f 8d e1 8e ac e1 8e a9 2c 20 e1 8e a4 e1 8f a9 e1 8f 92 2d
Can't encode transcription: '42 ᎠᏂᏐᎢ ᏓᏍᏕᎵᏍᎬᎩ, ᎤᏩᏒ-' in language ''
Encoding of string failed! Failure bytes: 5b e1 8e a4 e1 8f 81 e1 8e b3 e1 8f 85 e1 8e af 5d 20 e1 8f a7 e1 8f a4 e1 8e b5 e1 8e a6
Can't encode transcription: '3 ᎠᎴ ᏕᏥᎦᏘᏴ [ᎤᏁᎳᏅᎯ] ᏧᏤᎵᎦ' in language ''
Encoding of string failed! Failure bytes: 3f
Can't encode transcription: 'ᎾᏍᎩ ᎤᏄᏓᎴᏍᎩ?' in language ''
Empty truth string!
Can't encode transcription: '' in language ''
Encoding of string failed! Failure bytes: e1 8f ba e1 8e be e1 8f 8d e1 8e a9 20 e1 8e a2 e1 8e ac e1 8f b1 20 e1 8e a4 e1 8f 93 e1 8f 94 e1 8f 85 e1 8e af
Can't encode transcription: 'ᏇᎾ ᏚᏓᏘᎾᎥᎢ,ᏺᎾᏍᎩ ᎢᎬᏱ ᎤᏓᏔᏅᎯ' in language ''
At iteration 3320/5700/6294, mean rms=1.245%, delta=3.640%, BCER train=12.203%, BWER train=23.385%, skip ratio=10.600%, New worst BCER = 12.203 wrote checkpoint.
Encoding of string failed! Failure bytes: 3f
Can't encode transcription: 'ᎢᏧᎳ ᎠᏔᎴᏒ ᏱᏙᎬᏂᎸᎩ?' in language ''
Encoding of string failed! Failure bytes: 5b e1 8e a3 e1 8e a6 e1 8e b4 e1 8f 85 e1 8f 9b 20 e1 8e a0 e1 8f 8f 20 e1 8f 99 e1 8f a5 e1 8e b4 e1 8f b4 e1 8f 97 2e 5d
Can't encode transcription: '[ᎣᎦᎴᏅᏛ ᎠᏏ ᏙᏥᎴᏴᏗ.]' in language ''
Encoding of string failed! Failure bytes: 34 2e 20 e1 8f 9d e1 8e a9 e1 8f b3 20 e1 8e a4 e1 8f 9b e1 8f 83 e1 8e af 20 e1 8f 95 e1 8e a6 e1 8e b3 e1 8f ab e1 8e a5 20 e1 8e ac e1 8f a9 e1 8f 96 e1 8e b3 e1 8f 97 e1 8f 8d e1 8f 97 e1 8e a2 2c
Can't encode transcription: '4. ᏝᎩᏳ ᎤᏛᏃᎯ ᏕᎦᎳᏫᎥ ᎬᏩᏖᎳᏗᏍᏗᎢ,' in language ''
Encoding of string failed! Failure bytes: 34 2e 20 e1 8f a5 e1 8f 8c e1 8f 83 20 e1 8e a4 e1 8f 81 e1 8f a8 20 e1 8e af e1 8e a0 20 e1 8f 82 e1 8f 9a e1 8f aa e1 8f 8e e1 8e b8 e1 8e a9 3b 20 e1 8f a5 e1 8f 8d e1 8f 95 e1 8e be 20 e1 8f a3 e1 8f 82
Can't encode transcription: '4. ᏥᏌᏃ ᎤᏁᏨ ᎯᎠ ᏂᏚᏪᏎᎸᎩ; ᏥᏍᏕᎾ ᏣᏂ' in language ''
Encoding of string failed! Failure bytes: 34 20 e1 8e a8 e1 8f 86 e1 8f 82 e1 8f 83 20 e1 8e a4 e1 8f 82 e1 8e b7 e1 8f a8 20 e1 8e a0 e1 8f b0 e1 8e b5 20 e1 8e a0 e1 8f 95 e1 8e b8
Can't encode transcription: '24 ᎨᏆᏂᏃ ᎤᏂᎷᏨ ᎠᏰᎵ ᎠᏕᎸ' in language ''
Encoding of string failed! Failure bytes: 34 37 20 e1 8e a0 e1 8e a8 e1 8f b0 e1 8f 83 20 e1 8e a4 e1 8f 99 e1 8e b4 e1 8e b0 e1 8f 92 20 e1 8f 84 e1 8f 97 e1 8f 8d e1 8e a6 e1 8e b8 e1 8e be 20 e1 8e a8 2d
Can't encode transcription: '47 ᎠᎨᏰᏃ ᎤᏙᎴᎰᏒ ᏄᏗᏍᎦᎸᎾ Ꭸ-' in language ''
Encoding of string failed! Failure bytes: 22
Can't encode transcription: 'ᎦᏍᎩᎶ ᏂᎦᏥᏴᏁᎸᎭ."' in language ''
Encoding of string failed! Failure bytes: 34 20 e1 8e a4 e1 8e ac e1 8f ab e1 8f b3 e1 8e af e1 8f 8d e1 8e a9 e1 8f 82 20 e1 8f a5 e1 8f 8c 20 e1 8e a6 e1 8e b6 e1 8f 81 e1 8f 9b
Can't encode transcription: '14 ᎤᎬᏫᏳᎯᏍᎩᏂ ᏥᏌ ᎦᎶᏁᏛ' in language ''
Encoding of string failed! Failure bytes: ea ad b2 e1 8e a9 e1 8f 83 20 e1 8e a0 e1 8e be e1 8f 97 e1 8f 9d e1 8e a2 e1 8f 99 e1 8e af 20 e1 8e a0 e1 8f 81 e1 8e ae e1 8f 8d e1 8f 97 2c 20 e1 8e a0 e1 8f b0 2d
Can't encode transcription: 'ᏗᏃ. ᏑᎾᏓᏡꭲᎩᏃ ᎠᎾᏗᏝᎢᏙᎯ ᎠᏁᎮᏍᏗ, ᎠᏰ-' in language ''
At iteration 3382/5800/6403, mean rms=1.246%, delta=3.602%, BCER train=12.538%, BWER train=23.701%, skip ratio=10.800%, New worst BCER = 12.538 wrote checkpoint.
Finished! Selected model with minimal training error rate (BCER) = 9.763
