Loaded file training_data/staged_tuning/run_custom_big_lr_big_decay_dr6_mx4_output/chr_checkpoint, unpacking...
Successfully restored trainer from training_data/staged_tuning/run_custom_big_lr_big_decay_dr6_mx4_output/chr_checkpoint
Encoding of string failed! Failure bytes: e1 8e ba e1 8e b5 20 e1 8f a7 e1 8f 99 e1 8e a2 e1 8f 9b 2c 20 e1 8e a0 e1 8e b4 20 e1 8f 85 e1 8f a9 e1 8e be 2d
Can't encode transcription: 'ᎠᎴ ᎠᎨᏴ ᏕᎺᎵ ᏧᏙᎢᏛ, ᎠᎴ ᏅᏩᎾ-' in language ''
Encoding of string failed! Failure bytes: 3f
Can't encode transcription: 'ᏂᎨᏒᎾ ᏄᎵᏍᏔᏅ ᎤᏙᎯᏳᎯ ᎨᏒᎢ?' in language ''
Encoding of string failed! Failure bytes: 34 20 e1 8e bf e1 8e ad e1 8f 89 e1 8f 83 20 e1 8e a4 e1 8f b2 e1 8e af e1 8f 8d e1 8f 94 e1 8f 85 20 e1 8e a6 e1 8f ac e1 8f 82 e1 8f 8d e1 8e ac 20 e1 8e af e1 8e a0
Can't encode transcription: '4 ᎿᎭᏉᏃ ᎤᏲᎯᏍᏔᏅ ᎦᏬᏂᏍᎬ ᎯᎠ' in language ''
Encoding of string failed! Failure bytes: ea ae a9 e1 8f 93 e1 8f 9b e1 8e a9 e1 8f 8d e1 8e ac 20 e1 8e a0 e1 8e b4 20 e1 8e a2 e1 8f 8d e1 8f 97 e1 8e aa e1 8f a9 e1 8f 97 2d
Can't encode transcription: 'ᏪᏍᏗᏃᎲᏏ ᏂᎦᎥ ᎢꮩᏓᏛᎩᏍᎬ ᎠᎴ ᎢᏍᏗᎪᏩᏗ-' in language ''
Encoding of string failed! Failure bytes: 5b e1 8f a5 e1 8f 8c 5d 20 e1 8f a7 e1 8f b2 e1 8e af e1 8f 8e e1 8f 97 e1 8f b1 2e
Can't encode transcription: 'ᎢᏳᏩᏁᏗᏱ [ᏥᏌ] ᏧᏲᎯᏎᏗᏱ.' in language ''
Encoding of string failed! Failure bytes: 22 e1 8e a2 2d
Can't encode transcription: 'ᎠᎴ ᎦᎪᎯᏍᏓᏁᎮ ᎯᎠ ᏄᏪᏎᎢ; "Ꭲ-' in language ''
Encoding of string failed! Failure bytes: 3f
Can't encode transcription: 'ᏣᏁᎮᎢ?' in language ''
Encoding of string failed! Failure bytes: ea ae a7 e1 8e b2 2c 20 e1 8e a0 e1 8e b4 20 e1 8e a1 e1 8e b6 e1 8e af 20 e1 8e ad e1 8f ab 2d
Can't encode transcription: 'ᎡᎲ, ᎠᎴ ᎡᎶᎯ ꮧᎲ, ᎠᎴ ᎡᎶᎯ ᎭᏫ-' in language ''
Encoding of string failed! Failure bytes: e1 8e ba e1 8f 85 20 e1 8f af e1 8f 9b 20 e1 8e ad e1 8e b5 e1 8e ae e1 8e b5 e1 8e a9 3f
Can't encode transcription: 'ᏬᎳ, ᏰᎵ ᎡᎺᏅ ᏯᏛ ᎭᎵᎮᎵᎩ?' in language ''
2 Percent improvement time=841, best error was 14.841 @ 1213
At iteration 2054/3300/3639, mean rms=1.279%, delta=3.691%, BCER train=12.649%, BWER train=24.238%, skip ratio=9.300%, New best BCER = 12.649 wrote best model:training_data/staged_tuning/run_custom_big_lr_big_decay_dr6_mx4_output/chr_12.649_2054_3300.checkpoint wrote checkpoint.
Encoding of string failed! Failure bytes: 34 2e 20 e1 8f 80 e1 8f 8d e1 8e a9 e1 8f 83 20 e1 8e af e1 8e a0 20 e1 8f a3 e1 8f 82 20 e1 8e a4 e1 8f 85 e1 8f a9 e1 8e a1 20 e1 8f 90 e1 8f 88 e1 8e b5 20 e1 8e a6 e1 8f 90 e1 8f 86 e1 8f 97 20 e1 8e a4 2d
Can't encode transcription: '4. ᏀᏍᎩᏃ ᎯᎠ ᏣᏂ ᎤᏅᏩᎡ ᏐᏈᎵ ᎦᏐᏆᏗ Ꭴ-' in language ''
Encoding of string failed! Failure bytes: 3f 20 e1 8e a0 e1 8f b4
Can't encode transcription: 'ᎦᏙᏃ ᎾᏍᎩ ᎯᎠ ᏂᏣᏛᏁᎭ? ᎠᏴ' in language ''
Encoding of string failed! Failure bytes: 34 20 e1 8f a7 e1 8f 93 e1 8e b4 e1 8f 85 e1 8f 9b e1 8f 8d e1 8e a9 e1 8f 82 e1 8f 83 e1 8f 85 20 e1 8f 97 e1 8e a6 e1 8e b8 e1 8f ab e1 8f 8d e1 8f 93 e1 8f 81 e1 8f 97
Can't encode transcription: '4 ᏧᏓᎴᏅᏛᏍᎩᏂᏃᏅ ᏗᎦᎸᏫᏍᏓᏁᏗ' in language ''
Empty truth string!
Can't encode transcription: '' in language ''
Encoding of string failed! Failure bytes: e1 8f bd e1 8e a2 e1 8f 8d e1 8f 9b e1 8f 8d e1 8e a9 e1 8f 82 20 e1 8e a4 e1 8e be 2d
Can't encode transcription: 'ᏅᎯ ᏧᏪᏥ ᏱᎩ; ᎠᏚᏽᎢᏍᏛᏍᎩᏂ ᎤᎾ-' in language ''
2 Percent improvement time=893, best error was 14.841 @ 1213
At iteration 2106/3400/3744, mean rms=1.268%, delta=3.667%, BCER train=12.576%, BWER train=24.183%, skip ratio=8.400%, New best BCER = 12.576 wrote checkpoint.
Finished! Selected model with minimal training error rate (BCER) = 12.576
