Loaded file training_data/staged_tuning/run_custom_big_lr_big_decay_dr6_mx4_output/chr_checkpoint, unpacking...
Successfully restored trainer from training_data/staged_tuning/run_custom_big_lr_big_decay_dr6_mx4_output/chr_checkpoint
Encoding of string failed! Failure bytes: 3f 20 e1 8e a0 e1 8e b4 20 e1 8f b4 e1 8f ab 20 e1 8e a4 e1 8f aa e1 8f a5 2c 20 e1 8e be e1 8f 8d e1 8e a9 20 e1 8f a5 e1 8f af e1 8e a6 2d
Can't encode transcription: 'ᏍᎪᎢ? ᎠᎴ ᏴᏫ ᎤᏪᏥ, ᎾᏍᎩ ᏥᏯᎦ-' in language ''
Encoding of string failed! Failure bytes: e1 8e ba e1 8e b5 20 e1 8f 9f e1 8e a3 e1 8f 86
Can't encode transcription: 'ᏙᎾᎥᎩ ᎤᏥ, ᎤᏂᏃ ᎤᎸᎢ ᎺᎵ ᏟᎣᏆ' in language ''
Encoding of string failed! Failure bytes: ea ae 84 e1 8f 93 e1 8f 8d e1 8f 97 20 e1 8f b0 e1 8e b5 20 e1 8e a0 e1 8f 82 2d
Can't encode transcription: '13 ᎥᏝ ᎩᎶ ᎠᏥᏅᏏꮄᏓᏍᏗ ᏰᎵ ᎠᏂ-' in language ''
Encoding of string failed! Failure bytes: 34 2e 20 e1 8f 80 e1 8f 8d e1 8e a9 e1 8f 83 20 e1 8e af e1 8e a0 20 e1 8f a3 e1 8f 82 20 e1 8e a4 e1 8f 85 e1 8f a9 e1 8e a1 20 e1 8f 90 e1 8f 88 e1 8e b5 20 e1 8e a6 e1 8f 90 e1 8f 86 e1 8f 97 20 e1 8e a4 2d
Can't encode transcription: '4. ᏀᏍᎩᏃ ᎯᎠ ᏣᏂ ᎤᏅᏩᎡ ᏐᏈᎵ ᎦᏐᏆᏗ Ꭴ-' in language ''
Encoding of string failed! Failure bytes: 34 20 e1 8f 84 e1 8f 8d e1 8f 9b 20 e1 8e a0 e1 8f 86 e1 8e b4 e1 8f 82 e1 8f 99 e1 8e b8 20 e1 8f a5 e1 8f ab e1 8f 84 e1 8f a3 20 e1 8f 85 e1 8f a7 e1 8e b5 2d
Can't encode transcription: '4 ᏄᏍᏛ ᎠᏆᎴᏂᏙᎸ ᏥᏫᏄᏣ ᏅᏧᎵ-' in language ''
Encoding of string failed! Failure bytes: 34 20 e1 8f 94 e1 8e b5 e1 8f 81 e1 8f 83 20 e1 8f 85 e1 8f a9 e1 8e be e1 8f 93 e1 8e b4 20 e1 8f a7 e1 8f 85 e1 8f 8f e1 8f 93 e1 8f 8d e1 8f 97
Can't encode transcription: '4 ᏔᎵᏁᏃ ᏅᏩᎾᏓᎴ ᏧᏅᏏᏓᏍᏗ' in language ''
Encoding of string failed! Failure bytes: 34 20 e1 8e a0 e1 8e b4 20 e1 8e a8 e1 8f a5 e1 8f 81 e1 8f a4 e1 8e b8 e1 8e a9 20 e1 8e aa e1 8e b1 e1 8f 8d e1 8f 97 20 e1 8e a4 e1 8f 85 e1 8f 81 2d
Can't encode transcription: '4 ᎠᎴ ᎨᏥᏁᏤᎸᎩ ᎪᎱᏍᏗ ᎤᏅᏁ-' in language ''
Encoding of string failed! Failure bytes: 5b e1 8e a0 e1 8f 8d e1 8e a6 e1 8f af 5d
Can't encode transcription: 'ᏍᎦᏯ ᏗᏓᏓᏅᏟ, ᎾᏍᎩ Ꭿ [ᎠᏍᎦᏯ]' in language ''
Encoding of string failed! Failure bytes: 34 35 20 e1 8e a0 e1 8e b4 20 e1 8f 85 e1 8f 99 20 e1 8e a4 e1 8e b5 e1 8f 8f e1 8e b2 e1 8f 8e e1 8e a2 2c 20 e1 8e a0 e1 8e b4 20 e1 8e a0 e1 8f 84 e1 8f ac
Can't encode transcription: '45 ᎠᎴ ᏅᏙ ᎤᎵᏏᎲᏎᎢ, ᎠᎴ ᎠᏄᏬ' in language ''
Encoding of string failed! Failure bytes: 3f 20 e1 8e a0 e1 8f 8e e1 8f 83
Can't encode transcription: 'ᏔᎳᏚ ᎢᏥᏛ ᏱᏨᏯᏑᏰᏎᎢ? ᎠᏎᏃ' in language ''
Encoding of string failed! Failure bytes: 22
Can't encode transcription: 'ᏌᏉ ᎤᎪᎳ ᏧᎵᏍᏆᎵᏍᏗ ᏱᎨᏎᏍᏗ."' in language ''
At iteration 3115/5300/5848, mean rms=1.195%, delta=3.356%, BCER train=11.002%, BWER train=22.294%, skip ratio=10.500%, New worst BCER = 11.002 wrote checkpoint.
Encoding of string failed! Failure bytes: 34 20 e1 8f a5 e1 8e a6 e1 8f 94 e1 8e ad 2c 20 e1 8e a0 e1 8e b4 20 e1 8e a0 e1 8f 89 e1 8e af e1 8f b3 e1 8f 97 20 e1 8e be e1 8f 8b e1 8f 81 e1 8e b8
Can't encode transcription: '14 ᏥᎦᏔᎭ, ᎠᎴ ᎠᏉᎯᏳᏗ ᎾᏋᏁᎸ' in language ''
Encoding of string failed! Failure bytes: 34 20 e1 8f 97 e1 8f 82 e1 8e a6 e1 8f 98 e1 8f af e1 8f 83 20 e1 8e a4 e1 8e be e1 8e b5 e1 8f 8e e1 8e a2 2c 20 e1 8e a0 e1 8e b4 20 e1 8e a6 e1 8f 9a e1 8e b2
Can't encode transcription: '14 ᏗᏂᎦᏘᏯᏃ ᎤᎾᎵᏎᎢ, ᎠᎴ ᎦᏚᎲ' in language ''
Encoding of string failed! Failure bytes: ea ae bd e1 8f 8c e1 8f 83 20 e1 8f a9 e1 8f a5 e1 8f af e1 8f 85 e1 8e b2 e1 8e a9 20 e1 8e a0 e1 8e b4
Can't encode transcription: '2 ꮽᏌᏃ ᏩᏥᏯᏅᎲᎩ ᎠᎴ' in language ''
Encoding of string failed! Failure bytes: 34 31 20 e1 8e bf e1 8e ad e1 8f 89 e1 8f 83 20 e1 8e a0 e1 8f 82 e1 8f a7 e1 8f 8f 20 e1 8e ac e1 8f a9 e1 8e aa e1 8f 81 e1 8e b6 e1 8e af e1 8f 8e e1 8e b8 e1 8e a9
Can't encode transcription: '41 ᎿᎭᏉᏃ ᎠᏂᏧᏏ ᎬᏩᎪᏁᎶᎯᏎᎸᎩ' in language ''
Encoding of string failed! Failure bytes: 34 20 e1 8e a0 e1 8f b4 20 e1 8e a0 e1 8f 86 e1 8f 93 e1 8e a8 e1 8f b3 e1 8f 97 20 e1 8e a8 e1 8f 92 20 e1 8f 95 e1 8f a5 e1 8e a7 e1 8e bf 2d
Can't encode transcription: '24 ᎠᏴ ᎠᏆᏓᎨᏳᏗ ᎨᏒ ᏕᏥᎧᎿ-' in language ''
Empty truth string!
Can't encode transcription: '' in language ''
Encoding of string failed! Failure bytes: 34 2e 20 e1 8f 80 e1 8f 8d e1 8e a9 e1 8f 83 20 e1 8e af e1 8e a0 20 e1 8f a3 e1 8f 82 20 e1 8e a4 e1 8f 85 e1 8f a9 e1 8e a1 20 e1 8f 90 e1 8f 88 e1 8e b5 20 e1 8e a6 e1 8f 90 e1 8f 86 e1 8f 97 20 e1 8e a4 2d
Can't encode transcription: '4. ᏀᏍᎩᏃ ᎯᎠ ᏣᏂ ᎤᏅᏩᎡ ᏐᏈᎵ ᎦᏐᏆᏗ Ꭴ-' in language ''
Encoding of string failed! Failure bytes: 56 2e
Can't encode transcription: 'ᎹᏚ. ᎠᏯᏙᎸᎢ V.' in language ''
At iteration 3166/5400/5956, mean rms=1.206%, delta=3.415%, BCER train=11.178%, BWER train=22.389%, skip ratio=10.300%, New worst BCER = 11.178 wrote checkpoint.
Finished! Selected model with minimal training error rate (BCER) = 9.763
