Loaded file training_data/staged_tuning/run_custom_big_lr_big_decay_dr6_mx4_output/chr_checkpoint, unpacking...
Successfully restored trainer from training_data/staged_tuning/run_custom_big_lr_big_decay_dr6_mx4_output/chr_checkpoint
Encoding of string failed! Failure bytes: 34 32 20 e1 8e a0 e1 8f 82 e1 8f a7 e1 8f 8f e1 8f 83 20 e1 8e a4 e1 8f 82 e1 8f 84 e1 8e aa e1 8f a8 20 e1 8f 97 e1 8e a6 e1 8e b3 e1 8f ab e1 8e a2 2d
Can't encode transcription: '42 ᎠᏂᏧᏏᏃ ᎤᏂᏄᎪᏨ ᏗᎦᎳᏫᎢ-' in language ''
Encoding of string failed! Failure bytes: ea ad bd e1 8f 85 e1 8f 9b 20 e1 8f 97 e1 8f 93 e1 8e b4 e1 8f 82 e1 8f 8d e1 8e ac
Can't encode transcription: 'ᏰᏃ ᏂᎦᏛ ᎯᎠ ᏧᏓᎴꭽᏅᏛ ᏗᏓᎴᏂᏍᎬ' in language ''
Encoding of string failed! Failure bytes: 34 33 20 e1 8f a6 e1 8f a9 20 e1 8e a0 e1 8e b5 e1 8e b9 e1 8f 97 e1 8f b1 20 e1 8e a1 e1 8e af 20 e1 8e a0 e1 8f a5 e1 8e b8 e1 8f 89 e1 8f 97
Can't encode transcription: '43 ᏦᏩ ᎠᎵᎹᏗᏱ ᎡᎯ ᎠᏥᎸᏉᏗ' in language ''
Empty truth string!
Can't encode transcription: '' in language ''
Encoding of string failed! Failure bytes: e1 8f 8b e1 8e af e1 8f 8d e1 8f 97 20 e1 8f a5 e1 8f ab 2d
Can't encode transcription: '18 ᎾᏍᎩᏃ ᎢᎦᏛ ᏚᎾᏕᏋᎯᏍᏗ ᏥᏫ-' in language ''
Encoding of string failed! Failure bytes: 34 33 20 e1 8e a2 e1 8f a3 e1 8f 9b e1 8e a6 e1 8f 85 e1 8e af 20 e1 8e a2 e1 8e a9 20 e1 8e af e1 8e a0 20 e1 8e a2 e1 8e a6 e1 8f aa e1 8f 9b
Can't encode transcription: '43 ᎢᏣᏛᎦᏅᎯ ᎢᎩ ᎯᎠ ᎢᎦᏪᏛ' in language ''
Encoding of string failed! Failure bytes: ea ae 8e e1 8f a4 20 e1 8f a6 e1 8e a2 20 e1 8e a2 e1 8f af e1 8e a6 e1 8f b4 e1 8e b5 20 e1 8e a2 e1 8f b4 e1 8f 9b 2e
Can't encode transcription: 'ᎤᏂᏁᏉꮎᏤ ᏦᎢ ᎢᏯᎦᏴᎵ ᎢᏴᏛ.' in language ''
Encoding of string failed! Failure bytes: 3f 20 e1 8f 8c 20 e1 8e af e1 8e a0 20 e1 8f 84 e1 8f aa e1 8f 92 e1 8e a9 3b
Can't encode transcription: 'ᏣᎬᏫᏳᎯᏰᎧᏂ? Ꮜ ᎯᎠ ᏄᏪᏒᎩ;' in language ''
Encoding of string failed! Failure bytes: 3f 20 e1 8e a6 e1 8f 99 20 e1 8e be e1 8f 8d e1 8e a9
Can't encode transcription: 'ᏝᏍᎪ ᎪᎱᏍᏗ ᏯᏗᎭ? ᎦᏙ ᎾᏍᎩ' in language ''
Encoding of string failed! Failure bytes: e1 8f 8b e1 8f 92 20 e1 8f b1 e1 8e a6 e1 8f 93 e1 8f 83 e1 8e ae e1 8e ad 2c 20 e1 8f a5 e1 8f 83 e1 8e ae 2d
Can't encode transcription: '31 ᎢᏳᏃ ᎠᏋᏒ ᏱᎦᏓᏃᎮᎭ, ᏥᏃᎮ-' in language ''
2 Percent improvement time=367, best error was 16.908 @ 901
At iteration 1268/1900/2105, mean rms=1.421%, delta=4.198%, BCER train=14.407%, BWER train=28.329%, skip ratio=10.100%, New best BCER = 14.407 wrote best model:training_data/staged_tuning/run_custom_big_lr_big_decay_dr6_mx4_output/chr_14.407_1268_1900.checkpoint wrote checkpoint.
Encoding of string failed! Failure bytes: 56 2e
Can't encode transcription: 'ᎹᏚ. ᎠᏯᏙᎸᎢ V.' in language ''
Encoding of string failed! Failure bytes: 22 e1 8e af e1 8e a0 20 e1 8f b4 e1 8f ab 20 e1 8f 98 2d
Can't encode transcription: '26 ᎯᎠ ᏥᏄᏪᏎᎢ; "ᎯᎠ ᏴᏫ Ꮨ-' in language ''
Encoding of string failed! Failure bytes: ea ae 8f 20 e1 8e a2 e1 8f b3 e1 8e b5 e1 8f 8d e1 8f 99 e1 8f 97 e1 8f b1 2e
Can't encode transcription: 'ᏁᎩ ᎯᎠ ᏅᏯ ᎦᏚꮏ ᎢᏳᎵᏍᏙᏗᏱ.' in language ''
Encoding of string failed! Failure bytes: 34 32 20 e1 8e a0 e1 8f 82 e1 8f a7 e1 8f 8f e1 8f 83 20 e1 8e a4 e1 8f 82 e1 8f 84 e1 8e aa e1 8f a8 20 e1 8f 97 e1 8e a6 e1 8e b3 e1 8f ab e1 8e a2 2d
Can't encode transcription: '42 ᎠᏂᏧᏏᏃ ᎤᏂᏄᎪᏨ ᏗᎦᎳᏫᎢ-' in language ''
Encoding of string failed! Failure bytes: ea ae ac e1 8f 92 e1 8f 83 20 e1 8e a2 e1 8e a6 e1 8f 9b 20 e1 8f 85 e1 8f 83 e1 8e b1 e1 8e b6 e1 8f 97 20 e1 8e a4 e1 8e b3 e1 8e a8 e1 8f af e1 8f 9b 2d
Can't encode transcription: 'ᎤꮬᏒᏃ ᎢᎦᏛ ᏅᏃᎱᎶᏗ ᎤᎳᎨᏯᏛ-' in language ''
Encoding of string failed! Failure bytes: 34 2e 20 e1 8f 80 e1 8f 8d e1 8e a9 e1 8f 83 20 e1 8e af e1 8e a0 20 e1 8f a3 e1 8f 82 20 e1 8e a4 e1 8f 85 e1 8f a9 e1 8e a1 20 e1 8f 90 e1 8f 88 e1 8e b5 20 e1 8e a6 e1 8f 90 e1 8f 86 e1 8f 97 20 e1 8e a4 2d
Can't encode transcription: '4. ᏀᏍᎩᏃ ᎯᎠ ᏣᏂ ᎤᏅᏩᎡ ᏐᏈᎵ ᎦᏐᏆᏗ Ꭴ-' in language ''
Encoding of string failed! Failure bytes: ea ae 88 e1 8f 93 e1 8e b4 e1 8f 85 e1 8e af 2e
Can't encode transcription: 'ᏓꮈᏓᎴᏅᎯ.' in language ''
2 Percent improvement time=365, best error was 16.223 @ 962
At iteration 1327/2000/2212, mean rms=1.392%, delta=4.054%, BCER train=14.141%, BWER train=27.736%, skip ratio=9.300%, New best BCER = 14.141 wrote checkpoint.
Finished! Selected model with minimal training error rate (BCER) = 14.141
