Loaded file training_data/staged_tuning/run_custom_big_lr_big_decay_dr6_mx4_output/chr_checkpoint, unpacking...
Successfully restored trainer from training_data/staged_tuning/run_custom_big_lr_big_decay_dr6_mx4_output/chr_checkpoint
Encoding of string failed! Failure bytes: ea ad b8 e1 8e be e1 8f 9b e1 8e a6 e1 8f 81 e1 8e b2 20 e1 8f 93 e1 8f 82 e1 8f ac e1 8f 82 e1 8f 8d e1 8e ac
Can't encode transcription: 'ᎦᎵᏍᏙᏗᏍᎨ ᏓꭸᎾᏛᎦᏁᎲ ᏓᏂᏬᏂᏍᎬ' in language ''
Encoding of string failed! Failure bytes: 3f 20 e1 8e a6 e1 8f 9a 20 e1 8f a5 e1 8f 97 e1 8e ac e1 8e ad e1 8e b7 e1 8f af e1 8f 8d e1 8e aa e1 8e a2 2c
Can't encode transcription: 'ᏗᏔᏍᎬᎢ? ᎦᏚ ᏥᏗᎬᎭᎷᏯᏍᎪᎢ,' in language ''
Encoding of string failed! Failure bytes: 3f
Can't encode transcription: 'ᏱᎩ?' in language ''
Encoding of string failed! Failure bytes: 34 39 20 e1 8e a0 e1 8e b4 20 e1 8e a6 e1 8f 93 20 e1 8e a0 e1 8e aa e1 8f a2 e1 8f 94 e1 8f 85 e1 8e af 20 e1 8f 84 e1 8f 8d e1 8f 9b 20 e1 8e be 2d
Can't encode transcription: '49 ᎠᎴ ᎦᏓ ᎠᎪᏢᏔᏅᎯ ᏄᏍᏛ Ꮎ-' in language ''
Encoding of string failed! Failure bytes: ea ae 8e e1 8f 93 e1 8e aa e1 8f aa e1 8e b3 e1 8f 82 2e
Can't encode transcription: 'ꮎᏓᎪᏪᎳᏂ.' in language ''
Encoding of string failed! Failure bytes: 34 2e 20 e1 8f 80 e1 8f 8d e1 8e a9 e1 8f 83 20 e1 8e af e1 8e a0 20 e1 8f a3 e1 8f 82 20 e1 8e a4 e1 8f 85 e1 8f a9 e1 8e a1 20 e1 8f 90 e1 8f 88 e1 8e b5 20 e1 8e a6 e1 8f 90 e1 8f 86 e1 8f 97 20 e1 8e a4 2d
Can't encode transcription: '4. ᏀᏍᎩᏃ ᎯᎠ ᏣᏂ ᎤᏅᏩᎡ ᏐᏈᎵ ᎦᏐᏆᏗ Ꭴ-' in language ''
Encoding of string failed! Failure bytes: 34 20 e1 8e be e1 8f 8d e1 8e a9 20 e1 8e a1 e1 8f a5 e1 8e b7 e1 8f a4 e1 8e b2 e1 8e a2 2c 20 e1 8e be e1 8f 8d e1 8e a9 20 e1 8e ac e1 8f 83 e1 8f 9b
Can't encode transcription: '4 ᎾᏍᎩ ᎡᏥᎷᏤᎲᎢ, ᎾᏍᎩ ᎬᏃᏛ' in language ''
Encoding of string failed! Failure bytes: 3f
Can't encode transcription: 'ᏙᏃ Ꮭ ᏴᎡᏣᏘᏃᎦ?' in language ''
Encoding of string failed! Failure bytes: 34 34 20 e1 8f 82 e1 8e a6 e1 8f 9b e1 8f b0 e1 8f 83 20 e1 8e a4 e1 8f a3 e1 8f 98 20 e1 8e a4 e1 8f 82 e1 8e b2 20 e1 8e a4 e1 8f 83 e1 8f a3 e1 8e b4 e1 8f 9b
Can't encode transcription: '44 ᏂᎦᏛᏰᏃ ᎤᏣᏘ ᎤᏂᎲ ᎤᏃᏣᎴᏛ' in language ''
Encoding of string failed! Failure bytes: ea ae 80 e1 8f 8d e1 8f 89 2c 20 e1 8e a3 e1 8e a6 2d
Can't encode transcription: '9 ᎾᏍᎩ ᎢᏳᏍᏗ ᎠᏴ ꮀᏍᏉ, ᎣᎦ-' in language ''
At iteration 3841/6700/7384, mean rms=1.212%, delta=3.551%, BCER train=12.321%, BWER train=22.935%, skip ratio=9.000%, wrote checkpoint.
Encoding of string failed! Failure bytes: 34 2e 20 e1 8f 80 e1 8f 8d e1 8e a9 e1 8f 83 20 e1 8e af e1 8e a0 20 e1 8f a3 e1 8f 82 20 e1 8e a4 e1 8f 85 e1 8f a9 e1 8e a1 20 e1 8f 90 e1 8f 88 e1 8e b5 20 e1 8e a6 e1 8f 90 e1 8f 86 e1 8f 97 20 e1 8e a4 2d
Can't encode transcription: '4. ᏀᏍᎩᏃ ᎯᎠ ᏣᏂ ᎤᏅᏩᎡ ᏐᏈᎵ ᎦᏐᏆᏗ Ꭴ-' in language ''
Encoding of string failed! Failure bytes: 56 2e
Can't encode transcription: 'ᎹᏚ. ᎠᏯᏙᎸᎢ V.' in language ''
Encoding of string failed! Failure bytes: 56 2e
Can't encode transcription: 'ᎹᏚ. ᎠᏯᏙᎸᎢ V.' in language ''
Encoding of string failed! Failure bytes: 34 20 e1 8f 9a e1 8f 82 e1 8f 83 e1 8f 97 2c 20 31 38 32 35 2e
Can't encode transcription: 'ᎢᏤ ᎦᏚᎲ, 14 ᏚᏂᏃᏗ, 1825.' in language ''
Encoding of string failed! Failure bytes: 34 30 20 e1 8e be e1 8f 8d e1 8e a9 20 e1 8f a5 e1 8f 93 e1 8f 82 e1 8f 92 e1 8f 81 e1 8e b0 20 e1 8f a7 e1 8f 83 e1 8f 91 e1 8e b6 e1 8f a8 e1 8e af 20 e1 8f 93 2d
Can't encode transcription: '40 ᎾᏍᎩ ᏥᏓᏂᏒᏁᎰ ᏧᏃᏑᎶᏨᎯ Ꮣ-' in language ''
Encoding of string failed! Failure bytes: ea ae b7 e1 8f 87 e1 8e b5 e1 8e af e1 8f 8d e1 8f 97 e1 8f 8d e1 8e ac e1 8e a2 3b
Can't encode transcription: 'ꮷᏇᎵᎯᏍᏗᏍᎬᎢ;' in language ''
Encoding of string failed! Failure bytes: 3f
Can't encode transcription: 'ᎤᏂᎸᏐᎸᎯ; Ᏺ ᎢᎾᏛ ᏧᏁᏥ ᏂᎯ! ᎦᎪ ᎢᏤᏯᏔᏅ ᎡᏣᎵᎡᏗᏱ ᎤᏔᎳᏬᎯᏍᏗ ᎤᎷᎯᏍᏗ ᎨᏒᎢ?' in language ''
Encoding of string failed! Failure bytes: 3f
Can't encode transcription: 'ᎾᏍᎩ?' in language ''
Encoding of string failed! Failure bytes: 5b e1 8e a3 e1 8e a6 e1 8e b4 e1 8f 85 e1 8f 9b 20 e1 8e a0 e1 8f 8f 20 e1 8f 99 e1 8f a5 e1 8e b4 e1 8f b4 e1 8f 97 2e 5d
Can't encode transcription: '[ᎣᎦᎴᏅᏛ ᎠᏏ ᏙᏥᎴᏴᏗ.]' in language ''
Encoding of string failed! Failure bytes: e1 8e ba e1 8f 89 e1 8e af 20 e1 8e a4 2d
Can't encode transcription: 'ᎢᏛ; ᎠᎦᏘᏏᏃ ᎤᎳᏏᏕᏂ ᎠᎺᏉᎯ Ꭴ-' in language ''
Encoding of string failed! Failure bytes: 3f
Can't encode transcription: 'ᏧᏕᏁᎢ?' in language ''
Encoding of string failed! Failure bytes: 3f 20 e1 8e a6 e1 8f 9a 20 e1 8f a5 e1 8f 97 e1 8e ac e1 8e ad e1 8e b7 e1 8f af e1 8f 8d e1 8e aa e1 8e a2 2c
Can't encode transcription: 'ᏗᏔᏍᎬᎢ? ᎦᏚ ᏥᏗᎬᎭᎷᏯᏍᎪᎢ,' in language ''
Encoding of string failed! Failure bytes: 34 2e 20 e1 8f a5 e1 8f 8c e1 8f 83 20 e1 8e a4 e1 8f 81 e1 8f a8 20 e1 8e af e1 8e a0 20 e1 8f 82 e1 8f 9a e1 8f aa e1 8f 8e e1 8e b8 e1 8e a9 3b 20 e1 8f a5 e1 8f 8d e1 8f 95 e1 8e be 20 e1 8f a3 e1 8f 82
Can't encode transcription: '4. ᏥᏌᏃ ᎤᏁᏨ ᎯᎠ ᏂᏚᏪᏎᎸᎩ; ᏥᏍᏕᎾ ᏣᏂ' in language ''
Encoding of string failed! Failure bytes: 3f 20 e1 8e aa e1 8e af e1 8f b3 e1 8f 97 e1 8f b0 e1 8f 83 20 e1 8e a8 e1 8f 92 20 e1 8f 9a 2d
Can't encode transcription: 'ᎸᎯ ᏂᎨᏒᎾ? ᎪᎯᏳᏗᏰᏃ ᎨᏒ Ꮪ-' in language ''
Encoding of string failed! Failure bytes: 5b e1 8e a3 e1 8f a5 e1 8f 81 e1 8e a6 2e 5d
Can't encode transcription: 'ᏍᏙᏗ ᎤᎬᏩᎵ [ᎣᏥᏁᎦ.]' in language ''
At iteration 3898/6800/7499, mean rms=1.193%, delta=3.440%, BCER train=11.791%, BWER train=22.344%, skip ratio=9.600%, wrote checkpoint.
Finished! Selected model with minimal training error rate (BCER) = 9.763
