Loaded file training_data/staged_tuning/run_custom_big_lr_big_decay_dr6_mx4_output/chr_checkpoint, unpacking...
Successfully restored trainer from training_data/staged_tuning/run_custom_big_lr_big_decay_dr6_mx4_output/chr_checkpoint
Encoding of string failed! Failure bytes: 34 20 e1 8f 82 e1 8e a6 e1 8e a5 e1 8f b0 e1 8f 83 20 e1 8e aa e1 8e b1 e1 8f 8d e1 8f 97 20 e1 8e a4 e1 8f 81 e1 8e b3 e1 8f 85 e1 8e af 20 e1 8e a4 e1 8f 95 2d
Can't encode transcription: '4 ᏂᎦᎥᏰᏃ ᎪᎱᏍᏗ ᎤᏁᎳᏅᎯ ᎤᏕ-' in language ''
Encoding of string failed! Failure bytes: 3f 20 e1 8e a4 e1 8e ac e1 8f ab e1 8f b3 e1 8e af e1 8f 83 20 e1 8e af e1 8e a0 20 e1 8f 84 e1 8f aa e1 8f 8e e1 8e a2 3b
Can't encode transcription: 'ᏳᎯ? ᎤᎬᏫᏳᎯᏃ ᎯᎠ ᏄᏪᏎᎢ;' in language ''
Encoding of string failed! Failure bytes: ea ae a8 e1 8e a8 e1 8f a5 e1 8f 8d e1 8f 9a e1 8f 81 e1 8f 97 2c
Can't encode transcription: '11 ᎾᏍᎩ ᏗᏂᎰᎵ ᎠᏎ ꮨᎨᏥᏍᏚᏁᏗ,' in language ''
Encoding of string failed! Failure bytes: 34 20 e1 8e af e1 8e a0 20 e1 8e be e1 8f 8d e1 8e a9 20 e1 8f 93 e1 8e bf e1 8e ad e1 8f a9 20 e1 8f 85 e1 8f 9b e1 8f 85 e1 8f 81 e1 8e b5 20 e1 8e a4 2d
Can't encode transcription: '14 ᎯᎠ ᎾᏍᎩ ᏓᎿᎭᏩ ᏅᏛᏅᏁᎵ Ꭴ-' in language ''
Encoding of string failed! Failure bytes: 34 20 e1 8e a0 e1 8f 8e e1 8f 83 20 e1 8f 93 e1 8e bb 2c 20 e1 8f 94 e1 8e b3 e1 8f 9a 20 e1 8e a2 e1 8f af e1 8f 82 e1 8f 9b 20 e1 8e a8 e1 8e b3 2c
Can't encode transcription: '24 ᎠᏎᏃ ᏓᎻ, ᏔᎳᏚ ᎢᏯᏂᏛ ᎨᎳ,' in language ''
Encoding of string failed! Failure bytes: 34 2e 20 e1 8f a5 e1 8f 8c e1 8f 83 20 e1 8e a4 e1 8f 81 e1 8f a8 20 e1 8e af e1 8e a0 20 e1 8f 82 e1 8f 9a e1 8f aa e1 8f 8e e1 8e b8 e1 8e a9 3b 20 e1 8f a5 e1 8f 8d e1 8f 95 e1 8e be 20 e1 8f a3 e1 8f 82
Can't encode transcription: '4. ᏥᏌᏃ ᎤᏁᏨ ᎯᎠ ᏂᏚᏪᏎᎸᎩ; ᏥᏍᏕᎾ ᏣᏂ' in language ''
Encoding of string failed! Failure bytes: 5b e1 8e a3 e1 8e a6 e1 8e b4 e1 8f 85 e1 8f 9b 20 e1 8e a0 e1 8f 8f 20 e1 8f 99 e1 8f a5 e1 8e b4 e1 8f b4 e1 8f 97 2e 5d
Can't encode transcription: '[ᎣᎦᎴᏅᏛ ᎠᏏ ᏙᏥᎴᏴᏗ.]' in language ''
Encoding of string failed! Failure bytes: e1 8e bc e1 8f 8f 20 e1 8e a4 e1 8f a4 e1 8e b5 e1 8e a6 2c 20 e1 8e a0 e1 8e b4 20 e1 8e a0 e1 8e be e1 8f 99 e1 8e b4 e1 8e b0 2d
Can't encode transcription: 'ᏛᏍᏗᏱ ᎼᏏ ᎤᏤᎵᎦ, ᎠᎴ ᎠᎾᏙᎴᎰ-' in language ''
Encoding of string failed! Failure bytes: ea ae b5 20 e1 8f 97 e1 8e a9 e1 8f 8c e1 8f 99 e1 8f 97 e1 8f b1 2e 20 e1 8e be e1 8e bf e1 8f 83 20 e1 8f ab e1 8f 97 e1 8e b7 e1 8f a8 20 e1 8f 82 e1 8e aa e1 8e af e1 8e b8 2d
Can't encode transcription: 'ᏙᎯꮵ ᏗᎩᏌᏙᏗᏱ. ᎾᎿᏃ ᏫᏗᎷᏨ ᏂᎪᎯᎸ-' in language ''
Encoding of string failed! Failure bytes: 5b e1 8e a3 e1 8e a6 e1 8e b4 e1 8f 85 e1 8f 9b 20 e1 8e a0 e1 8f 8f 20 e1 8f 99 e1 8f a5 e1 8e b4 e1 8f b4 e1 8f 97 2e 5d
Can't encode transcription: '[ᎣᎦᎴᏅᏛ ᎠᏏ ᏙᏥᎴᏴᏗ.]' in language ''
Encoding of string failed! Failure bytes: 34 20 e1 8e a2 e1 8f b3 e1 8f b0 e1 8f 83 20 e1 8f b4 e1 8f ab 20 e1 8e a8 e1 8f a5 e1 8f 8d e1 8e a6 e1 8f 85 e1 8f a4 e1 8e b2 20 e1 8f b1 e1 8f 97 2d
Can't encode transcription: '14 ᎢᏳᏰᏃ ᏴᏫ ᎨᏥᏍᎦᏅᏤᎲ ᏱᏗ-' in language ''
Encoding of string failed! Failure bytes: ea ae 98 e1 8e b5 e1 8e af e1 8f 8d e1 8f 97 e1 8f 8d e1 8e ac e1 8e a2 3b
Can't encode transcription: 'ᎠᏇꮘᎵᎯᏍᏗᏍᎬᎢ;' in language ''
2 Percent improvement time=298, best error was 27.009 @ 89
At iteration 387/500/538, mean rms=1.840%, delta=6.401%, BCER train=20.982%, BWER train=40.531%, skip ratio=7.600%, New best BCER = 20.982 wrote best model:training_data/staged_tuning/run_custom_big_lr_big_decay_dr6_mx4_output/chr_20.982_387_500.checkpoint wrote checkpoint.
Encoding of string failed! Failure bytes: 34 38 20 e1 8f a5 e1 8e aa 20 e1 8e a9 e1 8e b6 20 e1 8f 84 e1 8f 82 e1 8e ac e1 8f ab e1 8f b3 e1 8f 92 20 e1 8e a0 e1 8e b4 20 e1 8e a0 e1 8f 82 2d
Can't encode transcription: '48 ᏥᎪ ᎩᎶ ᏄᏂᎬᏫᏳᏒ ᎠᎴ ᎠᏂ-' in language ''
Encoding of string failed! Failure bytes: ea ae ae e1 8f 9b e1 8e aa e1 8f 97 20 e1 8f ab e1 8e ac e1 8f 83 e1 8e b2 e1 8f 8f 20 e1 8e a4 e1 8f 8d e1 8f 86 e1 8f 82 e1 8e aa 2d
Can't encode transcription: 'ᎿᏉ ᎪᏪᎸᎦ, ᏅᏓᏣꮮᏛᎪᏗ ᏫᎬᏃᎲᏏ ᎤᏍᏆᏂᎪ-' in language ''
Encoding of string failed! Failure bytes: e1 8f 8b e1 8f 81 e1 8e b8
Can't encode transcription: '22 ᏆᎴᏗ ᎯᎠ ᏄᏪᏒᎩ; ᏥᎾᏋᏁᎸ' in language ''
Encoding of string failed! Failure bytes: 34 20 e1 8f 82 e1 8e af e1 8f 8d e1 8e a9 e1 8f 82 20 e1 8f 95 e1 8f a3 e1 8f 82 e1 8f b4 e1 8f 8e e1 8f 8d e1 8f 97 20 e1 8f 84 e1 8f 8d e1 8f 9b
Can't encode transcription: '14 ᏂᎯᏍᎩᏂ ᏕᏣᏂᏴᏎᏍᏗ ᏄᏍᏛ' in language ''
Encoding of string failed! Failure bytes: 3f
Can't encode transcription: 'ᏄᎡᎸ?' in language ''
Encoding of string failed! Failure bytes: 34 20 e1 8f 95 e1 8f a5 e1 8f b2 e1 8e b5 e1 8e b8 e1 8e ad 20 e1 8e a0 e1 8f 8f e1 8f 82 e1 8f 9f e1 8f 93 2c 20 e1 8f 88 e1 8e b5 e1 8e a6 e1 8f 82 2c
Can't encode transcription: '14 ᏕᏥᏲᎵᎸᎭ ᎠᏏᏂᏟᏓ, ᏈᎵᎦᏂ,' in language ''
Encoding of string failed! Failure bytes: e1 8f 8b e1 8f b1 2d
Can't encode transcription: 'ᏂᎦᎸ ᏚᏅᏂᎦᎸᎲᎩ, ᎾᏍᎩ ᎠᏴ ᎥᏋᏱ-' in language ''
Encoding of string failed! Failure bytes: 3f 20 e1 8e ac e1 8f 94 e1 8f b2 e1 8f 8e e1 8e ad 20 e1 8f 9e e1 8f 8d e1 8f 97 20 e1 8f 8d e1 8e a9 e1 8e a9 e1 8e b8 e1 8f 85 e1 8e a9 2e
Can't encode transcription: 'ᏪᏥ? ᎬᏔᏲᏎᎭ ᏞᏍᏗ ᏍᎩᎩᎸᏅᎩ.' in language ''
Encoding of string failed! Failure bytes: 34 20 e1 8f 97 e1 8e a7 e1 8e bf e1 8e ad e1 8f a9 e1 8f 9b e1 8f 8d e1 8f 97 e1 8f b0 e1 8f 83 20 e1 8e a4 e1 8e ac e1 8f a9 e1 8e b4 20 e1 8e a6 e1 8e b6 e1 8f 81 e1 8f 9b
Can't encode transcription: '4 ᏗᎧᎿᎭᏩᏛᏍᏗᏰᏃ ᎤᎬᏩᎴ ᎦᎶᏁᏛ' in language ''
Encoding of string failed! Failure bytes: 34 30 20 e1 8e a9 e1 8e b6 e1 8f 83 20 e1 8e a4 e1 8f 9a e1 8e b5 e1 8f 8d e1 8e a8 e1 8f 8d e1 8f 97 20 e1 8f a3 e1 8f b1 e1 8e b5 e1 8f 93 2d
Can't encode transcription: '40 ᎩᎶᏃ ᎤᏚᎵᏍᎨᏍᏗ ᏣᏱᎵᏓ-' in language ''
Encoding of string failed! Failure bytes: 3f 20 e1 8e a0 e1 8e b4 20 e1 8f 9d e1 8f 8d e1 8e aa 20 e1 8f 95 e1 8f a3 e1 8f 99 e1 8e a5 20 e1 8f b2 e1 8f a8 e1 8f 97 2d
Can't encode transcription: 'ᎴᎰᏍᎨᎢ? ᎠᎴ ᏝᏍᎪ ᏕᏣᏙᎥ ᏲᏨᏗ-' in language ''
Encoding of string failed! Failure bytes: 34 20 e1 8e a3 e1 8e ac e1 8f 9b e1 8e a6 e1 8f 85 20 e1 8e a9 e1 8e b6 20 e1 8e a2 e1 8f b3 e1 8e be e1 8f 8d e1 8f 97 20 e1 8e aa e1 8e a6 e1 8f 93 e1 8f 91 2d
Can't encode transcription: '24 ᎣᎬᏛᎦᏅ ᎩᎶ ᎢᏳᎾᏍᏗ ᎪᎦᏓᏑ-' in language ''
Encoding of string failed! Failure bytes: e1 8f 8b e1 8f 92 2c 20 e1 8e be e1 8f 8d e1 8f 89 e1 8f 8d e1 8e a9 e1 8f 82 20 e1 8e be e1 8f 82 e1 8e a5 20 e1 8e a4 e1 8e be e1 8f 84 e1 8e aa e1 8e a2 e1 8f 8d e1 8f 97
Can't encode transcription: 'ᎠᏋᏒ, ᎾᏍᏉᏍᎩᏂ ᎾᏂᎥ ᎤᎾᏄᎪᎢᏍᏗ' in language ''
Encoding of string failed! Failure bytes: 3f 20 e1 8e a0 e1 8f 8d e1 8e a6 2d
Can't encode transcription: 'ᎨᏒ ᎤᏁᎳᏅᎯ, ᎦᏙ ᏓᏓᏛᏂ? ᎠᏍᎦ-' in language ''
Encoding of string failed! Failure bytes: 34 31 20 e1 8f a5 e1 8f 8c e1 8f 83 2c 20 e1 8e a6 e1 8f 99 e1 8e b5 e1 8e ac 20 e1 8e a4 e1 8f 99 e1 8f af e1 8f 85 e1 8e af e1 8f 95 e1 8e a2 2c 20 e1 8e a0 e1 8e b4
Can't encode transcription: '41 ᏥᏌᏃ, ᎦᏙᎵᎬ ᎤᏙᏯᏅᎯᏕᎢ, ᎠᎴ' in language ''
Encoding of string failed! Failure bytes: 34 20 e1 8f 95 e1 8e a6 e1 8f 83 e1 8f a3 e1 8e b8 e1 8f 83 20 e1 8f 82 e1 8e ac e1 8e be e1 8f 9b 20 e1 8f 8f e1 8e b5 e1 8f b1 20 e1 8e a4 e1 8f b0 e1 8e b5 2d
Can't encode transcription: '24 ᏕᎦᏃᏣᎸᏃ ᏂᎬᎾᏛ ᏏᎵᏱ ᎤᏰᎵ-' in language ''
Encoding of string failed! Failure bytes: 5b e1 8e a3 e1 8e a6 e1 8e b4 e1 8f 85 e1 8f 9b 20 e1 8e a0 e1 8f 8f 20 e1 8f 99 e1 8f a5 e1 8e b4 e1 8f b4 e1 8f 97 2e 5d
Can't encode transcription: '[ᎣᎦᎴᏅᏛ ᎠᏏ ᏙᏥᎴᏴᏗ.]' in language ''
2 Percent improvement time=286, best error was 22.949 @ 166
At iteration 452/600/655, mean rms=1.795%, delta=6.231%, BCER train=20.417%, BWER train=39.042%, skip ratio=9.167%, New best BCER = 20.417 wrote checkpoint.
Finished! Selected model with minimal training error rate (BCER) = 20.417
