Loaded file training_data/staged_tuning/run_custom_big_lr_big_decay_dr6_mx4_output/chr_checkpoint, unpacking...
Successfully restored trainer from training_data/staged_tuning/run_custom_big_lr_big_decay_dr6_mx4_output/chr_checkpoint
Encoding of string failed! Failure bytes: 5b e1 8e a7 e1 8f 83 e1 8e ae e1 8f 9b 2c 5d
Can't encode transcription: '15 ᏣᏂ ᎧᏃᎮᏍᎬᎩ ᎾᏍᎩ [ᎧᏃᎮᏛ,]' in language ''
Encoding of string failed! Failure bytes: 22 e1 8f 85 e1 8f af 20 e1 8e a0 e1 8f 93 e1 8e bf e1 8e ad e1 8f 8d e1 8f 86 e1 8e b6 e1 8f 8d e1 8f 97 e1 8f 8d e1 8e a9
Can't encode transcription: '8 ᎠᎴ "ᏅᏯ ᎠᏓᎿᎭᏍᏆᎶᏍᏗᏍᎩ' in language ''
Encoding of string failed! Failure bytes: 3f 20 e1 8f a3 e1 8f a0 e1 8e be e1 8f 8d e1 8f 97 21 20 e1 8e a2 2d
Can't encode transcription: 'ᎠᏓ ᏨᏒ ᏣᎦᏑᎲᎢ? ᏣᏠᎾᏍᏗ! Ꭲ-' in language ''
Encoding of string failed! Failure bytes: 3f
Can't encode transcription: 'ᏂᎨᏒᎾ ᎨᏒᎢ?' in language ''
Encoding of string failed! Failure bytes: 34 20 e1 8e a2 e1 8f b3 e1 8f 83 e1 8e b9 e1 8e a9 e1 8e b6 20 e1 8f 82 e1 8e aa e1 8e af e1 8f b3 e1 8e b2 e1 8f 8d e1 8e ac e1 8e be 20 e1 8e a2 e1 8e a8 2d
Can't encode transcription: '14 ᎢᏳᏃᎹᎩᎶ ᏂᎪᎯᏳᎲᏍᎬᎾ ᎢᎨ-' in language ''
Encoding of string failed! Failure bytes: 34 20 e1 8e a6 e1 8e b6 e1 8f 81 e1 8f 9b 20 e1 8e aa e1 8e b1 e1 8f 8d e1 8f 97 20 e1 8e a6 e1 8f b0 e1 8f a3 e1 8e b5 e1 8f 8d e1 8f 95 e1 8e b8 e1 8f 99 e1 8f 97
Can't encode transcription: '4 ᎦᎶᏁᏛ ᎪᎱᏍᏗ ᎦᏰᏣᎵᏍᏕᎸᏙᏗ' in language ''
Encoding of string failed! Failure bytes: 34 20 e1 8e af e1 8e a0 20 e1 8f 82 e1 8e a6 e1 8f aa e1 8f 8d e1 8e a8 e1 8e a2 2c 20 e1 8e a3 e1 8e a6 e1 8f 81 e1 8e b3 e1 8e a9 3b
Can't encode transcription: '34 ᎯᎠ ᏂᎦᏪᏍᎨᎢ, ᎣᎦᏁᎳᎩ;' in language ''
Encoding of string failed! Failure bytes: 3f 20 e1 8e a0 e1 8f 86 e1 8f 93 e1 8f 85 e1 8f 99 20 e1 8e ac e1 8f 97 2d
Can't encode transcription: '15 ᎦᏙ Ꮹ ᎤᏍᏗ? ᎠᏆᏓᏅᏙ ᎬᏗ-' in language ''
Encoding of string failed! Failure bytes: 34 37 20 e1 8e bf e1 8e ad e1 8f 89 e1 8f 83 20 e1 8f 84 e1 8f 82 e1 8e ac e1 8f ab e1 8f b3 e1 8f 92 20 e1 8e a0 e1 8f a5 e1 8e b8 2d
Can't encode transcription: '47 ᎿᎭᏉᏃ ᏄᏂᎬᏫᏳᏒ ᎠᏥᎸ-' in language ''
Encoding of string failed! Failure bytes: 5b e1 8e a0 e1 8f 81 e1 8e af 3b 5d 20 e1 8e be e1 8f 8d e1 8e a9 20 e1 8f 93 2d
Can't encode transcription: 'ᎮᎭ ᏂᎬᎾᏛ ᎡᎶᎯ [ᎠᏁᎯ;] ᎾᏍᎩ Ꮣ-' in language ''
Encoding of string failed! Failure bytes: 3f
Can't encode transcription: 'ᏙᏃ Ꮭ ᏴᎡᏣᏘᏃᎦ?' in language ''
Encoding of string failed! Failure bytes: 34 30 20 e1 8e bf e1 8e ad e1 8f 89 e1 8f 83 20 e1 8e be e1 8f 8d e1 8e a9 20 e1 8f 96 e1 8e b8 e1 8e b3 e1 8f 97 20 e1 8f 93 e1 8f ab e1 8f 92
Can't encode transcription: '40 ᎿᎭᏉᏃ ᎾᏍᎩ ᏖᎸᎳᏗ ᏓᏫᏒ' in language ''
Encoding of string failed! Failure bytes: 34 20 e1 8e a4 e1 8f a3 e1 8f 98 20 e1 8e a2 e1 8f a8 e1 8f b2 e1 8e a2 e1 8f b3 e1 8e ad 3b 20 e1 8e a4 e1 8f a3 e1 8f 98 20 e1 8e a2 e1 8f a8 2d
Can't encode transcription: '4 ᎤᏣᏘ ᎢᏨᏲᎢᏳᎭ; ᎤᏣᏘ ᎢᏨ-' in language ''
Encoding of string failed! Failure bytes: 34 2e 20 e1 8f a5 e1 8f 8c e1 8f 83 20 e1 8e a4 e1 8f 81 e1 8f a8 20 e1 8e af e1 8e a0 20 e1 8f 82 e1 8f 9a e1 8f aa e1 8f 8e e1 8e b8 e1 8e a9 3b 20 e1 8f a5 e1 8f 8d e1 8f 95 e1 8e be 20 e1 8f a3 e1 8f 82
Can't encode transcription: '4. ᏥᏌᏃ ᎤᏁᏨ ᎯᎠ ᏂᏚᏪᏎᎸᎩ; ᏥᏍᏕᎾ ᏣᏂ' in language ''
Encoding of string failed! Failure bytes: 34 20 e1 8f 82 e1 8e a6 e1 8f 97 e1 8e b9 e1 8f 8f e1 8f 83 20 e1 8e af e1 8e a0 20 e1 8f 84 e1 8f aa e1 8f 8e e1 8e b8 e1 8e a9 3b 20 e1 8e a6 e1 8f 99
Can't encode transcription: '4 ᏂᎦᏗᎹᏏᏃ ᎯᎠ ᏄᏪᏎᎸᎩ; ᎦᏙ' in language ''
At iteration 650/900/1004, mean rms=1.724%, delta=5.755%, BCER train=19.474%, BWER train=37.211%, skip ratio=11.556%, New worst BCER = 19.474 wrote checkpoint.
Encoding of string failed! Failure bytes: 34 35 20 e1 8e ac e1 8f a9 e1 8f a0 e1 8f a8 e1 8f 83 20 e1 8e a2 e1 8e a4 e1 8e be e1 8f a8 e1 8f 8e e1 8e a2 20 e1 8f a5 e1 8e b7 e1 8f 8f e1 8e b5 e1 8e bb
Can't encode transcription: '45 ᎬᏩᏠᏨᏃ ᎢᎤᎾᏨᏎᎢ ᏥᎷᏏᎵᎻ' in language ''
Encoding of string failed! Failure bytes: 56 2e
Can't encode transcription: 'ᎹᏚ. ᎠᏯᏙᎸᎢ V.' in language ''
Encoding of string failed! Failure bytes: 34 20 e1 8f 9a e1 8f 82 e1 8f 83 e1 8f 97 2c 20 31 38 32 35 2e
Can't encode transcription: 'ᎢᏤ ᎦᏚᎲ, 14 ᏚᏂᏃᏗ, 1825.' in language ''
Encoding of string failed! Failure bytes: e1 8e bc 20 e1 8e a9 e1 8e b6 20 e1 8e a2 e1 8e a7 e1 8f 81 e1 8f a4 e1 8e ae e1 8f 8d e1 8f 97
Can't encode transcription: 'ᎠᎴ ᏀᏍᏉ ᎣᏥᏁᎩ ᎢᏳᏃᎼ ᎩᎶ ᎢᎧᏁᏤᎮᏍᏗ' in language ''
Encoding of string failed! Failure bytes: 3f 20 e1 8e a0 e1 8e b4
Can't encode transcription: 'ᎤᎾᏛᎦᏅᎯ ᏂᎨᏒᎾ ᏱᎩ ᎡᎲᎢ? ᎠᎴ' in language ''
Encoding of string failed! Failure bytes: 5b e1 8e a3 e1 8e a6 e1 8e b4 e1 8f 85 e1 8f 9b 20 e1 8e a0 e1 8f 8f 20 e1 8f 99 e1 8f a5 e1 8e b4 e1 8f b4 e1 8f 97 2e 5d
Can't encode transcription: '[ᎣᎦᎴᏅᏛ ᎠᏏ ᏙᏥᎴᏴᏗ.]' in language ''
Encoding of string failed! Failure bytes: 34 20 e1 8e a0 e1 8e b4 20 e1 8e a2 e1 8f a3 e1 8f 93 e1 8e a6 e1 8f 8c e1 8f af e1 8f 8d e1 8f 95 e1 8f 8d e1 8f 97 20 e1 8e a2 e1 8f a8 e1 8f 92
Can't encode transcription: '34 ᎠᎴ ᎢᏣᏓᎦᏌᏯᏍᏕᏍᏗ ᎢᏨᏒ' in language ''
Encoding of string failed! Failure bytes: 3f 20 e1 8e a0 e1 8f b2 e1 8e b1 2d
Can't encode transcription: 'ᏁᏉᏤᎮ ᎾᏍᎩ ᎪᎯ ᏥᏣᏕᎰᏍ? ᎠᏲᎱ-' in language ''
Encoding of string failed! Failure bytes: 3f 20 e1 8f a3 e1 8f a0 e1 8e be e1 8f 8d e1 8f 97 21 20 e1 8e a2 2d
Can't encode transcription: 'ᎠᏓ ᏨᏒ ᏣᎦᏑᎲᎢ? ᏣᏠᎾᏍᏗ! Ꭲ-' in language ''
Encoding of string failed! Failure bytes: 22 e1 8f 85 e1 8f af 20 e1 8e a0 e1 8f 93 e1 8e bf e1 8e ad e1 8f 8d e1 8f 86 e1 8e b6 e1 8f 8d e1 8f 97 e1 8f 8d e1 8e a9
Can't encode transcription: '8 ᎠᎴ "ᏅᏯ ᎠᏓᎿᎭᏍᏆᎶᏍᏗᏍᎩ' in language ''
Encoding of string failed! Failure bytes: 5b e1 8e a7 e1 8f 83 e1 8e ae e1 8f 9b 2c 5d
Can't encode transcription: '15 ᏣᏂ ᎧᏃᎮᏍᎬᎩ ᎾᏍᎩ [ᎧᏃᎮᏛ,]' in language ''
Encoding of string failed! Failure bytes: 34 20 e1 8e a6 e1 8e b6 e1 8f 81 e1 8f 9b 20 e1 8e aa e1 8e b1 e1 8f 8d e1 8f 97 20 e1 8e a6 e1 8f b0 e1 8f a3 e1 8e b5 e1 8f 8d e1 8f 95 e1 8e b8 e1 8f 99 e1 8f 97
Can't encode transcription: '4 ᎦᎶᏁᏛ ᎪᎱᏍᏗ ᎦᏰᏣᎵᏍᏕᎸᏙᏗ' in language ''
Encoding of string failed! Failure bytes: 34 20 e1 8e a0 e1 8f 8e e1 8f 83 20 e1 8e a6 e1 8f 99 20 e1 8e a0 e1 8f 97 e1 8e ad 20 e1 8e a4 e1 8f 81 e1 8e b3 e1 8f 85 e1 8e af 20 e1 8e a4 2d
Can't encode transcription: '4 ᎠᏎᏃ ᎦᏙ ᎠᏗᎭ ᎤᏁᎳᏅᎯ Ꭴ-' in language ''
Encoding of string failed! Failure bytes: 5b e1 8f a5 e1 8f 8c 5d 20 e1 8f a5 e1 8f af e1 8e a0 20 e1 8f af e1 8f 97 e1 8e ad 2c 20 5b e1 8f a5 e1 8f 8c 5d
Can't encode transcription: '6 ᎩᎶ [ᏥᏌ] ᏥᏯᎠ ᏯᏗᎭ, [ᏥᏌ]' in language ''
Encoding of string failed! Failure bytes: ea ae ad e1 8f a7 e1 8e be e1 8f 93 e1 8e b4 2d
Can't encode transcription: 'ᏅᎯ ᎠᏴ ᎠᏆᏑᏰᏒ ᎢᎦᏓᏡᎬꮭᏧᎾᏓᎴ-' in language ''
2 Percent improvement time=396, best error was 21.593 @ 319
At iteration 715/1000/1119, mean rms=1.714%, delta=5.685%, BCER train=19.144%, BWER train=36.735%, skip ratio=11.900%, New best BCER = 19.144 wrote best model:training_data/staged_tuning/run_custom_big_lr_big_decay_dr6_mx4_output/chr_19.144_715_1000.checkpoint wrote checkpoint.
Finished! Selected model with minimal training error rate (BCER) = 19.144
