Loaded file training_data/staged_tuning/run_custom_big_lr_big_decay_dr6_mx4_output/chr_checkpoint, unpacking...
Successfully restored trainer from training_data/staged_tuning/run_custom_big_lr_big_decay_dr6_mx4_output/chr_checkpoint
Encoding of string failed! Failure bytes: 34 20 e1 8e be e1 8f 8d e1 8e a9 20 e1 8e a2 e1 8f b3 e1 8f 8d e1 8f 97 20 e1 8f a5 e1 8f 8c 20 e1 8e bf e1 8e ad e1 8f 89 20 e1 8e a5 e1 8f 9d
Can't encode transcription: '54 ᎾᏍᎩ ᎢᏳᏍᏗ ᏥᏌ ᎿᎭᏉ ᎥᏝ' in language ''
Encoding of string failed! Failure bytes: 5d
Can't encode transcription: 'ᏍᎩ ᎤᏪᎭ ᎾᏍᏉ ᎠᎦᏴᎵᎨᎢ.]' in language ''
Encoding of string failed! Failure bytes: 34 20 e1 8f 8d e1 8e a9 e1 8f af e1 8e a1 e1 8f 8d e1 8f 97 2c 20 e1 8e a0 e1 8f 8e e1 8f 83 20 e1 8e a2 e1 8f a8 e1 8f af e1 8e a1 e1 8f 8d e1 8f 97 2e
Can't encode transcription: '4 ᏍᎩᏯᎡᏍᏗ, ᎠᏎᏃ ᎢᏨᏯᎡᏍᏗ.' in language ''
Encoding of string failed! Failure bytes: ea ae a2 20 e1 8e ac e1 8f a9 e1 8f 82 e1 8e a6 e1 8f 98 e1 8f af 20 e1 8f 80 e1 8f 8d e1 8f 89 20 e1 8e a3 e1 8f 8f e1 8f b3
Can't encode transcription: 'ᎠᏂᎦᏴᎵᎨ Ꭰꮢ ᎬᏩᏂᎦᏘᏯ ᏀᏍᏉ ᎣᏏᏳ' in language ''
Encoding of string failed! Failure bytes: ea ae 9c e1 8e aa e1 8f aa e1 8e b5 e1 8f 8d e1 8e a9 2e
Can't encode transcription: 'Ꭱ. ᎹᎦᏱ, ꮜᎪᏪᎵᏍᎩ.' in language ''
Encoding of string failed! Failure bytes: 34 20 e1 8e a9 e1 8e b6 20 e1 8f a3 e1 8f 8d e1 8e a6 e1 8f 85 e1 8e aa 20 e1 8e a0 e1 8f b2 e1 8f 8d e1 8f 97 e1 8f 8d e1 8e aa 20 e1 8e be e1 8f 8d e1 8f 89
Can't encode transcription: '4 ᎩᎶ ᏣᏍᎦᏅᎪ ᎠᏲᏍᏗᏍᎪ ᎾᏍᏉ' in language ''
Encoding of string failed! Failure bytes: ea ae 81 e1 8f 97 20 e1 8e a4 e1 8f 81 e1 8e a2 2c 20 e1 8e be e1 8f 8d e1 8e a9 20 e1 8e a0 e1 8f b0 e1 8e b5
Can't encode transcription: 'ᎢᏯᏓᏅᏖꮁᏗ ᎤᏁᎢ, ᎾᏍᎩ ᎠᏰᎵ' in language ''
Encoding of string failed! Failure bytes: e1 8e ba e1 8e b5 e1 8f 8d e1 8e a9 e1 8f 82 20 e1 8e a6 e1 8e b5 e1 8f a6 e1 8f 95 e1 8f 89
Can't encode transcription: 'ᎢᏒᎢ ᏫᏚᏠᏒᎩ. ᎺᎵᏍᎩᏂ ᎦᎵᏦᏕᏉ' in language ''
Encoding of string failed! Failure bytes: 3f 20 e1 8e a0 e1 8f 99 e1 8e b4 e1 8e b0 e1 8f 8d e1 8e a9 e1 8e a8 3f 20 e1 8e a5 e1 8e a5 20 e1 8f 82 2d
Can't encode transcription: '9. ᎦᏙᎩ ᎢᏣᎦᏔᏅᏎᎢ? ᎠᏙᎴᎰᏍᎩᎨ? ᎥᎥ Ꮒ-' in language ''
Encoding of string failed! Failure bytes: ea ae a9 e1 8f af
Can't encode transcription: 'ᎤᎾᏛᎦᏅᎩ, ᎾᏍᎩᏰᏃ ᏠᎨᏏ ᎤᎾᏤᎵꮩᏯ' in language ''
Encoding of string failed! Failure bytes: 34 33 20 e1 8e a4 e1 8f 82 e1 8f 8d e1 8f 86 e1 8f 9b e1 8f 83 20 e1 8e a2 e1 8e aa e1 8e af e1 8f 9b 20 e1 8f 9a e1 8e b5 e1 8f 92 e1 8f 8d e1 8f 9b e1 8e a2 2c
Can't encode transcription: '43 ᎤᏂᏍᏆᏛᏃ ᎢᎪᎯᏛ ᏚᎵᏒᏍᏛᎢ,' in language ''
At iteration 3626/6300/6949, mean rms=1.219%, delta=3.665%, BCER train=12.367%, BWER train=22.709%, skip ratio=10.100%, New worst BCER = 12.367 wrote checkpoint.
Encoding of string failed! Failure bytes: 3f 20 e1 8e a4 2d
Can't encode transcription: 'ᏑᎾᎴᎢ; ᏕᏨᏅᏰᏃ ᎦᏙ ᎤᏍᏗ? Ꭴ-' in language ''
Encoding of string failed! Failure bytes: 5b e1 8e a3 e1 8e a6 e1 8e b4 e1 8f 85 e1 8f 9b 20 e1 8e a0 e1 8f 8f 20 e1 8f 99 e1 8f a5 e1 8e b4 e1 8f b4 e1 8f 97 2e 5d
Can't encode transcription: '[ᎣᎦᎴᏅᏛ ᎠᏏ ᏙᏥᎴᏴᏗ.]' in language ''
Encoding of string failed! Failure bytes: 5b e1 8e a6 e1 8e b8 e1 8f 89 e1 8f 97 e1 8f b3 3b 5d
Can't encode transcription: 'ᏉᏗᏳ ᏱᎩ, ᏂᎦᏛ ᎾᏍᏉ [ᎦᎸᏉᏗᏳ;]' in language ''
Encoding of string failed! Failure bytes: 3f
Can't encode transcription: 'ᏉᏎᎰ ᏴᏫ?' in language ''
Encoding of string failed! Failure bytes: e1 8e ba e1 8f 85 2e
Can't encode transcription: 'ᏍᏙᏗᏍᎨᏍᏗ. ᎰᏩᏉ. ᎡᎺᏅ.' in language ''
Encoding of string failed! Failure bytes: e1 8e ba e1 8f 85 2e
Can't encode transcription: 'ᏙᎮᏍᏗ ᏂᏥᎥᎢ. ᎡᎺᏅ.' in language ''
Encoding of string failed! Failure bytes: ea ae a3 e1 8f a3 e1 8e a6 e1 8f 99 e1 8e a5 e1 8e af e1 8f 8d e1 8f 97 e1 8f b1 20 e1 8f 82 e1 8e af
Can't encode transcription: 'ᏗᏍᎬᎾ-ᎾᏍᎩ ꮣᏣᎦᏙᎥᎯᏍᏗᏱ ᏂᎯ' in language ''
Encoding of string failed! Failure bytes: 22 e1 8e a0 e1 8f b4 e1 8f b0 e1 8f 83 20 e1 8e be e1 8f 8d e1 8f 89 20 e1 8e be e1 8f 8d e1 8e a9 20 e1 8f a7 e1 8f aa e1 8f a5 2e 22
Can't encode transcription: '"ᎠᏴᏰᏃ ᎾᏍᏉ ᎾᏍᎩ ᏧᏪᏥ."' in language ''
Encoding of string failed! Failure bytes: e1 8f b9 e1 8f 8d e1 8e a9 e1 8f 82 20 e1 8e a4 e1 8f 94 e1 8e b3 e1 8f ac e1 8e af e1 8f 8d e1 8f 97
Can't encode transcription: 'ᎢᏥᎳᏅᏓᏕᎮᏍᏗᏹᏍᎩᏂ ᎤᏔᎳᏬᎯᏍᏗ' in language ''
Encoding of string failed! Failure bytes: 34 20 e1 8e be e1 8f 8d e1 8e a9 20 e1 8e a0 e1 8f b4 2c 20 e1 8e a2 e1 8e a9 e1 8f af e1 8f 85 e1 8f 9b 20 e1 8f a5 e1 8e a9 2c 20 e1 8f 9d
Can't encode transcription: '24 ᎾᏍᎩ ᎠᏴ, ᎢᎩᏯᏅᏛ ᏥᎩ, Ꮭ' in language ''
Encoding of string failed! Failure bytes: 34 35 20 e1 8e a0 e1 8e b4 20 e1 8f 85 e1 8f 99 20 e1 8e a4 e1 8e b5 e1 8f 8f e1 8e b2 e1 8f 8e e1 8e a2 2c 20 e1 8e a0 e1 8e b4 20 e1 8e a0 e1 8f 84 e1 8f ac
Can't encode transcription: '45 ᎠᎴ ᏅᏙ ᎤᎵᏏᎲᏎᎢ, ᎠᎴ ᎠᏄᏬ' in language ''
At iteration 3681/6400/7060, mean rms=1.234%, delta=3.777%, BCER train=12.675%, BWER train=22.837%, skip ratio=10.400%, New worst BCER = 12.675 wrote checkpoint.
Finished! Selected model with minimal training error rate (BCER) = 9.763
