Loaded file training_data/staged_tuning/run_custom_big_lr_big_decay_dr6_mx4_output/chr_checkpoint, unpacking...
Successfully restored trainer from training_data/staged_tuning/run_custom_big_lr_big_decay_dr6_mx4_output/chr_checkpoint
Encoding of string failed! Failure bytes: ea ae 85 e1 8f 8d e1 8f 97 20 e1 8f 82 e1 8e a6 e1 8e b5 e1 8f 8d e1 8f 97 e1 8f 8d e1 8e a8 2d
Can't encode transcription: 'ᎢᏳᏃ ᎩᎶ ᏥᏅᏏꮅᏍᏗ ᏂᎦᎵᏍᏗᏍᎨ-' in language ''
Encoding of string failed! Failure bytes: ea ae 91 20 e1 8e a0 e1 8f 8e e1 8f 83 20 e1 8f a0 e1 8e a8 e1 8f 8f 20 e1 8f a7 e1 8f 82 e1 8e b8 e1 8f ab e1 8f 8d e1 8f 93 e1 8f 81 e1 8e af 20 e1 8e a4 e1 8f 82 2d
Can't encode transcription: '1ꮑ ᎠᏎᏃ ᏠᎨᏏ ᏧᏂᎸᏫᏍᏓᏁᎯ ᎤᏂ-' in language ''
Encoding of string failed! Failure bytes: ea ae 8d e1 8f 86 e1 8f 82 e1 8e aa e1 8f 8e 20 e1 8e be e1 8f 83 e1 8e af e1 8f b3 e1 8e b2 e1 8f 8d e1 8e ac e1 8e be
Can't encode transcription: '6 ᎠᎴ ᎤꮍᏆᏂᎪᏎ ᎾᏃᎯᏳᎲᏍᎬᎾ' in language ''
Encoding of string failed! Failure bytes: 34 20 e1 8e a4 e1 8f 81 e1 8e b3 e1 8f 85 e1 8e af 20 e1 8e a4 e1 8f a4 e1 8e b5 20 e1 8e a0 e1 8f 93 e1 8f 81 e1 8e b8 20 e1 8f a7 e1 8f b4 e1 8e b4 e1 8e a2 2c
Can't encode transcription: '4 ᎤᏁᎳᏅᎯ ᎤᏤᎵ ᎠᏓᏁᎸ ᏧᏴᎴᎢ,' in language ''
Encoding of string failed! Failure bytes: e1 8e ba e1 8e b5 20 e1 8e b9 2d
Can't encode transcription: '1 ᎤᎾᏙᏓᏆᏍᎬᏃ ᎤᎶᏐᏅ, ᎺᎵ Ꮉ-' in language ''
Encoding of string failed! Failure bytes: 34 20 e1 8e a0 e1 8f b4 20 e1 8e be e1 8f 8d e1 8e a9 20 e1 8e aa e1 8e af 20 e1 8e a8 e1 8f 92 20 e1 8f a5 e1 8e a6 e1 8e b5 e1 8e a1 e1 8e b5 e1 8e a6
Can't encode transcription: '24 ᎠᏴ ᎾᏍᎩ ᎪᎯ ᎨᏒ ᏥᎦᎵᎡᎵᎦ' in language ''
Encoding of string failed! Failure bytes: 34 2e 20 e1 8f 80 e1 8f 8d e1 8e a9 e1 8f 83 20 e1 8e af e1 8e a0 20 e1 8f a3 e1 8f 82 20 e1 8e a4 e1 8f 85 e1 8f a9 e1 8e a1 20 e1 8f 90 e1 8f 88 e1 8e b5 20 e1 8e a6 e1 8f 90 e1 8f 86 e1 8f 97 20 e1 8e a4 2d
Can't encode transcription: '4. ᏀᏍᎩᏃ ᎯᎠ ᏣᏂ ᎤᏅᏩᎡ ᏐᏈᎵ ᎦᏐᏆᏗ Ꭴ-' in language ''
Encoding of string failed! Failure bytes: ea ad be e1 8e af 20 e1 8e a0 e1 8f 82 e1 8e ac e1 8e bf e1 8e a8 20 e1 8f 97 2d
Can't encode transcription: 'ᎬᏗ. ᏀᎿ ᎦᏚᎲ ᎤᏍᎦᏅᏨ ᎠꭾᎯ ᎠᏂᎬᎿᎨ Ꮧ-' in language ''
Encoding of string failed! Failure bytes: ea ae 81 2c 20 e1 8e a4 e1 8f 95 e1 8e b5 e1 8f 9b 20 e1 8f 97 e1 8f 82 e1 8f 8f e1 8f 97 20 e1 8e a8 e1 8f 92 e1 8e a2 2c
Can't encode transcription: 'ᎪᏛᎾ ᎨᏒᎢꮁ, ᎤᏕᎵᏛ ᏗᏂᏏᏗ ᎨᏒᎢ,' in language ''
Encoding of string failed! Failure bytes: ea ae bb e1 8e bf e1 8e ad e1 8f a9 e1 8f 9b e1 8f 8d e1 8f 97 20 e1 8e a8 e1 8f a5 e1 8f 81 e1 8f 84 e1 8e af 3b 20 e1 8e be e1 8f 8d e1 8e a9 20 e1 8e be e1 8f 82 e1 8e a5
Can't encode transcription: 'ᏗꮻᎿᎭᏩᏛᏍᏗ ᎨᏥᏁᏄᎯ; ᎾᏍᎩ ᎾᏂᎥ' in language ''
At iteration 3440/5900/6513, mean rms=1.256%, delta=3.691%, BCER train=12.710%, BWER train=23.937%, skip ratio=10.800%, New worst BCER = 12.710 wrote checkpoint.
Encoding of string failed! Failure bytes: 34 37 20 e1 8e a2 e1 8e ac e1 8f b1 e1 8f b1 20 e1 8e a0 e1 8f 8d e1 8e a6 e1 8f af 20 e1 8e a6 e1 8f 99 e1 8e af 20 e1 8f 85 e1 8f 93 e1 8f b3 e1 8f 93 e1 8e b4 2d
Can't encode transcription: '47 ᎢᎬᏱᏱ ᎠᏍᎦᏯ ᎦᏙᎯ ᏅᏓᏳᏓᎴ-' in language ''
Encoding of string failed! Failure bytes: ea ae a1 20 e1 8e af e1 8e a0 20 e1 8f 82 e1 8f 9a e1 8f aa e1 8f 8e e1 8e b4 e1 8e a2 2c 20 e1 8e a0 e1 8e b5 2d
Can't encode transcription: 'ᏍᏆᏂᎪᏍᎨᎢꮡ ᎯᎠ ᏂᏚᏪᏎᎴᎢ, ᎠᎵ-' in language ''
Encoding of string failed! Failure bytes: 5b e1 8e a6 e1 8f 9a 5d 20 e1 8f 85 e1 8e a9 20 e1 8e a2 e1 8f af e1 8e a6 e1 8f b4 e1 8e b5
Can't encode transcription: '20 ᎦᎵᏉᎩᏃ [ᎦᏚ] ᏅᎩ ᎢᏯᎦᏴᎵ' in language ''
Encoding of string failed! Failure bytes: 34 20 e1 8f 9a e1 8f 82 e1 8f 83 e1 8f 97 2c 20 31 38 32 35 2e
Can't encode transcription: 'ᎢᏤ ᎦᏚᎲ, 14 ᏚᏂᏃᏗ, 1825.' in language ''
Encoding of string failed! Failure bytes: 34 20 e1 8e be e1 8f 8d e1 8e a9 20 e1 8e a2 e1 8f b3 e1 8f a9 e1 8f 82 e1 8f 8c e1 8f 9b 20 e1 8e a1 e1 8e a6 e1 8e ab e1 8f b4 e1 8f 9b 20 e1 8f a5 e1 8e a9
Can't encode transcription: '14 ᎾᏍᎩ ᎢᏳᏩᏂᏌᏛ ᎡᎦᎫᏴᏛ ᏥᎩ' in language ''
Encoding of string failed! Failure bytes: 34 20 e1 8e a2 e1 8f b3 e1 8f 83 20 e1 8e be e1 8f 8d e1 8e a9 20 e1 8e a0 e1 8f 9b e1 8e a6 e1 8f 85 20 e1 8e a4 e1 8e ac e1 8f ab e1 8f b3 e1 8e af 2c
Can't encode transcription: '14 ᎢᏳᏃ ᎾᏍᎩ ᎠᏛᎦᏅ ᎤᎬᏫᏳᎯ,' in language ''
Encoding of string failed! Failure bytes: 34 20 e1 8e af e1 8e a0 e1 8f b0 e1 8f 83 20 e1 8e a0 e1 8f 87 e1 8f a5 20 e1 8e a4 e1 8f b2 e1 8e b1 e1 8f 92 e1 8e af 20 e1 8e a8 e1 8f 92 e1 8e a9 2c
Can't encode transcription: '24 ᎯᎠᏰᏃ ᎠᏇᏥ ᎤᏲᎱᏒᎯ ᎨᏒᎩ,' in language ''
At iteration 3490/6000/6620, mean rms=1.259%, delta=3.803%, BCER train=12.871%, BWER train=24.095%, skip ratio=10.200%, New worst BCER = 12.871 wrote checkpoint.
Finished! Selected model with minimal training error rate (BCER) = 9.763
