Loaded file training_data/staged_tuning/run_custom_big_lr_big_decay_dr6_mx4_output/chr_checkpoint, unpacking...
Successfully restored trainer from training_data/staged_tuning/run_custom_big_lr_big_decay_dr6_mx4_output/chr_checkpoint
Encoding of string failed! Failure bytes: ea ae ad e1 8f 85 e1 8f a8 e1 8e a2 2e
Can't encode transcription: 'ᏍᏗ ᎨᏎᏍᏗ ᎤᏍꮭᏅᏨᎢ.' in language ''
Encoding of string failed! Failure bytes: 34 36 20 e1 8e a0 e1 8f 8f e1 8f 89 20 e1 8f 95 e1 8e a6 e1 8f ac e1 8f 81 e1 8f 97 e1 8f 8d e1 8e ac 20 e1 8f b4 e1 8f ab 2c 20 e1 8e ac e1 8f 82 2d
Can't encode transcription: '46 ᎠᏏᏉ ᏕᎦᏬᏁᏗᏍᎬ ᏴᏫ, ᎬᏂ-' in language ''
Encoding of string failed! Failure bytes: 34 20 e1 8f a5 e1 8f 8c e1 8f 83 20 e1 8e a4 e1 8f 81 e1 8f a8 20 e1 8e af e1 8e a0 20 e1 8f 82 e1 8f 9a e1 8f aa e1 8f 8e e1 8e b8 e1 8e a9 2c
Can't encode transcription: '24 ᏥᏌᏃ ᎤᏁᏨ ᎯᎠ ᏂᏚᏪᏎᎸᎩ,' in language ''
Encoding of string failed! Failure bytes: 34 20 e1 8f 85 e1 8f a9 e1 8f 99 e1 8e af e1 8f af e1 8f 9b 20 e1 8f 95 e1 8f a5 e1 8e a7 e1 8e bf e1 8e ad e1 8f a9 e1 8f 97 e1 8f 8e e1 8f 8d e1 8f 97 20 e1 8e be 2d
Can't encode transcription: '14 ᏅᏩᏙᎯᏯᏛ ᏕᏥᎧᎿᎭᏩᏗᏎᏍᏗ Ꮎ-' in language ''
Encoding of string failed! Failure bytes: 34 31 20 e1 8e a4 e1 8f a3 e1 8f 98 e1 8f 83 20 e1 8e a4 e1 8f 82 e1 8f 8d e1 8e a6 e1 8e b4 e1 8e a2 2c 20 e1 8e a0 e1 8e b4 20 e1 8e af e1 8e a0 20 e1 8f 82 e1 8f 9a 2d
Can't encode transcription: '41 ᎤᏣᏘᏃ ᎤᏂᏍᎦᎴᎢ, ᎠᎴ ᎯᎠ ᏂᏚ-' in language ''
Encoding of string failed! Failure bytes: ea ae b7 e1 8f 80 e1 8f 8d e1 8e a9 20 e1 8f 97 e1 8e ab e1 8f b4 e1 8f 93 e1 8f 81 e1 8f 97 20 e1 8e a4 e1 8f 82 e1 8e a9 e1 8f 8f e1 8f 99 e1 8e b8 e1 8e af 20 e1 8e a0 e1 8f 95 e1 8e b8 20 e1 8f 80 2d
Can't encode transcription: 'ᏎᏍᏗ ꮷᏀᏍᎩ ᏗᎫᏴᏓᏁᏗ ᎤᏂᎩᏏᏙᎸᎯ ᎠᏕᎸ Ꮐ-' in language ''
Encoding of string failed! Failure bytes: 34 33 20 e1 8e a6 e1 8e b8 e1 8f 89 e1 8f 97 20 e1 8f 82 e1 8e a8 e1 8f 92 e1 8e be 20 e1 8e a0 e1 8f ab e1 8f 92 e1 8e af 20 e1 8e a8 e1 8f 90 e1 8e a2 2c
Can't encode transcription: '43 ᎦᎸᏉᏗ ᏂᎨᏒᎾ ᎠᏫᏒᎯ ᎨᏐᎢ,' in language ''
Encoding of string failed! Failure bytes: 34 20 e1 8e a0 e1 8f 8e e1 8f 8d e1 8e a9 e1 8f 82 e1 8f 83 e1 8f 85 20 e1 8e a0 e1 8f b2 e1 8e b1 e1 8e af e1 8f 8d e1 8f 97 20 e1 8e a8 e1 8f 92
Can't encode transcription: '14 ᎠᏎᏍᎩᏂᏃᏅ ᎠᏲᎱᎯᏍᏗ ᎨᏒ' in language ''
2 Percent improvement time=575, best error was 13.384 @ 1898
At iteration 2473/4100/4523, mean rms=1.207%, delta=3.487%, BCER train=11.330%, BWER train=22.681%, skip ratio=10.000%, New best BCER = 11.330 wrote best model:training_data/staged_tuning/run_custom_big_lr_big_decay_dr6_mx4_output/chr_11.330_2473_4100.checkpoint wrote checkpoint.
Encoding of string failed! Failure bytes: 3f
Can't encode transcription: 'ᎯᎠ ᎡᏆ ᎦᏚᎲ ᏄᏍᏛᎢ?' in language ''
Empty truth string!
Can't encode transcription: '' in language ''
Encoding of string failed! Failure bytes: 5b e1 8e a3 e1 8e a6 e1 8e b4 e1 8f 85 e1 8f 9b 20 e1 8e a0 e1 8f 8f 20 e1 8f 99 e1 8f a5 e1 8e b4 e1 8f b4 e1 8f 97 2e 5d
Can't encode transcription: '[ᎣᎦᎴᏅᏛ ᎠᏏ ᏙᏥᎴᏴᏗ.]' in language ''
Encoding of string failed! Failure bytes: 5b e1 8f a5 e1 8f 8c 5d 20 e1 8f a5 e1 8f af e1 8e a0 20 e1 8f af e1 8f 97 e1 8e ad 2c 20 5b e1 8f a5 e1 8f 8c 5d
Can't encode transcription: '6 ᎩᎶ [ᏥᏌ] ᏥᏯᎠ ᏯᏗᎭ, [ᏥᏌ]' in language ''
Encoding of string failed! Failure bytes: 34 37 20 e1 8f a5 e1 8f 8c 20 e1 8f ad e1 8e aa e1 8e b2 e1 8e a9 20 e1 8f 81 e1 8f 93 e1 8f 82 e1 8e b5 2c 20 e1 8e a6 e1 8f 99 e1 8e ac 20 e1 8e a2 2d
Can't encode transcription: '47 ᏥᏌ ᏭᎪᎲᎩ ᏁᏓᏂᎵ, ᎦᏙᎬ Ꭲ-' in language ''
Encoding of string failed! Failure bytes: 34 20 e1 8f b4 e1 8f ab 20 e1 8e a4 e1 8f aa e1 8f a5 20 e1 8e a0 e1 8e a2 20 e1 8f 84 e1 8f 8d e1 8f 9b 20 e1 8e aa e1 8f aa e1 8e b5
Can't encode transcription: '24 ᏴᏫ ᎤᏪᏥ ᎠᎢ ᏄᏍᏛ ᎪᏪᎵ' in language ''
Encoding of string failed! Failure bytes: 34 37 20 e1 8f a5 e1 8e aa 20 e1 8e a9 e1 8e b6 20 e1 8f b3 e1 8f 85 e1 8f 8d e1 8f 99 e1 8e af 20 e1 8e a0 e1 8e b9 20 e1 8e af e1 8e a0
Can't encode transcription: '47 ᏥᎪ ᎩᎶ ᏳᏅᏍᏙᎯ ᎠᎹ ᎯᎠ' in language ''
Encoding of string failed! Failure bytes: 34 2e 20 e1 8f 9d e1 8e a9 e1 8f b3 20 e1 8e a4 e1 8f 9b e1 8f 83 e1 8e af 20 e1 8f 95 e1 8e a6 e1 8e b3 e1 8f ab e1 8e a5 20 e1 8e ac e1 8f a9 e1 8f 96 e1 8e b3 e1 8f 97 e1 8f 8d e1 8f 97 e1 8e a2 2c
Can't encode transcription: '4. ᏝᎩᏳ ᎤᏛᏃᎯ ᏕᎦᎳᏫᎥ ᎬᏩᏖᎳᏗᏍᏗᎢ,' in language ''
Encoding of string failed! Failure bytes: 34 2e 20 e1 8f 9d e1 8e a9 e1 8f b3 20 e1 8e a4 e1 8f 9b e1 8f 83 e1 8e af 20 e1 8f 95 e1 8e a6 e1 8e b3 e1 8f ab e1 8e a5 20 e1 8e ac e1 8f a9 e1 8f 96 e1 8e b3 e1 8f 97 e1 8f 8d e1 8f 97 e1 8e a2 2c
Can't encode transcription: '4. ᏝᎩᏳ ᎤᏛᏃᎯ ᏕᎦᎳᏫᎥ ᎬᏩᏖᎳᏗᏍᏗᎢ,' in language ''
Encoding of string failed! Failure bytes: 5d 20 e1 8e a1 e1 8f 99 e1 8f 93 20 e1 8e aa e1 8e af 20 e1 8e a2 e1 8f af e1 8f 8d e1 8f 98 20 e1 8f 9a e1 8e b8 e1 8f ab 2d
Can't encode transcription: 'ᏪᏎᎸᎩ,] ᎡᏙᏓ ᎪᎯ ᎢᏯᏍᏘ ᏚᎸᏫ-' in language ''
Encoding of string failed! Failure bytes: 34 20 e1 8f 9a e1 8f 82 e1 8f 83 e1 8f 97 2c 20 31 38 32 35 2e
Can't encode transcription: 'ᎢᏤ ᎦᏚᎲ, 14 ᏚᏂᏃᏗ, 1825.' in language ''
2 Percent improvement time=512, best error was 12.96 @ 2007
At iteration 2519/4200/4634, mean rms=1.184%, delta=3.347%, BCER train=10.910%, BWER train=22.177%, skip ratio=10.400%, New best BCER = 10.910 wrote best model:training_data/staged_tuning/run_custom_big_lr_big_decay_dr6_mx4_output/chr_10.910_2519_4200.checkpoint wrote checkpoint.
Finished! Selected model with minimal training error rate (BCER) = 10.91
