Loaded file training_data/staged_tuning/run_custom_big_lr_big_decay_dr6_mx5_output/chr_checkpoint, unpacking...
Successfully restored trainer from training_data/staged_tuning/run_custom_big_lr_big_decay_dr6_mx5_output/chr_checkpoint
Encoding of string failed! Failure bytes: 5b e1 8e a3 e1 8e a6 e1 8e b4 e1 8f 85 e1 8f 9b 20 e1 8e a0 e1 8f 8f 20 e1 8f 99 e1 8f a5 e1 8e b4 e1 8f b4 e1 8f 97 2e 5d
Can't encode transcription: '[ᎣᎦᎴᏅᏛ ᎠᏏ ᏙᏥᎴᏴᏗ.]' in language ''
Encoding of string failed! Failure bytes: 34 20 e1 8e af e1 8e a0 20 e1 8e be e1 8f 8d e1 8e a9 20 e1 8e a3 e1 8e b5 e1 8f a9 20 e1 8f 94 e1 8e b5 20 e1 8f 95 e1 8f a1 e1 8e ac e1 8e a2 2c
Can't encode transcription: '4 ᎯᎠ ᎾᏍᎩ ᎣᎵᏩ ᏔᎵ ᏕᏡᎬᎢ,' in language ''
Encoding of string failed! Failure bytes: e1 8e ba e1 8e b5 e1 8f b1 20 e1 8e a1 e1 8e af
Can't encode transcription: '9 ᎿᎭᏉᏃ ᎾᏍᎩ ᎠᎨᏴ ᏌᎺᎵᏱ ᎡᎯ' in language ''
Encoding of string failed! Failure bytes: 56 2e
Can't encode transcription: 'ᎹᏚ. ᎠᏯᏙᎸᎢ V.' in language ''
Encoding of string failed! Failure bytes: 34 20 e1 8e be e1 8f 8d e1 8e a9 e1 8f 83 20 e1 8e a0 e1 8e b5 e1 8e ae e1 8e b5 e1 8f a4 e1 8f 97 20 e1 8e a8 e1 8f 8e e1 8f 8d e1 8f 97 20 e1 8e a4 2d
Can't encode transcription: '14 ᎾᏍᎩᏃ ᎠᎵᎮᎵᏤᏗ ᎨᏎᏍᏗ Ꭴ-' in language ''
Encoding of string failed! Failure bytes: ea ae 85 e1 8f 8d e1 8f 97 e1 8f 83 e1 8e af e1 8f af 20 e1 8e a0 e1 8f 97 e1 8f 80 20 20 e1 8f 80 e1 8f 8d e1 8e a9 20 e1 8f 9d
Can't encode transcription: 'ᏍᏗ, ᎢᎸᏍᎩᏃ ᏙᎣꮅᏍᏗᏃᎯᏯ ᎠᏗᏀ  ᏀᏍᎩ Ꮭ' in language ''
Encoding of string failed! Failure bytes: 34 20 e1 8f 85 e1 8f 93 e1 8f 95 e1 8f 86 2c 20 31 38 32 35 2e
Can't encode transcription: 'ᎢᏦᏗ, 14 ᏅᏓᏕᏆ, 1825.' in language ''
Encoding of string failed! Failure bytes: 3f
Can't encode transcription: 'ᏍᏗ, ᎠᎴ ᎤᎾᏁᎳᎩ ᎢᏨᏰᎵᏎᎮᏍᏗ?' in language ''
Encoding of string failed! Failure bytes: ea ae 94 e1 8e ab e1 8e b5 e1 8f 8d e1 8e a9 e1 8f 82 20 e1 8e a1 e1 8e af 20 e1 8e a4 e1 8e ac e1 8f ab e1 8f b3 e1 8e af 20 e1 8f 80 e1 8f 8d e1 8e a9 20 e1 8e a0 e1 8f a5 e1 8f 93 e1 8f 81 e1 8e b8 2d
Can't encode transcription: 'Ꮙ; ꮔᎫᎵᏍᎩᏂ ᎡᎯ ᎤᎬᏫᏳᎯ ᏀᏍᎩ ᎠᏥᏓᏁᎸ-' in language ''
Encoding of string failed! Failure bytes: 34 35 20 e1 8e bf e1 8e ad e1 8f 89 e1 8f 83 20 e1 8e a2 e1 8e a1 e1 8e aa e1 8e a2 20 e1 8f ab e1 8f 93 e1 8f af e1 8f 82 e1 8f 8d e1 8e aa 20 e1 8e a4 e1 8f a9 2d
Can't encode transcription: '45 ᎿᎭᏉᏃ ᎢᎡᎪᎢ ᏫᏓᏯᏂᏍᎪ ᎤᏩ-' in language ''
Encoding of string failed! Failure bytes: 3f 20 e1 8f 82 e1 8e af 2c 20 e1 8e a4 e1 8f 81 e1 8e b4 e1 8f 85 e1 8e af
Can't encode transcription: 'ᏥᎪ ᎢᎭᏓᏲᏁᎭ? ᏂᎯ, ᎤᏁᎴᏅᎯ' in language ''
Encoding of string failed! Failure bytes: 5b e1 8e a3 e1 8e a6 e1 8e b4 e1 8f 85 e1 8f 9b 20 e1 8e a0 e1 8f 8f 20 e1 8f 99 e1 8f a5 e1 8e b4 e1 8f b4 e1 8f 97 2e 5d
Can't encode transcription: '[ᎣᎦᎴᏅᏛ ᎠᏏ ᏙᏥᎴᏴᏗ.]' in language ''
Encoding of string failed! Failure bytes: ea ae 9c 2d
Can't encode transcription: 'ᏙᎯ. ᏑᏓᎵ ᎠᏂᏍᎦᏯ ᏂᏓᏂᎡᏍᏗ ᏚᎾᏓꮜ-' in language ''
2 Percent improvement time=1128, best error was 14.767 @ 1518
At iteration 2646/4100/4464, mean rms=1.308%, delta=3.700%, BCER train=12.625%, BWER train=24.530%, skip ratio=8.600%, New best BCER = 12.625 wrote best model:training_data/staged_tuning/run_custom_big_lr_big_decay_dr6_mx5_output/chr_12.625_2646_4100.checkpoint wrote checkpoint.
Encoding of string failed! Failure bytes: e1 8f bc e1 8f b1 2e 20 e1 8e be e1 8e bf e1 8f 83 20 e1 8f ab e1 8f 97 e1 8e b7 e1 8f a8 20 e1 8f 82 e1 8e aa e1 8e af e1 8e b8 2d
Can't encode transcription: 'ᏙᎯᏱ ᏗᎩᏌᏙᏗᏼᏱ. ᎾᎿᏃ ᏫᏗᎷᏨ ᏂᎪᎯᎸ-' in language ''
Encoding of string failed! Failure bytes: 34 20 e1 8f 95 e1 8e a6 e1 8f 9a e1 8f a9 e1 8f 97 e1 8f 92 e1 8f 83 20 e1 8e a0 e1 8f 82 e1 8e b6 e1 8f 8d e1 8e ac e1 8e a2 2c 20 e1 8f 93 e1 8f 82 e1 8f b2 e1 8e af 2d
Can't encode transcription: '4 ᏕᎦᏚᏩᏗᏒᏃ ᎠᏂᎶᏍᎬᎢ, ᏓᏂᏲᎯ-' in language ''
Empty truth string!
Can't encode transcription: '' in language ''
Encoding of string failed! Failure bytes: 34 20 e1 8f 9a e1 8f 82 e1 8f 83 e1 8f 97 2c 20 31 38 32 35 2e
Can't encode transcription: 'ᎢᏤ ᎦᏚᎲ, 14 ᏚᏂᏃᏗ, 1825.' in language ''
Encoding of string failed! Failure bytes: 34 30 20 e1 8e a0 e1 8e b4 20 e1 8f a6 e1 8f 93 e1 8f 82 20 e1 8f 8d e1 8e aa e1 8e be 20 e1 8f ad e1 8e b6 e1 8f 92 e1 8e a9 2c
Can't encode transcription: '40 ᎠᎴ ᏦᏓᏂ ᏍᎪᎾ ᏭᎶᏒᎩ,' in language ''
Encoding of string failed! Failure bytes: e1 8e ba e1 8e b5 e1 8f 8d e1 8e a9 e1 8f 82 20 e1 8e a6 e1 8e b5 e1 8f a6 e1 8f 95 e1 8f 89
Can't encode transcription: 'ᎢᏒᎢ ᏫᏚᏠᏒᎩ. ᎺᎵᏍᎩᏂ ᎦᎵᏦᏕᏉ' in language ''
Encoding of string failed! Failure bytes: 34 20 e1 8f a5 e1 8f 8c 20 e1 8e af e1 8e a0 20 e1 8f 84 e1 8f aa e1 8f 8e e1 8e b8 e1 8e a9 3b 20 e1 8f a5 e1 8e aa 20 e1 8f a8 e1 8f 92
Can't encode transcription: '34 ᏥᏌ ᎯᎠ ᏄᏪᏎᎸᎩ; ᏥᎪ ᏨᏒ' in language ''
Encoding of string failed! Failure bytes: 34 20 e1 8f a5 e1 8f 8c e1 8f 83 20 e1 8e a4 e1 8f 81 e1 8f a8 20 e1 8e af e1 8e a0 20 e1 8f 82 e1 8f 9a e1 8f aa e1 8f 8e e1 8e b8 e1 8e a9 2c
Can't encode transcription: '24 ᏥᏌᏃ ᎤᏁᏨ ᎯᎠ ᏂᏚᏪᏎᎸᎩ,' in language ''
At iteration 2697/4200/4572, mean rms=1.301%, delta=3.693%, BCER train=12.701%, BWER train=24.636%, skip ratio=9.100%, New worst BCER = 12.701 wrote checkpoint.
Finished! Selected model with minimal training error rate (BCER) = 12.625
