Loaded file training_data/staged_tuning/run_custom_big_lr_big_decay_dr6_mx5_output/chr_checkpoint, unpacking...
Successfully restored trainer from training_data/staged_tuning/run_custom_big_lr_big_decay_dr6_mx5_output/chr_checkpoint
Encoding of string failed! Failure bytes: e1 8e ba e1 8e b5 e1 8e a6 e1 8f b1 20 e1 8e a4 e1 8f aa e1 8f a5 20 e1 8e a8 e1 8f 8e e1 8e a2 2c
Can't encode transcription: '28 ᎾᏍᎩ ᎺᎵᎦᏱ ᎤᏪᏥ ᎨᏎᎢ,' in language ''
Encoding of string failed! Failure bytes: 3f
Can't encode transcription: 'ᎠᎩᎵᏲᎢᏍᏗ ᏗᎨᏒ ᏨᏍᎩᏃᎢ?' in language ''
Encoding of string failed! Failure bytes: 34 31 20 e1 8e a2 e1 8e a6 e1 8f 9b e1 8f 83 20 e1 8e af e1 8e a0 20 e1 8f 84 e1 8f 82 e1 8f aa e1 8f 92 e1 8e a9 3b 20 e1 8e af e1 8e a0
Can't encode transcription: '41 ᎢᎦᏛᏃ ᎯᎠ ᏄᏂᏪᏒᎩ; ᎯᎠ' in language ''
Encoding of string failed! Failure bytes: ea ae b2 20 e1 8e a2 e1 8e b8 e1 8e af e1 8f a2 20 e1 8e a4 e1 8f 8d e1 8f 97 e1 8e a9 e1 8f 9b 20 e1 8f b2 e1 8e a9 e1 8f 82 e1 8e b5 e1 8f 93 e1 8f 8d e1 8f 94 e1 8f 85 2c 20 e1 8e aa e1 8f a2 e1 8e af 2d
Can't encode transcription: 'ᎱᏳꮲ ᎢᎸᎯᏢ ᎤᏍᏗᎩᏛ ᏲᎩᏂᎵᏓᏍᏔᏅ, ᎪᏢᎯ-' in language ''
Empty truth string!
Can't encode transcription: '' in language ''
Empty truth string!
Can't encode transcription: '' in language ''
Encoding of string failed! Failure bytes: 5b e1 8e a3 e1 8e a6 e1 8e b4 e1 8f 85 e1 8f 9b 20 e1 8e a0 e1 8f 8f 20 e1 8f 99 e1 8f a5 e1 8e b4 e1 8f b4 e1 8f 97 2e 5d
Can't encode transcription: '[ᎣᎦᎴᏅᏛ ᎠᏏ ᏙᏥᎴᏴᏗ.]' in language ''
Encoding of string failed! Failure bytes: e1 8e bc e1 8f 8d e1 8e a8 e1 8f 8d e1 8f 97 2e
Can't encode transcription: 'ᎼᏍᎨᏍᏗ.' in language ''
2 Percent improvement time=402, best error was 19.476 @ 819
At iteration 1221/1700/1851, mean rms=1.563%, delta=4.736%, BCER train=16.921%, BWER train=32.986%, skip ratio=8.200%, New best BCER = 16.921 wrote best model:training_data/staged_tuning/run_custom_big_lr_big_decay_dr6_mx5_output/chr_16.921_1221_1700.checkpoint wrote checkpoint.
Encoding of string failed! Failure bytes: ea ae 83 e1 8e a5 e1 8f 8d e1 8f 97 20 e1 8f b3 e1 8f 82 e1 8f 91 e1 8e b5 e1 8e aa e1 8f a3
Can't encode transcription: 'ᏓᏏ ᎩᎳ ᏱᏕᎳ. ᎾᏍᎩ ᎠᏂᎦꮃᎥᏍᏗ ᏳᏂᏑᎵᎪᏣ' in language ''
Encoding of string failed! Failure bytes: e1 8f ba e1 8f 97 e1 8f b0 e1 8e b8 e1 8e be 2c 20 e1 8f 85 e1 8f 83 e1 8e ad e1 8f 93 e1 8e af 2c
Can't encode transcription: 'ᎣᏏᏳ ᎣᏺᏗᏰᎸᎾ, ᏅᏃᎭᏓᎯ,' in language ''
Encoding of string failed! Failure bytes: 49 49 49 2e
Can't encode transcription: 'ᎹᏚ. ᎠᏯᏙᎸᎢ III.' in language ''
Encoding of string failed! Failure bytes: 49 49 49 2e
Can't encode transcription: 'ᎹᏚ. ᎠᏯᏙᎸᎢ III.' in language ''
Encoding of string failed! Failure bytes: ea ae b7 e1 8e bf e1 8e a5 e1 8e a2 2e
Can't encode transcription: 'ᎠᎴ ᎤᏂᏥᏙᎲᏒ ᏚᏂꮷᎿᎥᎢ.' in language ''
Empty truth string!
Can't encode transcription: '' in language ''
Empty truth string!
Can't encode transcription: '' in language ''
Encoding of string failed! Failure bytes: ea ad bf e1 8e b5 e1 8f 8f 20 e1 8e a0 e1 8f 82 e1 8f 8c e1 8f 9a e1 8f 8f e1 8f 83
Can't encode transcription: '7. ᎤᏂᏣᏘ ᎠᏎᏃ ᏚᎪᎲ ᎠᏂᏆꭿᎵᏏ ᎠᏂᏌᏚᏏᏃ' in language ''
Encoding of string failed! Failure bytes: e1 8e bc e1 8f 85 20 e1 8e a0 e1 8e a6 2d
Can't encode transcription: 'ᎢᏴᏛ ᏧᏪᏅᏎ ᎤᏛᎦᏂᎴ ᏐᎵᎼᏅ ᎠᎦ-' in language ''
Encoding of string failed! Failure bytes: 34 20 e1 8e a0 e1 8e b4 20 e1 8e af e1 8e a0 20 e1 8e be e1 8f 8d e1 8e a9 20 e1 8e a5 e1 8f 9d 20 e1 8f b3 e1 8f 83 e1 8e b5 e1 8f a4 e1 8e a2 3b
Can't encode transcription: '34 ᎠᎴ ᎯᎠ ᎾᏍᎩ ᎥᏝ ᏳᏃᎵᏤᎢ;' in language ''
Encoding of string failed! Failure bytes: 3f 20 e1 8e be e1 8f 8d e1 8f 89 e1 8e a8 20 e1 8e be e1 8f 8d e1 8e a9 e1 8f af
Can't encode transcription: 'ᎤᏓᏅᏖᏛ ᏂᏥᏪᎠ? ᎾᏍᏉᎨ ᎾᏍᎩᏯ' in language ''
Encoding of string failed! Failure bytes: 3f 20 e1 8e be e1 8f 8d e1 8e a9 20 e1 8e a0 e1 8f 94 e1 8f b2 e1 8e af e1 8e b2
Can't encode transcription: 'ᎾᎿᎭᎢᎳᏯ ᎠᏥᏃᎮᏍᎬᎢ? ᎾᏍᎩ ᎠᏔᏲᎯᎲ' in language ''
Encoding of string failed! Failure bytes: 34 20 e1 8e a5 e1 8f 9d 20 e1 8e a9 e1 8e b6 20 e1 8f b0 e1 8e b5 20 e1 8e a0 e1 8f 82 e1 8f 94 e1 8e b5 20 e1 8e ac e1 8f a9 e1 8e be e1 8f 9d e1 8e a2
Can't encode transcription: '24 ᎥᏝ ᎩᎶ ᏰᎵ ᎠᏂᏔᎵ ᎬᏩᎾᏝᎢ' in language ''
Encoding of string failed! Failure bytes: 34 2e 20 e1 8f 9d e1 8e a9 e1 8f b3 20 e1 8e a4 e1 8f 9b e1 8f 83 e1 8e af 20 e1 8f 95 e1 8e a6 e1 8e b3 e1 8f ab e1 8e a5 20 e1 8e ac e1 8f a9 e1 8f 96 e1 8e b3 e1 8f 97 e1 8f 8d e1 8f 97 e1 8e a2 2c
Can't encode transcription: '4. ᏝᎩᏳ ᎤᏛᏃᎯ ᏕᎦᎳᏫᎥ ᎬᏩᏖᎳᏗᏍᏗᎢ,' in language ''
Encoding of string failed! Failure bytes: 34 35 20 e1 8e bf e1 8e ad e1 8f 89 e1 8f 83 20 e1 8f 9a e1 8f 8d e1 8f 9a e1 8e a2 e1 8e a1 e1 8e b4 20 e1 8f 9a e1 8e be e1 8f 93 e1 8f 85 e1 8f 9b e1 8e a2 2c
Can't encode transcription: '45 ᎿᎭᏉᏃ ᏚᏍᏚᎢᎡᎴ ᏚᎾᏓᏅᏛᎢ,' in language ''
2 Percent improvement time=388, best error was 18.886 @ 893
At iteration 1281/1800/1966, mean rms=1.523%, delta=4.644%, BCER train=16.280%, BWER train=31.755%, skip ratio=8.500%, New best BCER = 16.280 wrote best model:training_data/staged_tuning/run_custom_big_lr_big_decay_dr6_mx5_output/chr_16.280_1281_1800.checkpoint wrote checkpoint.
Finished! Selected model with minimal training error rate (BCER) = 16.28
