Loaded file training_data/staged_tuning/run_custom_big_lr_big_decay_dr6_mx5_output/chr_checkpoint, unpacking...
Successfully restored trainer from training_data/staged_tuning/run_custom_big_lr_big_decay_dr6_mx5_output/chr_checkpoint
Encoding of string failed! Failure bytes: ea ae bb e1 8e a8 e1 8e a6 e1 8f 98 e1 8f 85 e1 8f 8d e1 8f 94 e1 8f 81 20 e1 8e be e1 8e af e1 8f b3 20 e1 8f 85 e1 8f 9b e1 8f 8d e1 8f 98 20 e1 8f 82 e1 8e a6 e1 8f 9a
Can't encode transcription: 'ᏫᏗꮻᎨᎦᏘᏅᏍᏔᏁ ᎾᎯᏳ ᏅᏛᏍᏘ ᏂᎦᏚ' in language ''
Encoding of string failed! Failure bytes: ea ae ad 2e 20 e1 8e a0 e1 8f 95 e1 8f 97 e1 8f b1 e1 8f 8d e1 8e ac e1 8f 83 20 e1 8e a2 e1 8f b4 20 e1 8e a9 e1 8e b3
Can't encode transcription: 'ᎠᏕᎸ ᎤᎾᎫᏴᏗ ᎨᏎᏍᏗꮭ. ᎠᏕᏗᏱᏍᎬᏃ ᎢᏴ ᎩᎳ' in language ''
Encoding of string failed! Failure bytes: 34 20 e1 8e a4 e1 8f a3 e1 8f 98 20 e1 8e a2 e1 8f a8 e1 8f b2 e1 8e a2 e1 8f b3 e1 8e ad 3b 20 e1 8e a4 e1 8f a3 e1 8f 98 20 e1 8e a2 e1 8f a8 2d
Can't encode transcription: '4 ᎤᏣᏘ ᎢᏨᏲᎢᏳᎭ; ᎤᏣᏘ ᎢᏨ-' in language ''
Encoding of string failed! Failure bytes: 34 20 e1 8f 9a e1 8f 82 e1 8f 83 e1 8f 97 2c 20 31 38 32 35 2e
Can't encode transcription: 'ᎢᏤ ᎦᏚᎲ, 14 ᏚᏂᏃᏗ, 1825.' in language ''
2 Percent improvement time=287, best error was 24.573 @ 407
At iteration 694/900/985, mean rms=1.859%, delta=6.270%, BCER train=21.501%, BWER train=39.173%, skip ratio=9.444%, New best BCER = 21.501 wrote best model:training_data/staged_tuning/run_custom_big_lr_big_decay_dr6_mx5_output/chr_21.501_694_900.checkpoint wrote checkpoint.
Encoding of string failed! Failure bytes: ea ad bc e1 8e b3 e1 8f 85 e1 8e af 20 e1 8e a4 e1 8e ac e1 8f ab e1 8f b3 e1 8e af 20 e1 8e a8 e1 8f 92 e1 8e a2 2c
Can't encode transcription: 'ᏔᏅᎯ ᎤꭼᎳᏅᎯ ᎤᎬᏫᏳᎯ ᎨᏒᎢ,' in language ''
Encoding of string failed! Failure bytes: 34 35 20 e1 8e ac e1 8f a9 e1 8f a0 e1 8f a8 e1 8f 83 20 e1 8e a2 e1 8e a4 e1 8e be e1 8f a8 e1 8f 8e e1 8e a2 20 e1 8f a5 e1 8e b7 e1 8f 8f e1 8e b5 e1 8e bb
Can't encode transcription: '45 ᎬᏩᏠᏨᏃ ᎢᎤᎾᏨᏎᎢ ᏥᎷᏏᎵᎻ' in language ''
Encoding of string failed! Failure bytes: 3f 20 e1 8e a0 e1 8f 99 e1 8e b4 e1 8e b0 e1 8f 8d e1 8e a9 e1 8e a8 3f 20 e1 8e a5 e1 8e a5 20 e1 8f 82 2d
Can't encode transcription: '9. ᎦᏙᎩ ᎢᏣᎦᏔᏅᏎᎢ? ᎠᏙᎴᎰᏍᎩᎨ? ᎥᎥ Ꮒ-' in language ''
Encoding of string failed! Failure bytes: 3f
Can't encode transcription: 'ᏙᏃ Ꮭ ᏴᎡᏣᏘᏃᎦ?' in language ''
Encoding of string failed! Failure bytes: e1 8f 8b e1 8f 92 e1 8f 89 20 e1 8e a0 e1 8f 86 e1 8f 93 e1 8f 85 e1 8f 96 e1 8e b8 e1 8e af 20 e1 8e a2 e1 8e a8 2d
Can't encode transcription: 'ᏥᏬᏂᏍᎬ ᎠᏋᏒᏉ ᎠᏆᏓᏅᏖᎸᎯ ᎢᎨ-' in language ''
Encoding of string failed! Failure bytes: 5b e1 8e a0 e1 8f 81 e1 8e af 3b 5d 20 e1 8e be e1 8f 8d e1 8e a9 20 e1 8f 93 2d
Can't encode transcription: 'ᎮᎭ ᏂᎬᎾᏛ ᎡᎶᎯ [ᎠᏁᎯ;] ᎾᏍᎩ Ꮣ-' in language ''
Encoding of string failed! Failure bytes: 34 e1 8e a6 e1 8e aa 20 e1 8f a7 e1 8f 84 e1 8e aa e1 8f 93 e1 8f 81 e1 8e af 3f 20 e1 8e a6 e1 8e b6 e1 8f 81 e1 8f 9b e1 8f 8d e1 8e aa 2c
Can't encode transcription: '34ᎦᎪ ᏧᏄᎪᏓᏁᎯ? ᎦᎶᏁᏛᏍᎪ,' in language ''
Encoding of string failed! Failure bytes: 34 20 e1 8e a0 e1 8f 8e e1 8f 83 20 e1 8e a0 e1 8f b4 20 e1 8e a5 e1 8f 9d 20 e1 8f b1 e1 8f 97 e1 8e a6 e1 8f 93 e1 8f 82 e1 8e b8 e1 8e a6 20 e1 8f b4 e1 8f ab
Can't encode transcription: '34 ᎠᏎᏃ ᎠᏴ ᎥᏝ ᏱᏗᎦᏓᏂᎸᎦ ᏴᏫ' in language ''
Encoding of string failed! Failure bytes: 34 20 e1 8e af e1 8e a0 20 e1 8f 82 e1 8e a6 e1 8f aa e1 8f 8d e1 8e a8 e1 8e a2 2c 20 e1 8e a3 e1 8e a6 e1 8f 81 e1 8e b3 e1 8e a9 3b
Can't encode transcription: '34 ᎯᎠ ᏂᎦᏪᏍᎨᎢ, ᎣᎦᏁᎳᎩ;' in language ''
Encoding of string failed! Failure bytes: 3f 20 e1 8e a0 e1 8f 86 e1 8f 93 e1 8f 85 e1 8f 99 20 e1 8e ac e1 8f 97 2d
Can't encode transcription: '15 ᎦᏙ ᎰᏩ ᎤᏍᏗ? ᎠᏆᏓᏅᏙ ᎬᏗ-' in language ''
Encoding of string failed! Failure bytes: 34 37 20 e1 8e bf e1 8e ad e1 8f 89 e1 8f 83 20 e1 8f 84 e1 8f 82 e1 8e ac e1 8f ab e1 8f b3 e1 8f 92 20 e1 8e a0 e1 8f a5 e1 8e b8 2d
Can't encode transcription: '47 ᎿᎭᏉᏃ ᏄᏂᎬᏫᏳᏒ ᎠᏥᎸ-' in language ''
Encoding of string failed! Failure bytes: e1 8f 8b e1 8f 81 e1 8e ad 3f
Can't encode transcription: 'ᏐᎳ, ᎦᏙᏃ ᎤᏲ ᏂᏍᏋᏁᎭ?' in language ''
Encoding of string failed! Failure bytes: 5b e1 8e a3 e1 8e a6 e1 8e b4 e1 8f 85 e1 8f 9b 20 e1 8e a0 e1 8f 8f 20 e1 8f 99 e1 8f a5 e1 8e b4 e1 8f b4 e1 8f 97 2e 5d
Can't encode transcription: '[ᎣᎦᎴᏅᏛ ᎠᏏ ᏙᏥᎴᏴᏗ.]' in language ''
Encoding of string failed! Failure bytes: 34 31 20 e1 8e be e1 8f 8d e1 8e a9 e1 8f 83 20 e1 8f 84 e1 8f aa e1 8f 92 20 e1 8f 9a e1 8f b0 e1 8e b5 e1 8e af e1 8f 8d e1 8f 94 e1 8f 85 e1 8e a9
Can't encode transcription: '41 ᎾᏍᎩᏃ ᏄᏪᏒ ᏚᏰᎵᎯᏍᏔᏅᎩ' in language ''
Encoding of string failed! Failure bytes: 3f 20 e1 8e a0 e1 8f 8d e1 8e a6 2d
Can't encode transcription: 'ᎨᏒ ᎤᏁᎳᏅᎯ, ᎦᏙ ᏓᏓᏛᏂ? ᎠᏍᎦ-' in language ''
2 Percent improvement time=290, best error was 23.207 @ 471
At iteration 761/1000/1100, mean rms=1.831%, delta=6.117%, BCER train=21.178%, BWER train=38.769%, skip ratio=10.000%, New best BCER = 21.178 wrote checkpoint.
Finished! Selected model with minimal training error rate (BCER) = 21.178
