Loaded file training_data/staged_tuning/run_custom_big_lr_big_decay_dr6_mx5_output/chr_checkpoint, unpacking...
Successfully restored trainer from training_data/staged_tuning/run_custom_big_lr_big_decay_dr6_mx5_output/chr_checkpoint
Encoding of string failed! Failure bytes: 34 20 e1 8f 85 e1 8f 93 e1 8f 95 e1 8f 86 2c 20 31 38 32 35 2e
Can't encode transcription: 'ᎢᏦᏗ, 14 ᏅᏓᏕᏆ, 1825.' in language ''
Encoding of string failed! Failure bytes: 34 20 e1 8e be e1 8f 8d e1 8e a9 20 e1 8e a2 e1 8f b3 e1 8f 8d e1 8f 97 20 e1 8f a5 e1 8f 8c 20 e1 8e bf e1 8e ad e1 8f 89 20 e1 8e a5 e1 8f 9d
Can't encode transcription: '54 ᎾᏍᎩ ᎢᏳᏍᏗ ᏥᏌ ᎿᎭᏉ ᎥᏝ' in language ''
Encoding of string failed! Failure bytes: 34 20 e1 8e a0 e1 8f 8e e1 8f 83 20 e1 8e a0 e1 8f 82 e1 8f 86 e1 8e b5 e1 8f 8f 20 e1 8e af e1 8e a0 20 e1 8f 84 e1 8f 82 e1 8f aa e1 8f 92 e1 8e a9 3b
Can't encode transcription: '34 ᎠᏎᏃ ᎠᏂᏆᎵᏏ ᎯᎠ ᏄᏂᏪᏒᎩ;' in language ''
Encoding of string failed! Failure bytes: 34 37 20 e1 8e bf e1 8e ad e1 8f 89 e1 8f 83 20 e1 8f 84 e1 8f 82 e1 8e ac e1 8f b3 e1 8f 92 20 e1 8e a0 e1 8f a5 e1 8e b8 2d
Can't encode transcription: '47 ᎿᎭᏉᏃ ᏄᏂᎬᏳᏒ ᎠᏥᎸ-' in language ''
Encoding of string failed! Failure bytes: 3f 20 e1 8e a0 e1 8e b4 20 e1 8f 97 e1 8e a6 e1 8f b0 2d
Can't encode transcription: 'ᎾᏍᎩ ᎠᏆᏗᏔᏍᏗ ᏥᎩ? ᎠᎴ ᏗᎦᏰ-' in language ''
Encoding of string failed! Failure bytes: 56 2e
Can't encode transcription: 'ᎹᏚ. ᎠᏯᏙᎸᎢ V.' in language ''
Encoding of string failed! Failure bytes: e1 8e bc e1 8f 8f 20 e1 8e a0 e1 8e b4 20 e1 8e a2 e1 8e b3 e1 8f af 20 e1 8e ac e1 8f a9 e1 8e b5 e1 8f 83 e1 8e ae e1 8f 97 2d
Can't encode transcription: 'ᎾᏛᏁᎴ ᎼᏏ ᎠᎴ ᎢᎳᏯ ᎬᏩᎵᏃᎮᏗ-' in language ''
Encoding of string failed! Failure bytes: 5b e1 8f a5 e1 8f 8c e1 8f 83 5d 20 e1 8e be e1 8f 8d e1 8e a9 20 e1 8f 84 e1 8f aa e1 8f 92 2c 20 e1 8e a2 e1 8e ac e1 8f b1
Can't encode transcription: '28 [ᏥᏌᏃ] ᎾᏍᎩ ᏄᏪᏒ, ᎢᎬᏱ' in language ''
Encoding of string failed! Failure bytes: 34 2e 20 e1 8e a0 e1 8f 8e e1 8f 83 20 e1 8f a3 e1 8f 82 20 e1 8f 9a e1 8e b5 e1 8f ab e1 8f 8e e1 8e b4 e1 8f 89 2c 20 e1 8e a0 e1 8f b4 e1 8f 8d e1 8e a9 e1 8f 82 20 e1 8f b1 e1 8f 8d e1 8f 86 2d
Can't encode transcription: '14. ᎠᏎᏃ ᏣᏂ ᏚᎵᏫᏎᎴᏉ, ᎠᏴᏍᎩᏂ ᏱᏍᏆ-' in language ''
2 Percent improvement time=1945, best error was 14.499 @ 1579
At iteration 3524/5700/6233, mean rms=1.240%, delta=3.466%, BCER train=12.444%, BWER train=23.469%, skip ratio=11.200%, New best BCER = 12.444 wrote best model:training_data/staged_tuning/run_custom_big_lr_big_decay_dr6_mx5_output/chr_12.444_3524_5700.checkpoint wrote checkpoint.
Encoding of string failed! Failure bytes: 34 35 20 e1 8e a4 e1 8e b7 e1 8f a8 e1 8f 89 e1 8f 83 20 e1 8e a9 e1 8e b3 e1 8f 89 20 e1 8e a2 e1 8f b4 e1 8f 9b 20 e1 8f ad e1 8e b7 2d
Can't encode transcription: '45 ᎤᎷᏨᏉᏃ ᎩᎳᏉ ᎢᏴᏛ ᏭᎷ-' in language ''
Encoding of string failed! Failure bytes: 3f 20 e1 8e af e1 8e a0 e1 8f 83 20 e1 8f 84 e1 8f aa e1 8f 8e e1 8e a2 2c 20 e1 8e a0 2d
Can't encode transcription: 'ᎢᎳᎪ ᎡᏣᏚᎦ? ᎯᎠᏃ ᏄᏪᏎᎢ, Ꭰ-' in language ''
Encoding of string failed! Failure bytes: e1 8f 8b 2c 20 e1 8e a0 e1 8e b4 20 e1 8e ac e1 8f a9 e1 8f 9b e1 8f 81 e1 8e a2 2e
Can't encode transcription: 'ᎨᏎᏋ, ᎠᎴ ᎬᏩᏛᏁᎢ.' in language ''
Encoding of string failed! Failure bytes: e1 8f 8b e1 8f 81 e1 8e ad 2c 20 e1 8e a0 e1 8e b4 20 e1 8f 82 e1 8e a6 e1 8f 9b 20 e1 8f 97 e1 8e a8 e1 8e a6 e1 8f 81 e1 8e b6 e1 8f 97
Can't encode transcription: 'ᎬᏂᎨᏒ ᎾᏋᏁᎭ, ᎠᎴ ᏂᎦᏛ ᏗᎨᎦᏁᎶᏗ' in language ''
Encoding of string failed! Failure bytes: 34 20 e1 8e a8 e1 8f 86 e1 8f 82 e1 8f 83 20 e1 8e a4 e1 8f 82 e1 8e b7 e1 8f a8 20 e1 8e a0 e1 8f b0 e1 8e b5 20 e1 8e a0 e1 8f 95 e1 8e b8
Can't encode transcription: '24 ᎨᏆᏂᏃ ᎤᏂᎷᏨ ᎠᏰᎵ ᎠᏕᎸ' in language ''
Encoding of string failed! Failure bytes: 22
Can't encode transcription: 'ᎦᏍᎩᎶ ᏂᎦᏥᏴᏁᎸᎭ."' in language ''
Encoding of string failed! Failure bytes: 34 2e 20 e1 8f 80 e1 8f 8d e1 8e a9 e1 8f 83 20 e1 8e af e1 8e a0 20 e1 8f a3 e1 8f 82 20 e1 8e a4 e1 8f 85 e1 8f a9 e1 8e a1 20 e1 8f 90 e1 8f 88 e1 8e b5 20 e1 8e a6 e1 8f 90 e1 8f 86 e1 8f 97 20 e1 8e a4 2d
Can't encode transcription: '4. ᏀᏍᎩᏃ ᎯᎠ ᏣᏂ ᎤᏅᏩᎡ ᏐᏈᎵ ᎦᏐᏆᏗ Ꭴ-' in language ''
Encoding of string failed! Failure bytes: 34 2e 20 e1 8f 80 e1 8f 8d e1 8e a9 e1 8f 83 20 e1 8e af e1 8e a0 20 e1 8f a3 e1 8f 82 20 e1 8e a4 e1 8f 85 e1 8f a9 e1 8e a1 20 e1 8f 90 e1 8f 88 e1 8e b5 20 e1 8e a6 e1 8f 90 e1 8f 86 e1 8f 97 20 e1 8e a4 2d
Can't encode transcription: '4. ᏀᏍᎩᏃ ᎯᎠ ᏣᏂ ᎤᏅᏩᎡ ᏐᏈᎵ ᎦᏐᏆᏗ Ꭴ-' in language ''
At iteration 3581/5800/6341, mean rms=1.263%, delta=3.685%, BCER train=12.961%, BWER train=24.151%, skip ratio=10.700%, New worst BCER = 12.961 wrote checkpoint.
Finished! Selected model with minimal training error rate (BCER) = 12.444
