Loaded file training_data/staged_tuning/run_custom_big_lr_big_decay_dr6_mx5_output/chr_checkpoint, unpacking...
Successfully restored trainer from training_data/staged_tuning/run_custom_big_lr_big_decay_dr6_mx5_output/chr_checkpoint
Encoding of string failed! Failure bytes: 34 35 20 e1 8e a9 e1 8e b3 e1 8f 89 e1 8f 83 20 e1 8e a2 e1 8f b4 e1 8f 9b 20 e1 8f 9a e1 8f 85 e1 8f ab e1 8f 8d e1 8f 94 e1 8f 81 20 e1 8e ac 2d
Can't encode transcription: '45 ᎩᎳᏉᏃ ᎢᏴᏛ ᏚᏅᏫᏍᏔᏁ Ꭼ-' in language ''
Encoding of string failed! Failure bytes: ea ad bd 2c 20 e1 8e a2 e1 8f 8d e1 8f 93 e1 8f 9b e1 8f 85 e1 8e ad 3b 20 e1 8e a9 e1 8e b3 e1 8f 89 e1 8f 83 20 e1 8e a2 e1 8f b4 e1 8f 9b
Can't encode transcription: 'ᎵᎭꭽ, ᎢᏍᏓᏛᏅᎭ; ᎩᎳᏉᏃ ᎢᏴᏛ' in language ''
Encoding of string failed! Failure bytes: ea ae aa e1 8e a8 e1 8e a6 e1 8e b5 e1 8f a5 e1 8f 99 e1 8f 81 e1 8e ad 2e
Can't encode transcription: 'ᎧᏃᎮᏛ ᎢꮪᎨᎦᎵᏥᏙᏁᎭ.' in language ''
Encoding of string failed! Failure bytes: 34 20 e1 8e a0 e1 8f 8d e1 8e aa e1 8e af e1 8f 83 20 e1 8e a2 e1 8f af e1 8f 82 e1 8f 9b 20 e1 8e a4 e1 8e be e1 8f 9b e1 8e a6 e1 8f 85 20 e1 8e a4 2d
Can't encode transcription: '24 ᎠᏍᎪᎯᏃ ᎢᏯᏂᏛ ᎤᎾᏛᎦᏅ Ꭴ-' in language ''
Encoding of string failed! Failure bytes: 34 2e 20 e1 8f a5 e1 8f 8c e1 8f 83 20 e1 8e a4 e1 8f 81 e1 8f a8 20 e1 8e af e1 8e a0 20 e1 8f 82 e1 8f 9a e1 8f aa e1 8f 8e e1 8e b8 e1 8e a9 3b 20 e1 8f a5 e1 8f 8d e1 8f 95 e1 8e be 20 e1 8f a3 e1 8f 82
Can't encode transcription: '4. ᏥᏌᏃ ᎤᏁᏨ ᎯᎠ ᏂᏚᏪᏎᎸᎩ; ᏥᏍᏕᎾ ᏣᏂ' in language ''
Encoding of string failed! Failure bytes: 5e e1 8e be e1 8f 8d e1 8f 89 20 e1 8e a4 e1 8e ac e1 8f ab e1 8f b3 e1 8e af 20 e1 8f 84 e1 8e ac e1 8f ab e1 8f b3 e1 8f 92
Can't encode transcription: 'ᎨᏒᎢ^ᎾᏍᏉ ᎤᎬᏫᏳᎯ ᏄᎬᏫᏳᏒ' in language ''
Encoding of string failed! Failure bytes: 34 20 e1 8f 85 e1 8f 93 e1 8f 95 e1 8f 86 2c 20 31 38 32 35 2e
Can't encode transcription: 'ᎢᏦᏗ, 14 ᏅᏓᏕᏆ, 1825.' in language ''
2 Percent improvement time=2159, best error was 14.499 @ 1579
At iteration 3738/6100/6667, mean rms=1.215%, delta=3.444%, BCER train=12.161%, BWER train=23.202%, skip ratio=10.800%, New best BCER = 12.161 wrote best model:training_data/staged_tuning/run_custom_big_lr_big_decay_dr6_mx5_output/chr_12.161_3738_6100.checkpoint wrote checkpoint.
Encoding of string failed! Failure bytes: 34 2e 20 e1 8f 9d e1 8e a9 e1 8f b3 20 e1 8e a4 e1 8f 9b e1 8f 83 e1 8e af 20 e1 8f 95 e1 8e a6 e1 8e b3 e1 8f ab e1 8e a5 20 e1 8e ac e1 8f a9 e1 8f 96 e1 8e b3 e1 8f 97 e1 8f 8d e1 8f 97 e1 8e a2 2c
Can't encode transcription: '4. ᏝᎩᏳ ᎤᏛᏃᎯ ᏕᎦᎳᏫᎥ ᎬᏩᏖᎳᏗᏍᏗᎢ,' in language ''
Encoding of string failed! Failure bytes: 34 39 20 e1 8e a4 e1 8e ac e1 8f ab e1 8f b3 e1 8e af e1 8f 83 20 e1 8e a4 e1 8f a4 e1 8e b5 20 e1 8e a7 e1 8f 83 e1 8e ae e1 8f 9b 20 e1 8f 9a e1 8f b0 e1 8e b5 e1 8f 8e
Can't encode transcription: '49 ᎤᎬᏫᏳᎯᏃ ᎤᏤᎵ ᎧᏃᎮᏛ ᏚᏰᎵᏎ' in language ''
Encoding of string failed! Failure bytes: 5b e1 8e af e1 8e a0 20 e1 8f 82 e1 8e ac e1 8f 85 e1 8e a9 5d 20 e1 8e a4 e1 8f 95 e1 8e b5 e1 8f 9b 20 e1 8e a8 e1 8f 92 e1 8e a2 2c 20 e1 8f 93 e1 8f 93 e1 8e b6 e1 8f 82 20 e1 8e a1 e1 8f 86 2c 20 e1 8e a4 e1 8f 82 e1 8f 81 e1 8e ab e1 8f a5 e1 8f 9b 20 e1 8e a0 e1 8f 82 e1 8e a8 e1 8f b4 20 e1 8e a4 2d
Can't encode transcription: 'ᏚᏙᎥ ᎪᏪᎸᎩ, [ᎯᎠ ᏂᎬᏅᎩ] ᎤᏕᎵᏛ ᎨᏒᎢ, ᏓᏓᎶᏂ ᎡᏆ, ᎤᏂᏁᎫᏥᏛ ᎠᏂᎨᏴ Ꭴ-' in language ''
Encoding of string failed! Failure bytes: e1 8f 8b e1 8f 92 e1 8f 89 20 e1 8e af e1 8e a0 20 e1 8f a5 e1 8e be e1 8f 86 e1 8f 9b e1 8f 85 3b 20 e1 8f 8d e1 8e a9 e1 8f af 2d
Can't encode transcription: 'ᏕᏂ, ᎠᏋᏒᏉ ᎯᎠ ᏥᎾᏆᏛᏅ; ᏍᎩᏯ-' in language ''
Encoding of string failed! Failure bytes: e1 8e ba e1 8e b5 20 e1 8e b9 e1 8e a9 e1 8f 95 e1 8e b5 20 e1 8e a1 e1 8e af 2c
Can't encode transcription: '56 ᎾᎿᎭᎤᎾᏓᏑᏰ ᎺᎵ ᎹᎩᏕᎵ ᎡᎯ,' in language ''
Encoding of string failed! Failure bytes: ea ad bc 20 e1 8f 99 e1 8e af e1 8f b1 e1 8f 89 20 e1 8e a0 e1 8f 81 e1 8e af 20 e1 8e a4 e1 8f 85 2d
Can't encode transcription: 'ᎠᏃᎯᏍᏗᏍᎩ ᏣᏗᎭ ᎥᏝꭼ ᏙᎯᏱᏉ ᎠᏁᎯ ᎤᏅ-' in language ''
Encoding of string failed! Failure bytes: 3f
Can't encode transcription: 'ᏩᏒᏃ ᎤᏓᏅᏙ ᏳᏲᎱᏎᎸ?' in language ''
Encoding of string failed! Failure bytes: 3f
Can't encode transcription: 'ᎯᎠ ᎠᏂᎦᏔᎲ ᏣᏂᏃᎮᎭ ᏥᎨᏣᏡᏗᎭ?' in language ''
Encoding of string failed! Failure bytes: 34 20 e1 8e be e1 8f 8d e1 8e a9 20 e1 8e a2 e1 8f b3 e1 8f 8d e1 8f 97 20 e1 8f a7 e1 8e be e1 8f 81 e1 8e b6 e1 8f 97 20 e1 8e a4 e1 8e be e1 8f 93 2d
Can't encode transcription: '24 ᎾᏍᎩ ᎢᏳᏍᏗ ᏧᎾᏁᎶᏗ ᎤᎾᏓ-' in language ''
Encoding of string failed! Failure bytes: e1 8f 8b e1 8f 81 e1 8e b5 e1 8f 99 e1 8e b8 e1 8e a2 3b 20 e1 8e a0 e1 8f 8e e1 8f 83 20 e1 8e be e1 8f 8d e1 8e a9 20 e1 8f 82 e1 8e a6 e1 8f 9b
Can't encode transcription: 'ᎤᏲ ᏅᏋᏁᎵᏙᎸᎢ; ᎠᏎᏃ ᎾᏍᎩ ᏂᎦᏛ' in language ''
Encoding of string failed! Failure bytes: 34 2e 20 e1 8f 9d e1 8e a9 e1 8f b3 20 e1 8e a4 e1 8f 9b e1 8f 83 e1 8e af 20 e1 8f 95 e1 8e a6 e1 8e b3 e1 8f ab e1 8e a5 20 e1 8e ac e1 8f a9 e1 8f 96 e1 8e b3 e1 8f 97 e1 8f 8d e1 8f 97 e1 8e a2 2c
Can't encode transcription: '4. ᏝᎩᏳ ᎤᏛᏃᎯ ᏕᎦᎳᏫᎥ ᎬᏩᏖᎳᏗᏍᏗᎢ,' in language ''
Encoding of string failed! Failure bytes: ea ae 81 2e
Can't encode transcription: 'ᏎᏍꮁ.' in language ''
Encoding of string failed! Failure bytes: ea ae 82 e1 8f ab 20 e1 8f 84 e1 8f 9b e1 8f 81 e1 8e b8 20 e1 8e a0 e1 8e aa e1 8f 84 20 e1 8f a7 e1 8f b2 e1 8f 8f 2d
Can't encode transcription: 'ᏱᏥᎪᎵᏰᎣ ᏕꮂᏫ ᏄᏛᏁᎸ ᎠᎪᏄ ᏧᏲᏏ-' in language ''
Encoding of string failed! Failure bytes: e1 8e bc e1 8f 8f 20 e1 8f 82 e1 8e a6 e1 8f aa e1 8f 8d e1 8e ac e1 8e a2 2c 20 e1 8e a5 e1 8f 9d 20 e1 8f b4 e1 8e a6 e1 8f b0 2d
Can't encode transcription: 'ᏍᏗ, ᎾᏍᎩ ᎼᏏ ᏂᎦᏪᏍᎬᎢ, ᎥᏝ ᏴᎦᏰ-' in language ''
Encoding of string failed! Failure bytes: 5b e1 8e a3 e1 8e a6 e1 8e b4 e1 8f 85 e1 8f 9b 20 e1 8e a0 e1 8f 8f 20 e1 8f 99 e1 8f a5 e1 8e b4 e1 8f b4 e1 8f 97 2e 5d
Can't encode transcription: '[ᎣᎦᎴᏅᏛ ᎠᏏ ᏙᏥᎴᏴᏗ.]' in language ''
2 Percent improvement time=2145, best error was 13.881 @ 1640
At iteration 3785/6200/6782, mean rms=1.185%, delta=3.347%, BCER train=11.756%, BWER train=22.552%, skip ratio=11.000%, New best BCER = 11.756 wrote best model:training_data/staged_tuning/run_custom_big_lr_big_decay_dr6_mx5_output/chr_11.756_3785_6200.checkpoint wrote checkpoint.
Finished! Selected model with minimal training error rate (BCER) = 11.756
