Loaded file training_data/staged_tuning/run_custom_big_lr_big_decay_dr6_mx5_output/chr_checkpoint, unpacking...
Successfully restored trainer from training_data/staged_tuning/run_custom_big_lr_big_decay_dr6_mx5_output/chr_checkpoint
Encoding of string failed! Failure bytes: 5b e1 8e a6 e1 8e b6 e1 8f 81 e1 8f 9b 5d 20 e1 8e be e1 8f 8d e1 8e a6 e1 8f 85 e1 8e be 20 e1 8f a5 e1 8e a9 2e
Can't encode transcription: 'ᎾᏍᎩᏯ [ᎦᎶᏁᏛ] ᎾᏍᎦᏅᎾ ᏥᎩ.' in language ''
Encoding of string failed! Failure bytes: 34 2e 20 e1 8e a0 e1 8f 8e e1 8f 83 20 e1 8f a3 e1 8f 82 20 e1 8f 9a e1 8e b5 e1 8f ab e1 8f 8e e1 8e b4 e1 8f 89 2c 20 e1 8e a0 e1 8f b4 e1 8f 8d e1 8e a9 e1 8f 82 20 e1 8f b1 e1 8f 8d e1 8f 86 2d
Can't encode transcription: '14. ᎠᏎᏃ ᏣᏂ ᏚᎵᏫᏎᎴᏉ, ᎠᏴᏍᎩᏂ ᏱᏍᏆ-' in language ''
Encoding of string failed! Failure bytes: 49 49 49 2e
Can't encode transcription: 'ᎹᏚ. ᎠᏯᏙᎸᎢ III.' in language ''
Encoding of string failed! Failure bytes: 34 20 e1 8f a6 e1 8f a9 e1 8f 83 20 e1 8e a4 e1 8f b0 e1 8f a8 20 e1 8e a4 e1 8e b8 e1 8f 85 e1 8e a2 20 e1 8f 97 e1 8e a7 e1 8e bf e1 8e ad e1 8f a9 2d
Can't encode transcription: '24 ᏦᏩᏃ ᎤᏰᏨ ᎤᎸᏅᎢ ᏗᎧᎿᎭᏩ-' in language ''
Encoding of string failed! Failure bytes: 34 20 e1 8e a0 e1 8e b4 20 e1 8e be e1 8f 8d e1 8f 89 20 e1 8e af e1 8e a0 20 e1 8f 82 e1 8f 9a e1 8f aa e1 8f 8e e1 8e b4 20 e1 8f b4 e1 8f ab 2c
Can't encode transcription: '54 ᎠᎴ ᎾᏍᏉ ᎯᎠ ᏂᏚᏪᏎᎴ ᏴᏫ,' in language ''
Encoding of string failed! Failure bytes: ea ae a3 e1 8e be e1 8f 8d e1 8f 89 20 e1 8e a0 e1 8f 93 e1 8f 85 e1 8f 99 20 e1 8e a2 e1 8e a9 2d
Can't encode transcription: '26 ᎾᏍᎩᏯ ꮣᎾᏍᏉ ᎠᏓᏅᏙ ᎢᎩ-' in language ''
Empty truth string!
Can't encode transcription: '' in language ''
Encoding of string failed! Failure bytes: 3f 20 e1 8e ac 2d
Can't encode transcription: 'ᏕᎸ ᏰᎵ ᏧᏂᏅᎢᏍᏗᏱ ᎠᏰᎸᏎᎢ? Ꭼ-' in language ''
At iteration 3085/4900/5342, mean rms=1.295%, delta=3.797%, BCER train=13.103%, BWER train=25.066%, skip ratio=9.600%, New worst BCER = 13.103 wrote checkpoint.
Encoding of string failed! Failure bytes: ea ad b1 e1 8f 85 e1 8f 93 e1 8f 97 e1 8f 8d e1 8f 97 20 e1 8f b1 e1 8f 99 e1 8f 97 e1 8f 93 e1 8f 93 e1 8f a9 e1 8f 9b e1 8e a1 e1 8e ad 2e
Can't encode transcription: 'ᎤᏲ ᎢᎦꭱᏅᏓᏗᏍᏗ ᏱᏙᏗᏓᏓᏩᏛᎡᎭ.' in language ''
Encoding of string failed! Failure bytes: e1 8f 8b e1 8f 92 e1 8f 89 20 e1 8f b1 e1 8e a6 e1 8f a5 e1 8f af e1 8e b5 e1 8e a1 e1 8e b5 e1 8f a4 e1 8e ad 2c
Can't encode transcription: 'ᏍᎩ, ᎥᏝ ᎠᏋᏒᏉ ᏱᎦᏥᏯᎵᎡᎵᏤᎭ,' in language ''
Empty truth string!
Can't encode transcription: '' in language ''
Encoding of string failed! Failure bytes: 34 20 e1 8e a4 e1 8e b5 e1 8f 8d e1 8f 93 e1 8f b4 e1 8f 85 e1 8e a2 20 e1 8f 95 e1 8e a4 e1 8e b4 e1 8f 85 e1 8e a9 20 e1 8e a0 e1 8e b4 20 e1 8e a4 e1 8f 84 2d
Can't encode transcription: '4 ᎤᎵᏍᏓᏴᏅᎢ ᏕᎤᎴᏅᎩ ᎠᎴ ᎤᏄ-' in language ''
Encoding of string failed! Failure bytes: 3f
Can't encode transcription: 'ᎤᏩᏒ ᎤᏲ ᏥᏯᏓᏅᏓᏗᏍᏔᏅᎯ?' in language ''
Encoding of string failed! Failure bytes: 34 20 e1 8e a8 e1 8f a5 e1 8f 85 e1 8f 8f e1 8f 9b e1 8f 83 20 e1 8f a5 e1 8e b7 e1 8f 8f e1 8e b5 e1 8e bb 20 e1 8e a0 e1 8f 82 e1 8f 82 20 e1 8e a4 2d
Can't encode transcription: '14 ᎨᏥᏅᏏᏛᏃ ᏥᎷᏏᎵᎻ ᎠᏂᏂ Ꭴ-' in language ''
Encoding of string failed! Failure bytes: e1 8e ba e1 8f 89 e1 8e af 20 e1 8e a1 2d
Can't encode transcription: '27 ᏂᎦᏚᏏᏁᏃ ᎤᎵᏏᏅ, ᎠᎺᏉᎯ Ꭱ-' in language ''
Encoding of string failed! Failure bytes: 3f 20 e1 8e a0 e1 8f 99 e1 8e b4 e1 8e b0 e1 8f 8d e1 8e a9 e1 8e a8 3f 20 e1 8e a5 e1 8e a5 20 e1 8f 82 2d
Can't encode transcription: '9. ᎦᏙᎩ ᎢᏣᎦᏔᏅᏎᎢ? ᎠᏙᎴᎰᏍᎩᎨ? ᎥᎥ Ꮒ-' in language ''
Encoding of string failed! Failure bytes: 56 2e
Can't encode transcription: 'ᎹᏚ. ᎠᏯᏙᎸᎢ V.' in language ''
Encoding of string failed! Failure bytes: 5b e1 8e ac e1 8f 82 e1 8e a8 e1 8f 92 20 e1 8f a5 e1 8f 84 e1 8f a9 2d
Can't encode transcription: 'ᏧᎾᏓᎴᏅᏛ ᏴᏫ ᎠᏁᎲ [ᎬᏂᎨᏒ ᏥᏄᏩ-' in language ''
At iteration 3147/5000/5452, mean rms=1.298%, delta=3.762%, BCER train=13.124%, BWER train=25.203%, skip ratio=10.100%, New worst BCER = 13.124 wrote checkpoint.
Finished! Selected model with minimal training error rate (BCER) = 12.625
