Loaded file training_data/staged_tuning/run_custom_big_lr_big_decay_dr6_mx5_output/chr_checkpoint, unpacking...
Successfully restored trainer from training_data/staged_tuning/run_custom_big_lr_big_decay_dr6_mx5_output/chr_checkpoint
Encoding of string failed! Failure bytes: 34 37 20 e1 8f a5 e1 8e aa 20 e1 8e a9 e1 8e b6 20 e1 8f b3 e1 8f 85 e1 8f 8d e1 8f 99 e1 8e af 20 e1 8e a0 e1 8e b9 20 e1 8e af e1 8e a0
Can't encode transcription: '47 ᏥᎪ ᎩᎶ ᏳᏅᏍᏙᎯ ᎠᎹ ᎯᎠ' in language ''
Empty truth string!
Can't encode transcription: '' in language ''
Encoding of string failed! Failure bytes: 34 2e 20 e1 8f 80 e1 8f 8d e1 8e a9 e1 8f 83 20 e1 8e af e1 8e a0 20 e1 8f a3 e1 8f 82 20 e1 8e a4 e1 8f 85 e1 8f a9 e1 8e a1 20 e1 8f 90 e1 8f 88 e1 8e b5 20 e1 8e a6 e1 8f 90 e1 8f 86 e1 8f 97 20 e1 8f ac 2d
Can't encode transcription: '4. ᏀᏍᎩᏃ ᎯᎠ ᏣᏂ ᎤᏅᏩᎡ ᏐᏈᎵ ᎦᏐᏆᏗ Ꮼ-' in language ''
Encoding of string failed! Failure bytes: ea ae ae e1 8e a9 2e
Can't encode transcription: 'ᎢꮮᎩ.' in language ''
Encoding of string failed! Failure bytes: 34 20 e1 8e be e1 8f 8d e1 8e a9 e1 8f 83 20 e1 8e a4 e1 8f ac e1 8e b5 e1 8f a8 20 e1 8f 88 e1 8f 93 20 e1 8e a6 e1 8f ac e1 8f 82 2d
Can't encode transcription: '14 ᎾᏍᎩᏃ ᎤᏬᎵᏨ ᏈᏓ ᎦᏬᏂ-' in language ''
Empty truth string!
Can't encode transcription: '' in language ''
Encoding of string failed! Failure bytes: e1 8e bc e1 8f 8f 20 e1 8e be e1 8f 8d e1 8e a9 20 e1 8e af e1 8e a0 20 e1 8f a5 e1 8f 82 2d
Can't encode transcription: '37 ᎯᎠ ᎾᏍᎩ ᎼᏏ ᎾᏍᎩ ᎯᎠ ᏥᏂ-' in language ''
Encoding of string failed! Failure bytes: ea ae b0 e1 8f a4 e1 8e b5 e1 8e aa e1 8e af 20 e1 8e a1 e1 8f 8d e1 8e a6 e1 8f 82 e1 8f b3 20 e1 8f 93 2d
Can't encode transcription: 'ᏨᎢ, ᎿᏉ ᏀᏏ ᎦᎸᎳᏗ ᎤꮰᏤᎵᎪᎯ ᎡᏍᎦᏂᏳ Ꮣ-' in language ''
2 Percent improvement time=195, best error was 21.178 @ 761
At iteration 956/1300/1421, mean rms=1.616%, delta=5.026%, BCER train=17.641%, BWER train=33.969%, skip ratio=10.000%, New best BCER = 17.641 wrote best model:training_data/staged_tuning/run_custom_big_lr_big_decay_dr6_mx5_output/chr_17.641_956_1300.checkpoint wrote checkpoint.
Encoding of string failed! Failure bytes: ea ae a5
Can't encode transcription: 'ᏛᏁᎭꮥ' in language ''
Encoding of string failed! Failure bytes: 34 20 e1 8f 88 e1 8f 93 e1 8f 83 20 e1 8e a8 20 e1 8e a2 e1 8f b4 e1 8f 9b 20 e1 8e a4 e1 8f 8d e1 8f 93 e1 8f a9 e1 8f 97 e1 8f 8e e1 8e a2 2c
Can't encode transcription: '54 ᏈᏓᏃ Ꭸ ᎢᏴᏛ ᎤᏍᏓᏩᏗᏎᎢ,' in language ''
Encoding of string failed! Failure bytes: 5e e1 8e be e1 8f 8d e1 8e a9 20 e1 8f 93 e1 8f 82 e1 8f 8d e1 8e a6 e1 8e a2 e1 8e ae 20 e1 8f b4 e1 8f ab 3b 20 e1 8f 82 e1 8e a6 e1 8f 9b e1 8f b0 e1 8f 83 20 e1 8f b4 e1 8f ab
Can't encode transcription: 'Ꮩ,^ᎾᏍᎩ ᏓᏂᏍᎦᎢᎮ ᏴᏫ; ᏂᎦᏛᏰᏃ ᏴᏫ' in language ''
Encoding of string failed! Failure bytes: e1 8f be e1 8e af 2c 20 e1 8e a0 e1 8f 97 e1 8e be
Can't encode transcription: 'ᏬᏂᏒᎯ, ᎠᏃᏍᏛ ᎠᏂᏍᎦᏯ ᎤᏃᏪᎳ᏾Ꭿ, ᎠᏗᎾ' in language ''
Encoding of string failed! Failure bytes: 34 2e 20 e1 8f a5 e1 8f 8c e1 8f 83 20 e1 8e a4 e1 8f 81 e1 8f a8 20 e1 8e af e1 8e a0 20 e1 8f 82 e1 8f 9a e1 8f aa e1 8f 8e e1 8e b8 e1 8e a9 3b 20 e1 8f a5 e1 8f 8d e1 8f 95 e1 8e be 20 e1 8f a3 e1 8f 82
Can't encode transcription: '4. ᏥᏌᏃ ᎤᏁᏨ ᎯᎠ ᏂᏚᏪᏎᎸᎩ; ᏥᏍᏕᎾ ᏣᏂ' in language ''
2 Percent improvement time=204, best error was 19.476 @ 819
At iteration 1023/1400/1526, mean rms=1.591%, delta=4.972%, BCER train=17.191%, BWER train=33.242%, skip ratio=9.300%, New best BCER = 17.191 wrote checkpoint.
Finished! Selected model with minimal training error rate (BCER) = 17.191
