Loaded file training_data/staged_tuning/run_custom_big_lr_big_decay_dr6_mx5_output/chr_checkpoint, unpacking...
Successfully restored trainer from training_data/staged_tuning/run_custom_big_lr_big_decay_dr6_mx5_output/chr_checkpoint
Encoding of string failed! Failure bytes: 34 20 e1 8f 9a e1 8f 82 e1 8f 83 e1 8f 97 2c 20 31 38 32 35 2e
Can't encode transcription: 'ᎢᏤ ᎦᏚᎲ, 14 ᏚᏂᏃᏗ, 1825.' in language ''
Encoding of string failed! Failure bytes: ea ae b8 e1 8f 97
Can't encode transcription: 'ᏫᏁᎬ ᎠᏕᎸ ᎤᏂᏩᏛᏗ ᎤᏂᎸᏐᎯᎨᏍᏗ ᎤᎾᎫᏴꮸᏗ' in language ''
Encoding of string failed! Failure bytes: 34 38 20 e1 8e a2 e1 8f b3 e1 8f 83 20 e1 8e be e1 8f 8d e1 8e a9 20 e1 8e a4 e1 8f 81 e1 8e b3 e1 8e a9 20 e1 8f b0 e1 8f 95 e1 8e b5 e1 8f 8e e1 8e ad 2c
Can't encode transcription: '48 ᎢᏳᏃ ᎾᏍᎩ ᎤᏁᎳᎩ ᏰᏕᎵᏎᎭ,' in language ''
Encoding of string failed! Failure bytes: ea ad ba 20 e1 8f 97 e1 8e ab e1 8e aa e1 8f 97 e1 8f 8d e1 8e a9 20 e1 8f a9 e1 8f 81 e1 8e a0 e1 8f 92 e1 8f a2 e1 8e a2 20 e1 8e a6 e1 8f 9b e1 8f a9 e1 8e b5 20 e1 8e a4 e1 8f 91 e1 8e b5 e1 8e aa e1 8f a8
Can't encode transcription: 'ꭺ ᏗᎫᎪᏗᏍᎩ ᏩᏁᎠᏒᏢᎢ ᎦᏛᏩᎵ ᎤᏑᎵᎪᏨ' in language ''
Encoding of string failed! Failure bytes: 34 30 20 e1 8e a0 e1 8f 8e e1 8f 83 20 e1 8e a2 e1 8f a3 e1 8f 9a e1 8e b5 20 e1 8f 8d e1 8e a9 e1 8e a2 e1 8f 8d e1 8f 97 e1 8f b1 20 e1 8e a0 e1 8f b4
Can't encode transcription: '40 ᎠᏎᏃ ᎢᏣᏚᎵ ᏍᎩᎢᏍᏗᏱ ᎠᏴ' in language ''
Encoding of string failed! Failure bytes: 5e
Can't encode transcription: 'ᎢᏳᏓᎨᏛ ᏧᎯ ᎡᏥᎥᏏ^' in language ''
Encoding of string failed! Failure bytes: 34 31
Can't encode transcription: '41' in language ''
Encoding of string failed! Failure bytes: e1 8f 8b e1 8e a1 20 e1 8f b1 e1 8e a9 2c 20 e1 8e a0 e1 8e a6 e1 8f b4 e1 8e b5 e1 8e a8 e1 8f b0 e1 8f 83 20 e1 8f 94 e1 8e b5 20 e1 8f 85 e1 8f 9b e1 8f 97 e1 8f 95 e1 8e a6 2e
Can't encode transcription: 'ᎠᏋᎡ ᏱᎩ, ᎠᎦᏴᎵᎨᏰᏃ ᏔᎵ ᏅᏛᏗᏕᎦ.' in language ''
Encoding of string failed! Failure bytes: 22 e1 8e a0 2d
Can't encode transcription: 'ᎬᏅ ᏥᎪᏪᎳ ᏧᏂᎧᎿᎭᏩᏛᏍᏗᏱ; "Ꭰ-' in language ''
Encoding of string failed! Failure bytes: 3f 20 e1 8e a0 e1 8f 8e e1 8f 83
Can't encode transcription: '15 ᏓᏲᏥᏂᏧ, ᏝᎨ ᏴᏓᏲᏥᏂ? ᎠᏎᏃ' in language ''
Encoding of string failed! Failure bytes: e1 8e ba 2d
Can't encode transcription: 'ᏔᎵ ᎤᎾᏓᏍᏓᏩᏗᏙᎸᎯ ᏗᎦᏚᎲ ᎡᎺ-' in language ''
Encoding of string failed! Failure bytes: 5d 20 e1 8e bf e1 8e ad e1 8f 89 20 e1 8e a2 e1 8f a3 e1 8f 9b e1 8e a6 e1 8f 85 20 e1 8e a6 e1 8f b0 e1 8e aa e1 8e a9 20 e1 8f 82 e1 8e a8 e1 8f 92 e1 8e be
Can't encode transcription: 'ᏔᏅᎩ] ᎿᎭᏉ ᎢᏣᏛᎦᏅ ᎦᏰᎪᎩ ᏂᎨᏒᎾ' in language ''
Encoding of string failed! Failure bytes: ea ad b6 20 e1 8e a1 e1 8f 8d e1 8e a6 e1 8f 89
Can't encode transcription: 'ᎤᏗᎶᏴᏛ ᏁᎬᏁᎴᎢ ᎡᎩᎸᏉᏔᏁꭶ ᎡᏍᎦᏉ' in language ''
Encoding of string failed! Failure bytes: 34 32 20 e1 8e bf e1 8e ad e1 8f 89 e1 8f 83 20 e1 8e a4 e1 8f 81 e1 8e b3 e1 8f 85 e1 8e af 20 e1 8e a4 e1 8e a6 e1 8f 94 e1 8e b2 e1 8f 8e e1 8e a2 2c
Can't encode transcription: '42 ᎿᎭᏉᏃ ᎤᏁᎳᏅᎯ ᎤᎦᏔᎲᏎᎢ,' in language ''
2 Percent improvement time=573, best error was 12.373 @ 3684
At iteration 4257/7100/7763, mean rms=1.131%, delta=2.981%, BCER train=10.338%, BWER train=21.516%, skip ratio=9.600%, New best BCER = 10.338 wrote best model:training_data/staged_tuning/run_custom_big_lr_big_decay_dr6_mx5_output/chr_10.338_4257_7100.checkpoint wrote checkpoint.
