Loaded file training_data/staged_tuning/run_custom_big_lr_big_decay_dr6_mx5_output/chr_checkpoint, unpacking...
Successfully restored trainer from training_data/staged_tuning/run_custom_big_lr_big_decay_dr6_mx5_output/chr_checkpoint
Encoding of string failed! Failure bytes: 49 49 49 2e
Can't encode transcription: 'ᎹᏚ. ᎠᏯᏙᎸᎢ III.' in language ''
Encoding of string failed! Failure bytes: 5b e1 8f 95 e1 8e aa e1 8f aa e1 8e b8 e1 8e a9 2c 5d
Can't encode transcription: 'ᏕᎦᎫᏍᏓᎥᏃ ᏔᎳᏚ ᏚᎾᏙᎥᎢ [ᏕᎪᏪᎸᎩ,]' in language ''
Encoding of string failed! Failure bytes: 3f
Can't encode transcription: '3 ᎯᎠᏃ ᏂᏚᎾᏓᏪᏎᎴᎢ, ᎦᎪ ᏓᎩᎲᎡᎵ ᏅᏯ ᎠᏤᎵᏍᏛ ᎦᎶᎯᏍᏗᏱ ᎠᎲᎢ?' in language ''
Encoding of string failed! Failure bytes: ea ad b4 e1 8e a9 20 e1 8f 95 e1 8e a6 e1 8f 85 e1 8f 85 e1 8e a2 2e 20 e1 8f 80 e1 8f 8d e1 8e a9 e1 8f 83 20 e1 8e ac e1 8f a9 e1 8f 83 e1 8f 81 e1 8e b5 e1 8e af e1 8e ae e1 8f 8d e1 8f 97
Can't encode transcription: 'ᎪᎵᏰꭴᎩ ᏕᎦᏅᏅᎢ. ᏀᏍᎩᏃ ᎬᏩᏃᏁᎵᎯᎮᏍᏗ' in language ''
Encoding of string failed! Failure bytes: 22
Can't encode transcription: 'ᏥᏍᏕᎸᏗ ᎨᏎᏍᏗ."' in language ''
Encoding of string failed! Failure bytes: 3f
Can't encode transcription: 'ᎤᎵᏍᏓᏴᏗ?' in language ''
Encoding of string failed! Failure bytes: 3f 20 e1 8e a0 e1 8f 99 e1 8e b4 e1 8e b0 e1 8f 8d e1 8e a9 e1 8e a8 3f 20 e1 8e a5 e1 8e a5 20 e1 8f 82 2d
Can't encode transcription: '9. ᎦᏙᎩ ᎢᏣᎦᏔᏅᏎᎢ? ᎠᏙᎴᎰᏍᎩᎨ? ᎥᎥ Ꮒ-' in language ''
Encoding of string failed! Failure bytes: 34 2e 20 e1 8e a0 e1 8f 8e e1 8f 83 20 e1 8f a3 e1 8f 82 20 e1 8f 9a e1 8e b5 e1 8f ab e1 8f 8e e1 8e b4 e1 8f 89 2c 20 e1 8e a0 e1 8f b4 e1 8f 8d e1 8e a9 e1 8f 82 20 e1 8f b1 e1 8f 8d e1 8f 86 2d
Can't encode transcription: '14. ᎠᏎᏃ ᏣᏂ ᏚᎵᏫᏎᎴᏉ, ᎠᏴᏍᎩᏂ ᏱᏍᏆ-' in language ''
Encoding of string failed! Failure bytes: 34 20 e1 8e a0 e1 8e b4 20 e1 8e be e1 8f 8d e1 8e a9 20 e1 8e a2 e1 8f a4 20 e1 8f b4 e1 8f ab 20 e1 8e a2 e1 8f a3 e1 8f 84 e1 8f ac e1 8f 8d e1 8f 97 e1 8f b1 2c
Can't encode transcription: '24 ᎠᎴ ᎾᏍᎩ ᎢᏤ ᏴᏫ ᎢᏣᏄᏬᏍᏗᏱ,' in language ''
Encoding of string failed! Failure bytes: ea ae 96 e1 8e a9 e1 8f 8d e1 8f 93 e1 8f b1 e1 8f 97 e1 8e b8 e1 8f 89 e1 8f 8d e1 8e a9 e1 8f 82 2e
Can't encode transcription: 'ꮖᎩᏍᏓᏱᏗᎸᏉᏍᎩᏂ.' in language ''
At iteration 2843/4500/4896, mean rms=1.267%, delta=3.671%, BCER train=12.647%, BWER train=24.309%, skip ratio=9.300%, New worst BCER = 12.647 wrote checkpoint.
Encoding of string failed! Failure bytes: e1 8e bc e1 8f 82 20 e1 8e a4 e1 8f 95 e1 8f 81 e1 8e b4 e1 8e a2 3b 20 e1 8e a0 e1 8e bc e1 8f 82 e1 8f 83 20 e1 8f a6 e1 8f 8c e1 8f af
Can't encode transcription: 'ᏏᏃ ᎠᎼᏂ ᎤᏕᏁᎴᎢ; ᎠᎼᏂᏃ ᏦᏌᏯ' in language ''
Encoding of string failed! Failure bytes: e1 8f 8b e1 8f 81 e1 8e b8 e1 8e a2 2e
Can't encode transcription: 'ᎯᎠ ᎬᏂᎨᏒ ᏂᏍᏋᏁᎸᎢ.' in language ''
Encoding of string failed! Failure bytes: 34 20 e1 8f 85 e1 8f 93 e1 8f 95 e1 8f 86 2c 20 31 38 32 35 2e
Can't encode transcription: 'ᎢᏦᏗ, 14 ᏅᏓᏕᏆ, 1825.' in language ''
Encoding of string failed! Failure bytes: ea ae a5 e1 8f a8 e1 8f b2 e1 8f 8e e1 8e ad 2c 20 e1 8e a5 e1 8f 9d 20 e1 8f b1 e1 8f a8 e1 8e a6 e1 8f 94 e1 8e ad 2e
Can't encode transcription: 'ᎤᏙᎯᏳᎯᏯ ᎢꮥᏨᏲᏎᎭ, ᎥᏝ ᏱᏨᎦᏔᎭ.' in language ''
Encoding of string failed! Failure bytes: ea ae 82 20 e1 8e a0 e1 8f 95 e1 8e b8
Can't encode transcription: 'ᏣᎳᎩᏃ ᎤᏩᏒ ᏗᏂᏬᏂᏗᏍᎩ, ᏔᎵᏉꮂ ᎠᏕᎸ' in language ''
Encoding of string failed! Failure bytes: 34 35 20 e1 8e bf e1 8e ad e1 8f 89 e1 8f 83 20 e1 8e a2 e1 8e a1 e1 8e aa e1 8e a2 20 e1 8f ab e1 8f 93 e1 8f af e1 8f 82 e1 8f 8d e1 8e aa 20 e1 8e a4 e1 8f a9 2d
Can't encode transcription: '45 ᎿᎭᏉᏃ ᎢᎡᎪᎢ ᏫᏓᏯᏂᏍᎪ ᎤᏩ-' in language ''
Encoding of string failed! Failure bytes: 34 20 e1 8f 9a e1 8f 82 e1 8f 83 e1 8f 97 2c 20 31 38 32 35 2e
Can't encode transcription: 'ᎢᏤ ᎦᏚᎲ, 14 ᏚᏂᏃᏗ, 1825.' in language ''
Encoding of string failed! Failure bytes: 34 20 e1 8f 9a e1 8f 82 e1 8f 83 e1 8f 97 2c 20 31 38 32 35 2e
Can't encode transcription: 'ᎢᏤ ᎦᏚᎲ, 14 ᏚᏂᏃᏗ, 1825.' in language ''
Encoding of string failed! Failure bytes: 5b e1 8e a3 e1 8e a6 e1 8e b4 e1 8f 85 e1 8f 9b 20 e1 8e a0 e1 8f 8f 20 e1 8f 99 e1 8f a5 e1 8e b4 e1 8f b4 e1 8f 97 2e 5d
Can't encode transcription: '[ᎣᎦᎴᏅᏛ ᎠᏏ ᏙᏥᎴᏴᏗ.]' in language ''
Encoding of string failed! Failure bytes: 5b e1 8e a3 e1 8e a6 e1 8e b4 e1 8f 85 e1 8f 9b 20 e1 8e a0 e1 8f 8f 20 e1 8f 99 e1 8f a5 e1 8e b4 e1 8f b4 e1 8f 97 2e 5d
Can't encode transcription: '[ᎣᎦᎴᏅᏛ ᎠᏏ ᏙᏥᎴᏴᏗ.]' in language ''
Encoding of string failed! Failure bytes: e1 8e ba e1 8f 8f e1 8f b1 20 e1 8f ad e1 8e b6 e1 8f 92 3b
Can't encode transcription: 'ᏕᎵᎺᏏᏱ ᏭᎶᏒ;' in language ''
Encoding of string failed! Failure bytes: ea ae a4 e1 8f 97 20 e1 8e a8 e1 8f 92 e1 8e a2 2c 20 e1 8e be e1 8f 8d e1 8e a9 20 e1 8e a4 e1 8e b5 e1 8f 82 e1 8e a9 e1 8f 97 e1 8f b3
Can't encode transcription: 'ᏫᏍᏓᏁꮤᏗ ᎨᏒᎢ, ᎾᏍᎩ ᎤᎵᏂᎩᏗᏳ' in language ''
Encoding of string failed! Failure bytes: e1 8f 8b e1 8f 97 e1 8f b1 20 e1 8e a2 e1 8f a4 2d
Can't encode transcription: 'ᏫᏨᏲᏪᎳᏏ ᎢᏣᏗᎦᎴᏲᏨᎯ ᏋᏗᏱ ᎢᏤ-' in language ''
At iteration 2903/4600/5009, mean rms=1.301%, delta=3.820%, BCER train=13.183%, BWER train=25.375%, skip ratio=9.700%, New worst BCER = 13.183 wrote checkpoint.
Finished! Selected model with minimal training error rate (BCER) = 12.625
