Loaded file training_data/staged_tuning/run_custom_big_lr_big_decay_dr6_mx5_output/chr_checkpoint, unpacking...
Successfully restored trainer from training_data/staged_tuning/run_custom_big_lr_big_decay_dr6_mx5_output/chr_checkpoint
Encoding of string failed! Failure bytes: 3f 20 e1 8e a0 e1 8f 99 e1 8e b4 e1 8e b0 e1 8f 8d e1 8e a9 e1 8e a8 3f 20 e1 8e a5 e1 8e a5 20 e1 8f 82 2d
Can't encode transcription: '9. ᎦᏙᎩ ᎢᏣᎦᏔᏅᏎᎢ? ᎠᏙᎴᎰᏍᎩᎨ? ᎥᎥ Ꮒ-' in language ''
Encoding of string failed! Failure bytes: 3f
Can't encode transcription: 'ᎤᏩᏒ ᎤᏲ ᏥᏯᏓᏅᏓᏗᏍᏔᏅᎯ?' in language ''
Encoding of string failed! Failure bytes: 34 31 20 e1 8e a0 e1 8f 8f e1 8f 89 e1 8f 83 20 e1 8e be e1 8f 83 e1 8e af e1 8f b3 e1 8e b2 e1 8f 8d e1 8e ac e1 8e be 20 e1 8e a8 e1 8f 8e 20 e1 8f 85 2d
Can't encode transcription: '41 ᎠᏏᏉᏃ ᎾᏃᎯᏳᎲᏍᎬᎾ ᎨᏎ Ꮕ-' in language ''
Encoding of string failed! Failure bytes: 34 32 20 e1 8f 94 e1 8e b3 e1 8f 9a e1 8f 83 20 e1 8e a2 e1 8f b3 e1 8f 95 e1 8f 98 e1 8f b4 e1 8f 9b 20 e1 8e a8 e1 8f 8e 20 e1 8f a5 e1 8e b7 2d
Can't encode transcription: '42 ᏔᎳᏚᏃ ᎢᏳᏕᏘᏴᏛ ᎨᏎ ᏥᎷ-' in language ''
Encoding of string failed! Failure bytes: ea ae 94 e1 8f 82 20 e1 8f 95 e1 8e aa e1 8f aa e1 8e b5 e1 8f 8d e1 8e ac 20 e1 8e a0 e1 8e b4 20 e1 8e a0 e1 8f 81 e1 8f a2 e1 8f 97 e1 8f 8d e1 8e ac e1 8e a2 2e
Can't encode transcription: 'ᏣᎵ, ᎤᏣᏛᏍꮔᏂ ᏕᎪᏪᎵᏍᎬ ᎠᎴ ᎠᏁᏢᏗᏍᎬᎢ.' in language ''
Encoding of string failed! Failure bytes: ea ae a8 e1 8f a5 e1 8e b8 e1 8f 89 e1 8f 93 20 e1 8f b1 e1 8e b0 e1 8f a9 2c
Can't encode transcription: '11 ᏔᎵᏁᏃ, ᎡꮨᏥᎸᏉᏓ ᏱᎰᏩ,' in language ''
Encoding of string failed! Failure bytes: 56 2e
Can't encode transcription: 'ᎹᏚ. ᎠᏯᏙᎸᎢ V.' in language ''
Encoding of string failed! Failure bytes: 34 20 e1 8f 82 e1 8e a6 e1 8e a5 e1 8f b0 e1 8f 83 20 e1 8e aa e1 8e b1 e1 8f 8d e1 8f 97 20 e1 8e a4 e1 8f 81 e1 8e b3 e1 8f 85 e1 8e af 20 e1 8e a4 e1 8f 95 2d
Can't encode transcription: '4 ᏂᎦᎥᏰᏃ ᎪᎱᏍᏗ ᎤᏁᎳᏅᎯ ᎤᏕ-' in language ''
Encoding of string failed! Failure bytes: 3f
Can't encode transcription: 'ᏎᎭ?' in language ''
Encoding of string failed! Failure bytes: 3f 20 e1 8e af e1 8e a0 20 e1 8f 84 2d
Can't encode transcription: 'ᏦᎾ ᎤᏪᏥ, ᏍᎩᎨᏳᎭᏧ? ᎯᎠ Ꮔ-' in language ''
Encoding of string failed! Failure bytes: 34 20 e1 8e a2 e1 8f b3 e1 8f b0 e1 8f 83 20 e1 8f b1 e1 8f 99 e1 8e af e1 8f b3 e1 8e b2 e1 8f 8d e1 8e a6 20 e1 8f a5 e1 8f 8c 20 e1 8e a4 e1 8f b2 2d
Can't encode transcription: '14 ᎢᏳᏰᏃ ᏱᏙᎯᏳᎲᏍᎦ ᏥᏌ ᎤᏲ-' in language ''
Encoding of string failed! Failure bytes: 3f 20 e1 8e af e1 8e a0 e1 8f 83 20 e1 8f 82 e1 8f 9a e1 8f aa e1 8f 8e e1 8e b4 e1 8e a2 3b 20 e1 8f 9e e1 8f 8d e1 8f 97
Can't encode transcription: 'ᏣᏛᏁᎵ? ᎯᎠᏃ ᏂᏚᏪᏎᎴᎢ; ᏞᏍᏗ' in language ''
Encoding of string failed! Failure bytes: ea ae b0 20 e1 8e a8 e1 8f 8e 20 e1 8f a3 e1 8f 82 2c 20 e1 8e a0 e1 8e b4 20 e1 8f 97 e1 8f 93 e1 8f 8d e1 8f 9a e1 8f 97 e1 8f b1
Can't encode transcription: 'ᏭᏂᏴᎲᎯꮰ ᎨᏎ ᏣᏂ, ᎠᎴ ᏗᏓᏍᏚᏗᏱ' in language ''
2 Percent improvement time=383, best error was 17.641 @ 956
At iteration 1339/1900/2079, mean rms=1.476%, delta=4.389%, BCER train=15.535%, BWER train=30.880%, skip ratio=9.400%, New best BCER = 15.535 wrote best model:training_data/staged_tuning/run_custom_big_lr_big_decay_dr6_mx5_output/chr_15.535_1339_1900.checkpoint wrote checkpoint.
Encoding of string failed! Failure bytes: 34 20 e1 8e ac e1 8f a9 e1 8f 8d e1 8f 93 e1 8f a9 e1 8f 97 e1 8f 99 e1 8e af e1 8f 83 20 e1 8f a5 e1 8e bb 20 e1 8e a0 e1 8e b4 20 e1 8f a3 e1 8f 82
Can't encode transcription: '54 ᎬᏩᏍᏓᏩᏗᏙᎯᏃ ᏥᎻ ᎠᎴ ᏣᏂ' in language ''
Encoding of string failed! Failure bytes: 56 2e
Can't encode transcription: 'ᎹᏚ. ᎠᏯᏙᎸᎢ V.' in language ''
Encoding of string failed! Failure bytes: 3f
Can't encode transcription: 'ᏒᎯ ᏗᏟᎶᏍᏔᏅᎯ?' in language ''
Encoding of string failed! Failure bytes: ea ae b7 20 e1 8e a8 e1 8f 8e e1 8e a2 2e
Can't encode transcription: 'ᎢᎦꮷ ᎨᏎᎢ.' in language ''
Encoding of string failed! Failure bytes: ea ad b6 e1 8e a9 e1 8f 81 e1 8e b8 e1 8e af 20 e1 8f a5 e1 8e a9 2c 20 e1 8e a0 e1 8e b4 20 e1 8e bf e1 8f 89
Can't encode transcription: 'ᎠᎴ ᏂᎦᎥ ᎪᎱᏍᏗ ᏀᏍᎩ ꭶᎩᏁᎸᎯ ᏥᎩ, ᎠᎴ ᎿᏉ' in language ''
Encoding of string failed! Failure bytes: 22 e1 8e af e1 8e a0 20 e1 8f b4 e1 8f ab 20 e1 8f 98 2d
Can't encode transcription: '26 ᎯᎠ ᏥᏄᏪᏎᎢ; "ᎯᎠ ᏴᏫ Ꮨ-' in language ''
Encoding of string failed! Failure bytes: 5b e1 8e a3 e1 8e a6 e1 8e b4 e1 8f 85 e1 8f 9b 20 e1 8e a0 e1 8f 8f 20 e1 8f 99 e1 8f a5 e1 8e b4 e1 8f b4 e1 8f 97 2e 5d
Can't encode transcription: '[ᎣᎦᎴᏅᏛ ᎠᏏ ᏙᏥᎴᏴᏗ.]' in language ''
2 Percent improvement time=378, best error was 17.191 @ 1023
At iteration 1401/2000/2186, mean rms=1.452%, delta=4.281%, BCER train=14.946%, BWER train=30.061%, skip ratio=8.600%, New best BCER = 14.946 wrote best model:training_data/staged_tuning/run_custom_big_lr_big_decay_dr6_mx5_output/chr_14.946_1401_2000.checkpoint wrote checkpoint.
Finished! Selected model with minimal training error rate (BCER) = 14.946
