Loaded file training_data/staged_tuning/run_custom_big_lr_big_decay_dr6_mx5_output/chr_checkpoint, unpacking...
Successfully restored trainer from training_data/staged_tuning/run_custom_big_lr_big_decay_dr6_mx5_output/chr_checkpoint
Encoding of string failed! Failure bytes: e1 8f bb e1 8f 82 e1 8e a8 e1 8f 92 20 e1 8f 82 e1 8f a8 2d
Can't encode transcription: 'ᏤᏣᏓᏙᎵᏍᏓᏁᎭ ᎾᏍᎩ ᏻᏂᎨᏒ ᏂᏨ-' in language ''
Encoding of string failed! Failure bytes: ea ad be e1 8f ab 2c 20 e1 8e a6 e1 8e b6 e1 8f 81 e1 8f 9b 20 e1 8f a3 e1 8e a2 e1 8f 92 e1 8e a2 2c 20 e1 8e a0 e1 8e b4
Can't encode transcription: 'ᏄᎪᏥᎴ ᏣᏂ, ᏚᏃᏁᎵᎴ ꭾᏫ, ᎦᎶᏁᏛ ᏣᎢᏒᎢ, ᎠᎴ' in language ''
Encoding of string failed! Failure bytes: ea ae b2 20 e1 8e be e1 8f 8d e1 8e a9 20 e1 8e a0 e1 8f 95 e1 8f 92 2d
Can't encode transcription: '29 ᎤᏓᏴᏍᏗ ᎤᏪᎧᎯꮲ ᎾᏍᎩ ᎠᏕᏒ-' in language ''
Encoding of string failed! Failure bytes: 5b e1 8e a4 e1 8f 81 e1 8e b3 e1 8f 85 e1 8e af 5d 20 e1 8f a5 2d
Can't encode transcription: '16 ᎥᏝ ᏱᏥᏑᎵᎪᎪ [ᎤᏁᎳᏅᎯ] Ꮵ-' in language ''
Encoding of string failed! Failure bytes: e1 8e bc e1 8f 8f 20 e1 8e a4 e1 8f a4 e1 8e b5 20 e1 8f 97 e1 8e a7 e1 8e bf e1 8e ad e1 8f a9 e1 8f 9b e1 8f 8d e1 8f 97 20 e1 8f 95 e1 8f a5 e1 8e a7 2d
Can't encode transcription: 'ᎨᏒ ᎼᏏ ᎤᏤᎵ ᏗᎧᎿᎭᏩᏛᏍᏗ ᏕᏥᎧ-' in language ''
Encoding of string failed! Failure bytes: 34 20 e1 8e bf e1 8e ad e1 8f 89 e1 8f 83 20 e1 8e a0 e1 8f a5 e1 8e b8 2d e1 8e a8 e1 8e b6 e1 8e af 20 e1 8e a0 e1 8e b4 20 e1 8e a3 e1 8f 8d e1 8f 9b
Can't encode transcription: '24 ᎿᎭᏉᏃ ᎠᏥᎸ-ᎨᎶᎯ ᎠᎴ ᎣᏍᏛ' in language ''
Encoding of string failed! Failure bytes: 34 20 e1 8e a0 e1 8e b4 20 e1 8e be e1 8f 8d e1 8f 89 20 e1 8e af e1 8e a0 20 e1 8f 82 e1 8f 9a e1 8f aa e1 8f 8e e1 8e b4 20 e1 8f b4 e1 8f ab 2c
Can't encode transcription: '54 ᎠᎴ ᎾᏍᏉ ᎯᎠ ᏂᏚᏪᏎᎴ ᏴᏫ,' in language ''
Encoding of string failed! Failure bytes: ea ae 96 e1 8f 8d e1 8f 9b 20 e1 8f 97 2d
Can't encode transcription: 'ᏬᎯ ᎠᏓᏙᎵᏍᏗ ᎨᏒᎢ ᎠᎴ ᎣꮖᏍᏛ Ꮧ-' in language ''
Encoding of string failed! Failure bytes: e1 8f bc 20 e1 8e a0 e1 8e b4 20 e1 8f 9a e1 8f 82 e1 8f a2 e1 8e ac 20 e1 8f a7 e1 8e be e1 8f 93 e1 8f 85 e1 8f ac 2d
Can't encode transcription: 'ᏩᏃᎯᏳᏗᏱ,ᏼ ᎠᎴ ᏚᏂᏢᎬ ᏧᎾᏓᏅᏬ-' in language ''
Encoding of string failed! Failure bytes: 34 20 e1 8e a4 e1 8f 99 e1 8e af e1 8f b3 e1 8e af e1 8f 8d e1 8e a9 e1 8f 82 e1 8f 83 e1 8f 85 20 e1 8e a0 e1 8f a9 e1 8e be e1 8e a6 e1 8e b3 e1 8e af 2d
Can't encode transcription: '4 ᎤᏙᎯᏳᎯᏍᎩᏂᏃᏅ ᎠᏩᎾᎦᎳᎯ-' in language ''
Encoding of string failed! Failure bytes: e1 8f 8b e1 8f 81 e1 8f 97 e1 8f b1 20 e1 8f 9a e1 8f 84 e1 8e aa e1 8f 94 e1 8f 85 e1 8e a2 2e
Can't encode transcription: 'ᎪᎱᏍᏗ ᎬᏋᏁᏗᏱ ᏚᏄᎪᏔᏅᎢ.' in language ''
Encoding of string failed! Failure bytes: 3f 20 e1 8f a5 e1 8e aa e1 8e a8 20 e1 8f 85 e1 8f a9 e1 8f 93 e1 8e b4
Can't encode transcription: 'ᎤᎷᎯᏍᏗ ᏥᎨᏒᎩ? ᏥᎪᎨ ᏅᏩᏓᎴ' in language ''
Empty truth string!
Can't encode transcription: '' in language ''
Encoding of string failed! Failure bytes: 34 2e 20 e1 8f 9d e1 8e a9 e1 8f b3 20 e1 8e a4 e1 8f 9b e1 8f 83 e1 8e af 20 e1 8f 95 e1 8e a6 e1 8e b3 e1 8f ab e1 8e a5 20 e1 8e ac e1 8f a9 e1 8f 96 e1 8e b3 e1 8f 97 e1 8f 8d e1 8f 97 e1 8e a2 2c
Can't encode transcription: '4. ᏝᎩᏳ ᎤᏛᏃᎯ ᏕᎦᎳᏫᎥ ᎬᏩᏖᎳᏗᏍᏗᎢ,' in language ''
Encoding of string failed! Failure bytes: 34 20 e1 8f 9a e1 8f 82 e1 8f 83 e1 8f 97 2c 20 31 38 32 35 2e
Can't encode transcription: 'ᎢᏤ ᎦᏚᎲ, 14 ᏚᏂᏃᏗ, 1825.' in language ''
Encoding of string failed! Failure bytes: 3f 20 e1 8e ac e1 8f 85
Can't encode transcription: 'ᎢᎦ ᎤᏲᎨ ᏗᎦᎸᏫᏍᏓᏁᏗᏱ? ᎬᏅ' in language ''
Encoding of string failed! Failure bytes: 22
Can't encode transcription: 'ᏎᎸ."' in language ''
Encoding of string failed! Failure bytes: e1 8e ba e1 8e b5 20 e1 8e a4 e1 8f 93 e1 8f b4 e1 8f 8d e1 8f 97 2c 20 e1 8e be e1 8f 8d e1 8e a9 20 e1 8e a6 e1 8f 81 e1 8e b5 e1 8f 9b 20 e1 8e a8 e1 8f 8e e1 8e a2 2e
Can't encode transcription: 'ᎺᎵ ᎤᏓᏴᏍᏗ, ᎾᏍᎩ ᎦᏁᎵᏛ ᎨᏎᎢ.' in language ''
Encoding of string failed! Failure bytes: 5b e1 8e a3 e1 8e a6 e1 8e b4 e1 8f 85 e1 8f 9b 20 e1 8e a0 e1 8f 8f 20 e1 8f 99 e1 8f a5 e1 8e b4 e1 8f b4 e1 8f 97 2e 5d
Can't encode transcription: '[ᎣᎦᎴᏅᏛ ᎠᏏ ᏙᏥᎴᏴᏗ.]' in language ''
Encoding of string failed! Failure bytes: 34 20 e1 8e a8 e1 8e ab e1 8f 93 e1 8e b4 e1 8f 9b 20 e1 8f 82 e1 8f 97 e1 8e a8 e1 8f a5 e1 8e ac e1 8f a9 e1 8e b6 e1 8f 93 e1 8f 81 e1 8e be
Can't encode transcription: '24 ᎨᎫᏓᎴᏛ ᏂᏗᎨᏥᎬᏩᎶᏓᏁᎾ' in language ''
At iteration 2421/3700/4032, mean rms=1.328%, delta=3.708%, BCER train=12.981%, BWER train=25.518%, skip ratio=9.200%, New worst BCER = 12.981 wrote checkpoint.
Encoding of string failed! Failure bytes: 5b e1 8e a3 e1 8e a6 e1 8e b4 e1 8f 85 e1 8f 9b 20 e1 8e a0 e1 8f 8f 20 e1 8f 99 e1 8f a5 e1 8e b4 e1 8f b4 e1 8f 97 2e 5d
Can't encode transcription: '[ᎣᎦᎴᏅᏛ ᎠᏏ ᏙᏥᎴᏴᏗ.]' in language ''
Encoding of string failed! Failure bytes: ea ae b2 20 e1 8f 99 e1 8f a5 e1 8e b3 e1 8f ab e1 8e a5
Can't encode transcription: 'ᎣᏥᏁᎩ ᎠᏰᎵ ᎣᏣᏓᏅᏖᏍᎩ, ᎠᎴꮲ ᏙᏥᎳᏫᎥ' in language ''
Encoding of string failed! Failure bytes: 34 20 e1 8e af e1 8e a0 e1 8f 83 20 e1 8f 82 e1 8f 9a e1 8f aa e1 8f 8e e1 8e b4 e1 8e a2 2c 20 e1 8f 9a e1 8f b3 e1 8e aa e1 8f 97 e1 8f 8d e1 8e aa
Can't encode transcription: '4 ᎯᎠᏃ ᏂᏚᏪᏎᎴᎢ, ᏚᏳᎪᏗᏍᎪ' in language ''
Encoding of string failed! Failure bytes: 3f 20 e1 8e a5 e1 8f 9d e1 8f b0 e1 8f 83 20 e1 8e ac 2d
Can't encode transcription: '32 ᎠᎴ ᎦᏙ ᎠᏏ ᏓᎦᏛᏂ? ᎥᏝᏰᏃ Ꭼ-' in language ''
Encoding of string failed! Failure bytes: 34 2e 20 e1 8e a0 e1 8f 8e e1 8f 83 20 e1 8f a3 e1 8f 82 20 e1 8f 9a e1 8e b5 e1 8f ab e1 8f 8e e1 8e b4 e1 8f 89 2c 20 e1 8e a0 e1 8f b4 e1 8f 8d e1 8e a9 e1 8f 82 20 e1 8f b1 e1 8f 8d e1 8f 86 2d
Can't encode transcription: '14. ᎠᏎᏃ ᏣᏂ ᏚᎵᏫᏎᎴᏉ, ᎠᏴᏍᎩᏂ ᏱᏍᏆ-' in language ''
Encoding of string failed! Failure bytes: ea ae 91 e1 8e a9 e1 8e b3
Can't encode transcription: 'ᎠᏕᎸ ᎤᎾᎫᏴᏗ ᎨᏎᏍᏗ. ᎠᏕᏗᏱᏍᎬᏃ ᎢᏴ ꮑᎩᎳ' in language ''
At iteration 2481/3800/4138, mean rms=1.328%, delta=3.732%, BCER train=12.966%, BWER train=25.438%, skip ratio=8.900%, New worst BCER = 12.966 wrote checkpoint.
Finished! Selected model with minimal training error rate (BCER) = 12.848
