Loaded file training_data/staged_tuning/run_custom_big_lr_big_decay_dr6_mx5_output/chr_checkpoint, unpacking...
Successfully restored trainer from training_data/staged_tuning/run_custom_big_lr_big_decay_dr6_mx5_output/chr_checkpoint
Encoding of string failed! Failure bytes: ea ae 84 e1 8f 91 e1 8f b0 e1 8f 9b 20 e1 8f ab e1 8f 97 e1 8f 99 e1 8e a9 e1 8f 84 e1 8e aa 2d
Can't encode transcription: 'ᏗᎾᏗᏰᎢᎵᏙᎯ ᎣᎩᏅᏒᏉ ᏦᏍᏓꮄᏑᏰᏛ ᏫᏗᏙᎩᏄᎪ-' in language ''
Encoding of string failed! Failure bytes: 34 20 e1 8f 94 e1 8e b5 e1 8f 81 e1 8f 83 20 e1 8f 85 e1 8f a9 e1 8f 93 e1 8e b4 20 e1 8e a4 e1 8f 85 e1 8f 8f e1 8f 93 e1 8f 8d e1 8f 97 20 e1 8e a4 2d
Can't encode transcription: '4 ᏔᎵᏁᏃ ᏅᏩᏓᎴ ᎤᏅᏏᏓᏍᏗ Ꭴ-' in language ''
Encoding of string failed! Failure bytes: e1 8e bc e1 8f 8f 20 e1 8e a0 e1 8e b4
Can't encode transcription: 'ᏔᎵ ᎠᏂᏍᎦᏯ, ᎾᏍᎩ ᎼᏏ ᎠᎴ' in language ''
Encoding of string failed! Failure bytes: 34 2e 20 e1 8f 9d e1 8e a9 e1 8f b3 20 e1 8e a4 e1 8f 9b e1 8f 83 e1 8e af 20 e1 8f 95 e1 8e a6 e1 8e b3 e1 8f ab e1 8e a5 20 e1 8e ac e1 8f a9 e1 8f 96 e1 8e b3 e1 8f 97 e1 8f 8d e1 8f 97 e1 8e a2 2c
Can't encode transcription: '4. ᏝᎩᏳ ᎤᏛᏃᎯ ᏕᎦᎳᏫᎥ ᎬᏩᏖᎳᏗᏍᏗᎢ,' in language ''
Encoding of string failed! Failure bytes: e1 8e ba e1 8f 89 e1 8e af
Can't encode transcription: 'ᏥᏳ ᏗᏂᏂᏙᎯ, ᎠᎴ ᎾᏂᎥᏉ ᎠᎺᏉᎯ' in language ''
Encoding of string failed! Failure bytes: e1 8f ba e1 8f 81 e1 8e ad 2e
Can't encode transcription: 'ᎧᏃᎮᏛ ᎢᎨᎦᎵᏥᏺᏁᎭ.' in language ''
At iteration 2063/3100/3378, mean rms=1.381%, delta=4.120%, BCER train=14.094%, BWER train=26.757%, skip ratio=8.300%, New worst BCER = 14.094 wrote checkpoint.
Empty truth string!
Can't encode transcription: '' in language ''
Encoding of string failed! Failure bytes: e1 8e ba e1 8e b5 e1 8e a9 e1 8f 8f e1 8f 95 e1 8e a9
Can't encode transcription: 'ᏥᎸ-ᎮᎶᎯ ᏂᎯ ᏂᎪᎯᎸᎢ ᎺᎵᎩᏏᏕᎩ' in language ''
Encoding of string failed! Failure bytes: e1 8e ba e1 8e a6 e1 8f b0 e1 8f 83 20 e1 8e a4 e1 8f 81 e1 8e b3 e1 8f 85 e1 8e af 20 e1 8f 97 e1 8e ac e1 8f a9 e1 8f 93
Can't encode transcription: '2 ᏕᏨᏰᎺᎦᏰᏃ ᎤᏁᎳᏅᎯ ᏗᎬᏩᏓ' in language ''
At iteration 2122/3200/3481, mean rms=1.373%, delta=4.098%, BCER train=13.763%, BWER train=26.118%, skip ratio=7.800%, New worst BCER = 13.763 wrote checkpoint.
Finished! Selected model with minimal training error rate (BCER) = 12.848
