Loaded file training_data/staged_tuning/run_custom_big_lr_big_decay_dr6_mx5_output/chr_checkpoint, unpacking...
Successfully restored trainer from training_data/staged_tuning/run_custom_big_lr_big_decay_dr6_mx5_output/chr_checkpoint
Encoding of string failed! Failure bytes: 34 20 e1 8e af e1 8e a0 e1 8f 83 20 e1 8f 82 e1 8f 9a e1 8f aa e1 8f 8e e1 8e b4 e1 8e a2 2c 20 e1 8f 9a e1 8f b3 e1 8e aa e1 8f 97 e1 8f 8d e1 8e aa
Can't encode transcription: '4 ᎯᎠᏃ ᏂᏚᏪᏎᎴᎢ, ᏚᏳᎪᏗᏍᎪ' in language ''
Encoding of string failed! Failure bytes: 5e
Can't encode transcription: 'ᏄᎵᏥᏙᏃ ᏣᏂ^' in language ''
Encoding of string failed! Failure bytes: 34 2e 20 e1 8f 80 e1 8f 8d e1 8e a9 e1 8f 83 20 e1 8e af e1 8e a0 20 e1 8f a3 e1 8f 82 20 e1 8e a4 e1 8f 85 e1 8f a9 e1 8e a1 20 e1 8f 90 e1 8f 88 e1 8e b5 20 e1 8e a6 e1 8f 90 e1 8f 86 e1 8f 97 20 e1 8e a4 2d
Can't encode transcription: '4. ᏀᏍᎩᏃ ᎯᎠ ᏣᏂ ᎤᏅᏩᎡ ᏐᏈᎵ ᎦᏐᏆᏗ Ꭴ-' in language ''
Encoding of string failed! Failure bytes: 5d 20 e1 8e be e1 8f 8d e1 8f 89 20 e1 8e a1 e1 8e b6 e1 8e af 20 e1 8f 97 e1 8f 82 e1 8e a7 e1 8e bf e1 8e ad e1 8f a9 e1 8f 95 e1 8e a9
Can't encode transcription: 'ᏂᎨᏒᎾ] ᎾᏍᏉ ᎡᎶᎯ ᏗᏂᎧᎿᎭᏩᏕᎩ' in language ''
Encoding of string failed! Failure bytes: 34 38 20 e1 8f a7 e1 8e be e1 8f 93 e1 8e b4 e1 8f 85 e1 8f 9b e1 8f 83 20 e1 8f b4 e1 8f ab 20 e1 8e be e1 8f 8d e1 8e a9 20 e1 8e a4 e1 8e be e1 8f 9b 2d
Can't encode transcription: '48 ᏧᎾᏓᎴᏅᏛᏃ ᏴᏫ ᎾᏍᎩ ᎤᎾᏛ-' in language ''
Encoding of string failed! Failure bytes: 3f 20 e1 8e a4 e1 8f ac e1 8e af e1 8f b3 e1 8f 92 e1 8f 8d e1 8e aa 20 e1 8f b0 e1 8e b5 e1 8f 89 20 e1 8f b3 2d
Can't encode transcription: 'ᎾᏃ ᏱᎩ? ᎤᏬᎯᏳᏒᏍᎪ ᏰᎵᏉ Ᏻ-' in language ''
Encoding of string failed! Failure bytes: 5b e1 8e a3 e1 8e a6 e1 8e b4 e1 8f 85 e1 8f 9b 20 e1 8e a0 e1 8f 8f 20 e1 8f 99 e1 8f a5 e1 8e b4 e1 8f b4 e1 8f 97 2e 5d
Can't encode transcription: '[ᎣᎦᎴᏅᏛ ᎠᏏ ᏙᏥᎴᏴᏗ.]' in language ''
Encoding of string failed! Failure bytes: 5b e1 8e a3 e1 8e a6 e1 8e b4 e1 8f 85 e1 8f 9b 20 e1 8e a0 e1 8f 8f 20 e1 8f 99 e1 8f a5 e1 8e b4 e1 8f b4 e1 8f 97 2e 5d
Can't encode transcription: '[ᎣᎦᎴᏅᏛ ᎠᏏ ᏙᏥᎴᏴᏗ.]' in language ''
Encoding of string failed! Failure bytes: 34 2e 20 e1 8f a5 e1 8f 8c e1 8f 83 20 e1 8e a4 e1 8f 81 e1 8f a8 20 e1 8e af e1 8e a0 20 e1 8f 82 e1 8f 9a e1 8f aa e1 8f 8e e1 8e b8 e1 8e a9 3b 20 e1 8f a5 e1 8f 8d e1 8f 95 e1 8e be 20 e1 8f a3 e1 8f 82
Can't encode transcription: '4. ᏥᏌᏃ ᎤᏁᏨ ᎯᎠ ᏂᏚᏪᏎᎸᎩ; ᏥᏍᏕᎾ ᏣᏂ' in language ''
Encoding of string failed! Failure bytes: ea ae b0 e1 8f aa e1 8f 8d e1 8e ac e1 8e a2 2e 20 e1 8e be 2d
Can't encode transcription: 'ᎧᎿᎭᏩᏛᏍᏗ ᎤᏤᎵᎦ ᏂꮰᏪᏍᎬᎢ. Ꮎ-' in language ''
At iteration 1946/2900/3159, mean rms=1.402%, delta=4.274%, BCER train=14.206%, BWER train=27.431%, skip ratio=8.000%, New worst BCER = 14.206 wrote checkpoint.
Encoding of string failed! Failure bytes: 49 49 49 2e
Can't encode transcription: 'ᎹᏚ. ᎠᏯᏙᎸᎢ III.' in language ''
Encoding of string failed! Failure bytes: 3f
Can't encode transcription: 'ᏍᏗᎭ?' in language ''
Encoding of string failed! Failure bytes: 34 36 20 e1 8e a0 e1 8f 8e e1 8f 83 20 e1 8e a5 e1 8f 9d 20 e1 8e a2 e1 8e ac e1 8f b1 20 e1 8f b1 e1 8e a8 e1 8f 8e 20 e1 8e be e1 8f 8d e1 8e a9 20 e1 8e be
Can't encode transcription: '46 ᎠᏎᏃ ᎥᏝ ᎢᎬᏱ ᏱᎨᏎ ᎾᏍᎩ Ꮎ' in language ''
Encoding of string failed! Failure bytes: 3f
Can't encode transcription: 'ᎦᏙ ᏙᏓᎦᏟᎶᏍᏔᏂ?' in language ''
Encoding of string failed! Failure bytes: 34 2e 20 e1 8e a0 e1 8f 8e e1 8f 83 20 e1 8f a3 e1 8f 82 20 e1 8f 9a e1 8e b5 e1 8f ab e1 8f 8e e1 8e b4 e1 8f 89 2c 20 e1 8e a0 e1 8f b4 e1 8f 8d e1 8e a9 e1 8f 82 20 e1 8f b1 e1 8f 8d e1 8f 86 2d
Can't encode transcription: '14. ᎠᏎᏃ ᏣᏂ ᏚᎵᏫᏎᎴᏉ, ᎠᏴᏍᎩᏂ ᏱᏍᏆ-' in language ''
Encoding of string failed! Failure bytes: 34 2e 20 e1 8f 80 e1 8f 8d e1 8e a9 e1 8f 83 20 e1 8e af e1 8e a0 20 e1 8f a3 e1 8f 82 20 e1 8e a4 e1 8f 85 e1 8f a9 e1 8e a1 20 e1 8f 90 e1 8f 88 e1 8e b5 20 e1 8e a6 e1 8f 90 e1 8f 86 e1 8f 97 20 e1 8e a4 2d
Can't encode transcription: '4. ᏀᏍᎩᏃ ᎯᎠ ᏣᏂ ᎤᏅᏩᎡ ᏐᏈᎵ ᎦᏐᏆᏗ Ꭴ-' in language ''
Encoding of string failed! Failure bytes: 34 36 20 e1 8e af e1 8e a0 e1 8f 83 20 e1 8f 82 e1 8f 9a e1 8f aa e1 8f 8e e1 8e b4 e1 8e a2 2c 20 e1 8e be e1 8f 8d e1 8e a9 20 e1 8e af e1 8e a0
Can't encode transcription: '46 ᎯᎠᏃ ᏂᏚᏪᏎᎴᎢ, ᎾᏍᎩ ᎯᎠ' in language ''
Encoding of string failed! Failure bytes: 3f 20 e1 8f 8d e1 8e a9 e1 8f 83 e1 8e b2 e1 8f 8f 2e
Can't encode transcription: '67 ᏂᎯᏍᎪ ᎦᎶᏁᏛ? ᏍᎩᏃᎲᏏ.' in language ''
Encoding of string failed! Failure bytes: e1 8e bc e1 8f 8f e1 8f b0 e1 8f 83 20 e1 8f 82 e1 8e a6 e1 8f 9b 20 e1 8f 97 e1 8e a7 e1 8e bf e1 8e ad e1 8f a9 e1 8f 9b e1 8f 8d e1 8e ab e1 8f 97 20 e1 8f 82 2d
Can't encode transcription: '19 ᎼᏏᏰᏃ ᏂᎦᏛ ᏗᎧᎿᎭᏩᏛᏍᎫᏗ Ꮒ-' in language ''
Encoding of string failed! Failure bytes: ea ae 8f e1 8e a2 e1 8f a5 e1 8f 99 e1 8f 93
Can't encode transcription: 'ᏖᎴᏅᏛ ᏴᏫ. ᎦᎸᎳᏗᏰᏃ ᎡᎯ ꮏᎢᏥᏙᏓ' in language ''
Encoding of string failed! Failure bytes: 3f 20 e1 8e a0 e1 8f 99 e1 8e b4 e1 8e b0 e1 8f 8d e1 8e a9 e1 8e a8 3f 20 e1 8e a5 e1 8e a5 20 e1 8f 82 2d
Can't encode transcription: '9. ᎦᏙᎩ ᎢᏣᎦᏔᏅᏎᎢ? ᎠᏙᎴᎰᏍᎩᎨ? ᎥᎥ Ꮒ-' in language ''
Encoding of string failed! Failure bytes: 34 20 e1 8f 85 e1 8f 93 e1 8f 95 e1 8f 86 2c 20 31 38 32 35 2e
Can't encode transcription: 'ᎢᏦᏗ, 14 ᏅᏓᏕᏆ, 1825.' in language ''
Encoding of string failed! Failure bytes: ea ae 8c e1 8f a7 e1 8f 82 e1 8e b6 e1 8f 8e e1 8e a2 2c
Can't encode transcription: 'ᎸᎬ ᎢᏗᏢꮌᏧᏂᎶᏎᎢ,' in language ''
At iteration 1998/3000/3272, mean rms=1.389%, delta=4.211%, BCER train=13.970%, BWER train=26.899%, skip ratio=8.600%, New worst BCER = 13.970 wrote checkpoint.
Finished! Selected model with minimal training error rate (BCER) = 12.848
