Loaded file training_data/staged_tuning/run_custom_big_lr_big_decay_dr6_mx5_output/chr_checkpoint, unpacking...
Successfully restored trainer from training_data/staged_tuning/run_custom_big_lr_big_decay_dr6_mx5_output/chr_checkpoint
Encoding of string failed! Failure bytes: 34 2e 20 e1 8f 80 e1 8f 8d e1 8e a9 e1 8f 83 20 e1 8e af e1 8e a0 20 e1 8f a3 e1 8f 82 20 e1 8e a4 e1 8f 85 e1 8f a9 e1 8e a1 20 e1 8f 90 e1 8f 88 e1 8e b5 20 e1 8e a6 e1 8f 90 e1 8f 86 e1 8f 97 20 e1 8e a4 2d
Can't encode transcription: '4. ᏀᏍᎩᏃ ᎯᎠ ᏣᏂ ᎤᏅᏩᎡ ᏐᏈᎵ ᎦᏐᏆᏗ Ꭴ-' in language ''
Encoding of string failed! Failure bytes: 34 34 20 e1 8e a9 e1 8e b6 e1 8f 83 20 e1 8e a0 e1 8f 82 20 e1 8f 85 e1 8f b2 e1 8e af 20 e1 8e a0 e1 8f a2 e1 8f a8 e1 8e ad 20 e1 8f 93 e1 8f b3 2d
Can't encode transcription: '44 ᎩᎶᏃ ᎠᏂ ᏅᏲᎯ ᎠᏢᏨᎭ ᏓᏳ-' in language ''
Encoding of string failed! Failure bytes: ea ae 81 20 31 37 20 e1 8f 9a e1 8f 82 e1 8f 83 e1 8f 97 2c 20 31 38 32 35 2e
Can't encode transcription: 'ᎢᏤ ᎦᏚᎲ,ꮁ 17 ᏚᏂᏃᏗ, 1825.' in language ''
Encoding of string failed! Failure bytes: 56 2e
Can't encode transcription: 'ᎹᏚ. ᎠᏯᏙᎸᎢ V.' in language ''
Encoding of string failed! Failure bytes: 3f
Can't encode transcription: 'ᎦᏙ ᏙᏓᎦᏟᎶᏍᏔᏂ?' in language ''
Encoding of string failed! Failure bytes: 3f 20 e1 8f a9 e1 8f 90 e1 8e be e1 8f 8d e1 8e aa
Can't encode transcription: 'ᎦᏙ ᎢᏣᎦᏔᏅᏎ ᎢᎾᎨᎢ? ᏩᏐᎾᏍᎪ' in language ''
Encoding of string failed! Failure bytes: 5b e1 8e a8 e1 8f a6 e1 8f 8e e1 8e b0 e1 8e a2 2c 5d 20 e1 8e a2 e1 8e a6 e1 8f 9b e1 8f 83 20 e1 8e a2 e1 8e b3 e1 8f af 2c
Can't encode transcription: 'ᏗᏓᏬᏍᎩ [ᎨᏦᏎᎰᎢ,] ᎢᎦᏛᏃ ᎢᎳᏯ,' in language ''
Encoding of string failed! Failure bytes: 34 20 e1 8e bf e1 8e ad e1 8f 89 e1 8f 83 20 e1 8f a3 e1 8f 82 20 e1 8f 82 e1 8f 99 e1 8f 93 e1 8f b3 e1 8f 85 e1 8f 8f e1 8f 9b 20 e1 8e a2 e1 8e a4 2d
Can't encode transcription: '24 ᎿᎭᏉᏃ ᏣᏂ ᏂᏙᏓᏳᏅᏏᏛ ᎢᎤ-' in language ''
Encoding of string failed! Failure bytes: e1 8f b5 e1 8e af e1 8e a0 e1 8f 83 20 e1 8e be e1 8e a9 e1 8f aa e1 8f 8e e1 8e b8 e1 8e a9 3b
Can't encode transcription: 'ᏅᎵᏰᎥ ᏗᏥᎦᏙᎵ;ᏵᎯᎠᏃ ᎾᎩᏪᏎᎸᎩ;' in language ''
Encoding of string failed! Failure bytes: 34 2e 20 e1 8f a5 e1 8f 8c e1 8f 83 20 e1 8e a4 e1 8f 81 e1 8f a8 20 e1 8e af e1 8e a0 20 e1 8f 82 e1 8f 9a e1 8f aa e1 8f 8e e1 8e b8 e1 8e a9 3b 20 e1 8f a5 e1 8f 8d e1 8f 95 e1 8e be 20 e1 8f a3 e1 8f 82
Can't encode transcription: '4. ᏥᏌᏃ ᎤᏁᏨ ᎯᎠ ᏂᏚᏪᏎᎸᎩ; ᏥᏍᏕᎾ ᏣᏂ' in language ''
Encoding of string failed! Failure bytes: 34 20 e1 8e be e1 8f 8d e1 8e a9 20 e1 8f 85 e1 8f 93 e1 8f b3 e1 8e b5 e1 8f 8d e1 8f 99 e1 8f 99 e1 8f 97 e1 8f b1 20 e1 8f 97 e1 8e a7 e1 8e bf e1 8e ad e1 8f a9 2d
Can't encode transcription: '4 ᎾᏍᎩ ᏅᏓᏳᎵᏍᏙᏙᏗᏱ ᏗᎧᎿᎭᏩ-' in language ''
Encoding of string failed! Failure bytes: 5b e1 8f ab e1 8f a5 e1 8e aa e1 8e a5 e1 8e a9 5d 20 e1 8e a0 e1 8e b4 20 e1 8e be e1 8e bf e1 8e ad e1 8e a4 e1 8e a9 e1 8e b5
Can't encode transcription: 'ᎤᏁᎬ ᏐᏈᎵ [ᏫᏥᎪᎥᎩ] ᎠᎴ ᎾᎿᎭᎤᎩᎵ' in language ''
Encoding of string failed! Failure bytes: e1 8e bd 20 e1 8e a4 e1 8f 85 2d
Can't encode transcription: 'ᎠᏃᎯᏍᏗᏍᎩ ᏣᏗᎭ ᎥᏝ ᏙᎯᏱᏉ ᎠᏁᎽ ᎤᏅ-' in language ''
At iteration 3433/5500/6012, mean rms=1.310%, delta=3.681%, BCER train=13.276%, BWER train=25.461%, skip ratio=11.600%, New worst BCER = 13.276 wrote checkpoint.
Encoding of string failed! Failure bytes: 3f 20 e1 8e a0 e1 8f 8f e1 8f 89 e1 8f 8d e1 8e aa
Can't encode transcription: 'ᎢᎩ, ᎠᎴ ᏂᏦᎵᎬᎾ ᎢᎩ? ᎠᏏᏉᏍᎪ' in language ''
Encoding of string failed! Failure bytes: 34 34 20 e1 8e a9 e1 8e b6 e1 8f 83 20 e1 8e a0 e1 8f 82 20 e1 8f 85 e1 8f b2 e1 8e af 20 e1 8e a0 e1 8f a2 e1 8f a8 e1 8e ad 20 e1 8f 93 e1 8f b3 2d
Can't encode transcription: '44 ᎩᎶᏃ ᎠᏂ ᏅᏲᎯ ᎠᏢᏨᎭ ᏓᏳ-' in language ''
Encoding of string failed! Failure bytes: 5b e1 8e a3 e1 8e a6 e1 8e b4 e1 8f 85 e1 8f 9b 20 e1 8e a0 e1 8f 8f 20 e1 8f 99 e1 8f a5 e1 8e b4 e1 8f b4 e1 8f 97 2e 5d
Can't encode transcription: '[ᎣᎦᎴᏅᏛ ᎠᏏ ᏙᏥᎴᏴᏗ.]' in language ''
Encoding of string failed! Failure bytes: 56 2e
Can't encode transcription: 'ᎹᏚ. ᎠᏯᏙᎸᎢ V.' in language ''
Encoding of string failed! Failure bytes: 3f 20 e1 8e be e1 8f 8d e1 8f 89 e1 8f 8d e1 8e a9 e1 8f 82 20 e1 8e a5 e1 8f 9d
Can't encode transcription: '-ᎢᏳᏍᏗ ᏯᎾᏓᏛᎦ? ᎾᏍᏉᏍᎩᏂ ᎥᏝ' in language ''
Encoding of string failed! Failure bytes: 3f 20 e1 8e a0 e1 8f 8e e1 8f 83 20 e1 8f 90 e1 8e a3 2d
Can't encode transcription: 'ᎠᏍᎪᎯ ᏱᎨᏥᏅᎦᎸᎡᎢ? ᎠᏎᏃ ᏐᎣ-' in language ''
Encoding of string failed! Failure bytes: ea ae 89 e1 8e ab e1 8f b4 e1 8e a1 e1 8e ae e1 8f 8d e1 8f 97 20 e1 8e a0 e1 8f 82 e1 8f a3 e1 8f b4 e1 8f ab e1 8e b3 2e 20 e1 8f a7 e1 8f 93 e1 8f 98 e1 8f 80 e1 8e a2 e1 8f 83 20 e1 8e a0 e1 8f b0 e1 8e b5 20 e1 8e a0 e1 8e be 2d
Can't encode transcription: 'ᎨᎦꮉᎫᏴᎡᎮᏍᏗ ᎠᏂᏣᏴᏫᎳ. ᏧᏓᏘᏀᎢᏃ ᎠᏰᎵ ᎠᎾ-' in language ''
Encoding of string failed! Failure bytes: 3f
Can't encode transcription: 'ᏅᏃᎯ ᎤᏁᎳᏅᎯ ᏧᏤᎵᎦ?' in language ''
Encoding of string failed! Failure bytes: 34 30 20 e1 8e bf e1 8e ad e1 8f 89 e1 8f 83 20 e1 8e be e1 8f 8d e1 8e a9 20 e1 8f 96 e1 8e b8 e1 8e b3 e1 8f 97 20 e1 8f 93 e1 8f ab e1 8f 92
Can't encode transcription: '40 ᎿᎭᏉᏃ ᎾᏍᎩ ᏖᎸᎳᏗ ᏓᏫᏒ' in language ''
Encoding of string failed! Failure bytes: 34 20 e1 8f 85 e1 8f 93 e1 8f 95 e1 8f 86 2c 20 31 38 32 35 2e
Can't encode transcription: 'ᎢᏦᏗ, 14 ᏅᏓᏕᏆ, 1825.' in language ''
Empty truth string!
Can't encode transcription: '' in language ''
Encoding of string failed! Failure bytes: e1 8f b8 e1 8f a5 e1 8e a5 e1 8e a1 e1 8f 97
Can't encode transcription: 'ᏕᎦᏥᏯᏠᎢᏍᏓᏁᎸᎢ, ᎾᎯᏳ ᎦᏸᏥᎥᎡᏗ' in language ''
At iteration 3479/5600/6124, mean rms=1.270%, delta=3.536%, BCER train=12.868%, BWER train=24.429%, skip ratio=11.500%, New worst BCER = 12.868 wrote checkpoint.
Finished! Selected model with minimal training error rate (BCER) = 12.625
