Loaded file training_data/staged_tuning/run_custom_big_lr_big_decay_dr6_mx5_output/chr_checkpoint, unpacking...
Successfully restored trainer from training_data/staged_tuning/run_custom_big_lr_big_decay_dr6_mx5_output/chr_checkpoint
Empty truth string!
Can't encode transcription: '' in language ''
Encoding of string failed! Failure bytes: ea ae b4 e1 8f b1 e1 8f 85 e1 8f 97 e1 8e a6 e1 8e b5 e1 8f 8d e1 8f 99 e1 8f 97 e1 8e ad 2e 20 e1 8f 82 e1 8e a6 e1 8f 97 e1 8f b3 e1 8f 89 e1 8f 8d e1 8e a9 e1 8f 82
Can't encode transcription: 'ᏍᏓᏁᎲꮴᏱᏅᏗᎦᎵᏍᏙᏗᎭ. ᏂᎦᏗᏳᏉᏍᎩᏂ' in language ''
Encoding of string failed! Failure bytes: 34 2e 20 e1 8f 9d e1 8e a9 e1 8f b3 20 e1 8e a4 e1 8f 9b e1 8f 83 e1 8e af 20 e1 8f 95 e1 8e a6 e1 8e b3 e1 8f ab e1 8e a5 20 e1 8e ac e1 8f a9 e1 8f 96 e1 8e b3 e1 8f 97 e1 8f 8d e1 8f 97 e1 8e a2 2c
Can't encode transcription: '4. ᏝᎩᏳ ᎤᏛᏃᎯ ᏕᎦᎳᏫᎥ ᎬᏩᏖᎳᏗᏍᏗᎢ,' in language ''
Encoding of string failed! Failure bytes: 3f 20 e1 8e ac 2d
Can't encode transcription: 'ᎵᏍᏙᏗᎭ ᏥᏄᏍᏗ ᏥᎬᏯᏛᎩᎭ? Ꭼ-' in language ''
Encoding of string failed! Failure bytes: ea ae af e1 8e b2
Can't encode transcription: 'ᎠᎴ ᎯᎠ ᎣᏥᏁᎩ ᎠᏕᎸ ᎠᏂᎩᏏᏙᎯ ᎠᏁᏙꮯᎲ' in language ''
Empty truth string!
Can't encode transcription: '' in language ''
Encoding of string failed! Failure bytes: 34 2e 20 e1 8f a5 e1 8f 8c e1 8f 83 20 e1 8e a4 e1 8f 81 e1 8f a8 20 e1 8e af e1 8e a0 20 e1 8f 82 e1 8f 9a e1 8f aa e1 8f 8e e1 8e b8 e1 8e a9 3b 20 e1 8f a5 e1 8f 8d e1 8f 95 e1 8e be 20 e1 8f a3 e1 8f 82
Can't encode transcription: '4. ᏥᏌᏃ ᎤᏁᏨ ᎯᎠ ᏂᏚᏪᏎᎸᎩ; ᏥᏍᏕᎾ ᏣᏂ' in language ''
2 Percent improvement time=2318, best error was 13.881 @ 1640
At iteration 3958/6500/7104, mean rms=1.192%, delta=3.384%, BCER train=11.581%, BWER train=22.523%, skip ratio=9.200%, New best BCER = 11.581 wrote best model:training_data/staged_tuning/run_custom_big_lr_big_decay_dr6_mx5_output/chr_11.581_3958_6500.checkpoint wrote checkpoint.
Encoding of string failed! Failure bytes: 34 20 e1 8e a9 e1 8e b6 e1 8f 8d e1 8e a9 e1 8f 82 e1 8f 83 e1 8f 85 20 e1 8e a2 e1 8f b3 e1 8e be e1 8f 8d e1 8f 97 20 e1 8e ac e1 8f a9 e1 8e b5 2d
Can't encode transcription: '34 ᎩᎶᏍᎩᏂᏃᏅ ᎢᏳᎾᏍᏗ ᎬᏩᎵ-' in language ''
Encoding of string failed! Failure bytes: 34 2e 20 e1 8f a5 e1 8f 8c e1 8f 83 20 e1 8e a4 e1 8f 81 e1 8f a8 20 e1 8e af e1 8e a0 20 e1 8f 82 e1 8f 9a e1 8f aa e1 8f 8e e1 8e b8 e1 8e a9 3b 20 e1 8f a5 e1 8f 8d e1 8f 95 e1 8e be 20 e1 8f a3 e1 8f 82
Can't encode transcription: '4. ᏥᏌᏃ ᎤᏁᏨ ᎯᎠ ᏂᏚᏪᏎᎸᎩ; ᏥᏍᏕᎾ ᏣᏂ' in language ''
Encoding of string failed! Failure bytes: ea ae b3 20 e1 8e a0 e1 8e be e1 8f 9d e1 8e a2 e1 8f 83
Can't encode transcription: 'ᎠᏓᏴᏍᏕᏍᏗᏍᎩ, ᎠᎴ ᏀᏍᎩ ᎦᎾᏗᏅᏒᎢꮳ ᎠᎾᏝᎢᏃ' in language ''
Encoding of string failed! Failure bytes: 34 20 e1 8e a2 e1 8f a4 20 e1 8f 97 e1 8e a7 e1 8e bf e1 8e ad e1 8f a9 e1 8f 9b e1 8f 8d e1 8f 97 20 e1 8e a2 e1 8f a8 e1 8e a5 e1 8f 8f 2c 20 e1 8f 97 e1 8f a3 2d
Can't encode transcription: '34 ᎢᏤ ᏗᎧᎿᎭᏩᏛᏍᏗ ᎢᏨᎥᏏ, ᏗᏣ-' in language ''
Encoding of string failed! Failure bytes: 3f
Can't encode transcription: 'ᏆᎵᏏ ᎬᏬᎯᏳᏅ?' in language ''
Encoding of string failed! Failure bytes: 5b e1 8e a3 e1 8e a6 e1 8e b4 e1 8f 85 e1 8f 9b 20 e1 8e a0 e1 8f 8f 20 e1 8f 99 e1 8f a5 e1 8e b4 e1 8f b4 e1 8f 97 2e 5d
Can't encode transcription: '[ᎣᎦᎴᏅᏛ ᎠᏏ ᏙᏥᎴᏴᏗ.]' in language ''
At iteration 4012/6600/7210, mean rms=1.216%, delta=3.489%, BCER train=11.856%, BWER train=22.883%, skip ratio=8.600%, New worst BCER = 11.856 wrote checkpoint.
Finished! Selected model with minimal training error rate (BCER) = 11.581
