Loaded file training_data/staged_tuning/run_custom_big_lr_big_decay_output/chr_checkpoint, unpacking...
Successfully restored trainer from training_data/staged_tuning/run_custom_big_lr_big_decay_output/chr_checkpoint
Encoding of string failed! Failure bytes: e1 8e ba e1 8f 82 2d
Can't encode transcription: 'ᎯᎸᏍᎩ ᏂᏕᎦᎥ ᎪᏪᎵ, ᎾᏍᎩᏃ ᏗᏝᏍᏓᏅ ᏌᏉᎺᏂ-' in language ''
Encoding of string failed! Failure bytes: 3f
Can't encode transcription: 'ᏘᏂᏙᎯ; ᏥᏌ ᏰᎵ ᎪᎱᏍᏗ ᎦᎬᏲᏎᏗ?' in language ''
Encoding of string failed! Failure bytes: 34 2e 20 e1 8f 80 e1 8f 8d e1 8e a9 e1 8f 83 20 e1 8e af e1 8e a0 20 e1 8f a3 e1 8f 82 20 e1 8e a4 e1 8f 85 e1 8f a9 e1 8e a1 20 e1 8f 90 e1 8f 88 e1 8e b5 20 e1 8e a6 e1 8f 90 e1 8f 86 e1 8f 97 20 e1 8e a4 2d
Can't encode transcription: '4. ᏀᏍᎩᏃ ᎯᎠ ᏣᏂ ᎤᏅᏩᎡ ᏐᏈᎵ ᎦᏐᏆᏗ Ꭴ-' in language ''
Encoding of string failed! Failure bytes: ea ae b8 e1 8f 98 e1 8f 82 e1 8f 99 e1 8e af 20 e1 8f b1 e1 8e a9 3f
Can't encode transcription: 'ᏗᏣꮸᏘᏂᏙᎯ ᏱᎩ?' in language ''
Encoding of string failed! Failure bytes: 3f 20 e1 8e a5 e1 8f 9d
Can't encode transcription: 'ᎢᏣᏓᏃᏴᎵᏍᏗᎭ, ᎠᎴ ᏙᏣᏠᏱᎭ? ᎥᏝ' in language ''
Encoding of string failed! Failure bytes: e1 8e ba e1 8f 85 2e
Can't encode transcription: 'ᏓᎧᎿᎭᏩᏗᏙᎮᏍᏗ ᏗᏣᏓᏅᏙ. ᎡᎺᏅ.' in language ''
At iteration 2759/4300/4688, mean rms=1.331%, delta=3.800%, BCER train=12.736%, BWER train=25.569%, skip ratio=9.900%, New worst BCER = 12.736 wrote checkpoint.
Encoding of string failed! Failure bytes: ea ae 81 e1 8e b8 20 e1 8f 80 2d
Can't encode transcription: 'ᏎᏍᏗ ᏀᏍᎩ ᏗᎫᏴᏓᏁᏗ ᎤᏂᎩᏏᏙᎸᎯ ᎠꮁᎸ Ꮐ-' in language ''
Encoding of string failed! Failure bytes: 34 20 e1 8e a0 e1 8e b4 20 e1 8e a2 e1 8f a8 e1 8f b2 e1 8f 8e e1 8e ad 20 e1 8f 82 e1 8e af 20 e1 8e a2 e1 8e a6 e1 8e b5 e1 8e a2 2c 20 e1 8f 9e e1 8f 8d e1 8f 97
Can't encode transcription: '4 ᎠᎴ ᎢᏨᏲᏎᎭ ᏂᎯ ᎢᎦᎵᎢ, ᏞᏍᏗ' in language ''
Encoding of string failed! Failure bytes: ea ae 85 e1 8e a8 e1 8f 92 20 e1 8f 93 e1 8e a7 e1 8f 85
Can't encode transcription: '18 ᎾᏍᎩ Ꮎ ᎢᏦᎵᏍᏙᏗ ꮅᎨᏒ ᏓᎧᏅ' in language ''
Empty truth string!
Can't encode transcription: '' in language ''
Encoding of string failed! Failure bytes: e1 8f 8b e1 8f 92 e1 8f 89 20 e1 8e a8 e1 8f 8e e1 8f 8d e1 8f 97 3b 20 e1 8e a5 e1 8f 9d e1 8f 8d e1 8e a9 e1 8f 82 e1 8f 83 e1 8f 85
Can't encode transcription: 'ᏴᏕᏥ ᎠᏋᏒᏉ ᎨᏎᏍᏗ; ᎥᏝᏍᎩᏂᏃᏅ' in language ''
Encoding of string failed! Failure bytes: 34 36 20 e1 8e be e1 8e bf e1 8e ad e1 8e a4 e1 8e be e1 8f a4 e1 8e b5 20 e1 8f a5 e1 8f 8d e1 8e aa e1 8f b4 20 e1 8f 82 e1 8e a6 e1 8e b5 e1 8f ac e1 8e ac e1 8e be
Can't encode transcription: '46 ᎾᎿᎭᎤᎾᏤᎵ ᏥᏍᎪᏴ ᏂᎦᎵᏬᎬᎾ' in language ''
Encoding of string failed! Failure bytes: 34 31 20 e1 8e a0 e1 8e b4 20 e1 8e a0 e1 8f 82 e1 8f 8d e1 8e a9 e1 8e be 20 e1 8e be e1 8f 8d e1 8f 89 20 e1 8e ac e1 8f a9 e1 8f 82 e1 8f 84 e1 8e aa e1 8e a8
Can't encode transcription: '41 ᎠᎴ ᎠᏂᏍᎩᎾ ᎾᏍᏉ ᎬᏩᏂᏄᎪᎨ' in language ''
Encoding of string failed! Failure bytes: 22
Can't encode transcription: 'ᎦᎸᎳᏗ ᏅᏓᏳᏓᎴᏅᎯ."' in language ''
Encoding of string failed! Failure bytes: 34 2e 20 e1 8e a0 e1 8f 8e e1 8f 83 20 e1 8f a3 e1 8f 82 20 e1 8f 9a e1 8e b5 e1 8f ab e1 8f 8e e1 8e b4 e1 8f 89 2c 20 e1 8e a0 e1 8f b4 e1 8f 8d e1 8e a9 e1 8f 82 20 e1 8f b1 e1 8f 8d e1 8f 86 2d
Can't encode transcription: '14. ᎠᏎᏃ ᏣᏂ ᏚᎵᏫᏎᎴᏉ, ᎠᏴᏍᎩᏂ ᏱᏍᏆ-' in language ''
Empty truth string!
Can't encode transcription: '' in language ''
Encoding of string failed! Failure bytes: e1 8f bd e1 8f 99 e1 8e b4 e1 8e b0 e1 8f 8d e1 8e a9 e1 8f 8d e1 8e a9 e1 8f 82 20 e1 8e a6 e1 8f b3 e1 8e b3 20 e1 8e ac e1 8f a9 e1 8f 83 e1 8e ae e1 8e b8 20 e1 8f 82 e1 8e a8 20 e1 8e b2 e1 8f 89
Can't encode transcription: 'ᏍᎩ. ᎠᏽᏙᎴᎰᏍᎩᏍᎩᏂ ᎦᏳᎳ ᎬᏩᏃᎮᎸ ᏂᎨ ᎲᏉ' in language ''
Encoding of string failed! Failure bytes: ea ae 84 20 e1 8e af e1 8f b4 e1 8e ad 20 e1 8e a3 e1 8f 8d e1 8f 9b 20 e1 8e a0 e1 8f 93 2d
Can't encode transcription: 'ᏌᏕᎩ ᏅᏓᎬᏴᏁᎵꮄ ᎯᏴᎭ ᎣᏍᏛ ᎠᏓ-' in language ''
At iteration 2822/4400/4800, mean rms=1.335%, delta=3.803%, BCER train=12.886%, BWER train=25.569%, skip ratio=10.100%, New worst BCER = 12.886 wrote checkpoint.
Finished! Selected model with minimal training error rate (BCER) = 12.646
