Loaded file training_data/staged_tuning/run_custom_big_lr_big_decay_output/chr_checkpoint, unpacking...
Successfully restored trainer from training_data/staged_tuning/run_custom_big_lr_big_decay_output/chr_checkpoint
Encoding of string failed! Failure bytes: ea ae b2 e1 8f 81 e1 8f a8 e1 8e a2 20 e1 8e a4 e1 8e be e1 8e b5 e1 8f b1 e1 8e b5 e1 8f 95 e1 8f 97 20 e1 8e a8 e1 8f 8e e1 8f 8d e1 8f 97 20 e1 8f 80 e1 8e bf
Can't encode transcription: 'ᏧᏂᏅᏂᏐᏗᏱ ᎤᏂꮲᏁᏨᎢ ᎤᎾᎵᏱᎵᏕᏗ ᎨᏎᏍᏗ ᏀᎿ' in language ''
Encoding of string failed! Failure bytes: 3f
Can't encode transcription: 'ᏦᏩ ᎤᏪᏥ ᏱᎩ?' in language ''
Encoding of string failed! Failure bytes: 5b e1 8e a3 e1 8e a6 e1 8e b4 e1 8f 85 e1 8f 9b 20 e1 8e a0 e1 8f 8f 20 e1 8f 99 e1 8f a5 e1 8e b4 e1 8f b4 e1 8f 97 2e 5d
Can't encode transcription: '[ᎣᎦᎴᏅᏛ ᎠᏏ ᏙᏥᎴᏴᏗ.]' in language ''
Encoding of string failed! Failure bytes: 3f
Can't encode transcription: 'ᎢᎨᏐ ᎤᏃᏍᏛ ᎠᏓ ᏨᏒ ᏣᎦᏑᎲᎢ?' in language ''
Encoding of string failed! Failure bytes: 34 20 e1 8f 9a e1 8f 82 e1 8f 83 e1 8f 97 2c 20 31 38 32 35 2e
Can't encode transcription: 'ᎢᏤ ᎦᏚᎲ, 14 ᏚᏂᏃᏗ, 1825.' in language ''
Encoding of string failed! Failure bytes: 34 2e 20 e1 8f 9d e1 8e a9 e1 8f b3 20 e1 8e a4 e1 8f 9b e1 8f 83 e1 8e af 20 e1 8f 95 e1 8e a6 e1 8e b3 e1 8f ab e1 8e a5 20 e1 8e ac e1 8f a9 e1 8f 96 e1 8e b3 e1 8f 97 e1 8f 8d e1 8f 97 e1 8e a2 2c
Can't encode transcription: '4. ᏝᎩᏳ ᎤᏛᏃᎯ ᏕᎦᎳᏫᎥ ᎬᏩᏖᎳᏗᏍᏗᎢ,' in language ''
Encoding of string failed! Failure bytes: e1 8e ba e1 8f 89 e1 8e af
Can't encode transcription: 'ᏃᎯᎵᏙᎯ ᎠᎴ ᎠᎾᏓᎾᏏᏂᏙᎯ ᎠᎴ ᎠᎺᏉᎯ' in language ''
Encoding of string failed! Failure bytes: 3f 20 e1 8e a0 e1 8f 99 e1 8e b4 e1 8e b0 e1 8f 8d e1 8e a9 e1 8e a8 3f 20 e1 8e a5 e1 8e a5 20 e1 8f 82 2d
Can't encode transcription: '9. ᎦᏙᎩ ᎢᏣᎦᏔᏅᏎᎢ? ᎠᏙᎴᎰᏍᎩᎨ? ᎥᎥ Ꮒ-' in language ''
Encoding of string failed! Failure bytes: 3f 20 e1 8e a0 e1 8f 99 e1 8e b4 e1 8e b0 e1 8f 8d e1 8e a9 e1 8e a8 3f 20 e1 8e a5 e1 8e a5 20 e1 8f 82 2d
Can't encode transcription: '9. ᎦᏙᎩ ᎢᏣᎦᏔᏅᏎᎢ? ᎠᏙᎴᎰᏍᎩᎨ? ᎥᎥ Ꮒ-' in language ''
Encoding of string failed! Failure bytes: 34 20 e1 8f 85 e1 8f 93 e1 8f 95 e1 8f 86 2c 20 31 38 32 35 2e
Can't encode transcription: 'ᎢᏦᏗ, 14 ᏅᏓᏕᏆ, 1825.' in language ''
Encoding of string failed! Failure bytes: 3f
Can't encode transcription: 'ᏍᏗᏱ?' in language ''
2 Percent improvement time=419, best error was 15.682 @ 1259
At iteration 1678/2500/2736, mean rms=1.382%, delta=4.107%, BCER train=13.455%, BWER train=26.912%, skip ratio=10.300%, New best BCER = 13.455 wrote best model:training_data/staged_tuning/run_custom_big_lr_big_decay_output/chr_13.455_1678_2500.checkpoint wrote checkpoint.
Encoding of string failed! Failure bytes: 3f
Can't encode transcription: 'ᎣᎦᏗᏔᏍᏗᏱ?' in language ''
Encoding of string failed! Failure bytes: ea ad b8 e1 8f 89 20 e1 8e af e1 8e a0 20 e1 8f 82 e1 8f a7 e1 8f aa e1 8f 8e 20 e1 8e a6 e1 8e b8 e1 8e b3 e1 8f 97 2c
Can't encode transcription: '17. ᎠᎴ ᎬᏂᏳꭸᏉ ᎯᎠ ᏂᏧᏪᏎ ᎦᎸᎳᏗ,' in language ''
Encoding of string failed! Failure bytes: ea ad b7 e1 8f 98 e1 8f 8d e1 8e a8 e1 8f 8d e1 8f 97 2c 20 e1 8f 82 e1 8e af e1 8f 8d e1 8e a9 e1 8f 82 20 e1 8f 8d e1 8e a9 e1 8e aa e1 8f a9 e1 8f 98 e1 8f 8d e1 8e a8 2d
Can't encode transcription: 'ꭷᏘᏍᎨᏍᏗ, ᏂᎯᏍᎩᏂ ᏍᎩᎪᏩᏘᏍᎨ-' in language ''
Encoding of string failed! Failure bytes: ea ae ba e1 8e b6 e1 8f 97 20 e1 8f 8d e1 8f 8f e1 8f 89 e1 8f af 20 e1 8f a7 e1 8f ac e1 8f a2 e1 8f 85 e1 8e af
Can't encode transcription: 'ᏍᏗ, ᏗᏐᎡᏃ ᏣᎳᎩ ᏧᏃꮺᎶᏗ ᏍᏏᏉᏯ ᏧᏬᏢᏅᎯ' in language ''
Encoding of string failed! Failure bytes: 3f 20 e1 8e a2 2d
Can't encode transcription: '27 ᎭᏢᎨᏃ ᎠᏢᏆᏍᏗ ᎨᏒᎢ? Ꭲ-' in language ''
Encoding of string failed! Failure bytes: 3f 20 e1 8f 9d e1 8f 8d e1 8e aa 20 e1 8e be e1 8f 8d e1 8e a9 20 e1 8f b1 e1 8e a8 e1 8f 8e
Can't encode transcription: 'ᎠᏣᏪᏴᎸᏍᏙᏗᏱ? ᏝᏍᎪ ᎾᏍᎩ ᏱᎨᏎ' in language ''
Encoding of string failed! Failure bytes: 3f
Can't encode transcription: 'ᎦᏙ ᎢᏣᏓᏅᏖᎭ ᏙᏗᎶᏓᏅᏛᎢ?' in language ''
Encoding of string failed! Failure bytes: 34 20 e1 8e bf e1 8e ad e1 8f 89 e1 8f 83 20 e1 8f 9a e1 8f 82 e1 8f 90 e1 8f a8 20 e1 8e a8 e1 8f 82 e1 8f 8f e1 8e b3 e1 8f 97 20 e1 8e a4 e1 8f 82 2d
Can't encode transcription: '34 ᎿᎭᏉᏃ ᏚᏂᏐᏨ ᎨᏂᏏᎳᏗ ᎤᏂ-' in language ''
2 Percent improvement time=473, best error was 15.682 @ 1259
At iteration 1732/2600/2844, mean rms=1.369%, delta=4.078%, BCER train=13.350%, BWER train=26.419%, skip ratio=9.800%, New best BCER = 13.350 wrote checkpoint.
Finished! Selected model with minimal training error rate (BCER) = 13.35
