Loaded file training_data/staged_tuning/run_custom_big_lr_big_decay_output/chr_checkpoint, unpacking...
Successfully restored trainer from training_data/staged_tuning/run_custom_big_lr_big_decay_output/chr_checkpoint
Encoding of string failed! Failure bytes: 34 2e 20 e1 8f 80 e1 8f 8d e1 8e a9 e1 8f 83 20 e1 8e af e1 8e a0 20 e1 8f a3 e1 8f 82 20 e1 8e a4 e1 8f 85 e1 8f a9 e1 8e a1 e1 8f 90 e1 8f 88 e1 8e b5 20 e1 8e a6 e1 8f 90 e1 8f 86 e1 8f 97 20 e1 8e a4 2d
Can't encode transcription: '4. ᏀᏍᎩᏃ ᎯᎠ ᏣᏂ ᎤᏅᏩᎡᏐᏈᎵ ᎦᏐᏆᏗ Ꭴ-' in language ''
Encoding of string failed! Failure bytes: 5d 20 e1 8e be e1 8f 8d e1 8f 89 20 e1 8e a1 e1 8e b6 e1 8e af 20 e1 8f 97 e1 8f 82 e1 8e a7 e1 8e bf e1 8e ad e1 8f a9 e1 8f 95 e1 8e a9
Can't encode transcription: 'ᏂᎨᏒᎾ] ᎾᏍᏉ ᎡᎶᎯ ᏗᏂᎧᎿᎭᏩᏕᎩ' in language ''
Encoding of string failed! Failure bytes: 34 38 20 e1 8f a7 e1 8e be e1 8f 93 e1 8e b4 e1 8f 85 e1 8f 9b e1 8f 83 20 e1 8f b4 e1 8f ab 20 e1 8e be e1 8f 8d e1 8e a9 20 e1 8e a4 e1 8e be e1 8f 9b 2d
Can't encode transcription: '48 ᏧᎾᏓᎴᏅᏛᏃ ᏴᏫ ᎾᏍᎩ ᎤᎾᏛ-' in language ''
Encoding of string failed! Failure bytes: 3f 20 e1 8e a4 e1 8f ac e1 8e af e1 8f b3 e1 8f 92 e1 8f 8d e1 8e aa 20 e1 8f b0 e1 8e b5 e1 8f 89 20 e1 8f b3 2d
Can't encode transcription: 'ᎾᏃ ᏱᎩ? ᎤᏬᎯᏳᏒᏍᎪ ᏰᎵᏉ Ᏻ-' in language ''
Encoding of string failed! Failure bytes: 49 49 49 2e
Can't encode transcription: 'ᎹᏚ. ᎠᏯᏙᎸᎢ III.' in language ''
Encoding of string failed! Failure bytes: 49 49 49 2e
Can't encode transcription: 'ᎹᏚ. ᎠᏯᏙᎸᎢ III.' in language ''
Encoding of string failed! Failure bytes: 3f
Can't encode transcription: 'ᏍᏗᎭ?' in language ''
At iteration 1920/2900/3165, mean rms=1.378%, delta=4.147%, BCER train=14.237%, BWER train=27.293%, skip ratio=9.200%, New worst BCER = 14.237 wrote checkpoint.
Encoding of string failed! Failure bytes: 34 36 20 e1 8e a0 e1 8f 8e e1 8f 83 20 e1 8e a5 e1 8f 9d 20 e1 8e a2 e1 8e ac e1 8f b1 20 e1 8f b1 e1 8e a8 e1 8f 8e 20 e1 8e be e1 8f 8d e1 8e a9 20 e1 8e be
Can't encode transcription: '46 ᎠᏎᏃ ᎥᏝ ᎢᎬᏱ ᏱᎨᏎ ᎾᏍᎩ Ꮎ' in language ''
Encoding of string failed! Failure bytes: 3f 20 e1 8e a0 e1 8f 99 e1 8e b4 e1 8e b0 e1 8f 8d e1 8e a9 e1 8e a8 3f 20 e1 8e a5 e1 8e a5 20 e1 8f 82 2d
Can't encode transcription: '9. ᎦᏙᎩ ᎢᏣᎦᏔᏅᏎᎢ? ᎠᏙᎴᎰᏍᎩᎨ? ᎥᎥ Ꮒ-' in language ''
Encoding of string failed! Failure bytes: 3f
Can't encode transcription: 'ᎦᏙ ᏙᏓᎦᏟᎶᏍᏔᏂ?' in language ''
Encoding of string failed! Failure bytes: e1 8f b7 e1 8f 95 e1 8f b2 e1 8e b2 e1 8f 8d e1 8e a8 20 e1 8e a0 e1 8e b4 20 e1 8e a0 e1 8e be e1 8e b5 e1 8f a5 e1 8f 99 e1 8e b2 e1 8f 8d e1 8e a8
Can't encode transcription: 'ᎨᏎ Ꮣ᏷ᏕᏲᎲᏍᎨ ᎠᎴ ᎠᎾᎵᏥᏙᎲᏍᎨ' in language ''
Encoding of string failed! Failure bytes: 34 36 20 e1 8e af e1 8e a0 e1 8f 83 20 e1 8f 82 e1 8f 9a e1 8f aa e1 8f 8e e1 8e b4 e1 8e a2 2c 20 e1 8e be e1 8f 8d e1 8e a9 20 e1 8e af e1 8e a0
Can't encode transcription: '46 ᎯᎠᏃ ᏂᏚᏪᏎᎴᎢ, ᎾᏍᎩ ᎯᎠ' in language ''
Encoding of string failed! Failure bytes: 3f 20 e1 8f 8d e1 8e a9 e1 8f 83 e1 8e b2 e1 8f 8f
Can't encode transcription: '67 ᏂᎯᏍᎪ ᎦᎶᏁᏛ? ᏍᎩᏃᎲᏏ' in language ''
Encoding of string failed! Failure bytes: e1 8e bc e1 8f 8f e1 8f b0 e1 8f 83 20 e1 8f 82 e1 8e a6 e1 8f 9b 20 e1 8f 97 e1 8e a7 e1 8e bf e1 8e ad e1 8f a9 e1 8f 9b e1 8f 8d e1 8f 97 20 e1 8f 82 2d
Can't encode transcription: '19 ᎼᏏᏰᏃ ᏂᎦᏛ ᏗᎧᎿᎭᏩᏛᏍᏗ Ꮒ-' in language ''
Encoding of string failed! Failure bytes: ea ae 82 20 e1 8e af e1 8e a0
Can't encode transcription: 'ᎦᎵᏍᏗᎭ, ᎾᏍᎩ ᎤᎭᎨᏛ ᏥᏙᏎᎰᎢ. ᎾᏍꮂ ᎯᎠ' in language ''
Encoding of string failed! Failure bytes: 34 20 e1 8f 9a e1 8f 82 e1 8f 83 e1 8f 97 2c 20 31 38 32 35 2e
Can't encode transcription: 'ᎢᏤ ᎦᏚᎲ, 14 ᏚᏂᏃᏗ, 1825.' in language ''
Encoding of string failed! Failure bytes: ea ad b9 e1 8e a8 e1 8f 92 20 e1 8e a4 e1 8e be e1 8e b5 e1 8f 83 e1 8e ae e1 8e b4 20 e1 8e af e1 8e a0 20 e1 8f 82 e1 8f 9a e1 8e be 2d
Can't encode transcription: 'ᎪᎲ, ᎤᏅᏒ ꭹᎨᏒ ᎤᎾᎵᏃᎮᎴ ᎯᎠ ᏂᏚᎾ-' in language ''
At iteration 1980/3000/3275, mean rms=1.355%, delta=4.056%, BCER train=13.788%, BWER train=26.460%, skip ratio=9.600%, New worst BCER = 13.788 wrote checkpoint.
Finished! Selected model with minimal training error rate (BCER) = 13.35
