Loaded file training_data/staged_tuning/run_custom_big_lr_big_decay_output/chr_checkpoint, unpacking...
Successfully restored trainer from training_data/staged_tuning/run_custom_big_lr_big_decay_output/chr_checkpoint
Empty truth string!
Can't encode transcription: '' in language ''
Encoding of string failed! Failure bytes: e1 8e bc e1 8f 8f e1 8f b0 e1 8f 83 20 e1 8f 82 e1 8e a6 e1 8f 9b 20 e1 8f 97 e1 8e a7 e1 8e bf e1 8e ad e1 8f a9 e1 8f 9b e1 8f 8d e1 8f 97 20 e1 8f 82 2d
Can't encode transcription: '19 ᎼᏏᏰᏃ ᏂᎦᏛ ᏗᎧᎿᎭᏩᏛᏍᏗ Ꮒ-' in language ''
Encoding of string failed! Failure bytes: e1 8e ba e1 8f 85 20 e1 8f af e1 8f 9b 20 e1 8e ad e1 8e b5 e1 8e ae e1 8e b5 e1 8e a9 3f
Can't encode transcription: 'ᏬᎳ, ᏰᎵ ᎡᎺᏅ ᏯᏛ ᎭᎵᎮᎵᎩ?' in language ''
Encoding of string failed! Failure bytes: 34 2e 20 e1 8e a0 e1 8f 8e e1 8f 83 20 e1 8f a3 e1 8f 82 20 e1 8f 9a e1 8e b5 e1 8f ab e1 8f 8e e1 8e b4 e1 8f 89 2c 20 e1 8e a0 e1 8f b4 e1 8f 8d e1 8e a9 e1 8f 82 20 e1 8f b1 e1 8f 8d e1 8f 86 2d
Can't encode transcription: '14. ᎠᏎᏃ ᏣᏂ ᏚᎵᏫᏎᎴᏉ, ᎠᏴᏍᎩᏂ ᏱᏍᏆ-' in language ''
Encoding of string failed! Failure bytes: 34 20 e1 8e bf e1 8e ad e1 8f 89 e1 8f 83 20 e1 8e a0 e1 8f a5 e1 8e b8 2d e1 8e a8 e1 8e b6 e1 8e af 20 e1 8e a0 e1 8e b4 20 e1 8e a3 e1 8f 8d e1 8f 9b
Can't encode transcription: '24 ᎿᎭᏉᏃ ᎠᏥᎸ-ᎨᎶᎯ ᎠᎴ ᎣᏍᏛ' in language ''
Encoding of string failed! Failure bytes: 49 49 49 2e
Can't encode transcription: 'ᎹᏚ. ᎠᏯᏙᎸᎢ III.' in language ''
At iteration 2160/3300/3589, mean rms=1.378%, delta=4.193%, BCER train=14.627%, BWER train=27.014%, skip ratio=7.600%, New worst BCER = 14.627 wrote checkpoint.
Encoding of string failed! Failure bytes: ea ae b4 e1 8f a5 e1 8f 81 e1 8f a4 e1 8e b8 20 e1 8e a4 e1 8f aa e1 8f 93 e1 8f 8d e1 8f 97 e1 8f b1 20 e1 8f 95 e1 8e a9 e1 8f 9a e1 8f a9 e1 8f 97 e1 8f 92 e1 8e a2 20 e1 8e a4 e1 8f 85 2d
Can't encode transcription: 'ᎢᎩᎦᏗᏯ ᏣꮴᏥᏁᏤᎸ ᎤᏪᏓᏍᏗᏱ ᏕᎩᏚᏩᏗᏒᎢ ᎤᏅ-' in language ''
Encoding of string failed! Failure bytes: 5b e1 8e a3 e1 8e a6 e1 8e b4 e1 8f 85 e1 8f 9b 20 e1 8e a0 e1 8f 8f 20 e1 8f 99 e1 8f a5 e1 8e b4 e1 8f b4 e1 8f 97 2e 5d
Can't encode transcription: '[ᎣᎦᎴᏅᏛ ᎠᏏ ᏙᏥᎴᏴᏗ.]' in language ''
Encoding of string failed! Failure bytes: 34 20 e1 8f a5 e1 8f af e1 8e b5 e1 8e a1 e1 8e b5 e1 8f a4 e1 8e b0 20 e1 8e a0 e1 8f 86 e1 8f 81 e1 8e b3 e1 8f 85 e1 8e af 20 e1 8e ac e1 8f 81 e1 8e a2 2d
Can't encode transcription: '4 ᏥᏯᎵᎡᎵᏤᎰ ᎠᏆᏁᎳᏅᎯ ᎬᏁᎢ-' in language ''
Encoding of string failed! Failure bytes: 34 2e 20 e1 8f 9d e1 8e a9 e1 8f b3 20 e1 8e a4 e1 8f 9b e1 8f 83 e1 8e af 20 e1 8f 95 e1 8e a6 e1 8e b3 e1 8f ab e1 8e a5 20 e1 8e ac e1 8f a9 e1 8f 96 e1 8e b3 e1 8f 97 e1 8f 8d e1 8f 97 e1 8e a2 2c
Can't encode transcription: '4. ᏝᎩᏳ ᎤᏛᏃᎯ ᏕᎦᎳᏫᎥ ᎬᏩᏖᎳᏗᏍᏗᎢ,' in language ''
Encoding of string failed! Failure bytes: ea ae a4 e1 8f aa e1 8e a9 e1 8e b8 e1 8e a5 e1 8e a6 20 e1 8f 97 e1 8f 93 e1 8f 82 e1 8f 90 e1 8f 97 e1 8f b1 20 e1 8e a2 e1 8e a9 e1 8f af e1 8f 93 e1 8e b8 2c 20 e1 8e a0 e1 8e b4 20 e1 8f 97 e1 8e a9 e1 8e aa e1 8e b3 20 e1 8f ab 2d
Can't encode transcription: 'ꮤᏪᎩᎸᎥᎦ ᏗᏓᏂᏐᏗᏱ ᎢᎩᏯᏓᎸ, ᎠᎴ ᏗᎩᎪᎳ Ꮻ-' in language ''
Encoding of string failed! Failure bytes: 34 36 20 e1 8e be e1 8f 8d e1 8e a9 20 e1 8e a4 e1 8f 81 e1 8e b3 e1 8f 85 e1 8e af 20 e1 8e a3 e1 8f 8f e1 8f b3 20 e1 8e a4 e1 8f 93 e1 8f 85 2d
Can't encode transcription: '46 ᎾᏍᎩ ᎤᏁᎳᏅᎯ ᎣᏏᏳ ᎤᏓᏅ-' in language ''
Encoding of string failed! Failure bytes: 34 35 20 e1 8e bf e1 8e ad e1 8f 89 e1 8f 83 20 e1 8f 93 e1 8e a7 e1 8f 81 e1 8f a5 20 e1 8e af e1 8e a0 20 e1 8f 82 e1 8f 99 e1 8f 93 e1 8e a6 e1 8f aa e1 8f 8e e1 8e b5 3b
Can't encode transcription: '45 ᎿᎭᏉᏃ ᏓᎧᏁᏥ ᎯᎠ ᏂᏙᏓᎦᏪᏎᎵ;' in language ''
Encoding of string failed! Failure bytes: 5b e1 8e af e1 8e a0 20 e1 8f 84 e1 8f aa e1 8f 8e e1 8e a2 2c 5d 20 e1 8e a2 2d
Can't encode transcription: '23 ᎤᏎᎵᏓᏁᎴᏃ [ᎯᎠ ᏄᏪᏎᎢ,] Ꭲ-' in language ''
Empty truth string!
Can't encode transcription: '' in language ''
Encoding of string failed! Failure bytes: 34 20 e1 8f 85 e1 8f 93 e1 8f 95 e1 8f 86 2c 20 31 38 32 35 2e
Can't encode transcription: 'ᎢᏦᏗ, 14 ᏅᏓᏕᏆ, 1825.' in language ''
At iteration 2223/3400/3699, mean rms=1.373%, delta=4.166%, BCER train=14.563%, BWER train=26.943%, skip ratio=7.400%, New worst BCER = 14.563 wrote checkpoint.
Finished! Selected model with minimal training error rate (BCER) = 13.35
