Loaded file training_data/staged_tuning/run_custom_big_lr_big_decay_output/chr_checkpoint, unpacking...
Successfully restored trainer from training_data/staged_tuning/run_custom_big_lr_big_decay_output/chr_checkpoint
Encoding of string failed! Failure bytes: 34 20 e1 8f 85 e1 8f 93 e1 8f 95 e1 8f 86 2c 20 31 38 32 35 2e
Can't encode transcription: 'ᎢᏦᏗ, 14 ᏅᏓᏕᏆ, 1825.' in language ''
Encoding of string failed! Failure bytes: 3f 20 e1 8e a0 e1 8f 99 e1 8e b4 e1 8e b0 e1 8f 8d e1 8e a9 e1 8e a8 3f 20 e1 8e a5 e1 8e a5 20 e1 8f 82 2d
Can't encode transcription: '9. ᎦᏙᎩ ᎢᏣᎦᏔᏅᏎᎢ? ᎠᏙᎴᎰᏍᎩᎨ? ᎥᎥ Ꮒ-' in language ''
Encoding of string failed! Failure bytes: 34 2e 20 e1 8f 9d e1 8e a9 e1 8f b3 20 e1 8e a4 e1 8f 9b e1 8f 83 e1 8e af 20 e1 8f 95 e1 8e a6 e1 8e b3 e1 8f ab e1 8e a5 20 e1 8e ac e1 8f a9 e1 8f 96 e1 8e b3 e1 8f 97 e1 8f 8d e1 8f 97 e1 8e a2 2c
Can't encode transcription: '4. ᏝᎩᏳ ᎤᏛᏃᎯ ᏕᎦᎳᏫᎥ ᎬᏩᏖᎳᏗᏍᏗᎢ,' in language ''
Encoding of string failed! Failure bytes: 3f
Can't encode transcription: 'ᎪᎲᏍᏙᏗᏱ ᎾᏍᎩᏯ ᎢᎳᏯ ᏄᏛᏁᎸᎢ?' in language ''
Encoding of string failed! Failure bytes: 5b e1 8e a3 e1 8e a6 e1 8e b4 e1 8f 85 e1 8f 9b 20 e1 8e a0 e1 8f 8f 20 e1 8f 99 e1 8f a5 e1 8e b4 e1 8f b4 e1 8f 97 2e 5d
Can't encode transcription: '[ᎣᎦᎴᏅᏛ ᎠᏏ ᏙᏥᎴᏴᏗ.]' in language ''
Encoding of string failed! Failure bytes: 34 20 e1 8f 85 e1 8f 93 e1 8f 95 e1 8f 86 2c 20 31 38 32 35 2e
Can't encode transcription: 'ᎢᏦᏗ, 14 ᏅᏓᏕᏆ, 1825.' in language ''
Encoding of string failed! Failure bytes: e1 8f 8b e1 8f 83 20 e1 8e a4 e1 8e be e1 8f 99 e1 8f 93 e1 8f 86 e1 8f 8d e1 8e ac 20 e1 8e a4 e1 8e be e1 8f 99 e1 8f 93 e1 8f 89 e1 8f 85 e1 8e af e1 8f 83 20 e1 8e a2 e1 8f 93 e1 8e b4 e1 8f 85
Can't encode transcription: 'ᏑᎾᎴᏋᏃ ᎤᎾᏙᏓᏆᏍᎬ ᎤᎾᏙᏓᏉᏅᎯᏃ ᎢᏓᎴᏅ' in language ''
Encoding of string failed! Failure bytes: 5b e1 8e a4 e1 8f 81 e1 8e b3 e1 8f 85 e1 8e af 3b 5d 20 e1 8e af e1 8e a0 e1 8f b0 e1 8f 83 20 e1 8e be 2d
Can't encode transcription: 'ᎡᎵᏤᎮᏍᏗ [ᎤᏁᎳᏅᎯ;] ᎯᎠᏰᏃ Ꮎ-' in language ''
2 Percent improvement time=201, best error was 19.38 @ 868
At iteration 1069/1500/1633, mean rms=1.533%, delta=4.634%, BCER train=16.981%, BWER train=32.533%, skip ratio=8.800%, New best BCER = 16.981 wrote best model:training_data/staged_tuning/run_custom_big_lr_big_decay_output/chr_16.981_1069_1500.checkpoint wrote checkpoint.
Encoding of string failed! Failure bytes: ea ae 8f e1 8e a2 2c
Can't encode transcription: 'ᎢᏥᏍᎦᏅꮏᎢ,' in language ''
Encoding of string failed! Failure bytes: e1 8f 8b e1 8f 99 e1 8f 97 e1 8f b1 2c 20 e1 8e be e1 8f 8d e1 8e a9
Can't encode transcription: 'ᎩᏁᎢᏍᏗᏱ ᎠᏆᏓᏅᏛ ᎠᏋᏙᏗᏱ, ᎾᏍᎩ' in language ''
Encoding of string failed! Failure bytes: e1 8f be e1 8e a9 e1 8f 8c e1 8f 8d e1 8f 93 e1 8f 85 2e
Can't encode transcription: 'ᏙᎯ ᏕᏍ᏾ᎩᏌᏍᏓᏅ.' in language ''
Encoding of string failed! Failure bytes: 3f
Can't encode transcription: 'ᏂᎦᏛᏍᎪ ᎤᏍᏆᏂᎪᏗ ᏧᏂᎸᏫᏍᏓᏁᎯ?' in language ''
Encoding of string failed! Failure bytes: 34 38 20 e1 8e be e1 8f 8d e1 8e a9 e1 8f 82 20 e1 8e be e1 8e a6 e1 8f 94 e1 8e b2 e1 8e be 20 e1 8e a8 e1 8f 92 20 e1 8e a0 e1 8e b4 20 e1 8f b0 e1 8e b5 e1 8f 89
Can't encode transcription: '48 ᎾᏍᎩᏂ ᎾᎦᏔᎲᎾ ᎨᏒ ᎠᎴ ᏰᎵᏉ' in language ''
Encoding of string failed! Failure bytes: e1 8e ba e1 8e b5 e1 8f b1 20 e1 8e a1 e1 8e af
Can't encode transcription: 'ᎾᎥᎢ, ᎠᎵᎮᎵᏤᎮᎢ. ᎠᎴ ᏌᎺᎵᏱ ᎡᎯ' in language ''
Encoding of string failed! Failure bytes: 3f
Can't encode transcription: 'ᎾᏍᎩ Ꮎ ᏣᏁᎸᎯ ᎾᏍᎩ ᎢᏣᏛᏁᏗᏱ?' in language ''
Empty truth string!
Can't encode transcription: '' in language ''
Encoding of string failed! Failure bytes: ea ae 80 e1 8e a2 3b
Can't encode transcription: 'ᎠᏇᎵᎯᏍᏗᏍᎬꮀᎢ;' in language ''
Encoding of string failed! Failure bytes: 5b e1 8e a4 e1 8f 81 e1 8e b3 e1 8f 85 e1 8e af 3b 5d 20 e1 8e af e1 8e a0 e1 8f b0 e1 8f 83 20 e1 8e be 2d
Can't encode transcription: 'ᎡᎵᏤᎮᏍᏗ [ᎤᏁᎳᏅᎯ;] ᎯᎠᏰᏃ Ꮎ-' in language ''
Encoding of string failed! Failure bytes: ea ad ba 20 e1 8e a0 e1 8e b4 20 e1 8e a4 e1 8f 82 e1 8f 83 e1 8f 8d e1 8e a9 e1 8f 92 e1 8e a2 2e
Can't encode transcription: 'ᏙᎸᎢꭺ ᎠᎴ ᎤᏂᏃᏍᎩᏒᎢ.' in language ''
Encoding of string failed! Failure bytes: 3f
Can't encode transcription: 'ᎪᎲᏍᏙᏗᏱ ᎾᏍᎩᏯ ᎢᎳᏯ ᏄᏛᏁᎸᎢ?' in language ''
Encoding of string failed! Failure bytes: ea ae 9b e1 8e a6 e1 8f 8d e1 8e a6 e1 8f 82 20 e1 8e a2 e1 8f 97 e1 8f a2 2e
Can't encode transcription: 'ᏐᎢᏃ ᎠꮛᎦᏍᎦᏂ ᎢᏗᏢ.' in language ''
At iteration 1132/1600/1746, mean rms=1.533%, delta=4.718%, BCER train=17.343%, BWER train=32.470%, skip ratio=8.900%, New worst BCER = 17.343 wrote checkpoint.
Finished! Selected model with minimal training error rate (BCER) = 16.981
