Loaded file training_data/staged_tuning/run_custom_big_lr_big_decay_output/chr_checkpoint, unpacking...
Successfully restored trainer from training_data/staged_tuning/run_custom_big_lr_big_decay_output/chr_checkpoint
Encoding of string failed! Failure bytes: 34 32 20 e1 8e a0 e1 8e b4 20 e1 8e af e1 8e a0 20 e1 8f 84 e1 8f 82 e1 8f aa e1 8f 8e e1 8e b8 e1 8e a9 20 e1 8e a0 e1 8e a8 e1 8f b4 3b
Can't encode transcription: '42 ᎠᎴ ᎯᎠ ᏄᏂᏪᏎᎸᎩ ᎠᎨᏴ;' in language ''
Encoding of string failed! Failure bytes: 3f 20 e1 8e ac e1 8f 82 e1 8f b3 e1 8f 89 20 e1 8f 97 e1 8f a9 e1 8e be e1 8e a8
Can't encode transcription: 'ᏗᏩᎾᎨ ᏧᏄᏩᎢ? ᎬᏂᏳᏉ ᏗᏩᎾᎨ' in language ''
Encoding of string failed! Failure bytes: 3f
Can't encode transcription: 'ᏁᎳᏅᎯ ᎤᏤᎵᎦ ᎢᏨᏯᎵᏥᏙᏁᎸᎢ?' in language ''
Encoding of string failed! Failure bytes: 34 2e 20 e1 8f 80 e1 8f 8d e1 8e a9 e1 8f 83 20 e1 8e af e1 8e a0 20 e1 8f a3 e1 8f 82 20 e1 8e a4 e1 8f 85 e1 8f a9 e1 8e a1 20 e1 8f 90 e1 8f 88 e1 8e b5 20 e1 8e a6 e1 8f 90 e1 8f 86 e1 8f 97 20 e1 8e a4 2d
Can't encode transcription: '4. ᏀᏍᎩᏃ ᎯᎠ ᏣᏂ ᎤᏅᏩᎡ ᏐᏈᎵ ᎦᏐᏆᏗ Ꭴ-' in language ''
Encoding of string failed! Failure bytes: ea ae 99 2d e1 8f 97 e1 8e a6 e1 8e b5 e1 8e a0 e1 8f 85 e1 8e af e1 8f 9b 20 e1 8e a0 e1 8e b4 20 e1 8f a9 e1 8e a6
Can't encode transcription: 'ᏥᏂᏣᏛᏅ ᏐᏈꮙ-ᏗᎦᎵᎠᏅᎯᏛ ᎠᎴ ᏩᎦ' in language ''
Encoding of string failed! Failure bytes: 22
Can't encode transcription: 'ᏗᏣᏤᎵ ᏴᏫ ᎤᎾᏤᎵᎦ."' in language ''
At iteration 1794/2700/2950, mean rms=1.385%, delta=4.248%, BCER train=13.768%, BWER train=26.850%, skip ratio=9.700%, New worst BCER = 13.768 wrote checkpoint.
Encoding of string failed! Failure bytes: 34 31 20 e1 8f b4 e1 8f ab 20 e1 8e ac e1 8e a9 e1 8e b8 e1 8f 89 e1 8f 97 e1 8f 8d e1 8e ac 20 e1 8e a5 20 e1 8f b1 e1 8f 97 e1 8e a6 e1 8f 93 2d
Can't encode transcription: '41 ᏴᏫ ᎬᎩᎸᏉᏗᏍᎬ Ꭵ ᏱᏗᎦᏓ-' in language ''
Empty truth string!
Can't encode transcription: '' in language ''
Encoding of string failed! Failure bytes: 34 20 e1 8e a4 e1 8f ab e1 8f 92 e1 8f 83 20 e1 8e a2 e1 8e a6 e1 8f 9b 20 e1 8f 85 e1 8f 83 e1 8e b1 e1 8e b6 e1 8f 97
Can't encode transcription: '4 ᎤᏫᏒᏃ ᎢᎦᏛ ᏅᏃᎱᎶᏗ' in language ''
Encoding of string failed! Failure bytes: 3f
Can't encode transcription: 'ᎬᏩᎴᏗ ᎨᏎᏍᏗ?' in language ''
Encoding of string failed! Failure bytes: 34 30 20 e1 8f a6 e1 8e be e1 8f b0 e1 8f 83 20 e1 8f a6 e1 8e a2 20 e1 8e a2 e1 8e a6 20 e1 8e a0 e1 8e b4 20 e1 8f a6 e1 8e a2 20 e1 8f 92 e1 8f 83 e1 8f b1
Can't encode transcription: '40 ᏦᎾᏰᏃ ᏦᎢ ᎢᎦ ᎠᎴ ᏦᎢ ᏒᏃᏱ' in language ''
Encoding of string failed! Failure bytes: 34 36 20 e1 8f a4 e1 8e b5 e1 8e aa e1 8f 83 20 e1 8e a4 e1 8f 82 e1 8e b7 e1 8f a4 e1 8e a2 2c 20 e1 8e a0 e1 8e b4 20 e1 8e be e1 8f 8d e1 8e a9
Can't encode transcription: '46 ᏤᎵᎪᏃ ᎤᏂᎷᏤᎢ, ᎠᎴ ᎾᏍᎩ' in language ''
Encoding of string failed! Failure bytes: 3f 20 e1 8f a5 2d
Can't encode transcription: 'ᏍᎩᏬ ᏗᎧᎿᎭᏩᏛᏍᏗ ᏂᎦᏪᏍᎬᎢ? Ꮵ-' in language ''
Encoding of string failed! Failure bytes: 34 20 e1 8f 95 e1 8e a6 e1 8f 9a e1 8f 93 e1 8f 95 e1 8f ab e1 8f 92 e1 8f b0 e1 8f 83 20 e1 8e a6 e1 8e b6 e1 8f 81 e1 8f 9b 2c 20 e1 8e a2 e1 8f b3 e1 8f 83
Can't encode transcription: '14 ᏕᎦᏚᏓᏕᏫᏒᏰᏃ ᎦᎶᏁᏛ, ᎢᏳᏃ' in language ''
At iteration 1860/2800/3058, mean rms=1.378%, delta=4.132%, BCER train=13.930%, BWER train=27.049%, skip ratio=9.600%, New worst BCER = 13.930 wrote checkpoint.
Finished! Selected model with minimal training error rate (BCER) = 13.35
