Loaded file training_data/staged_tuning/run_custom_big_lr_big_decay_output/chr_checkpoint, unpacking...
Successfully restored trainer from training_data/staged_tuning/run_custom_big_lr_big_decay_output/chr_checkpoint
Encoding of string failed! Failure bytes: 5b e1 8e a6 e1 8e b6 e1 8f 81 e1 8f 9b 20 e1 8e a0 e1 8f a5 e1 8e b8 2d e1 8e a8 e1 8e b6 e1 8e af 20 e1 8e a2 2d
Can't encode transcription: 'ᏔᏅᎯ ᏥᎩ [ᎦᎶᏁᏛ ᎠᏥᎸ-ᎨᎶᎯ Ꭲ-' in language ''
Encoding of string failed! Failure bytes: ea ae a9 e1 8e a2 2c 20 e1 8e bf e1 8f 89 20 e1 8f 80 e1 8f 8f 20 e1 8e a6 e1 8e b8 e1 8e b3 e1 8f 97 20 e1 8e a4 e1 8f a4 e1 8e b5 e1 8e aa e1 8e af 20 e1 8e a1 e1 8f 8d e1 8e a6 e1 8f 82 e1 8f b3 20 e1 8f 93 2d
Can't encode transcription: 'ᏨꮩᎢ, ᎿᏉ ᏀᏏ ᎦᎸᎳᏗ ᎤᏤᎵᎪᎯ ᎡᏍᎦᏂᏳ Ꮣ-' in language ''
Encoding of string failed! Failure bytes: e1 8e ba e1 8e b5 e1 8e a6 e1 8f b1 20 e1 8e a4 e1 8f aa e1 8f a5 20 e1 8e a8 e1 8f 8e e1 8e a2 2c
Can't encode transcription: '28 ᎾᏍᎩ ᎺᎵᎦᏱ ᎤᏪᏥ ᎨᏎᎢ,' in language ''
Encoding of string failed! Failure bytes: 3f
Can't encode transcription: 'ᎠᎩᎵᏲᎢᏍᏗ ᏗᎨᏒ ᏨᏍᎩᏃᎢ?' in language ''
Encoding of string failed! Failure bytes: 34 31 20 e1 8e a2 e1 8e a6 e1 8f 9b e1 8f 83 20 e1 8e af e1 8e a0 20 e1 8f 84 e1 8f 82 e1 8f aa e1 8f 92 e1 8e a9 3b 20 e1 8e af e1 8e a0
Can't encode transcription: '41 ᎢᎦᏛᏃ ᎯᎠ ᏄᏂᏪᏒᎩ; ᎯᎠ' in language ''
Empty truth string!
Can't encode transcription: '' in language ''
Empty truth string!
Can't encode transcription: '' in language ''
2 Percent improvement time=328, best error was 19.38 @ 868
At iteration 1196/1700/1853, mean rms=1.500%, delta=4.552%, BCER train=16.528%, BWER train=31.263%, skip ratio=8.400%, New best BCER = 16.528 wrote best model:training_data/staged_tuning/run_custom_big_lr_big_decay_output/chr_16.528_1196_1700.checkpoint wrote checkpoint.
Encoding of string failed! Failure bytes: 49 49 49 2e
Can't encode transcription: 'ᎹᏚ. ᎠᏯᏙᎸᎢ III.' in language ''
Encoding of string failed! Failure bytes: ea ae a3 20 e1 8f 80 e1 8f 8d e1 8e a9
Can't encode transcription: 'ᎤᏂᏍᎦᏅᏨᎢ. ᏄᏂᎬᏫᏳᏒᏃ ᏗᎾᏓᏂᎶᏍᎩꮣ ᏀᏍᎩ' in language ''
Encoding of string failed! Failure bytes: e1 8e bc e1 8f 85 20 e1 8e a0 e1 8e a6 2d
Can't encode transcription: 'ᎢᏴᏛ ᏧᏪᏅᏎ ᎤᏛᎦᏂᎴ ᏐᎵᎼᏅ ᎠᎦ-' in language ''
Encoding of string failed! Failure bytes: 34 20 e1 8e a0 e1 8e b4 20 e1 8e af e1 8e a0 20 e1 8e be e1 8f 8d e1 8e a9 20 e1 8e a5 e1 8f 9d 20 e1 8f b3 e1 8f 83 e1 8e b5 e1 8f a4 e1 8e a2 3b
Can't encode transcription: '34 ᎠᎴ ᎯᎠ ᎾᏍᎩ ᎥᏝ ᏳᏃᎵᏤᎢ;' in language ''
Encoding of string failed! Failure bytes: 5b e1 8e a3 e1 8e a6 e1 8e b4 e1 8f 85 e1 8f 9b 20 e1 8e a0 e1 8f 8f 20 e1 8f 99 e1 8f a5 e1 8e b4 e1 8f b4 e1 8f 97 2e 5d
Can't encode transcription: '[ᎣᎦᎴᏅᏛ ᎠᏏ ᏙᏥᎴᏴᏗ.]' in language ''
Encoding of string failed! Failure bytes: 3f 20 e1 8e be e1 8f 8d e1 8f 89 e1 8e a8 20 e1 8e be e1 8f 8d e1 8e a9 e1 8f af
Can't encode transcription: 'ᎤᏓᏅᏖᏛ ᏂᏥᏪᎠ? ᎾᏍᏉᎨ ᎾᏍᎩᏯ' in language ''
Encoding of string failed! Failure bytes: 3f 20 e1 8e be e1 8f 8d e1 8e a9 20 e1 8e a0 e1 8f 94 e1 8f b2 e1 8e af e1 8e b2
Can't encode transcription: 'ᎾᎿᎭᎢᎳᏯ ᎠᏥᏃᎮᏍᎬᎢ? ᎾᏍᎩ ᎠᏔᏲᎯᎲ' in language ''
Encoding of string failed! Failure bytes: 34 20 e1 8e a5 e1 8f 9d 20 e1 8e a9 e1 8e b6 20 e1 8f b0 e1 8e b5 20 e1 8e a0 e1 8f 82 e1 8f 94 e1 8e b5 20 e1 8e ac e1 8f a9 e1 8e be e1 8f 9d e1 8e a2
Can't encode transcription: '24 ᎥᏝ ᎩᎶ ᏰᎵ ᎠᏂᏔᎵ ᎬᏩᎾᏝᎢ' in language ''
Encoding of string failed! Failure bytes: 34 35 20 e1 8e bf e1 8e ad e1 8f 89 e1 8f 83 20 e1 8f 9a e1 8f 8d e1 8f 9a e1 8e a2 e1 8e a1 e1 8e b4 20 e1 8f 9a e1 8e be e1 8f 93 e1 8f 85 e1 8f 9b e1 8e a2 2c
Can't encode transcription: '45 ᎿᎭᏉᏃ ᏚᏍᏚᎢᎡᎴ ᏚᎾᏓᏅᏛᎢ,' in language ''
2 Percent improvement time=262, best error was 17.822 @ 997
At iteration 1259/1800/1962, mean rms=1.470%, delta=4.517%, BCER train=15.682%, BWER train=30.290%, skip ratio=8.000%, New best BCER = 15.682 wrote best model:training_data/staged_tuning/run_custom_big_lr_big_decay_output/chr_15.682_1259_1800.checkpoint wrote checkpoint.
Finished! Selected model with minimal training error rate (BCER) = 15.682
