Loaded file training_data/staged_tuning/run_custom_big_lr_big_decay_output/chr_checkpoint, unpacking...
Successfully restored trainer from training_data/staged_tuning/run_custom_big_lr_big_decay_output/chr_checkpoint
Encoding of string failed! Failure bytes: 34 20 e1 8f 8c e1 8f a9 e1 8f 82 20 e1 8e a4 e1 8f 83 e1 8e ae e1 8e b8 20 e1 8e a4 e1 8f 81 e1 8e b3 e1 8f 85 e1 8e af 20 e1 8e a2 e1 8e ac 2d
Can't encode transcription: '14 ᏌᏩᏂ ᎤᏃᎮᎸ ᎤᏁᎳᏅᎯ ᎢᎬ-' in language ''
Encoding of string failed! Failure bytes: ea ae 92 e1 8f 86 e1 8f 9b e1 8f 81 e1 8f 97 e1 8f b1 3f 20 e1 8e a4 e1 8e ac e1 8f ab e1 8f b3 e1 8e af e1 8f 83 20 e1 8e af e1 8e a0 20 e1 8f 84 e1 8f aa 2d
Can't encode transcription: 'ᎠꮒᏆᏛᏁᏗᏱ? ᎤᎬᏫᏳᎯᏃ ᎯᎠ ᏄᏪ-' in language ''
Encoding of string failed! Failure bytes: e1 8f 8b e1 8f 97 e1 8f b1 20 e1 8e a4 e1 8f 95 e1 8f 85 e1 8e af 2c 20 e1 8e a9 e1 8e b3 e1 8e a2
Can't encode transcription: 'ᎡᏈᎳ ᏧᏙᎢᏛ, ᏋᏗᏱ ᎤᏕᏅᎯ, ᎩᎳᎢ' in language ''
Encoding of string failed! Failure bytes: ea ae 96 e1 8f 81 e1 8e b2 e1 8e a2 2c 20 e1 8e be e1 8f 8d e1 8e a9 20 e1 8e a4 e1 8f b2
Can't encode transcription: 'ᏓᎦᏅᏓᏗ ᏚᎸᏫᏍᏓꮖᏁᎲᎢ, ᎾᏍᎩ ᎤᏲ' in language ''
Encoding of string failed! Failure bytes: e1 8e bc e1 8f 8f 20 e1 8e a0 e1 8e b4
Can't encode transcription: 'ᏔᎵ ᎠᏂᏍᎦᏯ, ᎾᏍᎩ ᎼᏏ ᎠᎴ' in language ''
Encoding of string failed! Failure bytes: 34 20 e1 8f b4 e1 8f ab 20 e1 8e a4 e1 8f 82 e1 8f 81 e1 8f a8 20 e1 8e af e1 8e a0 20 e1 8f 82 e1 8e ac e1 8f a9 e1 8f aa e1 8f 8e e1 8e b8 e1 8e a9 2c
Can't encode transcription: '34 ᏴᏫ ᎤᏂᏁᏨ ᎯᎠ ᏂᎬᏩᏪᏎᎸᎩ,' in language ''
Encoding of string failed! Failure bytes: 34 20 e1 8e a9 e1 8e b6 20 e1 8f a5 e1 8e a6 e1 8f 94 e1 8e ad 20 e1 8e a0 e1 8f 97 e1 8f 8d e1 8e a9 2c 20 e1 8e a0 e1 8f 8e e1 8f 83 20 e1 8f 82 e1 8f 9a 2d
Can't encode transcription: '4 ᎩᎶ ᏥᎦᏔᎭ ᎠᏗᏍᎩ, ᎠᏎᏃ ᏂᏚ-' in language ''
Encoding of string failed! Failure bytes: 56 2e
Can't encode transcription: 'ᎹᏚ. ᎠᏯᏙᎸᎢ V.' in language ''
At iteration 2996/4700/5132, mean rms=1.320%, delta=3.829%, BCER train=13.056%, BWER train=25.907%, skip ratio=9.200%, New worst BCER = 13.056 wrote checkpoint.
Encoding of string failed! Failure bytes: e1 8e bd e1 8f a5 e1 8f 8c 20 e1 8e a6 e1 8e b6 e1 8f 81 e1 8f 9b 2c 20 e1 8e be e1 8f 8d e1 8e a9 20 e1 8e a2 e1 8e a6 e1 8f 9a e1 8f 93 e1 8e b4 e1 8f 8d e1 8f 99 e1 8f 97 e1 8f b1
Can't encode transcription: 'ᎽᏥᏌ ᎦᎶᏁᏛ, ᎾᏍᎩ ᎢᎦᏚᏓᎴᏍᏙᏗᏱ' in language ''
Encoding of string failed! Failure bytes: 34 20 e1 8e be e1 8f 8d e1 8e a9 e1 8f b0 e1 8f 83 20 5b e1 8f 84 e1 8e ac e1 8f ab e1 8f b3 e1 8f 8c e1 8f 95 e1 8e a9 5d 20 e1 8e a4 e1 8f 81 2d
Can't encode transcription: '4 ᎾᏍᎩᏰᏃ [ᏄᎬᏫᏳᏌᏕᎩ] ᎤᏁ-' in language ''
Encoding of string failed! Failure bytes: 34 20 e1 8e a0 e1 8f b4 20 e1 8e be e1 8f 8d e1 8e a9 20 e1 8e aa e1 8e af 20 e1 8e a8 e1 8f 92 20 e1 8f a5 e1 8e a6 e1 8e b5 e1 8e a1 e1 8e b5 e1 8e a6
Can't encode transcription: '24 ᎠᏴ ᎾᏍᎩ ᎪᎯ ᎨᏒ ᏥᎦᎵᎡᎵᎦ' in language ''
Encoding of string failed! Failure bytes: 3f 20 e1 8f a5 e1 8e a6 e1 8f 94 e1 8e ad 20 e1 8f 95 e1 8e b0 e1 8e af e1 8f b3 2d
Can't encode transcription: 'ᎠᎾᏙᎴᎰᏍᎩ? ᏥᎦᏔᎭ ᏕᎰᎯᏳ-' in language ''
Encoding of string failed! Failure bytes: ea ae ad e1 8f 93 e1 8f 93 e1 8f 85 e1 8f 96 e1 8f 8d e1 8e a8 e1 8f 8d
Can't encode transcription: 'ꮭᏓᏓᏅᏖᏍᎨᏍ' in language ''
Encoding of string failed! Failure bytes: 3f
Can't encode transcription: 'ᏧᎬᏩᎶᏗ ᎬᏯᎫᏴᎡᏗᏱ?' in language ''
Encoding of string failed! Failure bytes: 22 e1 8e a9 e1 8e b6 e1 8f b0 e1 8f 83 20 e1 8e ac e1 8f 85 20 e1 8e a4 e1 8e a8 e1 8f b3 e1 8f 8e e1 8f 8d e1 8f 97 2c 20 e1 8e a0 e1 8e b4
Can't encode transcription: '10 "ᎩᎶᏰᏃ ᎬᏅ ᎤᎨᏳᏎᏍᏗ, ᎠᎴ' in language ''
Empty truth string!
Can't encode transcription: '' in language ''
Empty truth string!
Can't encode transcription: '' in language ''
Encoding of string failed! Failure bytes: ea ae a0 e1 8e b6 e1 8e a8 e1 8f 92
Can't encode transcription: 'ᎩᎶ ᎢᏳᏍᏗ ᎤᏪᎿᎭᎢ ᎠᏍᎦᏯ ᎤꮠᎶᎨᏒ' in language ''
Encoding of string failed! Failure bytes: 5b e1 8e a6 e1 8e b6 e1 8f 81 e1 8f 9b 5d 20 e1 8e a0 e1 8e a6 e1 8f 9b 2d
Can't encode transcription: 'ᏛᏅ ᎢᏧᎳᎭ ᎾᏍᎩ [ᎦᎶᏁᏛ] ᎠᎦᏛ-' in language ''
Encoding of string failed! Failure bytes: e1 8f ba e1 8f a7 e1 8e b5 2c 20 e1 8e a1 e1 8e b5 e1 8e a9 e1 8f 83 20 e1 8f 99 e1 8f a3 e1 8f 91 e1 8f af e1 8e a9 20 e1 8e a0 e1 8e be 2d
Can't encode transcription: 'ᏙᏫ, ᏗᎦᎢᏍᎩ, ᎩᎵᏺᏧᎵ, ᎡᎵᎩᏃ ᏙᏣᏑᏯᎩ ᎠᎾ-' in language ''
Encoding of string failed! Failure bytes: 34 20 e1 8e a9 e1 8e b6 20 e1 8f a5 e1 8e a6 e1 8f 94 e1 8e ad 20 e1 8e a0 e1 8f 97 e1 8f 8d e1 8e a9 2c 20 e1 8e a0 e1 8f 8e e1 8f 83 20 e1 8f 82 e1 8f 9a 2d
Can't encode transcription: '4 ᎩᎶ ᏥᎦᏔᎭ ᎠᏗᏍᎩ, ᎠᏎᏃ ᏂᏚ-' in language ''
Encoding of string failed! Failure bytes: 34 2e 20 e1 8e a0 e1 8f 8e e1 8f 83 20 e1 8f a3 e1 8f 82 20 e1 8f 9a e1 8e b5 e1 8f ab e1 8f 8e e1 8e b4 e1 8f 89 2c 20 e1 8e a0 e1 8f b4 e1 8f 8d e1 8e a9 e1 8f 82 20 e1 8f b1 e1 8f 8d e1 8f 86 2d
Can't encode transcription: '14. ᎠᏎᏃ ᏣᏂ ᏚᎵᏫᏎᎴᏉ, ᎠᏴᏍᎩᏂ ᏱᏍᏆ-' in language ''
At iteration 3058/4800/5246, mean rms=1.327%, delta=3.800%, BCER train=13.081%, BWER train=26.010%, skip ratio=9.600%, New worst BCER = 13.081 wrote checkpoint.
Finished! Selected model with minimal training error rate (BCER) = 12.646
