Loaded file training_data/staged_tuning/run_custom_big_lr_big_decay_output/chr_checkpoint, unpacking...
Successfully restored trainer from training_data/staged_tuning/run_custom_big_lr_big_decay_output/chr_checkpoint
Encoding of string failed! Failure bytes: 34 2e 20 e1 8e a0 e1 8f 8e e1 8f 83 20 e1 8f a3 e1 8f 82 20 e1 8f 9a e1 8e b5 e1 8f ab e1 8f 8e e1 8e b4 e1 8f 89 2c 20 e1 8e a0 e1 8f b4 e1 8f 8d e1 8e a9 e1 8f 82 20 e1 8f b1 e1 8f 8d e1 8f 86 2d
Can't encode transcription: '14. ᎠᏎᏃ ᏣᏂ ᏚᎵᏫᏎᎴᏉ, ᎠᏴᏍᎩᏂ ᏱᏍᏆ-' in language ''
Encoding of string failed! Failure bytes: 34 2e 20 e1 8e a0 e1 8f 8e e1 8f 83 20 e1 8f a3 e1 8f 82 20 e1 8f 9a e1 8e b5 e1 8f ab e1 8f 8e e1 8e b4 e1 8f 89 2c 20 e1 8e a0 e1 8f b4 e1 8f 8d e1 8e a9 e1 8f 82 20 e1 8f b1 e1 8f 8d e1 8f 86 2d
Can't encode transcription: '14. ᎠᏎᏃ ᏣᏂ ᏚᎵᏫᏎᎴᏉ, ᎠᏴᏍᎩᏂ ᏱᏍᏆ-' in language ''
Encoding of string failed! Failure bytes: ea ae 97 20 e1 8e a3 e1 8f 8f e1 8f b3 e1 8f b0 2d
Can't encode transcription: '15. ᏥᏌᏃ ᏧᏁᏨ, ᎤᏁᎳᎩ ᎮᎳ ᎪᎯꮗ ᎣᏏᏳᏰ-' in language ''
Encoding of string failed! Failure bytes: 34 20 e1 8f a6 e1 8f a9 e1 8f 83 20 e1 8e a4 e1 8f b0 e1 8f a8 20 e1 8e a4 e1 8e b8 e1 8f 85 e1 8e a2 20 e1 8f 97 e1 8e a7 e1 8e bf e1 8e ad e1 8f a9 2d
Can't encode transcription: '24 ᏦᏩᏃ ᎤᏰᏨ ᎤᎸᏅᎢ ᏗᎧᎿᎭᏩ-' in language ''
Encoding of string failed! Failure bytes: 34 20 e1 8e a0 e1 8e b4 20 e1 8e be e1 8f 8d e1 8f 89 20 e1 8e af e1 8e a0 20 e1 8f 82 e1 8f 9a e1 8f aa e1 8f 8e e1 8e b4 20 e1 8f b4 e1 8f ab 2c
Can't encode transcription: '54 ᎠᎴ ᎾᏍᏉ ᎯᎠ ᏂᏚᏪᏎᎴ ᏴᏫ,' in language ''
Encoding of string failed! Failure bytes: 49 49 49 2e
Can't encode transcription: 'ᎹᏚ. ᎠᏯᏙᎸᎢ III.' in language ''
Encoding of string failed! Failure bytes: 3f 20 e1 8e ac 2d
Can't encode transcription: 'ᏕᎸ ᏰᎵ ᏧᏂᏅᎢᏍᏗᏱ ᎠᏰᎸᏎᎢ? Ꭼ-' in language ''
Encoding of string failed! Failure bytes: 34 2e 20 e1 8f 9d e1 8e a9 e1 8f b3 20 e1 8e a4 e1 8f 9b e1 8f 83 e1 8e af 20 e1 8f 95 e1 8e a6 e1 8e b3 e1 8f ab e1 8e a5 20 e1 8e ac e1 8f a9 e1 8f 96 e1 8e b3 e1 8f 97 e1 8f 8d e1 8f 97 e1 8e a2 2c
Can't encode transcription: '4. ᏝᎩᏳ ᎤᏛᏃᎯ ᏕᎦᎳᏫᎥ ᎬᏩᏖᎳᏗᏍᏗᎢ,' in language ''
At iteration 3110/4900/5354, mean rms=1.302%, delta=3.680%, BCER train=12.726%, BWER train=25.146%, skip ratio=9.800%, New worst BCER = 12.726 wrote checkpoint.
Encoding of string failed! Failure bytes: e1 8f 8b e1 8f 92 e1 8f 89 20 e1 8f b1 e1 8e a6 e1 8f a5 e1 8f af e1 8e b5 e1 8e a1 e1 8e b5 e1 8f a4 e1 8e ad 2c
Can't encode transcription: 'ᏍᎩ, ᎥᏝ ᎠᏋᏒᏉ ᏱᎦᏥᏯᎵᎡᎵᏤᎭ,' in language ''
Encoding of string failed! Failure bytes: 34 20 e1 8e a4 e1 8e b5 e1 8f 8d e1 8f 93 e1 8f b4 e1 8f 85 e1 8e a2 20 e1 8f 95 e1 8e a4 e1 8e b4 e1 8f 85 e1 8e a9 20 e1 8e a0 e1 8e b4 20 e1 8e a4 e1 8f 84 2d
Can't encode transcription: '4 ᎤᎵᏍᏓᏴᏅᎢ ᏕᎤᎴᏅᎩ ᎠᎴ ᎤᏄ-' in language ''
Encoding of string failed! Failure bytes: 3f 20 e1 8e a0 e1 8f 99 e1 8e b4 e1 8e b0 e1 8f 8d e1 8e a9 e1 8e a8 3f 20 e1 8e a5 e1 8e a5 20 e1 8f 82 2d
Can't encode transcription: '9. ᎦᏙᎩ ᎢᏣᎦᏔᏅᏎᎢ? ᎠᏙᎴᎰᏍᎩᎨ? ᎥᎥ Ꮒ-' in language ''
Encoding of string failed! Failure bytes: 3f
Can't encode transcription: 'ᎤᏩᏒ ᎤᏲ ᏥᏯᏓᏅᏓᏗᏍᏔᏅᎯ?' in language ''
Encoding of string failed! Failure bytes: 34 20 e1 8e a8 e1 8f a5 e1 8f 85 e1 8f 8f e1 8f 9b e1 8f 83 20 e1 8f a5 e1 8e b7 e1 8f 8f e1 8e b5 e1 8e bb 20 e1 8e a0 e1 8f 82 e1 8f 82 20 e1 8e a4 2d
Can't encode transcription: '14 ᎨᏥᏅᏏᏛᏃ ᏥᎷᏏᎵᎻ ᎠᏂᏂ Ꭴ-' in language ''
Encoding of string failed! Failure bytes: 34 20 e1 8f 85 e1 8f 93 e1 8f 95 e1 8f 86 2c 20 31 38 32 35 2e
Can't encode transcription: 'ᎢᏦᏗ, 14 ᏅᏓᏕᏆ, 1825.' in language ''
Encoding of string failed! Failure bytes: e1 8e ba e1 8f 89 e1 8e af 20 e1 8e a1 2d
Can't encode transcription: '27 ᏂᎦᏚᏏᏁᏃ ᎤᎵᏏᏅ, ᎠᎺᏉᎯ Ꭱ-' in language ''
Encoding of string failed! Failure bytes: 5b e1 8e ac e1 8f 82 e1 8e a8 e1 8f 92 20 e1 8f a5 e1 8f 84 e1 8f a9 2d
Can't encode transcription: 'ᏧᎾᏓᎴᏅᏛ ᏴᏫ ᎠᏁᎲ [ᎬᏂᎨᏒ ᏥᏄᏩ-' in language ''
Encoding of string failed! Failure bytes: ea ae bd 2c 20 e1 8e a0 e1 8e b4 20 e1 8e a2 e1 8e be e1 8e a8
Can't encode transcription: 'ᎨᏒ ᎤᏗᏛᎮ ᎤᏄᎪᏤꮽ, ᎠᎴ ᎢᎾᎨ' in language ''
Encoding of string failed! Failure bytes: 3f 20 e1 8f 9d e1 8f 8d e1 8e aa 20 e1 8e a4 e1 8f 81 e1 8e b3 e1 8f 85 e1 8e af 20 e1 8e a0 e1 8e b5 2d
Can't encode transcription: 'ᎡᎶᎯ ᎡᎯ? ᏝᏍᎪ ᎤᏁᎳᏅᎯ ᎠᎵ-' in language ''
Encoding of string failed! Failure bytes: 34 20 e1 8e be e1 8f 8d e1 8e a9 20 e1 8e af e1 8e a0 20 e1 8f 82 e1 8e a6 e1 8f 9b 20 e1 8f 8c e1 8f 89 20 e1 8e a2 e1 8e a6 e1 8e a6 e1 8f 9b
Can't encode transcription: '14 ᎾᏍᎩ ᎯᎠ ᏂᎦᏛ ᏌᏉ ᎢᎦᎦᏛ' in language ''
Encoding of string failed! Failure bytes: 34 2e 20 e1 8f 9d e1 8e a9 e1 8f b3 20 e1 8e a4 e1 8f 9b e1 8f 83 e1 8e af 20 e1 8f 95 e1 8e a6 e1 8e b3 e1 8f ab e1 8e a5 20 e1 8e ac e1 8f a9 e1 8f 96 e1 8e b3 e1 8f 97 e1 8f 8d e1 8f 97 e1 8e a2 2c
Can't encode transcription: '4. ᏝᎩᏳ ᎤᏛᏃᎯ ᏕᎦᎳᏫᎥ ᎬᏩᏖᎳᏗᏍᏗᎢ,' in language ''
Encoding of string failed! Failure bytes: 22 e1 8f 9e e1 8f 8d e1 8f 97
Can't encode transcription: '11 ᎯᎠᏰᏃ ᎢᏳᏪᏛ ᏥᎩ, "ᏞᏍᏗ' in language ''
At iteration 3169/5000/5467, mean rms=1.288%, delta=3.609%, BCER train=12.731%, BWER train=24.671%, skip ratio=10.500%, New worst BCER = 12.731 wrote checkpoint.
Finished! Selected model with minimal training error rate (BCER) = 12.646
