Loaded file training_data/staged_tuning/run_custom_big_lr_big_decay_output/chr_checkpoint, unpacking...
Successfully restored trainer from training_data/staged_tuning/run_custom_big_lr_big_decay_output/chr_checkpoint
Encoding of string failed! Failure bytes: ea ae 9d e1 8e b1 e1 8f af 20 e1 8e a4 e1 8f aa e1 8f a5 2e 20 e1 8e bf e1 8f 89 20 e1 8f 85 e1 8f 99 20 e1 8f ad e1 8f 95 e1 8e b5 e1 8e ac 20 e1 8f a9 e1 8f 82 e1 8e a6 2d
Can't encode transcription: 'ᏄᎾꮝᎱᏯ ᎤᏪᏥ. ᎿᏉ ᏅᏙ ᏭᏕᎵᎬ ᏩᏂᎦ-' in language ''
Encoding of string failed! Failure bytes: 5b e1 8e a3 e1 8e a6 e1 8e b4 e1 8f 85 e1 8f 9b 20 e1 8e a0 e1 8f 8f 20 e1 8f 99 e1 8f a5 e1 8e b4 e1 8f b4 e1 8f 97 2e 5d
Can't encode transcription: '[ᎣᎦᎴᏅᏛ ᎠᏏ ᏙᏥᎴᏴᏗ.]' in language ''
Encoding of string failed! Failure bytes: 34 30 20 e1 8e a0 e1 8f 8e e1 8f 83 20 e1 8e a2 e1 8f a3 e1 8f 9a e1 8e b5 20 e1 8f 8d e1 8e a9 e1 8e a2 e1 8f 8d e1 8f 97 e1 8f b1 20 e1 8e a0 e1 8f b4
Can't encode transcription: '40 ᎠᏎᏃ ᎢᏣᏚᎵ ᏍᎩᎢᏍᏗᏱ ᎠᏴ' in language ''
Encoding of string failed! Failure bytes: ea ae 9e e1 8f a7 e1 8e af 20 e1 8e a1 e1 8f a5 e1 8e a5 e1 8f 8f 5e
Can't encode transcription: 'ᎢᏳᏓᎨᏛꮞᏧᎯ ᎡᏥᎥᏏ^' in language ''
Encoding of string failed! Failure bytes: 34 31
Can't encode transcription: '41' in language ''
Encoding of string failed! Failure bytes: e1 8f 8b e1 8e a1 20 e1 8f b1 e1 8e a9 2c 20 e1 8e a0 e1 8e a6 e1 8f b4 e1 8e b5 e1 8e a8 e1 8f b0 e1 8f 83 20 e1 8f 94 e1 8e b5 20 e1 8f 85 e1 8f 9b e1 8f 97 e1 8f 95 e1 8e a6 2e
Can't encode transcription: 'ᎠᏋᎡ ᏱᎩ, ᎠᎦᏴᎵᎨᏰᏃ ᏔᎵ ᏅᏛᏗᏕᎦ.' in language ''
Encoding of string failed! Failure bytes: 22 e1 8e a0 2d
Can't encode transcription: 'ᎬᏅ ᏥᎪᏪᎳ ᏧᏂᎧᎿᎭᏩᏛᏍᏗᏱ; "Ꭰ-' in language ''
Encoding of string failed! Failure bytes: 3f 20 e1 8e a0 e1 8f 8e e1 8f 83
Can't encode transcription: '15 ᏓᏲᏥᏂᏧ, ᏝᎨ ᏴᏓᏲᏥᏂ? ᎠᏎᏃ' in language ''
Encoding of string failed! Failure bytes: e1 8e ba 2d
Can't encode transcription: 'ᏔᎵ ᎤᎾᏓᏍᏓᏩᏗᏙᎸᎯ ᏗᎦᏚᎲ ᎡᎺ-' in language ''
Encoding of string failed! Failure bytes: 5d 20 e1 8e bf e1 8e ad e1 8f 89 20 e1 8e a2 e1 8f a3 e1 8f 9b e1 8e a6 e1 8f 85 20 e1 8e a6 e1 8f b0 e1 8e aa e1 8e a9 20 e1 8f 82 e1 8e a8 e1 8f 92 e1 8e be
Can't encode transcription: 'ᏔᏅᎩ] ᎿᎭᏉ ᎢᏣᏛᎦᏅ ᎦᏰᎪᎩ ᏂᎨᏒᎾ' in language ''
Encoding of string failed! Failure bytes: 34 32 20 e1 8e bf e1 8e ad e1 8f 89 e1 8f 83 20 e1 8e a4 e1 8f 81 e1 8e b3 e1 8f 85 e1 8e af 20 e1 8e a4 e1 8e a6 e1 8f 94 e1 8e b2 e1 8f 8e e1 8e a2 2c
Can't encode transcription: '42 ᎿᎭᏉᏃ ᎤᏁᎳᏅᎯ ᎤᎦᏔᎲᏎᎢ,' in language ''
Encoding of string failed! Failure bytes: 5b e1 8e a3 e1 8e a6 e1 8e b4 e1 8f 85 e1 8f 9b 20 e1 8e a0 e1 8f 8f 20 e1 8f 99 e1 8f a5 e1 8e b4 e1 8f b4 e1 8f 97 2e 5d
Can't encode transcription: '[ᎣᎦᎴᏅᏛ ᎠᏏ ᏙᏥᎴᏴᏗ.]' in language ''
At iteration 4262/7100/7785, mean rms=1.161%, delta=3.132%, BCER train=11.503%, BWER train=22.283%, skip ratio=8.700%, New worst BCER = 11.503 wrote checkpoint.
Encoding of string failed! Failure bytes: 56 2e
Can't encode transcription: 'ᎹᏚ. ᎠᏯᏙᎸᎢ V.' in language ''
Encoding of string failed! Failure bytes: ea ae b3 e1 8e b8 e1 8e af 20 e1 8e a0 2d
Can't encode transcription: 'ᏫᏍᏓᏁᏗᏰᏃ ᎠᎦᏴᎵᎨ ᎠᎩꮳᎸᎯ Ꭰ-' in language ''
Encoding of string failed! Failure bytes: 34 2e 20 e1 8f 9d e1 8e a9 e1 8f b3 20 e1 8e a4 e1 8f 9b e1 8f 83 e1 8e af 20 e1 8f 95 e1 8e a6 e1 8e b3 e1 8f ab e1 8e a5 20 e1 8e ac e1 8f a9 e1 8f 96 e1 8e b3 e1 8f 97 e1 8f 8d e1 8f 97 e1 8e a2 2c
Can't encode transcription: '4. ᏝᎩᏳ ᎤᏛᏃᎯ ᏕᎦᎳᏫᎥ ᎬᏩᏖᎳᏗᏍᏗᎢ,' in language ''
Encoding of string failed! Failure bytes: 34 33 20 e1 8e be e1 8f 8d e1 8e a9 e1 8f 83
Can't encode transcription: '43 ᎾᏍᎩᏃ' in language ''
Encoding of string failed! Failure bytes: 3f 20 e1 8e a0 e1 8f 99 e1 8e b4 e1 8e b0 e1 8f 8d e1 8e a9 e1 8e a8 3f 20 e1 8e a5 e1 8e a5 20 e1 8f 82 2d
Can't encode transcription: '9. ᎦᏙᎩ ᎢᏣᎦᏔᏅᏎᎢ? ᎠᏙᎴᎰᏍᎩᎨ? ᎥᎥ Ꮒ-' in language ''
Encoding of string failed! Failure bytes: 3f 20 e1 8e a0 e1 8f 99 e1 8e b4 e1 8e b0 e1 8f 8d e1 8e a9 e1 8e a8 3f 20 e1 8e a5 e1 8e a5 20 e1 8f 82 2d
Can't encode transcription: '9. ᎦᏙᎩ ᎢᏣᎦᏔᏅᏎᎢ? ᎠᏙᎴᎰᏍᎩᎨ? ᎥᎥ Ꮒ-' in language ''
Encoding of string failed! Failure bytes: 3f
Can't encode transcription: 'ᎤᏁᎳᏅᎯ ᎦᎪᎯᏳᏗ ᎨᏒᎢ?' in language ''
Encoding of string failed! Failure bytes: ea ad b1 e1 8f 8d e1 8e ac 20 e1 8e a7 e1 8f 83 e1 8e ae e1 8f 9b 20 e1 8e a1 e1 8e ae e1 8e a2 2c 20 e1 8e a0 e1 8e b4
Can't encode transcription: '1 ᏗᏓᎴᏂꭱᏍᎬ ᎧᏃᎮᏛ ᎡᎮᎢ, ᎠᎴ' in language ''
At iteration 4314/7200/7893, mean rms=1.127%, delta=2.963%, BCER train=10.844%, BWER train=21.182%, skip ratio=8.500%, New worst BCER = 10.844 wrote checkpoint.
Finished! Selected model with minimal training error rate (BCER) = 10.59
