Loaded file training_data/staged_tuning/run_custom_big_lr_big_decay_output/chr_checkpoint, unpacking...
Successfully restored trainer from training_data/staged_tuning/run_custom_big_lr_big_decay_output/chr_checkpoint
Encoding of string failed! Failure bytes: 34 20 e1 8f 85 e1 8f 93 e1 8f 95 e1 8f 86 2c 20 31 38 32 35 2e
Can't encode transcription: 'ᎢᏦᏗ, 14 ᏅᏓᏕᏆ, 1825.' in language ''
Encoding of string failed! Failure bytes: 3f 20 e1 8e a0 e1 8f 99 e1 8e b4 e1 8e b0 e1 8f 8d e1 8e a9 e1 8e a8 3f 20 e1 8e a5 e1 8e a5 20 e1 8f 82 2d
Can't encode transcription: '9. ᎦᏙᎩ ᎢᏣᎦᏔᏅᏎᎢ? ᎠᏙᎴᎰᏍᎩᎨ? ᎥᎥ Ꮒ-' in language ''
Encoding of string failed! Failure bytes: 34 20 e1 8e a0 e1 8f 8e e1 8f 83 20 e1 8e be e1 8e af e1 8f b3 20 e1 8e a0 e1 8f 8e e1 8e b8 e1 8e af 20 e1 8e a8 e1 8f 92 20 e1 8e a0 e1 8e a7 e1 8e b5 e1 8e a2
Can't encode transcription: '4 ᎠᏎᏃ ᎾᎯᏳ ᎠᏎᎸᎯ ᎨᏒ ᎠᎧᎵᎢ' in language ''
Encoding of string failed! Failure bytes: e1 8e ba e1 8e b5 e1 8f b1 20 e1 8e a8 e1 8e a2 2e 20 28 e1 8e a0 e1 8f 82 e1 8f a7 e1 8f 8f e1 8f b0 e1 8f 83 20 e1 8e a0 e1 8e b4
Can't encode transcription: 'ᏌᎺᎵᏱ ᎨᎢ. (ᎠᏂᏧᏏᏰᏃ ᎠᎴ' in language ''
Encoding of string failed! Failure bytes: 34 33 20 e1 8e a9 e1 8e b3 e1 8f 89 e1 8f 83 20 e1 8e a2 e1 8f b4 e1 8f 9b 20 e1 8e ac e1 8f a9 e1 8e aa e1 8f a9 e1 8f 9b e1 8f 97 20 e1 8f 84 2d
Can't encode transcription: '43 ᎩᎳᏉᏃ ᎢᏴᏛ ᎬᏩᎪᏩᏛᏗ Ꮔ-' in language ''
Encoding of string failed! Failure bytes: 34 2e 20 e1 8f a5 e1 8f 8c e1 8f 83 20 e1 8e a4 e1 8f 81 e1 8f a8 20 e1 8e af e1 8e a0 20 e1 8f 82 e1 8f 9a e1 8f aa e1 8f 8e e1 8e b8 e1 8e a9 3b 20 e1 8f a5 e1 8f 8d e1 8f 95 e1 8e be 20 e1 8f a3 e1 8f 82
Can't encode transcription: '4. ᏥᏌᏃ ᎤᏁᏨ ᎯᎠ ᏂᏚᏪᏎᎸᎩ; ᏥᏍᏕᎾ ᏣᏂ' in language ''
Encoding of string failed! Failure bytes: 34 32 20 e1 8e a0 e1 8f 82 e1 8f a7 e1 8f 8f e1 8f 83 20 e1 8e a4 e1 8f 82 e1 8f 84 e1 8e aa e1 8f a8 20 e1 8f 97 e1 8e a6 e1 8e b3 e1 8f ab e1 8e a2 2d
Can't encode transcription: '42 ᎠᏂᏧᏏᏃ ᎤᏂᏄᎪᏨ ᏗᎦᎳᏫᎢ-' in language ''
Encoding of string failed! Failure bytes: 3f
Can't encode transcription: 'ᎠᎴ ᏦᏏ ᎠᎴ ᏌᏩᏂ ᎠᎴ ᏧᏓᏏ?' in language ''
Encoding of string failed! Failure bytes: 34 35 20 e1 8e bf e1 8e ad e1 8f 89 e1 8f 83 20 e1 8e a2 e1 8e a1 e1 8e aa e1 8e a2 20 e1 8f ab e1 8f 93 e1 8f af e1 8f 82 e1 8f 8d e1 8e aa 20 e1 8e a4 e1 8f a9 2d
Can't encode transcription: '45 ᎿᎭᏉᏃ ᎢᎡᎪᎢ ᏫᏓᏯᏂᏍᎪ ᎤᏩ-' in language ''
At iteration 4065/6700/7345, mean rms=1.169%, delta=3.230%, BCER train=11.482%, BWER train=22.034%, skip ratio=9.900%, New worst BCER = 11.482 wrote checkpoint.
Encoding of string failed! Failure bytes: 34 2e 20 e1 8f 9d e1 8e a9 e1 8f b3 20 e1 8e a4 e1 8f 9b e1 8f 83 e1 8e af 20 e1 8f 95 e1 8e a6 e1 8e b3 e1 8f ab e1 8e a5 20 e1 8e ac e1 8f a9 e1 8f 96 e1 8e b3 e1 8f 97 e1 8f 8d e1 8f 97 e1 8e a2 2c
Can't encode transcription: '4. ᏝᎩᏳ ᎤᏛᏃᎯ ᏕᎦᎳᏫᎥ ᎬᏩᏖᎳᏗᏍᏗᎢ,' in language ''
Encoding of string failed! Failure bytes: 34 2e 20 e1 8f a5 e1 8f 8c e1 8f 83 20 e1 8e a4 e1 8f 81 e1 8f a8 20 e1 8e af e1 8e a0 20 e1 8f 82 e1 8f 9a e1 8f aa e1 8f 8e e1 8e b8 e1 8e a9 3b 20 e1 8f a5 e1 8f 8d e1 8f 95 e1 8e be 20 e1 8f a3 e1 8f 82
Can't encode transcription: '4. ᏥᏌᏃ ᎤᏁᏨ ᎯᎠ ᏂᏚᏪᏎᎸᎩ; ᏥᏍᏕᎾ ᏣᏂ' in language ''
Encoding of string failed! Failure bytes: 34 20 e1 8e a0 e1 8f 8d e1 8e a1 e1 8f 83 20 e1 8e a4 e1 8f 9f 20 e1 8e a3 e1 8f 8f e1 8f b3 20 e1 8e a2 e1 8f b3 e1 8e be e1 8e b5 e1 8f 8d e1 8f 93 e1 8f 81 e1 8f 97
Can't encode transcription: '14 ᎠᏍᎡᏃ ᎤᏟ ᎣᏏᏳ ᎢᏳᎾᎵᏍᏓᏁᏗ' in language ''
Encoding of string failed! Failure bytes: 5b e1 8e a3 e1 8e a6 e1 8e b4 e1 8f 85 e1 8f 9b 20 e1 8e a0 e1 8f 8f 20 e1 8f 99 e1 8f a5 e1 8e b4 e1 8f b4 e1 8f 97 2e 5d
Can't encode transcription: '[ᎣᎦᎴᏅᏛ ᎠᏏ ᏙᏥᎴᏴᏗ.]' in language ''
Encoding of string failed! Failure bytes: 34 20 e1 8f 85 e1 8f 93 e1 8f 95 e1 8f 86 2c 20 31 38 32 35 2e
Can't encode transcription: 'ᎢᏦᏗ, 14 ᏅᏓᏕᏆ, 1825.' in language ''
Encoding of string failed! Failure bytes: 34 20 e1 8e a0 e1 8e a9 e1 8e a8 e1 8f b3 e1 8e af 20 e1 8f 82 e1 8e a8 e1 8f 92 e1 8e be 20 e1 8e a5 e1 8f 9d 20 e1 8f b1 e1 8f 93 e1 8e a7 e1 8e bf 2d
Can't encode transcription: '24 ᎠᎩᎨᏳᎯ ᏂᎨᏒᎾ ᎥᏝ ᏱᏓᎧᎿ-' in language ''
Encoding of string failed! Failure bytes: 34 33 20 e1 8e bf e1 8e ad e1 8f 89 e1 8f 83 20 e1 8e a4 e1 8e be e1 8f 93 e1 8f 85 e1 8f 98 20 e1 8e ac e1 8f a9 e1 8f 82 e1 8f 94 e1 8e b7 e1 8e a9 e1 8f 8d e1 8e a9
Can't encode transcription: '43 ᎿᎭᏉᏃ ᎤᎾᏓᏅᏘ ᎬᏩᏂᏔᎷᎩᏍᎩ' in language ''
Encoding of string failed! Failure bytes: ea ae ac 2c
Can't encode transcription: 'ᎣᏏᏳ ᏥᏰᎸᎾꮬ,' in language ''
Encoding of string failed! Failure bytes: 5b e1 8e a4 e1 8f 81 e1 8e b3 e1 8f 85 e1 8e af 5d 20 e1 8e a3 e1 8f 82 20 e1 8f b1 e1 8e ac 2d
Can't encode transcription: 'ᎸᏍᏙᏗᏱ, ᎥᏝ [ᎤᏁᎳᏅᎯ] ᎣᏂ ᏱᎬ-' in language ''
At iteration 4105/6800/7454, mean rms=1.139%, delta=3.071%, BCER train=10.992%, BWER train=21.368%, skip ratio=9.300%, New worst BCER = 10.992 wrote checkpoint.
Finished! Selected model with minimal training error rate (BCER) = 10.805
