Loaded file training_data/staged_tuning/run_custom_big_lr_big_decay_output/chr_checkpoint, unpacking...
Successfully restored trainer from training_data/staged_tuning/run_custom_big_lr_big_decay_output/chr_checkpoint
Encoding of string failed! Failure bytes: 5b e1 8f 95 e1 8e aa e1 8f aa e1 8e b8 e1 8e a9 2c 5d
Can't encode transcription: 'ᏕᎦᎫᏍᏓᎥᏃ ᏔᎳᏚ ᏚᎾᏙᎥᎢ [ᏕᎪᏪᎸᎩ,]' in language ''
Encoding of string failed! Failure bytes: ea ae 8e e1 8f 85 e1 8f 80 e1 8f 8d e1 8e ac e1 8e a9 2e
Can't encode transcription: 'ᏥᏚᎬ ᎠꮎᏅᏀᏍᎬᎩ.' in language ''
Encoding of string failed! Failure bytes: 49 49 49 2e
Can't encode transcription: 'ᎹᏚ. ᎠᏯᏙᎸᎢ III.' in language ''
Encoding of string failed! Failure bytes: 3f
Can't encode transcription: '3 ᎯᎠᏃ ᏂᏚᎾᏓᏪᏎᎴᎢ, ᎦᎪ ᏓᎩᎲᎡᎵ ᏅᏯ ᎠᏤᎵᏍᏛ ᎦᎶᎯᏍᏗᏱ ᎠᎲᎢ?' in language ''
Encoding of string failed! Failure bytes: 22
Can't encode transcription: 'ᏥᏍᏕᎸᏗ ᎨᏎᏍᏗ."' in language ''
Encoding of string failed! Failure bytes: ea ae 84 20 e1 8e a2 e1 8f b3 e1 8f 83 20 e1 8e a2 e1 8e ac e1 8f aa e1 8f 85 e1 8f 9b 20 e1 8e a0 e1 8e be e1 8e ab e1 8f b1 e1 8f 8d e1 8e a8 e1 8f 8d e1 8f 97 2e
Can't encode transcription: 'ᎨᏎᏍᏗꮄ ᎢᏳᏃ ᎢᎬᏪᏅᏛ ᎠᎾᎫᏱᏍᎨᏍᏗ.' in language ''
Encoding of string failed! Failure bytes: 3f
Can't encode transcription: 'ᎤᎵᏍᏓᏴᏗ?' in language ''
Encoding of string failed! Failure bytes: 3f 20 e1 8e a0 e1 8f 99 e1 8e b4 e1 8e b0 e1 8f 8d e1 8e a9 e1 8e a8 3f 20 e1 8e a5 e1 8e a5 20 e1 8f 82 2d
Can't encode transcription: '9. ᎦᏙᎩ ᎢᏣᎦᏔᏅᏎᎢ? ᎠᏙᎴᎰᏍᎩᎨ? ᎥᎥ Ꮒ-' in language ''
Encoding of string failed! Failure bytes: 34 20 e1 8e a0 e1 8e b4 20 e1 8e be e1 8f 8d e1 8e a9 20 e1 8e a2 e1 8f a4 20 e1 8f b4 e1 8f ab 20 e1 8e a2 e1 8f a3 e1 8f 84 e1 8f ac e1 8f 8d e1 8f 97 e1 8f b1 2c
Can't encode transcription: '24 ᎠᎴ ᎾᏍᎩ ᎢᏤ ᏴᏫ ᎢᏣᏄᏬᏍᏗᏱ,' in language ''
Encoding of string failed! Failure bytes: ea ae 92 e1 8e be e1 8f 8d e1 8e a9 20 e1 8e a6 e1 8e b8 2d
Can't encode transcription: '37 ᎤᎵᏍᏆᎸᏗᏃ ᎢᎦ, ꮒᎾᏍᎩ ᎦᎸ-' in language ''
At iteration 2880/4500/4910, mean rms=1.343%, delta=3.871%, BCER train=13.205%, BWER train=26.386%, skip ratio=9.800%, New worst BCER = 13.205 wrote checkpoint.
Encoding of string failed! Failure bytes: e1 8e bc e1 8f 82 20 e1 8e a4 e1 8f 95 e1 8f 81 e1 8e b4 e1 8e a2 3b 20 e1 8e a0 e1 8e bc e1 8f 82 e1 8f 83 20 e1 8f a6 e1 8f 8c e1 8f af
Can't encode transcription: 'ᏏᏃ ᎠᎼᏂ ᎤᏕᏁᎴᎢ; ᎠᎼᏂᏃ ᏦᏌᏯ' in language ''
Encoding of string failed! Failure bytes: e1 8f 8b e1 8f 81 e1 8e b8 e1 8e a2 2e
Can't encode transcription: 'ᎯᎠ ᎬᏂᎨᏒ ᏂᏍᏋᏁᎸᎢ.' in language ''
Encoding of string failed! Failure bytes: 34 20 e1 8f 85 e1 8f 93 e1 8f 95 e1 8f 86 2c 20 31 38 32 35 2e
Can't encode transcription: 'ᎢᏦᏗ, 14 ᏅᏓᏕᏆ, 1825.' in language ''
Encoding of string failed! Failure bytes: 34 35 20 e1 8e bf e1 8e ad e1 8f 89 e1 8f 83 20 e1 8e a2 e1 8e aa e1 8e a2 20 e1 8f ab e1 8f 93 e1 8f af e1 8f 82 e1 8f 8d e1 8e aa 20 e1 8e a4 e1 8f a9 2d
Can't encode transcription: '45 ᎿᎭᏉᏃ ᎢᎪᎢ ᏫᏓᏯᏂᏍᎪ ᎤᏩ-' in language ''
Encoding of string failed! Failure bytes: 3f 20 e1 8e a0 e1 8f 99 e1 8e b4 e1 8e b0 e1 8f 8d e1 8e a9 e1 8e a8 3f 20 e1 8e a5 e1 8e a5 20 e1 8f 82 2d
Can't encode transcription: '9. ᎦᏙᎩ ᎢᏣᎦᏔᏅᏎᎢ? ᎠᏙᎴᎰᏍᎩᎨ? ᎥᎥ Ꮒ-' in language ''
Encoding of string failed! Failure bytes: 34 20 e1 8f 9a e1 8f 82 e1 8f 83 e1 8f 97 2c 20 31 38 32 35 2e
Can't encode transcription: 'ᎢᏤ ᎦᏚᎲ, 14 ᏚᏂᏃᏗ, 1825.' in language ''
Encoding of string failed! Failure bytes: 34 20 e1 8f 9a e1 8f 82 e1 8f 83 e1 8f 97 2c 20 31 38 32 35 2e
Can't encode transcription: 'ᎢᏤ ᎦᏚᎲ, 14 ᏚᏂᏃᏗ, 1825.' in language ''
Encoding of string failed! Failure bytes: 34 2e 20 e1 8f 80 e1 8f 8d e1 8e a9 e1 8f 83 20 e1 8e af e1 8e a0 20 e1 8f a3 e1 8f 82 20 e1 8e a4 e1 8f 85 e1 8f a9 e1 8e a1 20 e1 8f 90 e1 8f 88 e1 8e b5 20 e1 8e a6 e1 8f 90 e1 8f 86 e1 8f 97 20 e1 8e a4 2d
Can't encode transcription: '4. ᏀᏍᎩᏃ ᎯᎠ ᏣᏂ ᎤᏅᏩᎡ ᏐᏈᎵ ᎦᏐᏆᏗ Ꭴ-' in language ''
Encoding of string failed! Failure bytes: 34 20 e1 8f 85 e1 8f 93 e1 8f 95 e1 8f 86 2c 20 31 38 32 35 2e
Can't encode transcription: 'ᎢᏦᏗ, 14 ᏅᏓᏕᏆ, 1825.' in language ''
Encoding of string failed! Failure bytes: e1 8e ba e1 8f 8f e1 8f b1 20 e1 8f ad e1 8e b6 e1 8f 92 3b
Can't encode transcription: 'ᏕᎵᎺᏏᏱ ᏭᎶᏒ;' in language ''
Encoding of string failed! Failure bytes: ea ae 97 e1 8e aa 20 e1 8e a0 e1 8f 95 e1 8e b6 e1 8e b0 e1 8e af e1 8f 8d e1 8f 97 20 e1 8e a4 e1 8f b2 20 e1 8e a2 e1 8f a5 e1 8f b0 e1 8e b8 e1 8f 92
Can't encode transcription: '8. ᎢᏥᎾᏄᎪᏩᏲꮗᎪ ᎠᏕᎶᎰᎯᏍᏗ ᎤᏲ ᎢᏥᏰᎸᏒ' in language ''
Encoding of string failed! Failure bytes: e1 8f 8b e1 8f 97 e1 8f b1 20 e1 8e a2 e1 8f a4 2d
Can't encode transcription: 'ᏫᏨᏲᏪᎳᏏ ᎢᏣᏗᎦᎴᏲᏨᎯ ᏋᏗᏱ ᎢᏤ-' in language ''
Encoding of string failed! Failure bytes: ea ae 8b e1 8e a9 e1 8f b1
Can't encode transcription: 'ᏔᏲᎸᎩ, ᏀᏍᎩᏃ ᎣᏏ ᎠᏥᏰᎸᎾᏁᎸᎩ ᎦᏅᏓꮋᎩᏱ' in language ''
Encoding of string failed! Failure bytes: 34 33 20 e1 8f 85 e1 8e a9 e1 8e a6 e1 8f 94 e1 8e b2 e1 8e be 20 e1 8e a8 e1 8f 92 e1 8e a9 2c 20 e1 8e a5 e1 8f 9d e1 8f 83 20 e1 8f b1 e1 8f 8d e1 8e a9 2d
Can't encode transcription: '43 ᏅᎩᎦᏔᎲᎾ ᎨᏒᎩ, ᎥᏝᏃ ᏱᏍᎩ-' in language ''
At iteration 2940/4600/5024, mean rms=1.341%, delta=3.876%, BCER train=13.205%, BWER train=26.418%, skip ratio=10.300%, New worst BCER = 13.205 wrote checkpoint.
Finished! Selected model with minimal training error rate (BCER) = 12.646
