Loaded file training_data/staged_tuning/run_custom_big_lr_big_decay_output/chr_checkpoint, unpacking...
Successfully restored trainer from training_data/staged_tuning/run_custom_big_lr_big_decay_output/chr_checkpoint
Encoding of string failed! Failure bytes: 34 36 20 e1 8e be e1 8e bf e1 8e ad e1 8e a4 e1 8e be e1 8f a4 e1 8e b5 20 e1 8f a5 e1 8f 8d e1 8e aa e1 8f b4 20 e1 8f 82 e1 8e a6 e1 8e b5 e1 8f ac e1 8e ac e1 8e be
Can't encode transcription: '46 ᎾᎿᎭᎤᎾᏤᎵ ᏥᏍᎪᏴ ᏂᎦᎵᏬᎬᎾ' in language ''
Encoding of string failed! Failure bytes: 34 37 20 e1 8f a5 e1 8e aa 20 e1 8e a9 e1 8e b6 20 e1 8f b3 e1 8f 85 e1 8f 8d e1 8f 99 e1 8e af 20 e1 8e a0 e1 8e b9 20 e1 8e af e1 8e a0
Can't encode transcription: '47 ᏥᎪ ᎩᎶ ᏳᏅᏍᏙᎯ ᎠᎹ ᎯᎠ' in language ''
Encoding of string failed! Failure bytes: ea ae 91 31 38 32 37 2e
Can't encode transcription: 'ᎦᎷᏆᏚᏏᏁ ᎢᎦ, ᎦᎶᏂ, ꮑ1827.' in language ''
Encoding of string failed! Failure bytes: 56 2e
Can't encode transcription: 'ᎹᏚ. ᎠᏯᏙᎸᎢ V.' in language ''
Encoding of string failed! Failure bytes: 34 20 e1 8e be e1 8f 8d e1 8e a9 e1 8f 83 20 e1 8e a4 e1 8f ac e1 8e b5 e1 8f a8 20 e1 8f 88 e1 8f 93 20 e1 8e a6 e1 8f ac e1 8f 82 2d
Can't encode transcription: '14 ᎾᏍᎩᏃ ᎤᏬᎵᏨ ᏈᏓ ᎦᏬᏂ-' in language ''
Encoding of string failed! Failure bytes: ea ae b6 e1 8e b0 20 e1 8e a4 e1 8e ac e1 8f ab e1 8f b3 e1 8e ad 20 e1 8f 85 e1 8f 97 e1 8e a6 2d
Can't encode transcription: '10 ᏥᎪᎨ ᎠᏴ ꮶᎰ ᎤᎬᏫᏳᎭ ᏅᏗᎦ-' in language ''
Encoding of string failed! Failure bytes: ea ae 96 e1 8e be 20 e1 8e a2 e1 8e ac e1 8f 81 e1 8f 97 e1 8f b1 20 e1 8e a1 e1 8f 97 e1 8f 94 e1 8f 82 e1 8f 8e e1 8e b0 e1 8e a2 2c 20 e1 8e a0 e1 8e b4
Can't encode transcription: 'ᏳᏍᏗ, ᏂᏗᏍᎦᎢꮖᎾ ᎢᎬᏁᏗᏱ ᎡᏗᏔᏂᏎᎰᎢ, ᎠᎴ' in language ''
Encoding of string failed! Failure bytes: 49 49 49 2e
Can't encode transcription: 'ᎹᏚ. ᎠᏯᏙᎸᎢ III.' in language ''
Encoding of string failed! Failure bytes: e1 8e bc e1 8f 8f 20 e1 8e be e1 8f 8d e1 8e a9 20 e1 8e af e1 8e a0 20 e1 8f a5 e1 8f 82 2d
Can't encode transcription: '37 ᎯᎠ ᎾᏍᎩ ᎼᏏ ᎾᏍᎩ ᎯᎠ ᏥᏂ-' in language ''
2 Percent improvement time=198, best error was 21.482 @ 738
At iteration 936/1300/1420, mean rms=1.612%, delta=5.069%, BCER train=18.526%, BWER train=34.766%, skip ratio=10.000%, New best BCER = 18.526 wrote best model:training_data/staged_tuning/run_custom_big_lr_big_decay_output/chr_18.526_936_1300.checkpoint wrote checkpoint.
Encoding of string failed! Failure bytes: 34 2e 20 e1 8f a5 e1 8f 8c e1 8f 83 20 e1 8e a4 e1 8f 81 e1 8f a8 20 e1 8e af e1 8e a0 20 e1 8f 82 e1 8f 9a e1 8f aa e1 8f 8e e1 8e b8 e1 8e a9 3b 20 e1 8f a5 e1 8f 8d e1 8f 95 e1 8e be 20 e1 8f a3 e1 8f 82
Can't encode transcription: '4. ᏥᏌᏃ ᎤᏁᏨ ᎯᎠ ᏂᏚᏪᏎᎸᎩ; ᏥᏍᏕᎾ ᏣᏂ' in language ''
Encoding of string failed! Failure bytes: ea ad b5 e1 8f 9b e1 8f 81 e1 8e ad 2e
Can't encode transcription: 'ꭵᏛᏁᎭ.' in language ''
Encoding of string failed! Failure bytes: 34 20 e1 8f 88 e1 8f 93 e1 8f 83 20 e1 8e a8 20 e1 8e a2 e1 8f b4 e1 8f 9b 20 e1 8e a4 e1 8f 8d e1 8f 93 e1 8f a9 e1 8f 97 e1 8f 8e e1 8e a2 2c
Can't encode transcription: '54 ᏈᏓᏃ Ꭸ ᎢᏴᏛ ᎤᏍᏓᏩᏗᏎᎢ,' in language ''
Encoding of string failed! Failure bytes: 5e e1 8e be e1 8f 8d e1 8e a9 20 e1 8f 93 e1 8f 82 e1 8f 8d e1 8e a6 e1 8e a2 e1 8e ae 20 e1 8f b4 e1 8f ab 3b 20 e1 8f 82 e1 8e a6 e1 8f 9b e1 8f b0 e1 8f 83 20 e1 8f b4 e1 8f ab
Can't encode transcription: ',^ᎾᏍᎩ ᏓᏂᏍᎦᎢᎮ ᏴᏫ; ᏂᎦᏛᏰᏃ ᏴᏫ' in language ''
Encoding of string failed! Failure bytes: 34 2e 20 e1 8f a5 e1 8f 8c e1 8f 83 20 e1 8e a4 e1 8f 81 e1 8f a8 20 e1 8e af e1 8e a0 20 e1 8f 82 e1 8f 9a e1 8f aa e1 8f 8e e1 8e b8 e1 8e a9 3b 20 e1 8f a5 e1 8f 8d e1 8f 95 e1 8e be 20 e1 8f a3 e1 8f 82
Can't encode transcription: '4. ᏥᏌᏃ ᎤᏁᏨ ᎯᎠ ᏂᏚᏪᏎᎸᎩ; ᏥᏍᏕᎾ ᏣᏂ' in language ''
2 Percent improvement time=197, best error was 19.978 @ 800
At iteration 997/1400/1525, mean rms=1.577%, delta=4.897%, BCER train=17.822%, BWER train=33.661%, skip ratio=9.600%, New best BCER = 17.822 wrote best model:training_data/staged_tuning/run_custom_big_lr_big_decay_output/chr_17.822_997_1400.checkpoint wrote checkpoint.
Finished! Selected model with minimal training error rate (BCER) = 17.822
