Loaded file training_data/staged_tuning/run_custom_big_lr_big_decay_output/chr_checkpoint, unpacking...
Successfully restored trainer from training_data/staged_tuning/run_custom_big_lr_big_decay_output/chr_checkpoint
Encoding of string failed! Failure bytes: ea ae 88 e1 8e a9 20 e1 8e a0 e1 8f 95 e1 8e b8 20 e1 8e a0 e1 8f 82 e1 8e a9 e1 8f 8f e1 8f 99 e1 8e af 20 e1 8e a0 e1 8f 81 e1 8f 99 e1 8e b2
Can't encode transcription: 'ᎠᎴ ᎯᎠ ᎣᏥꮈᎩ ᎠᏕᎸ ᎠᏂᎩᏏᏙᎯ ᎠᏁᏙᎲ' in language ''
Encoding of string failed! Failure bytes: ea ae be e1 8f b0 e1 8f 82 20 e1 8f 99 e1 8e ac 2d
Can't encode transcription: '19 ᏦᎢᏁᏃ ᎢᎦ ᎣᎬᏒ ᏦꮾᏰᏂ ᏙᎬ-' in language ''
Encoding of string failed! Failure bytes: 34 20 e1 8e af e1 8e a0 e1 8f b0 e1 8f 83 20 e1 8e a0 e1 8f 87 e1 8f a5 20 e1 8e a4 e1 8f b2 e1 8e b1 e1 8f 92 e1 8e af 20 e1 8e a8 e1 8f 92 e1 8e a9 2c
Can't encode transcription: '24 ᎯᎠᏰᏃ ᎠᏇᏥ ᎤᏲᎱᏒᎯ ᎨᏒᎩ,' in language ''
Encoding of string failed! Failure bytes: ea ae 84 e1 8f a8 e1 8f b2 e1 8f 8e e1 8e b0 e1 8e a2 2c 20 e1 8e a4 e1 8f 99 e1 8e af e1 8f b3 e1 8e af e1 8f af 20 e1 8e be 2d
Can't encode transcription: 'ᏍᎩᏉ ꮄᏨᏲᏎᎰᎢ, ᎤᏙᎯᏳᎯᏯ Ꮎ-' in language ''
Encoding of string failed! Failure bytes: e1 8e ba 2d
Can't encode transcription: 'ᎤᎾᏗᎦᎴᏲᏤ ᏂᎬᎾᏛ ᏧᏗᏱ ᎠᎴ ᏌᎺ-' in language ''
Encoding of string failed! Failure bytes: 34 20 e1 8f a5 e1 8f 8c e1 8f 83 20 e1 8e ac e1 8f a9 e1 8e b7 e1 8f a4 e1 8e b8 2c 20 e1 8e a4 e1 8f a3 e1 8f 98 20 e1 8e ac e1 8f a9 e1 8f 8d e1 8f 97
Can't encode transcription: '4 ᏥᏌᏃ ᎬᏩᎷᏤᎸ, ᎤᏣᏘ ᎬᏩᏍᏗ' in language ''
Empty truth string!
Can't encode transcription: '' in language ''
Encoding of string failed! Failure bytes: e1 8e ba e1 8e b5 20 e1 8f a7 e1 8f 99 e1 8e a2 2c 20 e1 8e be e1 8f 8d e1 8e a9
Can't encode transcription: '39 ᎤᎸᏃ ᎡᎮ ᎺᎵ ᏧᏙᎢ, ᎾᏍᎩ' in language ''
Encoding of string failed! Failure bytes: e1 8e bd e1 8f a5 e1 8e a9 2e
Can't encode transcription: 'ᎷᏤᏗᎽᏥᎩ.' in language ''
Encoding of string failed! Failure bytes: ea ae ba e1 8f 82 20 e1 8e ac e1 8f a9 e1 8f 82 e1 8f 8d e1 8f 95 e1 8e b8 e1 8f 97 20 e1 8e a9 e1 8e b6 20 e1 8f ac e1 8f a8 e1 8f ac e1 8e a3 2d
Can't encode transcription: 'ᏳᎯᏍᎩᏂ ᎠᏂᏩᏥꮺᏂ ᎬᏩᏂᏍᏕᎸᏗ ᎩᎶ ᏬᏨᏬᎣ-' in language ''
At iteration 3636/5900/6471, mean rms=1.216%, delta=3.415%, BCER train=11.955%, BWER train=22.727%, skip ratio=11.700%, New worst BCER = 11.955 wrote checkpoint.
Encoding of string failed! Failure bytes: 34 20 e1 8e a9 e1 8e b6 20 e1 8e a2 e1 8f a4 e1 8e b2 20 e1 8e a4 e1 8f 93 e1 8f 91 e1 8f b0 e1 8f 8d e1 8f 97 20 e1 8e a4 e1 8f a2 e1 8e a8 e1 8f 8d e1 8f 97 2c
Can't encode transcription: '14 ᎩᎶ ᎢᏤᎲ ᎤᏓᏑᏰᏍᏗ ᎤᏢᎨᏍᏗ,' in language ''
Encoding of string failed! Failure bytes: 34 20 e1 8e a1 e1 8e b6 e1 8f 9b e1 8f 83 20 e1 8e a4 e1 8e ac e1 8f ab e1 8f b3 e1 8e af 20 e1 8e a4 e1 8f 9b e1 8e a6 e1 8f 81 20 e1 8e be e1 8f 8d e1 8e a9
Can't encode transcription: '14 ᎡᎶᏛᏃ ᎤᎬᏫᏳᎯ ᎤᏛᎦᏁ ᎾᏍᎩ' in language ''
Encoding of string failed! Failure bytes: 34 20 e1 8f 95 e1 8e a6 e1 8f 84 e1 8e aa e1 8f a9 e1 8f 83 20 e1 8f a7 e1 8f a4 e1 8e b5 e1 8e a6 20 e1 8e a0 e1 8f ab 2c 20 e1 8e a2 e1 8e ac e1 8f b1 20 e1 8f 93 e1 8e b4 2d
Can't encode transcription: '4 ᏕᎦᏄᎪᏩᏃ ᏧᏤᎵᎦ ᎠᏫ, ᎢᎬᏱ ᏓᎴ-' in language ''
Encoding of string failed! Failure bytes: 34 20 e1 8e a4 e1 8e a7 e1 8f 9b e1 8f 83 20 e1 8e a0 e1 8f 82 e1 8e aa e1 8f a9 e1 8f 98 e1 8f 8d e1 8e a8 e1 8f 8d e1 8f 97 3b 20 e1 8f 9a e1 8f 99 2d
Can't encode transcription: '4 ᎤᎧᏛᏃ ᎠᏂᎪᏩᏘᏍᎨᏍᏗ; ᏚᏙ-' in language ''
Encoding of string failed! Failure bytes: 34 20 e1 8f a5 e1 8f af e1 8e b5 e1 8e a1 e1 8e b5 e1 8f a4 e1 8e b0 20 e1 8e a0 e1 8f 86 e1 8f 81 e1 8e b3 e1 8f 85 e1 8e af 20 e1 8e ac e1 8f 81 e1 8e a2 2d
Can't encode transcription: '4 ᏥᏯᎵᎡᎵᏤᎰ ᎠᏆᏁᎳᏅᎯ ᎬᏁᎢ-' in language ''
Encoding of string failed! Failure bytes: ea ae 86 e1 8e af 2c
Can't encode transcription: 'ꮆᎯ,' in language ''
Encoding of string failed! Failure bytes: 34 2e 20 e1 8e a0 e1 8f 8e e1 8f 83 20 e1 8f a3 e1 8f 82 20 e1 8f 9a e1 8e b5 e1 8f ab e1 8f 8e e1 8e b4 e1 8f 89 2c 20 e1 8e a0 e1 8f b4 e1 8f 8d e1 8e a9 e1 8f 82 20 e1 8f b1 e1 8f 8d e1 8f 86 2d
Can't encode transcription: '14. ᎠᏎᏃ ᏣᏂ ᏚᎵᏫᏎᎴᏉ, ᎠᏴᏍᎩᏂ ᏱᏍᏆ-' in language ''
Encoding of string failed! Failure bytes: 49 49 49 2e
Can't encode transcription: 'ᎹᏚ. ᎠᏯᏙᎸᎢ III.' in language ''
Empty truth string!
Can't encode transcription: '' in language ''
Encoding of string failed! Failure bytes: 34 20 e1 8f 9a e1 8f 82 e1 8f 83 e1 8f 97 2c 20 31 38 32 35 2e
Can't encode transcription: 'ᎢᏤ ᎦᏚᎲ, 14 ᏚᏂᏃᏗ, 1825.' in language ''
Encoding of string failed! Failure bytes: 34 32 20 e1 8e be e1 8e bf e1 8e ad e1 8f 83 20 e1 8e a4 e1 8f 82 e1 8f a3 e1 8f 9b 20 e1 8e ac e1 8f ac e1 8e af e1 8f b3 e1 8f 85 e1 8e a9
Can't encode transcription: '42 ᎾᎿᎭᏃ ᎤᏂᏣᏛ ᎬᏬᎯᏳᏅᎩ' in language ''
Encoding of string failed! Failure bytes: 34 20 e1 8e a2 e1 8f a5 e1 8f b0 e1 8e a9 20 e1 8f 9a e1 8f b3 e1 8e aa e1 8f 9b 20 e1 8e a2 e1 8f a3 e1 8f 9b e1 8f 81 e1 8f 97 e1 8f b1 2c 20 e1 8e a0 e1 8e b4
Can't encode transcription: '34 ᎢᏥᏰᎩ ᏚᏳᎪᏛ ᎢᏣᏛᏁᏗᏱ, ᎠᎴ' in language ''
Encoding of string failed! Failure bytes: ea ae a4 e1 8e b8 2d
Can't encode transcription: 'ᏙᎯᏱ ᏗᎩᏌᏙᏗᏱ. ᎾᎿᏃ ᏫᏗᎷᏨ ᏂᎪꮤᎸ-' in language ''
Encoding of string failed! Failure bytes: 3f 20 e1 8e a0 e1 8f 99 e1 8e b4 e1 8e b0 e1 8f 8d e1 8e a9 e1 8e a8 3f 20 e1 8e a5 e1 8e a5 20 e1 8f 82 2d
Can't encode transcription: '9. ᎦᏙᎩ ᎢᏣᎦᏔᏅᏎᎢ? ᎠᏙᎴᎰᏍᎩᎨ? ᎥᎥ Ꮒ-' in language ''
Encoding of string failed! Failure bytes: 34 20 e1 8f 85 e1 8f 93 e1 8f 95 e1 8f 86 2c 20 31 38 32 35 2e
Can't encode transcription: 'ᎢᏦᏗ, 14 ᏅᏓᏕᏆ, 1825.' in language ''
2 Percent improvement time=2005, best error was 13.455 @ 1678
At iteration 3683/6000/6586, mean rms=1.181%, delta=3.287%, BCER train=11.365%, BWER train=21.984%, skip ratio=11.900%, New best BCER = 11.365 wrote best model:training_data/staged_tuning/run_custom_big_lr_big_decay_output/chr_11.365_3683_6000.checkpoint wrote checkpoint.
Finished! Selected model with minimal training error rate (BCER) = 11.365
