Loaded file training_data/staged_tuning/run_custom_big_lr_big_decay_output/chr_checkpoint, unpacking...
Successfully restored trainer from training_data/staged_tuning/run_custom_big_lr_big_decay_output/chr_checkpoint
Encoding of string failed! Failure bytes: 56 2e
Can't encode transcription: 'ᎹᏚ. ᎠᏯᏙᎸᎢ V.' in language ''
Encoding of string failed! Failure bytes: 3f
Can't encode transcription: 'ᏍᎪᎢ?' in language ''
Encoding of string failed! Failure bytes: 34 2e 20 e1 8f 9d e1 8e a9 e1 8f b3 20 e1 8e a4 e1 8f 9b e1 8f 83 e1 8e af 20 e1 8f 95 e1 8e a6 e1 8e b3 e1 8f ab e1 8e a5 20 e1 8e ac e1 8f a9 e1 8f 96 e1 8e b3 e1 8f 97 e1 8f 8d e1 8f 97 e1 8e a2 2c
Can't encode transcription: '4. ᏝᎩᏳ ᎤᏛᏃᎯ ᏕᎦᎳᏫᎥ ᎬᏩᏖᎳᏗᏍᏗᎢ,' in language ''
Encoding of string failed! Failure bytes: ea ae a7 e1 8e a9
Can't encode transcription: 'ᎴᏅᏔᏅᎩ, ᏀᏍᎩᏃ ᎤᏍᏆᏛ ᎿᏉ ᏭᎾᎴᏅꮧᎩ' in language ''
Encoding of string failed! Failure bytes: 34 31 20 e1 8e a0 e1 8f 8d e1 8e aa e1 8e af e1 8f 83 20 e1 8e a2 e1 8f af e1 8f 82 e1 8f 9b 20 e1 8e a4 e1 8e be e1 8f 9b e1 8e a6 e1 8f 85 2c 20 e1 8e a4 2d
Can't encode transcription: '41 ᎠᏍᎪᎯᏃ ᎢᏯᏂᏛ ᎤᎾᏛᎦᏅ, Ꭴ-' in language ''
Encoding of string failed! Failure bytes: 34 2e 20 e1 8f a5 e1 8f 8c e1 8f 83 20 e1 8e a4 e1 8f 81 e1 8f a8 20 e1 8e af e1 8e a0 20 e1 8f 82 e1 8f 9a e1 8f aa e1 8f 8e e1 8e b8 e1 8e a9 3b 20 e1 8f a5 e1 8f 8d e1 8f 95 e1 8e be 20 e1 8f a3 e1 8f 82
Can't encode transcription: '4. ᏥᏌᏃ ᎤᏁᏨ ᎯᎠ ᏂᏚᏪᏎᎸᎩ; ᏥᏍᏕᎾ ᏣᏂ' in language ''
Encoding of string failed! Failure bytes: 3f 20 e1 8e a0 e1 8f 82 e1 8f 8d e1 8e a6 e1 8e be e1 8f b0 e1 8f 83 20 e1 8e be e1 8f 8d e1 8f 89
Can't encode transcription: 'ᎡᎵᏤᏗ ᎨᏒᎢ? ᎠᏂᏍᎦᎾᏰᏃ ᎾᏍᏉ' in language ''
Encoding of string failed! Failure bytes: 3f
Can't encode transcription: '5 ᏝᏍᎪ ᏱᏣᏅᏔ, ᎾᏍᎩ ᎠᏏ ᏥᏨᏰᎳᏗᏙᎲᎩ ᎾᏍᎩ ᎯᎠ ᎢᏨᏃᎮᎮᎸᎢ?' in language ''
Encoding of string failed! Failure bytes: ea ae b6 e1 8f 8d e1 8f 97 e1 8f b1 3b
Can't encode transcription: 'ꮶᏍᏗᏱ;' in language ''
Encoding of string failed! Failure bytes: e1 8e ba e1 8f 89 e1 8e af 20 e1 8f aa e1 8f a3 e1 8f 9a e1 8e a6 3b 20 e1 8e a0 e1 8e b4 20 e1 8f 84 e1 8f 9c 2d
Can't encode transcription: 'ᏣᎲᎾ, ᎠᎴ ᎠᎺᏉᎯ ᏪᏣᏚᎦ; ᎠᎴ ᏄᏜ-' in language ''
Encoding of string failed! Failure bytes: 34 37 20 e1 8e a4 e1 8f 99 e1 8e af e1 8f b3 e1 8e af e1 8f af 20 e1 8e af e1 8e a0 20 e1 8f 82 e1 8f a8 e1 8f aa e1 8f 8e e1 8e ad 3b
Can't encode transcription: '47 ᎤᏙᎯᏳᎯᏯ ᎯᎠ ᏂᏨᏪᏎᎭ;' in language ''
Encoding of string failed! Failure bytes: e1 8f 8b e1 8f 92 20 e1 8f b1 e1 8e a6 e1 8f 93 e1 8e b8 e1 8f 89 e1 8f 97 e1 8e ad 2c 20 e1 8e a5 e1 8e a9 e1 8e b8 e1 8f 89 e1 8f 97 e1 8f b3 20 e1 8e a0 2d
Can't encode transcription: 'ᎠᏋᏒ ᏱᎦᏓᎸᏉᏗᎭ, ᎥᎩᎸᏉᏗᏳ Ꭰ-' in language ''
Encoding of string failed! Failure bytes: 3f 20 e1 8e a4 e1 8f a9 e1 8f 92 e1 8f 89 20 e1 8e a4 e1 8f 85 e1 8f 8f e1 8f 99 e1 8e af 20 e1 8e a4 e1 8e b5 2d
Can't encode transcription: 'ᏅᏏᏓᏍᏗ? ᎤᏩᏒᏉ ᎤᏅᏏᏙᎯ ᎤᎵ-' in language ''
At iteration 2284/3500/3812, mean rms=1.367%, delta=4.103%, BCER train=14.247%, BWER train=26.532%, skip ratio=7.600%, New worst BCER = 14.247 wrote checkpoint.
Encoding of string failed! Failure bytes: 34 20 e1 8f a5 e1 8f 8c e1 8f 83 20 e1 8e a4 e1 8f 81 e1 8f a8 20 e1 8e af e1 8e a0 20 e1 8f 82 e1 8f 9a e1 8f aa e1 8f 8e e1 8e b4 e1 8e a2 2c
Can't encode transcription: '34 ᏥᏌᏃ ᎤᏁᏨ ᎯᎠ ᏂᏚᏪᏎᎴᎢ,' in language ''
Encoding of string failed! Failure bytes: 34 20 e1 8f 85 e1 8f 93 e1 8f 95 e1 8f 86 2c 20 31 38 32 35 2e
Can't encode transcription: 'ᎢᏦᏗ, 14 ᏅᏓᏕᏆ, 1825.' in language ''
Encoding of string failed! Failure bytes: 34 30 20 e1 8e be e1 8f 8d e1 8e a9 e1 8f 83 20 e1 8f 84 e1 8f aa e1 8f 92 20 e1 8f 9a e1 8e be e1 8f 84 e1 8e aa e1 8f ab e1 8f 8e e1 8e b4 20 e1 8f a7 e1 8f ac 2d
Can't encode transcription: '40 ᎾᏍᎩᏃ ᏄᏪᏒ ᏚᎾᏄᎪᏫᏎᎴ ᏧᏬ-' in language ''
Encoding of string failed! Failure bytes: 34 32 20 e1 8f a5 e1 8f 8c e1 8f 83 20 e1 8e af e1 8e a0 20 e1 8f 82 e1 8f 9a e1 8f aa e1 8f 8e e1 8e b8 e1 8e a9 3b 20 e1 8f 9d e1 8f 8d e1 8e aa
Can't encode transcription: '42 ᏥᏌᏃ ᎯᎠ ᏂᏚᏪᏎᎸᎩ; ᏝᏍᎪ' in language ''
Encoding of string failed! Failure bytes: 34 20 e1 8f 95 e1 8e a6 e1 8f 83 e1 8f a3 e1 8e b8 e1 8f 83 20 e1 8f 82 e1 8e ac e1 8e be e1 8f 9b 20 e1 8f 8f e1 8e b5 e1 8f b1 20 e1 8e a4 e1 8f b0 e1 8e b5 2d
Can't encode transcription: '24 ᏕᎦᏃᏣᎸᏃ ᏂᎬᎾᏛ ᏏᎵᏱ ᎤᏰᎵ-' in language ''
Encoding of string failed! Failure bytes: 34 2e 20 e1 8f a5 e1 8f 8c e1 8f 83 20 e1 8e a4 e1 8f 81 e1 8f a8 20 e1 8e af e1 8e a0 20 e1 8f 82 e1 8f 9a e1 8f aa e1 8f 8e e1 8e b8 e1 8e a9 3b 20 e1 8f a5 e1 8f 8d e1 8f 95 e1 8e be 20 e1 8f a3 e1 8f 82
Can't encode transcription: '4. ᏥᏌᏃ ᎤᏁᏨ ᎯᎠ ᏂᏚᏪᏎᎸᎩ; ᏥᏍᏕᎾ ᏣᏂ' in language ''
Encoding of string failed! Failure bytes: ea ad b7 e1 8e aa e1 8f a2 e1 8f 85 e1 8e af 2d
Can't encode transcription: 'ᎠᏂᏍᎦᏯᏃ ᎠᏂᎨᏴᏃ ᏗᏂᏲᎵᏃ, ᎡꭷᎪᏢᏅᎯ-' in language ''
Encoding of string failed! Failure bytes: 34 20 e1 8e be e1 8f 8d e1 8e a9 e1 8f 83 20 e1 8e a2 e1 8f a5 e1 8e aa e1 8f a9 e1 8f 98 e1 8e ad 20 e1 8f b4 e1 8f ab 20 e1 8f 95 e1 8e a4 e1 8e b8 2d
Can't encode transcription: '24 ᎾᏍᎩᏃ ᎢᏥᎪᏩᏘᎭ ᏴᏫ ᏕᎤᎸ-' in language ''
Encoding of string failed! Failure bytes: ea ae b9 e1 8f 92 e1 8e a9 2c 20 e1 8e a1 e1 8f 86
Can't encode transcription: '9. ᎠᎴ ᏞᏍᏗ ᎯᎠ ᏂᏓᏲᏥᏪᏏ ᎢᏤᎵꮹᏒᎩ, ᎡᏆ' in language ''
At iteration 2338/3600/3921, mean rms=1.359%, delta=4.013%, BCER train=13.883%, BWER train=26.298%, skip ratio=7.700%, New worst BCER = 13.883 wrote checkpoint.
Finished! Selected model with minimal training error rate (BCER) = 13.35
