Loaded file training_data/staged_tuning/run_custom_big_lr_big_decay_output/chr_checkpoint, unpacking...
Successfully restored trainer from training_data/staged_tuning/run_custom_big_lr_big_decay_output/chr_checkpoint
Encoding of string failed! Failure bytes: e1 8e ba e1 8e b5 20 e1 8f 9f e1 8e a3 e1 8f 86
Can't encode transcription: 'ᏙᎾᎥᎩ ᎤᏥ, ᎤᏂᏃ ᎤᎸᎢ ᎺᎵ ᏟᎣᏆ' in language ''
Encoding of string failed! Failure bytes: 34 20 ea ad b0 e1 8f 9a e1 8f 82 e1 8f 83 e1 8f 97 2c 20 31 38 32 35 2e
Can't encode transcription: 'ᎢᏤ ᎦᏚᎲ, 14 ꭰᏚᏂᏃᏗ, 1825.' in language ''
Empty truth string!
Can't encode transcription: '' in language ''
Encoding of string failed! Failure bytes: e1 8e ba e1 8f 89 e1 8e af 2c 20 e1 8f 8f e1 8e b5 e1 8f 8f e1 8f b1 20 e1 8e a0 e1 8e b4
Can't encode transcription: '5 ᎣᎩᎶᏐᏅᏃ ᎠᎺᏉᎯ, ᏏᎵᏏᏱ ᎠᎴ' in language ''
Encoding of string failed! Failure bytes: e1 8e bc e1 8f 8f 20 e1 8e ac e1 8f 82 e1 8e a8 e1 8f 92
Can't encode transcription: '17 ᏗᎧᎿᎭᏩᏛᏍᏗᏰᏃ ᎼᏏ ᎬᏂᎨᏒ' in language ''
Encoding of string failed! Failure bytes: 5b e1 8e a6 e1 8f a5 e1 8f 83 e1 8f 81 e1 8e ad 5d 20 e1 8e be e1 8f 8d e1 8e a9
Can't encode transcription: 'ᎠᏁᎯ ᎦᏥᏯᏢᏈᏎᎭ, [ᎦᏥᏃᏁᎭ] ᎾᏍᎩ' in language ''
Encoding of string failed! Failure bytes: 34 2e 20 e1 8e a0 e1 8f 8e e1 8f 83 20 e1 8f a3 e1 8f 82 20 e1 8f 9a e1 8e b5 e1 8f ab e1 8f 8e e1 8e b4 e1 8f 89 2c 20 e1 8e a0 e1 8f b4 e1 8f 8d e1 8e a9 e1 8f 82 20 e1 8f b1 e1 8f 8d e1 8f 86 2d
Can't encode transcription: '14. ᎠᏎᏃ ᏣᏂ ᏚᎵᏫᏎᎴᏉ, ᎠᏴᏍᎩᏂ ᏱᏍᏆ-' in language ''
Encoding of string failed! Failure bytes: ea ae 9d e1 8f 93 e1 8f 9b e1 8e a6
Can't encode transcription: 'ᏕᏓꮝᏓᏛᎦ' in language ''
2 Percent improvement time=1825, best error was 14.421 @ 1501
At iteration 3326/5300/5793, mean rms=1.241%, delta=3.366%, BCER train=11.982%, BWER train=23.129%, skip ratio=10.500%, New best BCER = 11.982 wrote best model:training_data/staged_tuning/run_custom_big_lr_big_decay_output/chr_11.982_3326_5300.checkpoint wrote checkpoint.
Encoding of string failed! Failure bytes: 49 49 49 2e
Can't encode transcription: 'ᎹᏚ. ᎠᏯᏙᎸᎢ III.' in language ''
Encoding of string failed! Failure bytes: ea ae 95 3b 20 e1 8f b0 2d
Can't encode transcription: 'ᎧᏁᏨᎯ ᎤᏁᏨᎩ, ᎯᎠ ᏄᏪᏒꮕ; Ᏸ-' in language ''
Encoding of string failed! Failure bytes: 34 20 e1 8f 97 e1 8f 82 e1 8e a6 e1 8f 98 e1 8f af e1 8f 83 20 e1 8e a4 e1 8e be e1 8e b5 e1 8f 8e e1 8e a2 2c 20 e1 8e a0 e1 8e b4 20 e1 8e a6 e1 8f 9a e1 8e b2
Can't encode transcription: '14 ᏗᏂᎦᏘᏯᏃ ᎤᎾᎵᏎᎢ, ᎠᎴ ᎦᏚᎲ' in language ''
Encoding of string failed! Failure bytes: 3f
Can't encode transcription: 'ᏣᏚᎵᏍᎪ ᎡᏣᏅᏬᏗᏱ?' in language ''
Encoding of string failed! Failure bytes: 34 2e 20 e1 8e a0 e1 8f 8e e1 8f 83 20 e1 8f a3 e1 8f 82 20 e1 8f 9a e1 8e b5 e1 8f ab e1 8f 8e e1 8e b4 e1 8f 89 2c 20 e1 8e a0 e1 8f b4 e1 8f 8d e1 8e a9 e1 8f 82 20 e1 8f b1 e1 8f 8d e1 8f 86 2d
Can't encode transcription: '14. ᎠᏎᏃ ᏣᏂ ᏚᎵᏫᏎᎴᏉ, ᎠᏴᏍᎩᏂ ᏱᏍᏆ-' in language ''
Encoding of string failed! Failure bytes: ea ae ba 2c 20 e1 8f a5 e1 8f 8c
Can't encode transcription: '1 ᎠᏓᎴᏂᏍᎬ ᏱᏍᏛ ᎧᏃᎮᏛꮺ, ᏥᏌ' in language ''
Encoding of string failed! Failure bytes: 34 20 e1 8f 86 e1 8e b4 e1 8f 97 e1 8f 83 20 e1 8f 94 e1 8e b5 e1 8f 81 20 e1 8e a4 e1 8f 9b e1 8f 9b e1 8f 81 20 e1 8e af e1 8e a0 20 e1 8f 84 e1 8f aa 2d
Can't encode transcription: '4 ᏆᎴᏗᏃ ᏔᎵᏁ ᎤᏛᏛᏁ ᎯᎠ ᏄᏪ-' in language ''
Encoding of string failed! Failure bytes: e1 8e bc e1 8f 8f 20 e1 8e af e1 8e a0 20 e1 8f 84 e1 8f aa e1 8f 8e e1 8e a2 2c
Can't encode transcription: 'ᎨᏒ ᎾᏍᎩ ᎢᏳᏍᏗ ᎼᏏ ᎯᎠ ᏄᏪᏎᎢ,' in language ''
Encoding of string failed! Failure bytes: 3f 20 e1 8e a4 e1 8f ac e1 8e af e1 8f b3 e1 8f 92 e1 8f 8d e1 8e aa 20 e1 8f b0 e1 8e b5 e1 8f 89 20 e1 8f b3 2d
Can't encode transcription: 'ᎾᏃ ᏱᎩ? ᎤᏬᎯᏳᏒᏍᎪ ᏰᎵᏉ Ᏻ-' in language ''
Encoding of string failed! Failure bytes: e1 8e bc e1 8f 8f 3f
Can't encode transcription: 'ᏍᏕ ᎢᏥᏁᏤᎴ ᎼᏏ?' in language ''
Encoding of string failed! Failure bytes: ea ae 81 e1 8f 97 e1 8f 8d e1 8e a6 e1 8f 85 e1 8e be 20 e1 8e a0 e1 8e b4 20 e1 8f 9a e1 8f b3 e1 8e aa e1 8f 9b 20 e1 8e a2 e1 8e a8 e1 8f 93 2d
Can't encode transcription: '75 ꮁᏗᏍᎦᏅᎾ ᎠᎴ ᏚᏳᎪᏛ ᎢᎨᏓ-' in language ''
Encoding of string failed! Failure bytes: e1 8f b8 20 e1 8e a4 e1 8f ac e1 8f 82 e1 8f 92 e1 8e a9 20 e1 8e a0 e1 8f 97 e1 8e be 20 e1 8e a4 e1 8e b8 e1 8f 89 e1 8f 97 e1 8f 89
Can't encode transcription: 'ᎤᎵᏍᏆᎸᏗ ᎢᎾᏓᎾᏸ ᎤᏬᏂᏒᎩ ᎠᏗᎾ ᎤᎸᏉᏗᏉ' in language ''
Encoding of string failed! Failure bytes: 3f
Can't encode transcription: 'ᎸᎾᏉ ᎢᏍᎩᎪᏩᏘᏍᎨᏍᏗ?' in language ''
Encoding of string failed! Failure bytes: 34 31 20 e1 8e bf e1 8e ad e1 8f 89 e1 8f 83 20 e1 8e a0 e1 8f 82 e1 8f a7 e1 8f 8f 20 e1 8e ac e1 8f a9 e1 8e aa e1 8f 81 e1 8e b6 e1 8e af e1 8f 8e e1 8e b8 e1 8e a9
Can't encode transcription: '41 ᎿᎭᏉᏃ ᎠᏂᏧᏏ ᎬᏩᎪᏁᎶᎯᏎᎸᎩ' in language ''
Encoding of string failed! Failure bytes: 34 20 e1 8e a0 e1 8f b4 20 e1 8e a0 e1 8f 86 e1 8f 93 e1 8e a8 e1 8f b3 e1 8f 97 20 e1 8e a8 e1 8f 92 20 e1 8f 95 e1 8f a5 e1 8e a7 e1 8e bf e1 8f 95
Can't encode transcription: '24 ᎠᏴ ᎠᏆᏓᎨᏳᏗ ᎨᏒ ᏕᏥᎧᎿᏕ' in language ''
Encoding of string failed! Failure bytes: 3f
Can't encode transcription: 'ᏏᏕᏂ?' in language ''
Encoding of string failed! Failure bytes: ea ae 89 e1 8f b3 e1 8e af 2c 20 e1 8e a1 e1 8f a3 e1 8f 91 e1 8f b0 e1 8f 9b 20 e1 8e a8 e1 8f 92 e1 8e a2 2e
Can't encode transcription: 'ᎳᏅᎯ ᎢᏥᎨꮉᏳᎯ, ᎡᏣᏑᏰᏛ ᎨᏒᎢ.' in language ''
Empty truth string!
Can't encode transcription: '' in language ''
2 Percent improvement time=1878, best error was 14.421 @ 1501
At iteration 3379/5400/5911, mean rms=1.240%, delta=3.402%, BCER train=11.906%, BWER train=22.981%, skip ratio=11.100%, New best BCER = 11.906 wrote checkpoint.
Finished! Selected model with minimal training error rate (BCER) = 11.906
