Loaded file training_data/staged_tuning/run_custom_big_lr_big_decay_output/chr_checkpoint, unpacking...
Successfully restored trainer from training_data/staged_tuning/run_custom_big_lr_big_decay_output/chr_checkpoint
Encoding of string failed! Failure bytes: 34 20 e1 8f 9a e1 8f 82 ea ae ad e1 8f 97 2c 20 31 38 32 35 2e
Can't encode transcription: 'ᎢᏤ ᎦᏚᎲ, 14 ᏚᏂꮭᏗ, 1825.' in language ''
Encoding of string failed! Failure bytes: 34 2e 20 e1 8f a5 e1 8f 8c e1 8f 83 20 e1 8e a4 e1 8f 81 e1 8f a8 20 e1 8e af e1 8e a0 20 e1 8f 82 e1 8f 9a e1 8f aa e1 8f 8e e1 8e b8 e1 8e a9 3b 20 e1 8f a5 e1 8f 8d e1 8f 95 e1 8e be 20 e1 8f a3 e1 8f 82
Can't encode transcription: '4. ᏥᏌᏃ ᎤᏁᏨ ᎯᎠ ᏂᏚᏪᏎᎸᎩ; ᏥᏍᏕᎾ ᏣᏂ' in language ''
Encoding of string failed! Failure bytes: 3f
Can't encode transcription: 'ᎯᎠ ᏄᏪᏎᎸᎩ; ᏣᎬᏫᏳᎯ, ᎦᎪ?' in language ''
Encoding of string failed! Failure bytes: ea ae 91 e1 8e a8 2d
Can't encode transcription: 'ᏍᎩᏃ ᎤᏂᎩᏏᏙᎸᎯ ᏀᏍᎩᏉ ᏀᎿ ᏗᎪᏣᎴᏍᏗꮑᎨ-' in language ''
Encoding of string failed! Failure bytes: e1 8f b8 2e
Can't encode transcription: 'ᎨᎢᏸ.' in language ''
Empty truth string!
Can't encode transcription: '' in language ''
Encoding of string failed! Failure bytes: ea ad b6 e1 8f 97 e1 8f af 20 e1 8f a3 e1 8f a5 e1 8f 81 e1 8f a4 e1 8e b8 20 e1 8e a4 e1 8f aa e1 8f 93 e1 8f 8d e1 8f 97 e1 8f b1 20 e1 8f 95 e1 8e a9 e1 8f 9a e1 8f a9 e1 8f 97 e1 8f 92 e1 8e a2 20 e1 8e a4 e1 8f 85 2d
Can't encode transcription: 'ᎢᎩꭶᏗᏯ ᏣᏥᏁᏤᎸ ᎤᏪᏓᏍᏗᏱ ᏕᎩᏚᏩᏗᏒᎢ ᎤᏅ-' in language ''
Encoding of string failed! Failure bytes: 34 2e 20 e1 8f a5 e1 8f 8c e1 8f 83 20 e1 8e a4 e1 8f 81 e1 8f a8 20 e1 8e af e1 8e a0 20 e1 8f 82 e1 8f 9a e1 8f aa e1 8f 8e e1 8e b8 e1 8e a9 3b 20 e1 8f a5 e1 8f 8d e1 8f 95 e1 8e be 20 e1 8f a3 e1 8f 82
Can't encode transcription: '4. ᏥᏌᏃ ᎤᏁᏨ ᎯᎠ ᏂᏚᏪᏎᎸᎩ; ᏥᏍᏕᎾ ᏣᏂ' in language ''
Encoding of string failed! Failure bytes: e1 8f 8b e1 8f 96 e1 8f 8d e1 8e a9 2c 20 e1 8e a0 e1 8e b4 20 e1 8f 99 e1 8f a5 e1 8e b3 e1 8f ab e1 8e a5
Can't encode transcription: 'ᎣᏥᏁᎩ ᎠᏰᎵ ᎣᏣᏓᏅᏋᏖᏍᎩ, ᎠᎴ ᏙᏥᎳᏫᎥ' in language ''
Encoding of string failed! Failure bytes: 3f 20 e1 8e a0 e1 8f 99 e1 8e b4 e1 8e b0 e1 8f 8d e1 8e a9 e1 8e a8 3f 20 e1 8e a5 e1 8e a5 20 e1 8f 82 2d
Can't encode transcription: '9. ᎦᏙᎩ ᎢᏣᎦᏔᏅᏎᎢ? ᎠᏙᎴᎰᏍᎩᎨ? ᎥᎥ Ꮒ-' in language ''
Encoding of string failed! Failure bytes: 34 33 20 e1 8f 85 e1 8e a9 e1 8e a6 e1 8f 94 e1 8e b2 e1 8e be 20 e1 8e a8 e1 8f 92 e1 8e a9 2c 20 e1 8e a5 e1 8f 9d e1 8f 83 20 e1 8f b1 e1 8f 8d e1 8e a9 2d
Can't encode transcription: '43 ᏅᎩᎦᏔᎲᎾ ᎨᏒᎩ, ᎥᏝᏃ ᏱᏍᎩ-' in language ''
Encoding of string failed! Failure bytes: 3f 20 e1 8e ac 2d
Can't encode transcription: 'ᏕᎸ ᏰᎵ ᏧᏂᏅᎢᏍᏗᏱ ᎠᏰᎸᏎᎢ? Ꭼ-' in language ''
Encoding of string failed! Failure bytes: ea ad b6 e1 8f ab e1 8f 8d e1 8f 97 e1 8f 95 e1 8e a6 20 e1 8e a0 e1 8e b4
Can't encode transcription: 'ᎲᏍᎩ, ᎤᏂᏣᏘ ᎨᏣᏓᏡꭶᏫᏍᏗᏕᎦ ᎠᎴ' in language ''
Encoding of string failed! Failure bytes: ea ae a8 e1 8f b0 e1 8e b8 e1 8e be 20 e1 8e a2 e1 8f a5 e1 8f 8d e1 8e a6 e1 8f 85 2d
Can't encode transcription: '2. ᎯᎠ ᏂᎦᏪᏍᎨ, ᎤᏲ ᎢᏥꮨᏰᎸᎾ ᎢᏥᏍᎦᏅ-' in language ''
Empty truth string!
Can't encode transcription: '' in language ''
Encoding of string failed! Failure bytes: 34 2e 20 e1 8f 9d e1 8e a9 e1 8f b3 20 e1 8e a4 e1 8f 9b e1 8f 83 e1 8e af 20 e1 8f 95 e1 8e a6 e1 8e b3 e1 8f ab e1 8e a5 20 e1 8e ac e1 8f a9 e1 8f 96 e1 8e b3 e1 8f 97 e1 8f 8d e1 8f 97 e1 8e a2 2c
Can't encode transcription: '4. ᏝᎩᏳ ᎤᏛᏃᎯ ᏕᎦᎳᏫᎥ ᎬᏩᏖᎳᏗᏍᏗᎢ,' in language ''
Encoding of string failed! Failure bytes: 3f
Can't encode transcription: 'ᎨᏒᎢ; ᎦᏙ ᎬᏙᏗ ᎾᏍᎩ?' in language ''
Encoding of string failed! Failure bytes: 3f
Can't encode transcription: 'ᎤᏂᏬᏂᎯᏍᏗ ᎨᏒ ᏰᎵ ᎨᏣᏬᏂᎯᏍᏗ?' in language ''
At iteration 1445/2100/2297, mean rms=1.480%, delta=4.623%, BCER train=15.453%, BWER train=29.966%, skip ratio=9.000%, New worst BCER = 15.453 wrote checkpoint.
Encoding of string failed! Failure bytes: 34 34 20 e1 8f 97 e1 8e a9 e1 8e a6 e1 8f b4 e1 8e b5 e1 8e a8 20 e1 8e a2 e1 8e be e1 8e a8 20 e1 8e a4 e1 8f 82 e1 8e ae 20 e1 8e a6 e1 8e b5 e1 8f a6 e1 8f 9b
Can't encode transcription: '44 ᏗᎩᎦᏴᎵᎨ ᎢᎾᎨ ᎤᏂᎮ ᎦᎵᏦᏛ' in language ''
Encoding of string failed! Failure bytes: 5b e1 8e a4 e1 8f 81 e1 8e b3 e1 8f 85 e1 8e af 5d 20 e1 8f 97 e1 8f 82 e1 8e a6 e1 8f 98 e1 8e b4 e1 8e a9
Can't encode transcription: '8 Ꮎ-ᏍᎩᏂ [ᎤᏁᎳᏅᎯ] ᏗᏂᎦᏘᎴᎩ' in language ''
Encoding of string failed! Failure bytes: ea ad be e1 8f 81 e1 8f 89 e1 8e a1
Can't encode transcription: '11 ᎾᏍᎩᏃ ᎯᎠ ᎤᎾᏛᎦᏅ ᎤꭾᏁᏉᎡ' in language ''
Encoding of string failed! Failure bytes: 5b e1 8e a3 e1 8e a6 e1 8e b4 e1 8f 85 e1 8f 9b 20 e1 8e a0 e1 8f 8f 20 e1 8f 99 e1 8f a5 e1 8e b4 e1 8f b4 e1 8f 97 2e 5d
Can't encode transcription: '[ᎣᎦᎴᏅᏛ ᎠᏏ ᏙᏥᎴᏴᏗ.]' in language ''
Encoding of string failed! Failure bytes: 34 2e 20 e1 8e a0 e1 8f 8e e1 8f 83 20 e1 8f a3 e1 8f 82 20 e1 8f 9a e1 8e b5 e1 8f ab e1 8f 8e e1 8e b4 e1 8f 89 2c 20 e1 8e a0 e1 8f b4 e1 8f 8d e1 8e a9 e1 8f 82 20 e1 8f b1 e1 8f 8d e1 8f 86 2d
Can't encode transcription: '14. ᎠᏎᏃ ᏣᏂ ᏚᎵᏫᏎᎴᏉ, ᎠᏴᏍᎩᏂ ᏱᏍᏆ-' in language ''
Encoding of string failed! Failure bytes: 49 49 49 2e
Can't encode transcription: 'ᎹᏚ. ᎠᏯᏙᎸᎢ III.' in language ''
Encoding of string failed! Failure bytes: 3f
Can't encode transcription: 'ᏝᏍᎪ ᏚᏂᎸᏃᏘᎭ ᏴᎬᎾᏛ?' in language ''
Encoding of string failed! Failure bytes: 34 2e 20 e1 8e a0 e1 8f 8e e1 8f 83 20 e1 8f a3 e1 8f 82 20 e1 8f 9a e1 8e b5 e1 8f ab e1 8f 8e e1 8e b4 e1 8f 89 2c 20 e1 8e a0 e1 8f b4 e1 8f 8d e1 8e a9 e1 8f 82 20 e1 8f b1 e1 8f 8d e1 8f 86 2d
Can't encode transcription: '14. ᎠᏎᏃ ᏣᏂ ᏚᎵᏫᏎᎴᏉ, ᎠᏴᏍᎩᏂ ᏱᏍᏆ-' in language ''
Encoding of string failed! Failure bytes: 34 2e 20 e1 8e a0 e1 8f 8e e1 8f 83 20 e1 8f a3 e1 8f 82 20 e1 8f 9a e1 8e b5 e1 8f ab e1 8f 8e e1 8e b4 e1 8f 89 2c 20 e1 8e a0 e1 8f b4 e1 8f 8d e1 8e a9 e1 8f 82 20 e1 8f b1 e1 8f 8d e1 8f 86 2d
Can't encode transcription: '14. ᎠᏎᏃ ᏣᏂ ᏚᎵᏫᏎᎴᏉ, ᎠᏴᏍᎩᏂ ᏱᏍᏆ-' in language ''
2 Percent improvement time=305, best error was 16.528 @ 1196
At iteration 1501/2200/2406, mean rms=1.425%, delta=4.254%, BCER train=14.421%, BWER train=28.662%, skip ratio=9.500%, New best BCER = 14.421 wrote best model:training_data/staged_tuning/run_custom_big_lr_big_decay_output/chr_14.421_1501_2200.checkpoint wrote checkpoint.
Finished! Selected model with minimal training error rate (BCER) = 14.421
