Loaded file training_data/staged_tuning/run_custom_big_lr_big_decay_output/chr_checkpoint, unpacking...
Successfully restored trainer from training_data/staged_tuning/run_custom_big_lr_big_decay_output/chr_checkpoint
Encoding of string failed! Failure bytes: e1 8f b9 e1 8e b9 e1 8f 8f e1 8f 99 e1 8f 82 20 e1 8f 97 e1 8e a6 e1 8f 82 e1 8e a9 e1 8f 92
Can't encode transcription: 'ᏩᎩᎷᎯᏍᏗᏱ, ᎠᎴ ᏹᎹᏏᏙᏂ ᏗᎦᏂᎩᏒ' in language ''
Encoding of string failed! Failure bytes: 34 20 e1 8f 94 e1 8e b5 e1 8f 81 e1 8f 83 20 e1 8f 85 e1 8f a9 e1 8f 93 e1 8e b4 20 e1 8e a4 e1 8f 85 e1 8f 8f e1 8f 93 e1 8f 8d e1 8f 97 20 e1 8e a4 2d
Can't encode transcription: '4 ᏔᎵᏁᏃ ᏅᏩᏓᎴ ᎤᏅᏏᏓᏍᏗ Ꭴ-' in language ''
Empty truth string!
Can't encode transcription: '' in language ''
Encoding of string failed! Failure bytes: e1 8e bc e1 8f 8f 20 e1 8e a0 e1 8e b4
Can't encode transcription: 'ᏔᎵ ᎠᏂᏍᎦᏯ, ᎾᏍᎩ ᎼᏏ ᎠᎴ' in language ''
Encoding of string failed! Failure bytes: 34 2e 20 e1 8f 9d e1 8e a9 e1 8f b3 20 e1 8e a4 e1 8f 9b e1 8f 83 e1 8e af 20 e1 8f 95 e1 8e a6 e1 8e b3 e1 8f ab e1 8e a5 20 e1 8e ac e1 8f a9 e1 8f 96 e1 8e b3 e1 8f 97 e1 8f 8d e1 8f 97 e1 8e a2 2c
Can't encode transcription: '4. ᏝᎩᏳ ᎤᏛᏃᎯ ᏕᎦᎳᏫᎥ ᎬᏩᏖᎳᏗᏍᏗᎢ,' in language ''
Encoding of string failed! Failure bytes: e1 8e ba e1 8f 89 e1 8e af
Can't encode transcription: 'ᏥᏳ ᏗᏂᏂᏙᎯ, ᎠᎴ ᎾᏂᎥᏉ ᎠᎺᏉᎯ' in language ''
At iteration 2044/3100/3381, mean rms=1.365%, delta=4.113%, BCER train=14.122%, BWER train=26.993%, skip ratio=8.400%, New worst BCER = 14.122 wrote checkpoint.
Encoding of string failed! Failure bytes: e1 8e ba e1 8e b5 e1 8e a9 e1 8f 8f e1 8f 95 e1 8e a9
Can't encode transcription: 'ᏥᎸ-ᎮᎶᎯ ᏂᎯ ᏂᎪᎯᎸᎢ ᎺᎵᎩᏏᏕᎩ' in language ''
Encoding of string failed! Failure bytes: ea ad bd 20 e1 8e ac e1 8f 82 e1 8e a8 e1 8f 92 20 e1 8f 82 e1 8f a8 e1 8f 81 e1 8e b8
Can't encode transcription: 'ᏕᏥᎸᏫᏍᏓᏁᎸ Ꭰꭽ ᎬᏂᎨᏒ ᏂᏨᏁᎸ' in language ''
At iteration 2098/3200/3483, mean rms=1.371%, delta=4.138%, BCER train=14.229%, BWER train=26.731%, skip ratio=7.700%, New worst BCER = 14.229 wrote checkpoint.
Finished! Selected model with minimal training error rate (BCER) = 13.35
