Loaded file training_data/staged_tuning/run_custom_big_lr_big_decay_output/chr_checkpoint, unpacking...
Successfully restored trainer from training_data/staged_tuning/run_custom_big_lr_big_decay_output/chr_checkpoint
Encoding of string failed! Failure bytes: 34 2e 20 e1 8f 9d e1 8e a9 e1 8f b3 20 e1 8e a4 e1 8f 9b e1 8f 83 e1 8e af 20 e1 8f 95 e1 8e a6 e1 8e b3 e1 8f ab e1 8e a5 20 e1 8e ac e1 8f a9 e1 8f 96 e1 8e b3 e1 8f 97 e1 8f 8d e1 8f 97 e1 8e a2 2c
Can't encode transcription: '4. ᏝᎩᏳ ᎤᏛᏃᎯ ᏕᎦᎳᏫᎥ ᎬᏩᏖᎳᏗᏍᏗᎢ,' in language ''
Encoding of string failed! Failure bytes: ea ae 8c e1 8f 82 20 e1 8e a4 e1 8f 9b e1 8e a6 e1 8f 85 20 e1 8e a0 e1 8f a5 e1 8f 8d e1 8f 9a e1 8e b2 20 e1 8f 84 e1 8f 8d e1 8f 9b 20 e1 8f 9a e1 8e b8 2d
Can't encode transcription: '2. ᎿᏉᏃ ᏣꮌᏂ ᎤᏛᎦᏅ ᎠᏥᏍᏚᎲ ᏄᏍᏛ ᏚᎸ-' in language ''
Encoding of string failed! Failure bytes: 3f 20 e1 8e ac 2d
Can't encode transcription: 'ᎵᏍᏙᏗᎭ ᏥᏄᏍᏗ ᏥᎬᏯᏛᎩᎭ? Ꭼ-' in language ''
Encoding of string failed! Failure bytes: 34 2e 20 e1 8f a5 e1 8f 8c e1 8f 83 20 e1 8e a4 e1 8f 81 e1 8f a8 20 e1 8e af e1 8e a0 20 e1 8f 82 e1 8f 9a e1 8f aa e1 8f 8e e1 8e b8 e1 8e a9 3b 20 e1 8f a5 e1 8f 8d e1 8f 95 e1 8e be 20 e1 8f a3 e1 8f 82
Can't encode transcription: '4. ᏥᏌᏃ ᎤᏁᏨ ᎯᎠ ᏂᏚᏪᏎᎸᎩ; ᏥᏍᏕᎾ ᏣᏂ' in language ''
Encoding of string failed! Failure bytes: 34 20 e1 8f 85 e1 8f 93 e1 8f 95 e1 8f 86 2c 20 31 38 32 35 2e
Can't encode transcription: 'ᎢᏦᏗ, 14 ᏅᏓᏕᏆ, 1825.' in language ''
Encoding of string failed! Failure bytes: ea ae 9b e1 8f 81 e1 8e b8 20 e1 8e a0 e1 8f 82 e1 8e ae 2c 20 e1 8e a4 e1 8f a3 e1 8f 98
Can't encode transcription: 'ᎠᎴ ᎾᏍᏉ ᏂᎦᏛ ꮛᏁᎸ ᎠᏂᎮ, ᎤᏣᏘ' in language ''
At iteration 3959/6500/7131, mean rms=1.162%, delta=3.181%, BCER train=11.097%, BWER train=22.157%, skip ratio=10.900%, New worst BCER = 11.097 wrote checkpoint.
Encoding of string failed! Failure bytes: 56 2e
Can't encode transcription: 'ᎹᏚ. ᎠᏯᏙᎸᎢ V.' in language ''
Encoding of string failed! Failure bytes: ea ad b5 e1 8f 8d e1 8e aa e1 8e b8 e1 8f 93 e1 8f 81 e1 8e b8 20 e1 8e a1 e1 8f a3 e1 8e ab e1 8f b4 e1 8e a1 e1 8f 97 20 e1 8e a8 e1 8f 92
Can't encode transcription: 'ᏗᏱ ᎢᏣᎵꭵᏍᎪᎸᏓᏁᎸ ᎡᏣᎫᏴᎡᏗ ᎨᏒ' in language ''
Encoding of string failed! Failure bytes: 34 20 e1 8e a9 e1 8e b6 e1 8f 8d e1 8e a9 e1 8f 82 e1 8f 83 e1 8f 85 20 e1 8e a2 e1 8f b3 e1 8e be e1 8f 8d e1 8f 97 20 e1 8e ac e1 8f a9 e1 8e b5 2d
Can't encode transcription: '34 ᎩᎶᏍᎩᏂᏃᏅ ᎢᏳᎾᏍᏗ ᎬᏩᎵ-' in language ''
Encoding of string failed! Failure bytes: 34 20 e1 8e a2 e1 8f a4 20 e1 8f 97 e1 8e a7 e1 8e bf e1 8e ad e1 8f a9 e1 8f 9b e1 8f 8d e1 8f 97 20 e1 8e a2 e1 8f a8 e1 8e a5 e1 8f 8f 2c 20 e1 8f 97 e1 8f a3 2d
Can't encode transcription: '34 ᎢᏤ ᏗᎧᎿᎭᏩᏛᏍᏗ ᎢᏨᎥᏏ, ᏗᏣ-' in language ''
Encoding of string failed! Failure bytes: 3f
Can't encode transcription: 'ᏆᎵᏏ ᎬᏬᎯᏳᏅ?' in language ''
At iteration 4012/6600/7236, mean rms=1.162%, delta=3.197%, BCER train=11.389%, BWER train=21.831%, skip ratio=9.900%, New worst BCER = 11.389 wrote checkpoint.
Finished! Selected model with minimal training error rate (BCER) = 10.805
