Loaded file training_data/staged_tuning/run_custom_big_lr_big_decay_output/chr_checkpoint, unpacking...
Successfully restored trainer from training_data/staged_tuning/run_custom_big_lr_big_decay_output/chr_checkpoint
Encoding of string failed! Failure bytes: e1 8f 8b e1 8f 92 e1 8f 89 20 e1 8f b1 e1 8e a6 e1 8f a5 e1 8f af e1 8e b5 e1 8e a1 e1 8e b5 e1 8f a4 e1 8e ad 2c
Can't encode transcription: 'ᏍᎩ, ᎥᏝ ᎠᏋᏒᏉ ᏱᎦᏥᏯᎵᎡᎵᏤᎭ,' in language ''
Encoding of string failed! Failure bytes: e1 8e ba e1 8e b5 20 e1 8f a5 e1 8e bb 20 e1 8e a4 e1 8f a5 2c 20 e1 8e a0 e1 8e b4
Can't encode transcription: 'ᎠᎴ ᏦᎠᎾ, ᎠᎴ ᎺᎵ ᏥᎻ ᎤᏥ, ᎠᎴ' in language ''
Empty truth string!
Can't encode transcription: '' in language ''
Empty truth string!
Can't encode transcription: '' in language ''
Encoding of string failed! Failure bytes: 34 2e 20 e1 8f 80 e1 8f 8d e1 8e a9 e1 8f 83 20 e1 8e af e1 8e a0 20 e1 8f a3 e1 8f 82 20 e1 8e a4 e1 8f 85 e1 8f a9 e1 8e a1 20 e1 8f 90 e1 8f 88 e1 8e b5 20 e1 8e a6 e1 8f 90 e1 8f 86 e1 8f 97 20 e1 8e a4 2d
Can't encode transcription: '4. ᏀᏍᎩᏃ ᎯᎠ ᏣᏂ ᎤᏅᏩᎡ ᏐᏈᎵ ᎦᏐᏆᏗ Ꭴ-' in language ''
Encoding of string failed! Failure bytes: 22 e1 8f 93 e1 8f a8 e1 8f 81 e1 8e b5 20 e1 8e a4 e1 8f b2 e1 8e a2 e1 8f 8d e1 8f 97 20 e1 8f 82 e1 8e a8 e1 8f 92 e1 8e be
Can't encode transcription: 'ᏎᎢ; "ᏓᏨᏁᎵ ᎤᏲᎢᏍᏗ ᏂᎨᏒᎾ' in language ''
Encoding of string failed! Failure bytes: ea ad bf 20 e1 8e ac e1 8f a9 e1 8e b7 e1 8f a4 e1 8e b4 e1 8e a2 2e
Can't encode transcription: 'ᏅᏃ ᎬᏩᏍᏓᏩᏗᏙᎯꭿ ᎬᏩᎷᏤᎴᎢ.' in language ''
2 Percent improvement time=367, best error was 16.528 @ 1196
At iteration 1563/2300/2513, mean rms=1.399%, delta=4.151%, BCER train=13.783%, BWER train=27.767%, skip ratio=9.300%, New best BCER = 13.783 wrote best model:training_data/staged_tuning/run_custom_big_lr_big_decay_output/chr_13.783_1563_2300.checkpoint wrote checkpoint.
Encoding of string failed! Failure bytes: 34 2e 20 e1 8f 80 e1 8f 8d e1 8e a9 e1 8f 83 20 e1 8e af e1 8e a0 20 e1 8f a3 e1 8f 82 20 e1 8e a4 e1 8f 85 e1 8f a9 e1 8e a1 20 e1 8f 90 e1 8f 88 e1 8e b5 20 e1 8e a6 e1 8f 90 e1 8f 86 e1 8f 97 20 e1 8e a4 2d
Can't encode transcription: '4. ᏀᏍᎩᏃ ᎯᎠ ᏣᏂ ᎤᏅᏩᎡ ᏐᏈᎵ ᎦᏐᏆᏗ Ꭴ-' in language ''
Encoding of string failed! Failure bytes: 56 2e
Can't encode transcription: 'ᎹᏚ. ᎠᏯᏙᎸᎢ V.' in language ''
Encoding of string failed! Failure bytes: 56 2e
Can't encode transcription: 'ᎹᏚ. ᎠᏯᏙᎸᎢ V.' in language ''
Encoding of string failed! Failure bytes: 3f 20 e1 8e af e1 8e a0 e1 8f 83 20 e1 8f 84 e1 8f 82 e1 8f aa e1 8f 8e e1 8e a2 2c 20 e1 8e a6 e1 8e b5 e1 8f 89 e1 8e a9 2e
Can't encode transcription: 'ᏕᏥᏰᎭ? ᎯᎠᏃ ᏄᏂᏪᏎᎢ, ᎦᎵᏉᎩ.' in language ''
Encoding of string failed! Failure bytes: ea ae 90 2c 20 e1 8e a0 e1 8e b4 20 e1 8e b2 e1 8f 82 e1 8f 97 e1 8f b3 20 e1 8e a8 e1 8f 92 e1 8e a2 2c
Can't encode transcription: 'ᎠᎴ ᏦᎯᏳᏒꮐ, ᎠᎴ ᎲᏂᏗᏳ ᎨᏒᎢ,' in language ''
Encoding of string failed! Failure bytes: 34 36 20 e1 8e a2 e1 8f b3 e1 8f b0 e1 8f 83 20 e1 8f b1 e1 8f 97 e1 8f a5 e1 8e a8 e1 8f b3 e1 8e ad 20 e1 8e a8 e1 8f a5 e1 8e a8 e1 8f b3 e1 8e af 2c
Can't encode transcription: '46 ᎢᏳᏰᏃ ᏱᏗᏥᎨᏳᎭ ᎨᏥᎨᏳᎯ,' in language ''
Encoding of string failed! Failure bytes: 3f 20 e1 8e a2 e1 8e b3 e1 8f af e1 8f 8d e1 8e aa 20 e1 8f 82 e1 8e af 3f 20 e1 8e af 2d
Can't encode transcription: 'ᏒᎩ; ᎦᎪᎨ? ᎢᎳᏯᏍᎪ ᏂᎯ? Ꭿ-' in language ''
Encoding of string failed! Failure bytes: ea ae 82 e1 8f 9a e1 8e bf e1 8e a5 20 e1 8e a0 e1 8f 81 e1 8e af 20 e1 8f 93 e1 8f 82 e1 8e b3 e1 8f ab e1 8e a5 20 e1 8e a0 e1 8f 83 e1 8f aa e1 8e b5 e1 8f 8d e1 8e a8 2d
Can't encode transcription: 'ᏗᏄᎪᏗᏍᎩ ᏕꮂᏚᎿᎥ ᎠᏁᎯ ᏓᏂᎳᏫᎥ ᎠᏃᏪᎵᏍᎨ-' in language ''
Encoding of string failed! Failure bytes: e1 8f 8b e1 8f 92 e1 8f 89 20 e1 8f b1 e1 8e a6 e1 8f a5 e1 8f af e1 8e b5 e1 8e a1 e1 8e b5 e1 8f a4 e1 8e ad 2c
Can't encode transcription: 'ᏍᎩ, ᎥᏝ ᎠᏋᏒᏉ ᏱᎦᏥᏯᎵᎡᎵᏤᎭ,' in language ''
Encoding of string failed! Failure bytes: 5d 20 e1 8e a0 e1 8f b4 20 e1 8e a8 e1 8f 92 20 e1 8e a2 e1 8f b3 e1 8f 8d e1 8f 97 2e
Can't encode transcription: 'ᎳᏅᎯ] ᎠᏴ ᎨᏒ ᎢᏳᏍᏗ.' in language ''
Encoding of string failed! Failure bytes: ea ae a2 e1 8f 8d e1 8e ac 20 e1 8e a2 e1 8e a6 e1 8f 9b e1 8f 81 e1 8f 97 e1 8f b1 2c 20 e1 8f 80 e1 8f 8d e1 8e a9 20 e1 8e a4 e1 8f 9a e1 8e b5 e1 8f 8d e1 8e ac 2c
Can't encode transcription: 'ᏅᎯ ᎢᎨᏲᎲꮢᏍᎬ ᎢᎦᏛᏁᏗᏱ, ᏀᏍᎩ ᎤᏚᎵᏍᎬ,' in language ''
Encoding of string failed! Failure bytes: 3f 20 e1 8f 8d e1 8e a9 e1 8f af e1 8f 98 e1 8f 83 e1 8e af e1 8f 8f 2e
Can't encode transcription: 'ᏎᎮᏍᏗ? ᏍᎩᏯᏘᏃᎯᏏ.' in language ''
2 Percent improvement time=429, best error was 16.528 @ 1196
At iteration 1625/2400/2625, mean rms=1.403%, delta=4.183%, BCER train=13.770%, BWER train=27.629%, skip ratio=10.000%, New best BCER = 13.770 wrote checkpoint.
Finished! Selected model with minimal training error rate (BCER) = 13.77
